(fact2024) C:\Users\iason\Dev\CFC\Fair-Clustering-Codebase>python attack_for_plots.py --dataset Office-31 --cl_algo KFC
(1293, 2048), (1293,), (1293,)
Clustering Algorithm: KFC
Dataset: Office-31
Number of Clusters: 31
Number of Data Points: 1293
Number of Sensitive Features: 2
Number of Features: 2048
# of clusters -> 31
Trial 1 with random state 150 and percentage = 0
[zoopt] racos_common.py: WARNING -- sample space has been fully enumerated. Stop early
[zoopt] racos_common: WARNING -- sample space has been fully explored. Stop early
[zoopt]  [break loop] because solution is None
[zoopt] x: []
[zoopt] value: 0.333798495042984
Trial 2 with random state 1 and percentage = 0
[zoopt] racos_common.py: WARNING -- sample space has been fully enumerated. Stop early
[zoopt] racos_common: WARNING -- sample space has been fully explored. Stop early
[zoopt]  [break loop] because solution is None
[zoopt] x: []
[zoopt] value: 0.333798495042984
Trial 3 with random state 4200 and percentage = 0
[zoopt] racos_common.py: WARNING -- sample space has been fully enumerated. Stop early        
[zoopt] racos_common: WARNING -- sample space has been fully explored. Stop early
[zoopt]  [break loop] because solution is None 
[zoopt] x: []
[zoopt] value: 0.333798495042984
[zoopt] value: 0.333798495042984
Trial 3 with random state 4200 and percentage = 300
[zoopt] expected remaining running time: 00:04:50
[zoopt] x: [0, 0, 1]
[zoopt] value: 0.333798495042984
Trial 1 with random state 150 and percentage = 900
[zoopt] expected remaining running time: 00:04:16
[zoopt] x: [1, 0, 0, 1, 1, 1, 0, 0, 0]
[zoopt] value: 0.333798495042984
Trial 2 with random state 1 and percentage = 900
[zoopt] expected remaining running time: 00:04:16
[zoopt] x: [0, 0, 1, 0, 0, 1, 0, 1, 0]
Trial 2 with random state 1 and percentage = 1400
[zoopt] expected remaining running time: 00:04:38
[zoopt] x: [0, 0, 0, 0, 0, 0, 0, 0, 0, 1, 0, 0, 0, 0]
[zoopt] value: 0.333798495042984
Trial 3 with random state 4200 and percentage = 1400
Trial 3 with random state 4200 and percentage = 1900
[zoopt] expected remaining running time: 00:04:26
[zoopt] x: [0, 0, 1, 0, 1, 0, 1, 1, 0, 1, 0, 0, 1, 1, 0, 0, 1, 0, 0]
[zoopt] value: 0.333798495042984
Trial 1 with random state 150 and percentage = 2400
[zoopt] expected remaining running time: 00:04:18
[zoopt] x: [1, 0, 0, 1, 1, 1, 0, 0, 0, 0, 1, 1, 1, 0, 0, 0, 1, 1, 0, 1, 1, 0, 0, 0]    
[zoopt] value: 0.333798495042984
Trial 2 with random state 1 and percentage = 2400
[zoopt] expected remaining running time: 00:04:26
[zoopt] x: [0, 0, 0, 0, 0, 0, 0, 1, 0, 1, 0, 0, 0, 0, 0, 1, 1, 0, 1, 1, 1, 0, 0, 1]
[zoopt] value: 0.333798495042984
Trial 3 with random state 4200 and percentage = 2400
[zoopt] expected remaining running time: 00:04:25
[zoopt] x: [0, 0, 1, 0, 1, 0, 0, 1, 0, 1, 0, 0, 0, 1, 0, 0, 1, 0, 1, 1, 0, 0, 0, 0]
[zoopt] value: 0.333798495042984
Trial 1 with random state 150 and percentage = 2900
[zoopt] expected remaining running time: 00:04:17
[zoopt] x: [1, 0, 0, 1, 1, 1, 0, 0, 0, 0, 1, 1, 1, 0, 0, 0, 1, 1, 0, 1, 1, 0, 0, 0, 0, 0, 0, 1, 0]
[zoopt] value: 0.333798495042984
Trial 2 with random state 1 and percentage = 2900
[zoopt] expected remaining running time: 00:04:17
[zoopt] x: [0, 0, 0, 0, 0, 0, 0, 1, 0, 1, 1, 1, 0, 0, 0, 0, 1, 1, 1, 1, 0, 0, 0, 1, 0, 1, 1, 0, 0]
[zoopt] value: 0.333798495042984
Trial 3 with random state 4200 and percentage = 2900
[zoopt] expected remaining running time: 00:04:23
[zoopt] x: [0, 0, 1, 0, 1, 0, 0, 1, 0, 1, 0, 0, 0, 1, 0, 0, 1, 0, 0, 1, 0, 1, 0, 0, 0, 1, 1, 1, 1]
[zoopt] value: 0.333798495042984
Trial 1 with random state 150 and percentage = 3400
[zoopt] expected remaining running time: 00:04:16
[zoopt] x: [1, 0, 0, 1, 1, 1, 0, 0, 0, 0, 1, 1, 1, 0, 0, 0, 1, 1, 0, 1, 1, 0, 0, 0, 0, 0, 0, 0, 0, 0, 0, 1, 0, 1]
[zoopt] value: 0.333798495042984
Trial 2 with random state 1 and percentage = 3400
[zoopt] expected remaining running time: 00:04:20
[zoopt] x: [0, 0, 0, 0, 0, 0, 0, 1, 0, 1, 0, 0, 0, 0, 0, 0, 1, 1, 1, 1, 0, 0, 0, 1, 0, 1, 1, 0, 0, 0, 0, 1, 0, 0]
[zoopt] value: 0.333798495042984
Trial 3 with random state 4200 and percentage = 3400
[zoopt] expected remaining running time: 00:04:24
[zoopt] x: [0, 0, 1, 1, 1, 0, 0, 1, 0, 1, 0, 0, 0, 1, 0, 0, 1, 0, 1, 0, 0, 0, 0, 0, 0, 1, 1, 1, 1, 1, 1, 0, 1, 1]
[zoopt] value: 0.333798495042984
Trial 1 with random state 150 and percentage = 3800
[zoopt] expected remaining running time: 00:04:18
[zoopt] x: [1, 0, 0, 1, 1, 1, 0, 0, 0, 0, 1, 1, 1, 0, 0, 0, 1, 1, 0, 1, 1, 0, 0, 0, 0, 0, 0, 1, 0, 0, 0, 1, 0, 1, 1, 1, 0, 0]
[zoopt] value: 0.333798495042984
Trial 2 with random state 1 and percentage = 3800
[zoopt] expected remaining running time: 00:04:18
[zoopt] x: [0, 0, 0, 0, 0, 0, 0, 1, 0, 1, 0, 0, 0, 0, 0, 0, 1, 1, 1, 1, 0, 0, 0, 1, 0, 1, 1, 0, 0, 0, 0, 1, 0, 0, 0, 0, 0, 0]
[zoopt] value: 0.333798495042984
Trial 3 with random state 4200 and percentage = 3800
[zoopt] expected remaining running time: 00:04:25
[zoopt] x: [0, 0, 1, 0, 1, 0, 0, 1, 0, 1, 0, 0, 0, 1, 0, 0, 1, 0, 0, 0, 0, 0, 0, 0, 0, 1, 1, 1, 1, 1, 1, 0, 1, 1, 0, 0, 0, 0]
[zoopt] value: 0.333798495042984
--- Pre-Attack Results ---
Result for key 0:
  BALANCE: [1.0, 1.0, 1.0]
  ENTROPY: [0.333798495042984, 0.333798495042984, 0.333798495042984]
  ACC: [0.04982817869415808, 0.04982817869415808, 0.04982817869415808]
  NMI: [-3.752552321009428e-16, -3.752552321009428e-16, -3.752552321009428e-16]        

Result for key 1:
  BALANCE: [1.0, 1.0, 1.0]
  ENTROPY: [0.333798495042984, 0.333798495042984, 0.333798495042984]
  ACC: [0.04982817869415808, 0.04982817869415808, 0.04982817869415808]
  NMI: [-3.752552321009428e-16, -3.752552321009428e-16, -3.752552321009428e-16]        

Result for key 2:
  BALANCE: [1.0, 1.0, 1.0]
  ENTROPY: [0.333798495042984, 0.333798495042984, 0.333798495042984]
  ACC: [0.04982817869415808, 0.04982817869415808, 0.04982817869415808]
  NMI: [-3.752552321009428e-16, -3.752552321009428e-16, -3.752552321009428e-16]        

Result for key 3:
  BALANCE: [1.0, 1.0, 1.0]
  ENTROPY: [0.333798495042984, 0.333798495042984, 0.333798495042984]
  ACC: [0.04982817869415808, 0.04982817869415808, 0.04982817869415808]
  NMI: [-3.752552321009428e-16, -3.752552321009428e-16, -3.752552321009428e-16]        

Result for key 4:
  BALANCE: [1.0, 1.0, 1.0]
  ENTROPY: [0.333798495042984, 0.333798495042984, 0.333798495042984]
  ACC: [0.04982817869415808, 0.04982817869415808, 0.04982817869415808]
  NMI: [-3.752552321009428e-16, -3.752552321009428e-16, -3.752552321009428e-16]        

Result for key 5:
  BALANCE: [1.0, 1.0, 1.0]
  ENTROPY: [0.333798495042984, 0.333798495042984, 0.333798495042984]
  ACC: [0.04982817869415808, 0.04982817869415808, 0.04982817869415808]
  NMI: [-3.752552321009428e-16, -3.752552321009428e-16, -3.752552321009428e-16]        

Result for key 6:
  BALANCE: [1.0, 1.0, 1.0]
  ENTROPY: [0.333798495042984, 0.333798495042984, 0.333798495042984]
  ACC: [0.04982817869415808, 0.04982817869415808, 0.04982817869415808]
  NMI: [-3.752552321009428e-16, -3.752552321009428e-16, -3.752552321009428e-16]        

Result for key 7:
  BALANCE: [1.0, 1.0, 1.0]
  ENTROPY: [0.333798495042984, 0.333798495042984, 0.333798495042984]
  ACC: [0.04982817869415808, 0.04982817869415808, 0.04982817869415808]
  NMI: [-3.752552321009428e-16, -3.752552321009428e-16, -3.752552321009428e-16]        

Result for key 8:
  BALANCE: [1.0, 1.0, 1.0]
  ENTROPY: [0.333798495042984, 0.333798495042984, 0.333798495042984]
  ACC: [0.04982817869415808, 0.04982817869415808, 0.04982817869415808]
  NMI: [-3.752552321009428e-16, -3.752552321009428e-16, -3.752552321009428e-16]        

--- Post-Attack Results ---
Result for key 0:
  BALANCE: [1.0, 1.0, 1.0]
  ENTROPY: [0.333798495042984, 0.333798495042984, 0.333798495042984]
  ACC: [0.04982817869415808, 0.04982817869415808, 0.04982817869415808]
  NMI: [-3.752552321009428e-16, -3.752552321009428e-16, -3.752552321009428e-16]        

Result for key 1:
  BALANCE: [1.0, 1.0, 1.0]
  ENTROPY: [0.333798495042984, 0.333798495042984, 0.333798495042984]
  ACC: [0.04982817869415808, 0.04982817869415808, 0.04982817869415808]
  NMI: [-3.752552321009428e-16, -3.752552321009428e-16, -3.752552321009428e-16]        

Result for key 2:
  BALANCE: [1.0, 1.0, 1.0]
  ENTROPY: [0.333798495042984, 0.333798495042984, 0.333798495042984]
  ACC: [0.04982817869415808, 0.04982817869415808, 0.04982817869415808]
  NMI: [-3.752552321009428e-16, -3.752552321009428e-16, -3.752552321009428e-16]        

Result for key 3:
  BALANCE: [1.0, 1.0, 1.0]
  ENTROPY: [0.333798495042984, 0.333798495042984, 0.333798495042984]
  ACC: [0.04982817869415808, 0.04982817869415808, 0.04982817869415808]
  NMI: [-3.752552321009428e-16, -3.752552321009428e-16, -3.752552321009428e-16]        

Result for key 4:
  BALANCE: [1.0, 1.0, 1.0]
  ENTROPY: [0.333798495042984, 0.333798495042984, 0.333798495042984]
  ACC: [0.04982817869415808, 0.04982817869415808, 0.04982817869415808]
  NMI: [-3.752552321009428e-16, -3.752552321009428e-16, -3.752552321009428e-16]        

Result for key 5:
  BALANCE: [1.0, 1.0, 1.0]
  ENTROPY: [0.333798495042984, 0.333798495042984, 0.333798495042984]
  ACC: [0.04982817869415808, 0.04982817869415808, 0.04982817869415808]
  NMI: [-3.752552321009428e-16, -3.752552321009428e-16, -3.752552321009428e-16]        

Result for key 6:
  BALANCE: [1.0, 1.0, 1.0]
  ENTROPY: [0.333798495042984, 0.333798495042984, 0.333798495042984]
  ACC: [0.04982817869415808, 0.04982817869415808, 0.04982817869415808]
  NMI: [-3.752552321009428e-16, -3.752552321009428e-16, -3.752552321009428e-16]        

Result for key 7:
  BALANCE: [1.0, 1.0, 1.0]
  ENTROPY: [0.333798495042984, 0.333798495042984, 0.333798495042984]
  ACC: [0.04982817869415808, 0.04982817869415808, 0.04982817869415808]
  NMI: [-3.752552321009428e-16, -3.752552321009428e-16, -3.752552321009428e-16]        

Result for key 8:
  BALANCE: [1.0, 1.0, 1.0]
  ENTROPY: [0.333798495042984, 0.333798495042984, 0.333798495042984]
  ACC: [0.04982817869415808, 0.04982817869415808, 0.04982817869415808]
  NMI: [-3.752552321009428e-16, -3.752552321009428e-16, -3.752552321009428e-16]        

--- Random Attack Results ---
Result for key 0:
  BALANCE: [1.0, 1.0, 1.0]
  ENTROPY: [0.333798495042984, 0.333798495042984, 0.333798495042984]
  ACC: [0.04982817869415808, 0.04982817869415808, 0.04982817869415808]
  NMI: [-3.752552321009428e-16, -3.752552321009428e-16, -3.752552321009428e-16]        

Result for key 1:
  BALANCE: [1.0, 1.0, 1.0]
  ENTROPY: [0.333798495042984, 0.333798495042984, 0.333798495042984]
  ACC: [0.04982817869415808, 0.04982817869415808, 0.04982817869415808]
  NMI: [-3.752552321009428e-16, -3.752552321009428e-16, -3.752552321009428e-16]        

Result for key 2:
  BALANCE: [1.0, 1.0, 1.0]
  ENTROPY: [0.333798495042984, 0.333798495042984, 0.333798495042984]
  ACC: [0.04982817869415808, 0.04982817869415808, 0.04982817869415808]
  NMI: [-3.752552321009428e-16, -3.752552321009428e-16, -3.752552321009428e-16]        

Result for key 3:
  BALANCE: [1.0, 1.0, 1.0]
  ENTROPY: [0.333798495042984, 0.333798495042984, 0.333798495042984]
  ACC: [0.04982817869415808, 0.04982817869415808, 0.04982817869415808]
  NMI: [-3.752552321009428e-16, -3.752552321009428e-16, -3.752552321009428e-16]        

Result for key 4:
  BALANCE: [1.0, 1.0, 1.0]
  ENTROPY: [0.333798495042984, 0.333798495042984, 0.333798495042984]
  ACC: [0.04982817869415808, 0.04982817869415808, 0.04982817869415808]
  NMI: [-3.752552321009428e-16, -3.752552321009428e-16, -3.752552321009428e-16]        

Result for key 5:
  BALANCE: [1.0, 1.0, 1.0]
  ENTROPY: [0.333798495042984, 0.333798495042984, 0.333798495042984]
  ACC: [0.04982817869415808, 0.04982817869415808, 0.04982817869415808]
  NMI: [-3.752552321009428e-16, -3.752552321009428e-16, -3.752552321009428e-16]        

Result for key 7:
  BALANCE: [1.0, 1.0, 1.0]
  ENTROPY: [0.333798495042984, 0.333798495042984, 0.333798495042984]
  ACC: [0.04982817869415808, 0.04982817869415808, 0.04982817869415808]
  NMI: [-3.752552321009428e-16, -3.752552321009428e-16, -3.752552321009428e-16]

Result for key 8:
  BALANCE: [1.0, 1.0, 1.0]
  ENTROPY: [0.333798495042984, 0.333798495042984, 0.333798495042984]
  ACC: [0.04982817869415808, 0.04982817869415808, 0.04982817869415808]
  NMI: [-3.752552321009428e-16, -3.752552321009428e-16, -3.752552321009428e-16]