============================================================================================== 
Warning! Mixing Conda and module environments may lead to corruption of the
user environment. 
We do not recommend users mixing those two environments unless absolutely
necessary. Note that 
SURF does not provide any support for Conda environment.
For more information, please refer to our software policy page:
https://servicedesk.surf.nl/wiki/display/WIKI/Software+policy+Snellius+and+Lisa#SoftwarepolicySnelliusandLisa-UseofAnacondaandMinicondaenvironmentsonSnellius 

Remember that many packages have already been installed on the system and can
be loaded using 
the 'module load <package__name>' command. If you are uncertain if a package is
already available 
on the system, please use 'module avail' or 'module spider' to search for it.
============================================================================================== 
(1293, 2048), (1293,), (1293,)
Clustering Algorithm: FSC
Dataset: Office-31
Number of Clusters: 31
Number of Data Points: 1293
Number of Sensitive Features: 2
Number of Features: 2048
# of clusters -> 31
Trial 1 with random state 150
[zoopt] racos_common.py: WARNING -- sample space has been fully enumerated. Stop early
[zoopt] racos_common: WARNING -- sample space has been fully explored. Stop early
[zoopt]  [break loop] because solution is None
[zoopt] x: []
[zoopt] value: 0.0
Trial 2 with random state 1
[zoopt] racos_common.py: WARNING -- sample space has been fully enumerated. Stop early
[zoopt] racos_common: WARNING -- sample space has been fully explored. Stop early
[zoopt]  [break loop] because solution is None
[zoopt] x: []
[zoopt] value: 0.0
Trial 3 with random state 4200
[zoopt] racos_common.py: WARNING -- sample space has been fully enumerated. Stop early
[zoopt] racos_common: WARNING -- sample space has been fully explored. Stop early
[zoopt]  [break loop] because solution is None
[zoopt] x: []
[zoopt] value: 0.0
Trial 1 with random state 150
[zoopt] expected remaining running time: 00:00:06
[zoopt] x: [0, 0, 1]
[zoopt] value: 0.0
Trial 2 with random state 1
[zoopt] expected remaining running time: 00:00:06
[zoopt] x: [1, 0, 0]
[zoopt] value: 0.0
Trial 3 with random state 4200
[zoopt] expected remaining running time: 00:00:06
[zoopt] x: [1, 1, 0]
[zoopt] value: 0.0
Trial 1 with random state 150
[zoopt] expected remaining running time: 00:00:06
[zoopt] x: [0, 0, 1, 1, 1, 0, 0, 1, 0]
[zoopt] value: 0.0
Trial 2 with random state 1
[zoopt] expected remaining running time: 00:00:06
[zoopt] x: [1, 1, 0, 0, 1, 1, 1, 1, 1]
[zoopt] value: 0.0
Trial 3 with random state 4200
[zoopt] expected remaining running time: 00:00:06
[zoopt] x: [1, 0, 0, 0, 1, 1, 1, 1, 0]
[zoopt] value: 0.0
Trial 1 with random state 150
[zoopt] expected remaining running time: 00:00:06
[zoopt] x: [0, 0, 1, 0, 0, 0, 0, 0, 1, 1, 1, 0, 1, 1]
[zoopt] value: 0.0
Trial 2 with random state 1
[zoopt] expected remaining running time: 00:00:06
[zoopt] x: [1, 0, 0, 0, 0, 0, 0, 1, 1, 0, 1, 0, 0, 1]
[zoopt] value: 0.0
Trial 3 with random state 4200
[zoopt] expected remaining running time: 00:00:06
[zoopt] x: [1, 0, 1, 0, 0, 1, 1, 1, 1, 0, 0, 0, 1, 0]
[zoopt] value: 0.0
Trial 1 with random state 150
[zoopt] expected remaining running time: 00:00:06
[zoopt] x: [0, 0, 1, 1, 0, 0, 0, 0, 0, 1, 1, 0, 0, 1, 1, 0, 1, 1, 0]
[zoopt] value: 0.0
Trial 2 with random state 1
[zoopt] expected remaining running time: 00:00:06
[zoopt] x: [1, 1, 0, 0, 1, 1, 1, 1, 1, 0, 0, 1, 0, 1, 0, 0, 0, 1, 1]
[zoopt] value: 0.0
Trial 3 with random state 4200
[zoopt] expected remaining running time: 00:00:06
[zoopt] x: [1, 0, 1, 1, 1, 1, 0, 0, 0, 1, 1, 1, 1, 0, 1, 0, 1, 0, 1]
[zoopt] value: 0.0
Trial 1 with random state 150
[zoopt] expected remaining running time: 00:00:06
[zoopt] x: [0, 0, 1, 1, 0, 0, 1, 0, 1, 1, 1, 1, 0, 1, 1, 0, 1, 1, 0, 0, 0, 1, 1, 1]
[zoopt] value: 0.0
Trial 2 with random state 1
[zoopt] expected remaining running time: 00:00:06
[zoopt] x: [1, 1, 0, 0, 1, 1, 1, 1, 1, 0, 0, 1, 0, 1, 1, 0, 0, 1, 0, 0, 0, 1, 0, 0]
[zoopt] value: 0.0
Trial 3 with random state 4200
[zoopt] expected remaining running time: 00:00:06
[zoopt] x: [1, 1, 0, 1, 0, 0, 1, 0, 1, 0, 0, 1, 1, 0, 0, 1, 0, 1, 0, 0, 0, 1, 1, 1]
[zoopt] value: 0.0
Trial 1 with random state 150
[zoopt] expected remaining running time: 00:00:06
[zoopt] x: [0, 0, 1, 1, 0, 0, 0, 0, 0, 1, 1, 0, 0, 1, 1, 0, 1, 1, 0, 0, 0, 1, 1, 1, 0, 0, 1, 1, 1]
[zoopt] value: 0.0
Trial 2 with random state 1
[zoopt] expected remaining running time: 00:00:06
[zoopt] x: [1, 1, 0, 1, 1, 1, 1, 1, 1, 0, 0, 1, 0, 1, 1, 0, 0, 1, 0, 0, 0, 1, 0, 0, 1, 0, 0, 0, 0]
[zoopt] value: 0.0
Trial 3 with random state 4200
[zoopt] expected remaining running time: 00:00:06
[zoopt] x: [1, 0, 0, 1, 0, 0, 1, 1, 1, 0, 0, 1, 1, 1, 0, 0, 0, 1, 0, 0, 0, 1, 1, 1, 0, 1, 0, 0, 0]
[zoopt] value: 0.0
Trial 1 with random state 150
[zoopt] expected remaining running time: 00:00:06
[zoopt] x: [0, 0, 1, 1, 0, 0, 0, 0, 0, 1, 1, 0, 0, 1, 1, 0, 1, 1, 0, 0, 0, 1, 1, 1, 0, 0, 1, 1, 1, 1, 1, 1, 1, 1]
[zoopt] value: 0.0
Trial 2 with random state 1
[zoopt] expected remaining running time: 00:00:06
[zoopt] x: [1, 1, 0, 0, 1, 1, 1, 1, 1, 0, 0, 1, 0, 0, 1, 0, 0, 0, 0, 0, 1, 1, 0, 0, 1, 0, 0, 1, 1, 0, 0, 0, 0, 1]
[zoopt] value: 0.0
Trial 3 with random state 4200
[zoopt] expected remaining running time: 00:00:06
[zoopt] x: [0, 0, 0, 1, 1, 1, 1, 1, 1, 1, 0, 0, 0, 1, 1, 1, 1, 0, 1, 0, 1, 0, 1, 1, 0, 1, 1, 0, 0, 1, 0, 0, 1, 0]
[zoopt] value: 0.0
Trial 1 with random state 150
[zoopt] expected remaining running time: 00:00:06
[zoopt] x: [0, 0, 1, 1, 0, 0, 0, 0, 0, 1, 1, 0, 0, 1, 1, 1, 1, 1, 1, 0, 0, 1, 1, 1, 0, 0, 1, 1, 1, 1, 1, 0, 1, 1, 0, 1, 0, 1]
[zoopt] value: 0.0
Trial 2 with random state 1
[zoopt] expected remaining running time: 00:00:06
[zoopt] x: [1, 1, 0, 0, 1, 1, 1, 1, 1, 0, 0, 1, 0, 1, 1, 0, 0, 1, 0, 0, 0, 1, 0, 0, 1, 0, 0, 0, 1, 0, 0, 0, 1, 1, 1, 1, 1, 0]
[zoopt] value: 0.0
Trial 3 with random state 4200
[zoopt] expected remaining running time: 00:00:06
[zoopt] x: [1, 0, 1, 1, 0, 0, 1, 1, 1, 0, 0, 1, 1, 0, 0, 1, 0, 1, 0, 0, 0, 1, 1, 1, 0, 1, 0, 0, 0, 0, 1, 0, 1, 1, 0, 0, 1, 1]
[zoopt] value: 0.0
--- Pre-Attack Results ---
Result for key 0:
  BALANCE: [0, 0, 0]
  ENTROPY: [9.102174810252066, 9.132898669011762, 9.094563496168645]
  ACC: [0.41408934707903783, 0.40034364261168387, 0.3651202749140893]
  NMI: [0.6625940281329945, 0.6445481886852982, 0.6434279558903075]

Result for key 1:
  BALANCE: [0, 0, 0]
  ENTROPY: [9.102174810252066, 9.132898669011762, 9.094563496168645]
  ACC: [0.41408934707903783, 0.40034364261168387, 0.3651202749140893]
  NMI: [0.6625940281329945, 0.6445481886852982, 0.6434279558903075]

Result for key 2:
  BALANCE: [0, 0, 0]
  ENTROPY: [9.102174810252066, 9.132898669011762, 9.094563496168645]
  ACC: [0.41408934707903783, 0.40034364261168387, 0.3651202749140893]
  NMI: [0.6625940281329945, 0.6445481886852982, 0.6434279558903075]

Result for key 3:
  BALANCE: [0, 0, 0]
  ENTROPY: [9.102174810252066, 9.132898669011762, 9.094563496168645]
  ACC: [0.41408934707903783, 0.40034364261168387, 0.3651202749140893]
  NMI: [0.6625940281329945, 0.6445481886852982, 0.6434279558903075]

Result for key 4:
  BALANCE: [0, 0, 0]
  ENTROPY: [9.102174810252066, 9.132898669011762, 9.094563496168645]
  ACC: [0.41408934707903783, 0.40034364261168387, 0.3651202749140893]
  NMI: [0.6625940281329945, 0.6445481886852982, 0.6434279558903075]

Result for key 5:
  BALANCE: [0, 0, 0]
  ENTROPY: [9.102174810252066, 9.132898669011762, 9.094563496168645]
  ACC: [0.41408934707903783, 0.40034364261168387, 0.3651202749140893]
  NMI: [0.6625940281329945, 0.6445481886852982, 0.6434279558903075]

Result for key 6:
  BALANCE: [0, 0, 0]
  ENTROPY: [9.102174810252066, 9.132898669011762, 9.094563496168645]
  ACC: [0.41408934707903783, 0.40034364261168387, 0.3651202749140893]
  NMI: [0.6625940281329945, 0.6445481886852982, 0.6434279558903075]

Result for key 7:
  BALANCE: [0, 0, 0]
  ENTROPY: [9.102174810252066, 9.132898669011762, 9.094563496168645]
  ACC: [0.41408934707903783, 0.40034364261168387, 0.3651202749140893]
  NMI: [0.6625940281329945, 0.6445481886852982, 0.6434279558903075]

Result for key 8:
  BALANCE: [0, 0, 0]
  ENTROPY: [9.102174810252066, 9.132898669011762, 9.094563496168645]
  ACC: [0.41408934707903783, 0.40034364261168387, 0.3651202749140893]
  NMI: [0.6625940281329945, 0.6445481886852982, 0.6434279558903075]

--- Post-Attack Results ---
Result for key 0:
  BALANCE: [0, 0, 0]
  ENTROPY: [9.102174810252066, 9.132898669011762, 9.094563496168645]
  ACC: [0.41408934707903783, 0.40034364261168387, 0.3651202749140893]
  NMI: [0.6625940281329945, 0.6445481886852982, 0.6434279558903075]

Result for key 1:
  BALANCE: [0, 0, 0]
  ENTROPY: [9.437128062557314, 9.498474344337357, 9.133475239842639]
  ACC: [0.37714776632302405, 0.4183848797250859, 0.45446735395189003]
  NMI: [0.6540308077590046, 0.6890853284621051, 0.6807440066422261]

Result for key 2:
  BALANCE: [0, 0, 0]
  ENTROPY: [9.143303496731091, 9.091010949444728, 9.470844368150983]
  ACC: [0.45446735395189003, 0.45017182130584193, 0.44329896907216493]
  NMI: [0.6916010065360929, 0.6992345007883696, 0.6986389809161203]

Result for key 3:
  BALANCE: [0, 0, 0]
  ENTROPY: [9.486544740003673, 9.364983830187942, 9.369554993083465]
  ACC: [0.4647766323024055, 0.4012027491408935, 0.39261168384879724]
  NMI: [0.6928553696850293, 0.659771405025013, 0.6325498636699005]

Result for key 4:
  BALANCE: [0, 0, 0]
  ENTROPY: [9.319144321882698, 8.941312229415725, 9.685608235764034]
  ACC: [0.4415807560137457, 0.436426116838488, 0.4579037800687285]
  NMI: [0.6773144587933719, 0.7012235939032819, 0.691329343954097]

Result for key 5:
  BALANCE: [0, 0, 0]
  ENTROPY: [9.433241375781906, 9.404772663230792, 9.665765548809738]
  ACC: [0.5171821305841925, 0.47594501718213056, 0.4424398625429553]
  NMI: [0.723901957116412, 0.7072361546218385, 0.7003418534634921]

Result for key 6:
  BALANCE: [0, 0, 0]
  ENTROPY: [9.614697969918822, 9.56959111842552, 9.460297098035989]
  ACC: [0.5094501718213058, 0.46048109965635736, 0.45446735395189003]
  NMI: [0.7260706374833393, 0.7116619789943911, 0.6874950786088692]

Result for key 7:
  BALANCE: [0, 0, 0]
  ENTROPY: [9.538802567436711, 9.337672308982448, 9.683063921429108]
  ACC: [0.42010309278350516, 0.39862542955326463, 0.4063573883161512]
  NMI: [0.6490756417996111, 0.6194215701240978, 0.6643381430704828]

Result for key 8:
  BALANCE: [0, 0, 0]
  ENTROPY: [9.242391474473315, 9.222945062824351, 9.490190220745497]
  ACC: [0.3754295532646048, 0.4527491408934708, 0.4054982817869416]
  NMI: [0.6000889679293898, 0.7080932864522169, 0.6837218804792764]

--- Random Attack Results ---
Result for key 0:
  BALANCE: [0, 0, 0]
  ENTROPY: [9.102174810252066, 9.132898669011762, 9.094563496168645]
  ACC: [0.41408934707903783, 0.40034364261168387, 0.3651202749140893]
  NMI: [0.6625940281329945, 0.6445481886852982, 0.6434279558903075]

Result for key 1:
  BALANCE: [0.4301552106430155, 0, 0]
  ENTROPY: [9.786884511216753, 9.203917854422262, 9.547229579198778]
  ACC: [0.4742268041237113, 0.43986254295532645, 0.37800687285223367]
  NMI: [0.6991846917483329, 0.6452306808841181, 0.641969677007969]

Result for key 2:
  BALANCE: [0, 0.4301552106430155, 0]
  ENTROPY: [9.624496250350525, 9.62742586151693, 9.933887795393519]
  ACC: [0.4183848797250859, 0.44501718213058417, 0.49828178694158076]
  NMI: [0.6680491950519887, 0.6839755987683603, 0.7161700227746115]

Result for key 3:
  BALANCE: [0, 0, 0]
  ENTROPY: [9.644461831742376, 9.48151957081658, 9.63590209113853]
  ACC: [0.4484536082474227, 0.4742268041237113, 0.4424398625429553]
  NMI: [0.7066152962393706, 0.6976309254612842, 0.6874063463269955]

Result for key 4:
  BALANCE: [0.4081346423562412, 0.4081346423562412, 0]
  ENTROPY: [9.863000828962, 9.87006425985802, 9.554598300863004]
  ACC: [0.436426116838488, 0.38917525773195877, 0.4072164948453608]
  NMI: [0.679284594134317, 0.6719299907772891, 0.6827674332722674]

Result for key 5:
  BALANCE: [0, 0, 0.4301552106430155]
  ENTROPY: [9.12057206640861, 9.15013677141196, 9.963413857231581]
  ACC: [0.4415807560137457, 0.45446735395189003, 0.3797250859106529]
  NMI: [0.6943654743478876, 0.70539585166454, 0.6626022362864843]

Result for key 6:
  BALANCE: [0, 0, 0]
  ENTROPY: [9.735883363848428, 10.03974119301797, 9.16824917457545]
  ACC: [0.48625429553264604, 0.39690721649484534, 0.45103092783505155]
  NMI: [0.7097796595654501, 0.662120370365491, 0.6868805479770534]

Result for key 7:
  BALANCE: [0, 0.4081346423562412, 0.4301552106430155]
  ENTROPY: [9.366548800680022, 9.865543416830425, 9.964148130224778]
  ACC: [0.3943298969072165, 0.4063573883161512, 0.4183848797250859]
  NMI: [0.6620633105522903, 0.6527021660988881, 0.6930492501022277]

Result for key 8:
  BALANCE: [0, 0, 0.4081346423562412]
  ENTROPY: [9.008653103314831, 9.062090623599117, 10.093503219880589]
  ACC: [0.41580756013745707, 0.4518900343642612, 0.3865979381443299]
  NMI: [0.6697142640362649, 0.6700741671997452, 0.6595618731025115]


JOB STATISTICS
==============
Job ID: 4880554
Cluster: snellius
User/Group: scur1047/scur1047
State: COMPLETED (exit code 0)
Nodes: 1
Cores per node: 9
CPU Utilized: 00:20:58
CPU Efficiency: 55.91% of 00:37:30 core-walltime
Job Wall-clock time: 00:04:10
Memory Utilized: 384.00 MB
Memory Efficiency: 0.62% of 60.00 GB
