============================================================================================== 
Warning! Mixing Conda and module environments may lead to corruption of the
user environment. 
We do not recommend users mixing those two environments unless absolutely
necessary. Note that 
SURF does not provide any support for Conda environment.
For more information, please refer to our software policy page:
https://servicedesk.surf.nl/wiki/display/WIKI/Software+policy+Snellius+and+Lisa#SoftwarepolicySnelliusandLisa-UseofAnacondaandMinicondaenvironmentsonSnellius 

Remember that many packages have already been installed on the system and can
be loaded using 
the 'module load <package__name>' command. If you are uncertain if a package is
already available 
on the system, please use 'module avail' or 'module spider' to search for it.
============================================================================================== 
(2414, 2016), (2414,), (2414,)
Clustering Algorithm: FSC
Dataset: Yale
Number of Clusters: 38
Number of Data Points: 2414
Number of Sensitive Features: 2
Number of Features: 2016
# of clusters -> 38
Trial 1 with random state 150 and percentage = 0
[zoopt] racos_common.py: WARNING -- sample space has been fully enumerated. Stop early
[zoopt] racos_common: WARNING -- sample space has been fully explored. Stop early
[zoopt]  [break loop] because solution is None
[zoopt] x: []
[zoopt] value: 3.3201444854981044
Trial 2 with random state 1 and percentage = 0
[zoopt] racos_common.py: WARNING -- sample space has been fully enumerated. Stop early
[zoopt] racos_common: WARNING -- sample space has been fully explored. Stop early
[zoopt]  [break loop] because solution is None
[zoopt] x: []
[zoopt] value: 3.483250599769298
Trial 3 with random state 4200 and percentage = 0
[zoopt] racos_common.py: WARNING -- sample space has been fully enumerated. Stop early
[zoopt] racos_common: WARNING -- sample space has been fully explored. Stop early
[zoopt]  [break loop] because solution is None
[zoopt] x: []
[zoopt] value: 3.4395124749164294
Trial 1 with random state 150 and percentage = 2100
[zoopt] expected remaining running time: 00:00:24
[zoopt] x: [1, 0, 1, 1, 1, 1, 1, 1, 0, 1, 1, 0, 1, 0, 0, 1, 1, 0, 1, 0, 1]
[zoopt] value: 3.298635332147681
Trial 2 with random state 1 and percentage = 2100
[zoopt] expected remaining running time: 00:00:24
[zoopt] x: [1, 0, 0, 1, 0, 0, 0, 1, 0, 0, 0, 1, 1, 1, 1, 1, 0, 0, 0, 1, 1]
[zoopt] value: 3.133534376883593
Trial 3 with random state 4200 and percentage = 2100
[zoopt] expected remaining running time: 00:00:24
[zoopt] x: [1, 1, 1, 0, 1, 0, 0, 0, 0, 1, 0, 0, 1, 0, 0, 1, 1, 1, 0, 1, 1]
[zoopt] value: 3.436972232211189
Trial 1 with random state 150 and percentage = 5400
[zoopt] expected remaining running time: 00:00:23
[zoopt] x: [0, 0, 1, 0, 0, 0, 0, 1, 0, 1, 1, 1, 1, 0, 1, 1, 0, 1, 0, 1, 0, 1, 0, 0, 0, 0, 1, 1, 1, 1, 0, 1, 1, 0, 1, 0, 1, 0, 1, 1, 0, 0, 0, 0, 1, 0, 1, 0, 1, 0, 0, 0, 0, 0]
[zoopt] value: 3.2585502571288916
Trial 2 with random state 1 and percentage = 5400
[zoopt] expected remaining running time: 00:00:24
[zoopt] x: [1, 1, 0, 1, 1, 1, 1, 0, 0, 0, 0, 0, 0, 1, 1, 0, 1, 1, 1, 1, 0, 1, 1, 0, 1, 1, 0, 0, 0, 1, 1, 1, 1, 1, 0, 1, 0, 1, 0, 0, 0, 0, 1, 1, 0, 1, 0, 0, 0, 0, 1, 0, 1, 0]
[zoopt] value: 3.305293145092289
Trial 3 with random state 4200 and percentage = 5400
[zoopt] expected remaining running time: 00:00:24
[zoopt] x: [1, 0, 1, 1, 0, 1, 1, 0, 0, 1, 0, 0, 1, 0, 0, 0, 1, 0, 1, 1, 0, 1, 1, 0, 0, 1, 1, 0, 0, 0, 1, 1, 1, 1, 1, 0, 0, 1, 1, 0, 1, 0, 1, 1, 0, 0, 1, 0, 0, 1, 0, 1, 1, 1]
[zoopt] value: 3.2437669876965525
Trial 1 with random state 150 and percentage = 8300
[zoopt] expected remaining running time: 00:00:24
[zoopt] x: [0, 0, 1, 1, 0, 0, 0, 0, 0, 1, 1, 0, 0, 1, 1, 0, 1, 1, 0, 0, 0, 1, 1, 1, 0, 0, 1, 1, 1, 1, 1, 1, 1, 1, 0, 0, 0, 0, 1, 1, 0, 1, 0, 0, 1, 1, 1, 1, 1, 1, 0, 1, 1, 0, 1, 1, 0, 1, 1, 1, 1, 0, 0, 0, 1, 0, 1, 0, 0, 1, 0, 1, 0, 1, 0, 0, 0, 1, 1, 0, 1, 0, 0]
[zoopt] value: 3.2933970429062125
Trial 2 with random state 1 and percentage = 8300
[zoopt] expected remaining running time: 00:00:24
[zoopt] x: [0, 0, 0, 0, 0, 1, 0, 0, 1, 0, 0, 1, 1, 0, 0, 0, 1, 0, 0, 0, 0, 1, 0, 0, 0, 0, 1, 1, 0, 0, 1, 1, 1, 0, 0, 0, 0, 0, 1, 1, 1, 0, 1, 1, 0, 0, 0, 1, 1, 0, 1, 1, 1, 0, 1, 1, 1, 1, 0, 1, 0, 0, 1, 0, 1, 0, 1, 1, 0, 1, 1, 0, 1, 1, 1, 0, 1, 0, 1, 0, 1, 1, 1]
[zoopt] value: 3.3234309091386414
Trial 3 with random state 4200 and percentage = 8300
[zoopt] expected remaining running time: 00:00:23
[zoopt] x: [0, 0, 0, 1, 1, 0, 0, 0, 1, 1, 0, 0, 1, 0, 1, 0, 1, 1, 0, 1, 1, 1, 0, 1, 1, 0, 0, 0, 1, 1, 1, 0, 1, 1, 1, 1, 0, 0, 1, 0, 0, 1, 1, 0, 1, 1, 0, 0, 0, 1, 0, 1, 1, 0, 1, 0, 1, 0, 1, 1, 0, 0, 1, 0, 0, 0, 0, 1, 1, 0, 1, 1, 0, 0, 0, 1, 1, 0, 1, 0, 0, 1, 0]
[zoopt] value: 3.2759763981257057
Trial 1 with random state 150 and percentage = 10800
[zoopt] expected remaining running time: 00:00:23
[zoopt] x: [0, 1, 0, 1, 1, 1, 1, 1, 0, 0, 1, 1, 1, 0, 1, 0, 1, 0, 0, 1, 1, 1, 0, 1, 0, 0, 0, 0, 0, 1, 1, 0, 0, 0, 1, 1, 1, 0, 1, 0, 0, 0, 1, 1, 0, 1, 0, 1, 1, 1, 1, 0, 1, 1, 0, 0, 1, 0, 0, 0, 0, 1, 0, 1, 1, 1, 1, 0, 1, 1, 0, 1, 0, 1, 0, 1, 0, 0, 0, 0, 1, 1, 1, 1, 0, 1, 1, 0, 1, 0, 1, 0, 1, 1, 0, 0, 0, 0, 1, 0, 1, 1, 1, 0, 0, 0, 0, 0]
[zoopt] value: 3.2868946003878063
Trial 2 with random state 1 and percentage = 10800
[zoopt] expected remaining running time: 00:00:23
[zoopt] x: [1, 1, 0, 0, 1, 1, 1, 1, 1, 0, 0, 1, 0, 1, 1, 0, 0, 1, 0, 0, 0, 1, 0, 0, 1, 0, 0, 0, 1, 0, 0, 0, 1, 1, 1, 1, 1, 0, 0, 0, 1, 1, 1, 1, 1, 1, 0, 1, 1, 0, 0, 1, 0, 0, 1, 1, 1, 0, 1, 0, 0, 1, 1, 0, 1, 1, 1, 1, 0, 0, 1, 1, 0, 0, 0, 0, 1, 1, 1, 0, 1, 0, 0, 1, 1, 0, 1, 1, 0, 1, 0, 0, 1, 1, 1, 0, 1, 1, 0, 1, 1, 1, 1, 0, 0, 0, 0, 0]
[zoopt] value: 3.2454070417030927
Trial 3 with random state 4200 and percentage = 10800
[zoopt] expected remaining running time: 00:00:23
[zoopt] x: [1, 1, 0, 1, 0, 0, 1, 0, 1, 0, 0, 1, 1, 1, 0, 0, 1, 0, 1, 1, 1, 0, 0, 1, 0, 0, 1, 1, 0, 1, 0, 0, 0, 1, 1, 0, 0, 0, 1, 1, 1, 1, 1, 0, 1, 0, 0, 1, 0, 1, 1, 0, 0, 0, 0, 1, 1, 0, 0, 0, 0, 0, 1, 0, 0, 1, 0, 0, 1, 1, 0, 1, 0, 1, 0, 1, 1, 0, 1, 1, 0, 0, 0, 0, 1, 1, 0, 1, 0, 1, 0, 1, 0, 0, 0, 1, 0, 0, 1, 1, 1, 1, 1, 0, 1, 0, 1, 0]
[zoopt] value: 3.181623888439515
Trial 1 with random state 150 and percentage = 13700
[zoopt] expected remaining running time: 00:00:23
[zoopt] x: [1, 0, 1, 1, 0, 1, 1, 1, 1, 1, 0, 0, 0, 1, 1, 1, 1, 1, 0, 1, 1, 0, 0, 1, 0, 1, 1, 1, 0, 0, 0, 1, 0, 1, 1, 1, 0, 0, 0, 1, 1, 0, 1, 1, 1, 0, 1, 1, 1, 0, 0, 0, 1, 1, 0, 0, 1, 0, 1, 1, 1, 0, 0, 0, 0, 1, 0, 0, 0, 1, 1, 1, 1, 1, 0, 1, 1, 1, 1, 0, 0, 0, 0, 1, 1, 1, 0, 0, 0, 0, 1, 0, 1, 0, 1, 1, 1, 0, 1, 0, 0, 0, 1, 1, 1, 0, 0, 1, 0, 1, 1, 0, 1, 0, 0, 1, 0, 0, 1, 0, 1, 1, 1, 0, 0, 1, 0, 1, 1, 0, 0, 1, 0, 0, 1, 0, 0]
[zoopt] value: 3.2588883371837127
Trial 2 with random state 1 and percentage = 13700
[zoopt] expected remaining running time: 00:00:23
[zoopt] x: [0, 1, 0, 1, 0, 1, 0, 0, 0, 0, 1, 0, 0, 1, 1, 1, 1, 1, 0, 0, 0, 1, 0, 1, 1, 0, 1, 1, 0, 0, 1, 1, 0, 1, 1, 1, 1, 0, 1, 0, 0, 0, 0, 0, 1, 0, 0, 0, 0, 1, 0, 0, 1, 0, 1, 1, 0, 1, 0, 1, 0, 1, 0, 0, 0, 0, 1, 0, 1, 1, 1, 1, 1, 0, 1, 0, 1, 0, 0, 0, 0, 1, 1, 0, 0, 0, 0, 1, 0, 0, 1, 1, 1, 1, 0, 1, 1, 0, 1, 0, 0, 1, 0, 0, 0, 1, 1, 1, 1, 0, 0, 0, 0, 1, 0, 1, 1, 0, 0, 1, 1, 0, 1, 1, 0, 0, 0, 0, 1, 0, 0, 0, 0, 1, 0, 1, 0]
[zoopt] value: 3.2774311569293726
Trial 3 with random state 4200 and percentage = 13700
[zoopt] expected remaining running time: 00:00:23
[zoopt] x: [1, 0, 1, 1, 0, 0, 1, 1, 1, 0, 0, 1, 1, 0, 0, 1, 0, 1, 0, 0, 0, 1, 1, 1, 0, 1, 0, 0, 0, 0, 1, 0, 1, 1, 0, 0, 1, 1, 1, 0, 1, 1, 1, 1, 0, 0, 0, 1, 1, 1, 1, 0, 1, 0, 1, 0, 1, 1, 0, 1, 1, 0, 0, 1, 0, 0, 1, 0, 0, 0, 1, 0, 1, 1, 0, 1, 1, 0, 0, 1, 1, 0, 0, 0, 1, 1, 1, 1, 1, 0, 0, 1, 1, 0, 1, 0, 1, 1, 0, 0, 1, 0, 0, 1, 0, 1, 1, 1, 1, 0, 1, 1, 0, 0, 0, 1, 0, 0, 0, 0, 0, 0, 1, 0, 0, 0, 1, 0, 1, 1, 0, 1, 0, 1, 1, 0, 0]
[zoopt] value: 3.347800375427904
Trial 1 with random state 150 and percentage = 16200
[zoopt] expected remaining running time: 00:00:23
[zoopt] x: [0, 0, 1, 0, 0, 0, 0, 1, 0, 1, 1, 1, 1, 0, 1, 1, 0, 1, 0, 1, 0, 1, 0, 0, 0, 0, 1, 1, 1, 1, 0, 1, 1, 0, 1, 0, 1, 0, 1, 1, 0, 0, 0, 0, 1, 0, 1, 0, 1, 0, 0, 0, 0, 0, 1, 1, 1, 0, 0, 1, 1, 0, 0, 1, 0, 0, 0, 0, 1, 1, 0, 0, 0, 1, 0, 0, 0, 0, 0, 1, 0, 1, 1, 1, 1, 0, 0, 0, 1, 0, 0, 0, 0, 1, 0, 1, 0, 0, 1, 1, 0, 1, 0, 1, 0, 1, 0, 1, 1, 0, 1, 0, 1, 0, 1, 1, 0, 1, 1, 1, 1, 1, 0, 0, 0, 1, 1, 1, 1, 1, 0, 1, 1, 0, 0, 1, 0, 1, 1, 1, 0, 0, 0, 1, 0, 1, 1, 1, 0, 0, 0, 1, 1, 0, 1, 1, 1, 0, 1, 1, 1, 0]
[zoopt] value: 3.285594099167498
Trial 2 with random state 1 and percentage = 16200
[zoopt] expected remaining running time: 00:00:23
[zoopt] x: [0, 0, 1, 1, 0, 1, 1, 0, 0, 1, 1, 1, 1, 1, 1, 1, 0, 0, 0, 0, 0, 0, 0, 1, 0, 0, 0, 0, 0, 1, 1, 1, 1, 0, 0, 0, 1, 0, 1, 0, 1, 0, 0, 0, 0, 0, 0, 1, 0, 0, 0, 1, 0, 1, 1, 0, 0, 1, 1, 0, 1, 0, 1, 0, 1, 1, 1, 0, 1, 0, 0, 0, 0, 0, 1, 1, 0, 0, 1, 1, 1, 1, 0, 1, 0, 1, 0, 0, 1, 0, 1, 0, 1, 0, 0, 0, 0, 1, 0, 0, 1, 1, 1, 1, 1, 0, 0, 0, 1, 0, 1, 1, 0, 1, 1, 0, 0, 1, 1, 0, 1, 1, 1, 1, 0, 1, 0, 0, 0, 0, 0, 1, 0, 0, 0, 0, 1, 0, 0, 1, 0, 1, 1, 0, 1, 0, 1, 0, 1, 0, 0, 0, 0, 1, 0, 1, 1, 1, 1, 1, 0, 1]
[zoopt] value: 3.1559690341342024
Trial 3 with random state 4200 and percentage = 16200
[zoopt] expected remaining running time: 00:00:23
[zoopt] x: [1, 1, 0, 1, 1, 0, 1, 1, 1, 1, 0, 0, 0, 1, 0, 0, 1, 0, 0, 0, 0, 0, 0, 0, 1, 0, 1, 1, 1, 1, 0, 0, 0, 0, 0, 1, 1, 1, 1, 0, 1, 1, 0, 1, 1, 1, 0, 1, 0, 1, 0, 1, 0, 1, 0, 1, 1, 1, 1, 0, 1, 1, 1, 1, 0, 1, 1, 0, 0, 1, 1, 1, 1, 0, 1, 0, 1, 1, 0, 0, 1, 1, 0, 0, 1, 1, 0, 1, 1, 1, 0, 1, 1, 0, 1, 0, 0, 0, 0, 1, 0, 1, 1, 0, 0, 0, 1, 1, 1, 1, 0, 0, 0, 0, 1, 0, 1, 0, 0, 0, 1, 1, 1, 1, 0, 1, 1, 0, 0, 1, 1, 0, 0, 1, 0, 0, 0, 0, 0, 0, 1, 0, 0, 0, 0, 1, 0, 1, 1, 0, 0, 1, 1, 0, 0, 0, 0, 1, 1, 0, 1, 0]
[zoopt] value: 3.2971314972935826
Trial 1 with random state 150 and percentage = 19500
[zoopt] expected remaining running time: 00:00:23
[zoopt] x: [0, 0, 1, 1, 0, 0, 0, 0, 0, 1, 1, 0, 0, 1, 1, 0, 1, 1, 0, 0, 0, 1, 1, 1, 0, 0, 1, 1, 1, 1, 1, 1, 1, 1, 0, 0, 0, 0, 1, 1, 0, 1, 0, 0, 1, 1, 1, 1, 1, 1, 0, 1, 1, 1, 1, 1, 0, 1, 1, 1, 1, 0, 0, 0, 1, 0, 1, 0, 0, 1, 0, 1, 0, 1, 0, 0, 0, 1, 1, 0, 1, 0, 0, 0, 0, 1, 0, 1, 0, 0, 0, 1, 1, 0, 1, 0, 0, 0, 1, 1, 1, 0, 1, 0, 0, 0, 0, 1, 1, 1, 0, 1, 1, 1, 1, 1, 0, 0, 1, 1, 1, 0, 1, 0, 1, 0, 0, 1, 1, 1, 0, 1, 0, 0, 0, 0, 0, 1, 1, 0, 0, 0, 1, 1, 1, 0, 1, 0, 0, 0, 1, 1, 0, 1, 0, 1, 1, 1, 1, 0, 1, 1, 0, 0, 1, 0, 0, 0, 0, 1, 0, 1, 1, 1, 1, 0, 1, 1, 0, 1, 0, 1, 0, 1, 0, 0, 0, 0, 1, 1, 1, 1, 0, 1, 1]
[zoopt] value: 3.229785879627994
Trial 2 with random state 1 and percentage = 19500
[zoopt] expected remaining running time: 00:00:23
[zoopt] x: [1, 1, 0, 0, 1, 1, 1, 1, 1, 0, 0, 1, 0, 1, 1, 0, 0, 1, 0, 0, 0, 1, 0, 0, 1, 0, 0, 0, 1, 0, 0, 0, 1, 1, 1, 1, 1, 0, 0, 0, 1, 1, 1, 1, 1, 1, 0, 1, 1, 0, 0, 1, 0, 0, 1, 1, 1, 0, 1, 0, 0, 1, 1, 0, 1, 1, 1, 1, 0, 0, 1, 1, 0, 0, 0, 0, 1, 1, 1, 0, 1, 0, 0, 1, 1, 0, 1, 1, 0, 1, 0, 0, 1, 1, 1, 0, 1, 1, 0, 1, 1, 1, 1, 0, 0, 0, 0, 0, 1, 1, 1, 1, 1, 1, 1, 0, 0, 0, 0, 0, 0, 1, 1, 1, 0, 1, 1, 0, 0, 1, 1, 0, 0, 1, 0, 0, 0, 1, 1, 1, 1, 1, 0, 1, 0, 1, 0, 0, 0, 1, 1, 1, 0, 1, 0, 0, 0, 0, 1, 0, 1, 0, 1, 1, 1, 0, 0, 0, 0, 0, 0, 1, 0, 0, 1, 0, 0, 1, 1, 0, 0, 0, 1, 0, 0, 0, 0, 1, 0, 0, 0, 0, 1, 1, 0]
[zoopt] value: 3.3615998791914095
Trial 3 with random state 4200 and percentage = 19500
[zoopt] expected remaining running time: 00:00:23
[zoopt] x: [1, 1, 0, 0, 1, 1, 0, 0, 0, 1, 0, 1, 1, 0, 1, 1, 1, 1, 0, 1, 0, 1, 0, 1, 0, 1, 1, 1, 1, 0, 0, 1, 0, 1, 1, 0, 1, 0, 1, 1, 0, 1, 1, 0, 0, 1, 0, 1, 0, 0, 0, 0, 1, 0, 0, 0, 0, 1, 1, 0, 0, 0, 1, 1, 0, 0, 1, 0, 1, 0, 1, 1, 0, 1, 1, 1, 0, 1, 1, 0, 1, 0, 1, 1, 1, 0, 1, 0, 1, 1, 0, 0, 1, 0, 0, 1, 1, 0, 1, 1, 0, 0, 0, 1, 0, 1, 1, 0, 1, 0, 1, 0, 0, 1, 0, 0, 1, 0, 0, 0, 0, 1, 1, 0, 1, 1, 0, 0, 0, 1, 1, 0, 1, 0, 0, 1, 0, 1, 0, 0, 1, 1, 1, 0, 0, 1, 0, 1, 1, 1, 0, 0, 1, 0, 0, 1, 1, 0, 1, 0, 0, 0, 1, 1, 0, 0, 0, 1, 1, 1, 1, 1, 0, 1, 0, 0, 1, 0, 1, 1, 0, 0, 0, 0, 1, 1, 0, 0, 0, 0, 0, 1, 0, 0, 1]
[zoopt] value: 3.139785802889622
Trial 1 with random state 150 and percentage = 21700
[zoopt] expected remaining running time: 00:00:23
[zoopt] x: [1, 1, 0, 0, 1, 1, 0, 0, 1, 0, 0, 0, 0, 1, 1, 0, 0, 0, 1, 0, 0, 0, 0, 0, 1, 0, 1, 1, 1, 1, 0, 0, 0, 1, 0, 0, 0, 0, 1, 1, 1, 0, 0, 1, 1, 0, 1, 1, 1, 0, 1, 0, 1, 1, 0, 1, 0, 1, 0, 1, 1, 0, 1, 1, 1, 1, 1, 0, 0, 0, 1, 1, 1, 1, 1, 0, 1, 1, 0, 0, 1, 0, 1, 1, 1, 0, 1, 0, 1, 0, 1, 1, 1, 0, 0, 0, 1, 1, 0, 1, 1, 1, 0, 1, 1, 1, 0, 0, 1, 1, 1, 0, 0, 1, 0, 1, 1, 1, 0, 0, 0, 0, 1, 0, 0, 0, 1, 1, 1, 1, 1, 0, 1, 1, 1, 1, 0, 0, 0, 0, 1, 1, 1, 0, 0, 0, 0, 1, 0, 1, 0, 1, 1, 1, 0, 1, 0, 0, 0, 1, 1, 1, 0, 0, 1, 0, 1, 1, 0, 1, 0, 0, 1, 0, 0, 1, 0, 1, 1, 1, 0, 0, 1, 0, 1, 1, 0, 0, 1, 0, 0, 1, 0, 0, 1, 0, 0, 0, 1, 1, 0, 0, 0, 0, 0, 0, 1, 1, 0, 1, 1, 0, 1, 1, 1, 1, 0]
[zoopt] value: 3.1055593213176103
Trial 2 with random state 1 and percentage = 21700
[zoopt] expected remaining running time: 00:00:24
[zoopt] x: [1, 1, 0, 0, 1, 1, 1, 1, 1, 0, 0, 1, 0, 1, 1, 0, 0, 1, 0, 0, 0, 1, 0, 0, 1, 0, 0, 0, 1, 0, 0, 0, 1, 1, 0, 1, 1, 0, 0, 0, 1, 1, 1, 1, 1, 1, 0, 1, 1, 0, 0, 1, 0, 0, 1, 1, 1, 0, 1, 0, 0, 1, 1, 0, 1, 1, 1, 1, 0, 0, 1, 1, 0, 0, 0, 0, 1, 1, 1, 0, 1, 0, 0, 1, 1, 0, 1, 1, 0, 1, 0, 0, 1, 1, 1, 0, 1, 1, 0, 1, 1, 1, 1, 0, 0, 0, 0, 0, 1, 1, 1, 1, 1, 1, 1, 0, 0, 0, 0, 0, 0, 1, 1, 1, 1, 1, 1, 0, 0, 1, 1, 0, 0, 1, 0, 0, 0, 1, 1, 1, 1, 1, 0, 1, 0, 1, 0, 0, 0, 1, 1, 1, 0, 1, 0, 0, 0, 0, 1, 0, 1, 0, 1, 1, 1, 0, 0, 0, 0, 0, 0, 1, 0, 0, 1, 0, 0, 1, 1, 0, 0, 0, 1, 0, 0, 0, 0, 1, 0, 0, 0, 0, 1, 1, 0, 0, 1, 1, 1, 0, 0, 0, 0, 0, 1, 1, 1, 0, 1, 1, 0, 0, 0, 1, 1, 0, 1]
[zoopt] value: 3.304625193887786
Trial 3 with random state 4200 and percentage = 21700
[zoopt] expected remaining running time: 00:00:24
[zoopt] x: [1, 1, 1, 0, 1, 1, 0, 1, 1, 1, 1, 1, 1, 1, 1, 0, 1, 1, 0, 1, 0, 1, 1, 0, 0, 0, 1, 1, 0, 0, 0, 1, 1, 0, 1, 0, 1, 1, 0, 0, 1, 0, 1, 0, 0, 1, 0, 1, 0, 1, 1, 0, 1, 1, 0, 1, 1, 0, 1, 1, 1, 1, 0, 0, 0, 1, 0, 0, 1, 0, 0, 0, 0, 0, 0, 0, 1, 0, 1, 1, 1, 1, 0, 0, 0, 0, 0, 1, 1, 1, 1, 0, 1, 1, 0, 1, 1, 1, 0, 1, 0, 1, 0, 1, 0, 1, 0, 1, 1, 1, 1, 0, 1, 1, 0, 1, 0, 1, 1, 0, 0, 1, 1, 1, 1, 0, 1, 0, 1, 1, 0, 0, 1, 1, 0, 0, 1, 1, 0, 1, 1, 1, 0, 1, 1, 0, 1, 0, 0, 0, 0, 1, 0, 1, 1, 0, 0, 0, 0, 1, 0, 1, 0, 0, 0, 0, 1, 0, 1, 0, 0, 0, 1, 1, 1, 1, 0, 1, 1, 0, 0, 1, 1, 0, 0, 1, 0, 0, 0, 0, 0, 0, 1, 0, 0, 0, 0, 1, 0, 1, 1, 0, 0, 1, 1, 0, 1, 0, 0, 1, 1, 0, 1, 0, 1, 1, 0]
[zoopt] value: 3.4049843848959362
--- Pre-Attack Results ---
Result for key 0:
  BALANCE: [0, 0, 0]
  ENTROPY: [3.3201444854981044, 3.483250599769298, 3.4395124749164294]
  ACC: [0.27218934911242604, 0.2710059171597633, 0.27218934911242604]
  NMI: [0.3670440714948796, 0.36701574415249794, 0.36519407629233075]

Result for key 1:
  BALANCE: [0, 0, 0]
  ENTROPY: [3.3201444854981044, 3.483250599769298, 3.4395124749164294]
  ACC: [0.27218934911242604, 0.2710059171597633, 0.27218934911242604]
  NMI: [0.3670440714948796, 0.36701574415249794, 0.36519407629233075]

Result for key 2:
  BALANCE: [0, 0, 0]
  ENTROPY: [3.3201444854981044, 3.483250599769298, 3.4395124749164294]
  ACC: [0.27218934911242604, 0.2710059171597633, 0.27218934911242604]
  NMI: [0.3670440714948796, 0.36701574415249794, 0.36519407629233075]

Result for key 3:
  BALANCE: [0, 0, 0]
  ENTROPY: [3.3201444854981044, 3.483250599769298, 3.4395124749164294]
  ACC: [0.27218934911242604, 0.2710059171597633, 0.27218934911242604]
  NMI: [0.3670440714948796, 0.36701574415249794, 0.36519407629233075]

Result for key 4:
  BALANCE: [0, 0, 0]
  ENTROPY: [3.3201444854981044, 3.483250599769298, 3.4395124749164294]
  ACC: [0.27218934911242604, 0.2710059171597633, 0.27218934911242604]
  NMI: [0.3670440714948796, 0.36701574415249794, 0.36519407629233075]

Result for key 5:
  BALANCE: [0, 0, 0]
  ENTROPY: [3.3201444854981044, 3.483250599769298, 3.4395124749164294]
  ACC: [0.27218934911242604, 0.2710059171597633, 0.27218934911242604]
  NMI: [0.3670440714948796, 0.36701574415249794, 0.36519407629233075]

Result for key 6:
  BALANCE: [0, 0, 0]
  ENTROPY: [3.3201444854981044, 3.483250599769298, 3.4395124749164294]
  ACC: [0.27218934911242604, 0.2710059171597633, 0.27218934911242604]
  NMI: [0.3670440714948796, 0.36701574415249794, 0.36519407629233075]

Result for key 7:
  BALANCE: [0, 0, 0]
  ENTROPY: [3.3201444854981044, 3.483250599769298, 3.4395124749164294]
  ACC: [0.27218934911242604, 0.2710059171597633, 0.27218934911242604]
  NMI: [0.3670440714948796, 0.36701574415249794, 0.36519407629233075]

Result for key 8:
  BALANCE: [0, 0, 0]
  ENTROPY: [3.3201444854981044, 3.483250599769298, 3.4395124749164294]
  ACC: [0.27218934911242604, 0.2710059171597633, 0.27218934911242604]
  NMI: [0.3670440714948796, 0.36701574415249794, 0.36519407629233075]

--- Post-Attack Results ---
Result for key 0:
  BALANCE: [0, 0, 0]
  ENTROPY: [3.3201444854981044, 3.483250599769298, 3.4395124749164294]
  ACC: [0.27218934911242604, 0.2710059171597633, 0.27218934911242604]
  NMI: [0.3670440714948796, 0.36701574415249794, 0.36519407629233075]

Result for key 1:
  BALANCE: [0, 0, 0]
  ENTROPY: [3.298635332147681, 3.133534376883593, 3.436972232211189]
  ACC: [0.2710059171597633, 0.2727810650887574, 0.2804733727810651]
  NMI: [0.35897221211711017, 0.3670269261988601, 0.37240791069219653]

Result for key 2:
  BALANCE: [0, 0, 0]
  ENTROPY: [3.2585502571288916, 3.305293145092289, 3.2437669876965525]
  ACC: [0.2727810650887574, 0.2715976331360947, 0.2727810650887574]
  NMI: [0.36448644818370823, 0.367799320391947, 0.3654374854867267]

Result for key 3:
  BALANCE: [0, 0, 0]
  ENTROPY: [3.2933970429062125, 3.3234309091386414, 3.2759763981257057]
  ACC: [0.27218934911242604, 0.2715976331360947, 0.2727810650887574]
  NMI: [0.36752497024271535, 0.3622964173662614, 0.36459927747155907]

Result for key 4:
  BALANCE: [0, 0, 0]
  ENTROPY: [3.2868946003878063, 3.2454070417030927, 3.181623888439515]
  ACC: [0.27041420118343196, 0.2710059171597633, 0.26804733727810653]
  NMI: [0.3640779636278685, 0.3627495497329388, 0.3581773781583134]

Result for key 5:
  BALANCE: [0, 0, 0]
  ENTROPY: [3.2588883371837127, 3.2774311569293726, 3.347800375427904]
  ACC: [0.2727810650887574, 0.27692307692307694, 0.2715976331360947]
  NMI: [0.36472050435813075, 0.36606637683972826, 0.3626668407244183]

Result for key 6:
  BALANCE: [0, 0, 0]
  ENTROPY: [3.285594099167498, 3.1559690341342024, 3.2971314972935826]
  ACC: [0.2715976331360947, 0.2781065088757396, 0.2739644970414201]
  NMI: [0.3659671214247345, 0.36174666866655913, 0.3708547058392608]

Result for key 7:
  BALANCE: [0, 0, 0]
  ENTROPY: [3.229785879627994, 3.3615998791914095, 3.139785802889622]
  ACC: [0.27218934911242604, 0.2775147928994083, 0.27041420118343196]
  NMI: [0.36570969517045626, 0.3645039161720189, 0.3622362038668067]

Result for key 8:
  BALANCE: [0, 0, 0]
  ENTROPY: [3.1055593213176103, 3.304625193887786, 3.4049843848959362]
  ACC: [0.2715976331360947, 0.2798816568047337, 0.27218934911242604]
  NMI: [0.363773738770214, 0.3641517203675717, 0.3638761220034313]

--- Random Attack Results ---
Result for key 0:
  BALANCE: [0, 0, 0]
  ENTROPY: [3.3201444854981044, 3.483250599769298, 3.4395124749164294]
  ACC: [0.27218934911242604, 0.2710059171597633, 0.27218934911242604]
  NMI: [0.3670440714948796, 0.36701574415249794, 0.36519407629233075]

Result for key 1:
  BALANCE: [0, 0, 0]
  ENTROPY: [3.336185761769006, 3.340349986751063, 3.4756177467491645]
  ACC: [0.2668639053254438, 0.2710059171597633, 0.2733727810650888]
  NMI: [0.3585603081035662, 0.36453439612336286, 0.36721240395426274]

Result for key 2:
  BALANCE: [0, 0, 0]
  ENTROPY: [3.4115497947128706, 3.4473643033095476, 3.5790741860478787]
  ACC: [0.2715976331360947, 0.26745562130177514, 0.2846153846153846]
  NMI: [0.35730203453142423, 0.363404818848535, 0.3740309694341551]

Result for key 3:
  BALANCE: [0, 0, 0]
  ENTROPY: [3.467813087474197, 3.447200710664293, 3.4256229660679827]
  ACC: [0.2733727810650888, 0.2733727810650888, 0.2828402366863905]
  NMI: [0.3668681759354881, 0.3691507102666341, 0.37275448686373186]

Result for key 4:
  BALANCE: [0, 0, 0]
  ENTROPY: [3.520445056787314, 3.4242123351018456, 3.2395145751354892]
  ACC: [0.2710059171597633, 0.2710059171597633, 0.2710059171597633]
  NMI: [0.36358014160639734, 0.3739182858846666, 0.36576614149344444]

Result for key 5:
  BALANCE: [0, 0, 0]
  ENTROPY: [3.609453262069837, 3.415730047311661, 3.5086850022864047]
  ACC: [0.278698224852071, 0.2715976331360947, 0.2757396449704142]
  NMI: [0.37184912483014343, 0.3670255448943431, 0.3711298476467166]

Result for key 6:
  BALANCE: [0, 0, 0]
  ENTROPY: [3.261647187017525, 3.426595274288765, 3.2201329035360926]
  ACC: [0.27928994082840236, 0.27455621301775146, 0.2715976331360947]
  NMI: [0.3697376253639036, 0.3725585137858796, 0.3626972598360478]

Result for key 7:
  BALANCE: [0, 0, 0]
  ENTROPY: [3.2155158579311287, 3.343146243962466, 3.4566309478781987]
  ACC: [0.27218934911242604, 0.2816568047337278, 0.27455621301775146]
  NMI: [0.36674671549612614, 0.36917720081880295, 0.3711945313675644]

Result for key 8:
  BALANCE: [0, 0, 0]
  ENTROPY: [3.3053488458862565, 3.517776763454301, 3.203172765682085]
  ACC: [0.2816568047337278, 0.2822485207100592, 0.2775147928994083]
  NMI: [0.37028883354839104, 0.3752675596552158, 0.36195996083775234]


JOB STATISTICS
==============
Job ID: 4881632
Cluster: snellius
User/Group: scur1047/scur1047
State: COMPLETED (exit code 0)
Nodes: 1
Cores per node: 18
CPU Utilized: 00:21:38
CPU Efficiency: 5.49% of 06:34:12 core-walltime
Job Wall-clock time: 00:21:54
Memory Utilized: 676.33 MB
Memory Efficiency: 0.55% of 120.00 GB
