(nlp1-practical1) C:\Users\iason\Dev\CFC\Fair-Clustering-Codebase>python attack_extra_metrics.py --dataset MTFL
Skipping line due to error:  
(2000, 6048), (2000,), (2000,)
Clustering Algorithm: SFD
Dataset: MTFL
Number of Clusters: 2
Number of Data Points: 2000
Number of Sensitive Features: 2
Number of Features: 6048
# of clusters -> 2
Trial 1 with random state 150
[zoopt] expected remaining running time: 00:10:42
[zoopt] x: [0, 1, 1, 0, 1, 0, 1, 1, 0, 0, 0, 1, 0, 0, 1, 0, 1, 0, 1, 1, 1, 1, 0, 1, 1, 0, 1, 0, 1, 0, 0, 0, 0, 0, 0, 0, 1, 0, 1, 1, 0, 1, 0, 1, 1, 0, 0, 1, 1, 1, 1, 1, 0, 0, 0, 0, 1, 1, 1, 1, 1, 0, 0, 0, 1, 0, 1, 1, 1, 0, 1, 1, 0, 0, 1, 1, 1, 0, 0, 0, 0, 1, 1, 1, 0, 1, 0, 1, 1, 1]
[zoopt] value: 0.9307390561451641
Trial 2 with random state 1
[zoopt] expected remaining running time: 00:10:24
[zoopt] x: [1, 1, 1, 0, 0, 0, 1, 1, 1, 1, 1, 1, 1, 1, 0, 1, 0, 1, 0, 1, 1, 0, 0, 0, 0, 1, 0, 0, 1, 1, 1, 1, 0, 0, 1, 0, 0, 0, 0, 0, 0, 1, 0, 1, 1, 1, 0, 1, 1, 1, 0, 0, 1, 1, 1, 1, 0, 0, 1, 1, 1, 0, 0, 0, 0, 0, 1, 1, 0, 0, 0, 0, 1, 0, 1, 0, 0, 1, 0, 1, 1, 1, 0, 1, 0, 1, 0, 1, 0, 0]
[zoopt] value: 0.9307390561451641
Trial 3 with random state 4200
[zoopt] expected remaining running time: 00:10:42
[zoopt] x: [1, 1, 1, 1, 0, 1, 1, 1, 1, 0, 0, 1, 0, 0, 1, 0, 1, 0, 0, 0, 0, 1, 1, 0, 0, 0, 1, 1, 0, 1, 1, 1, 1, 1, 0, 0, 0, 0, 0, 0, 1, 0, 0, 1, 0, 0, 1, 1, 0, 0, 0, 1, 0, 1, 1, 0, 0, 1, 1, 0, 0, 1, 0, 1, 1, 1, 1, 1, 0, 0, 1, 1, 0, 0, 1, 1, 0, 0, 1, 0, 1, 1, 1, 0, 0, 1, 0, 1, 1, 0]
[zoopt] value: 0.9307390561451641
Trial 4 with random state 424242
[zoopt] expected remaining running time: 00:10:39
[zoopt] x: [1, 1, 0, 1, 0, 0, 1, 1, 0, 0, 0, 0, 1, 1, 1, 1, 0, 0, 1, 0, 0, 1, 1, 1, 0, 0, 1, 1, 0, 0, 1, 0, 1, 1, 0, 0, 1, 0, 1, 0, 1, 1, 0, 0, 0, 0, 0, 1, 0, 0, 1, 1, 1, 1, 0, 1, 1, 1, 0, 1, 0, 0, 1, 0, 0, 0, 0, 1, 1, 0, 1, 1, 1, 0, 1, 0, 0, 1, 0, 1, 1, 1, 1, 0, 1, 1, 0, 1, 0, 0]
[zoopt] value: 0.9307390561451641
Trial 5 with random state 1947
[zoopt] expected remaining running time: 00:11:25
[zoopt] x: [1, 0, 0, 1, 0, 1, 0, 1, 1, 0, 1, 1, 1, 1, 1, 0, 0, 1, 0, 1, 1, 1, 0, 0, 1, 1, 1, 0, 1, 1, 0, 0, 1, 1, 0, 0, 0, 1, 0, 1, 1, 0, 1, 1, 0, 1, 0, 0, 1, 1, 1, 1, 0, 0, 1, 1, 0, 0, 0, 0, 0, 0, 1, 1, 1, 1, 1, 0, 1, 0, 1, 0, 1, 0, 1, 0, 0, 0, 0, 1, 0, 1, 1, 1, 0, 1, 1, 1, 0, 1]
[zoopt] value: 0.9307390561451641
Trial 6 with random state 355
[zoopt] expected remaining running time: 00:10:48
[zoopt] x: [0, 1, 1, 1, 1, 0, 0, 0, 1, 0, 0, 0, 0, 0, 0, 0, 0, 1, 0, 0, 0, 1, 1, 0, 0, 1, 0, 1, 1, 1, 1, 0, 0, 1, 1, 0, 1, 1, 0, 1, 1, 0, 0, 1, 0, 0, 0, 0, 1, 0, 0, 1, 1, 0, 1, 0, 1, 1, 0, 1, 1, 1, 0, 0, 0, 1, 0, 1, 1, 0, 0, 1, 0, 1, 1, 1, 0, 0, 0, 1, 1, 1, 0, 1, 0, 1, 1, 1, 1, 0]
[zoopt] value: 0.9307390561451641
Trial 7 with random state 256
[zoopt] expected remaining running time: 00:10:41
[zoopt] x: [0, 0, 0, 1, 1, 0, 1, 1, 0, 0, 0, 1, 0, 0, 0, 0, 1, 0, 1, 0, 0, 0, 0, 1, 1, 1, 0, 1, 0, 1, 0, 0, 1, 1, 1, 0, 1, 0, 1, 0, 0, 1, 0, 0, 1, 1, 1, 1, 0, 0, 1, 1, 1, 0, 0, 0, 1, 0, 1, 1, 1, 0, 0, 0, 0, 1, 0, 0, 1, 0, 1, 0, 1, 0, 1, 0, 0, 0, 0, 0, 0, 1, 1, 1, 1, 0, 0, 0, 1, 0]
[zoopt] value: 0.9307390561451641
Trial 8 with random state 7500
[zoopt] expected remaining running time: 00:10:41
[zoopt] x: [0, 1, 0, 0, 0, 1, 0, 1, 0, 0, 1, 1, 1, 1, 1, 0, 1, 0, 0, 1, 1, 0, 1, 1, 1, 1, 1, 1, 0, 1, 1, 0, 1, 1, 0, 1, 0, 0, 0, 0, 1, 1, 0, 1, 0, 1, 0, 1, 1, 0, 0, 1, 0, 1, 1, 0, 1, 0, 0, 1, 0, 1, 0, 0, 0, 0, 1, 1, 1, 1, 1, 1, 1, 1, 0, 1, 0, 1, 1, 1, 0, 0, 1, 0, 1, 0, 1, 1, 0, 0]
[zoopt] value: 0.9307390561451641
Trial 9 with random state 99999
[zoopt] expected remaining running time: 00:10:40
[zoopt] x: [0, 1, 0, 1, 0, 0, 0, 1, 0, 0, 1, 0, 0, 1, 1, 1, 1, 1, 0, 1, 1, 1, 0, 1, 1, 0, 0, 0, 0, 0, 0, 0, 0, 0, 0, 1, 0, 0, 0, 1, 1, 1, 0, 0, 1, 0, 0, 1, 0, 0, 1, 1, 0, 0, 1, 1, 1, 0, 1, 1, 1, 1, 1, 0, 1, 0, 0, 1, 1, 1, 0, 1, 0, 0, 0, 1, 1, 0, 1, 1, 1, 1, 1, 0, 1, 0, 1, 1, 0, 1]
[zoopt] value: 0.9307390561451641
Trial 10 with random state 18
[zoopt] expected remaining running time: 00:10:33
[zoopt] x: [0, 1, 1, 1, 1, 1, 1, 0, 1, 0, 1, 1, 0, 1, 1, 1, 0, 1, 1, 0, 1, 1, 0, 0, 0, 0, 0, 0, 0, 0, 0, 1, 1, 1, 0, 1, 0, 0, 1, 1, 0, 0, 0, 1, 1, 1, 1, 0, 1, 0, 0, 1, 1, 0, 0, 1, 1, 0, 0, 0, 0, 1, 0, 0, 1, 1, 0, 0, 0, 0, 1, 1, 0, 1, 0, 1, 1, 0, 1, 1, 0, 1, 1, 0, 0, 0, 1, 1, 0, 0]
[zoopt] value: 0.9307390561451641

Pre-Attack Results for MTFL and SFD
=========================================
BALANCE: Mean = 0.9717739403453688, Std = 0.0
MIN_CLUSTER_RATIO: Mean = 0.989010989010989, Std = 0.0
CLUSTER_DIST_L1: Mean = 0.022027834950504754, Std = 0.0
CLUSTER_DIST_KL: Mean = 0.0010182858089020606, Std = 0.0
SILHOUETTE_DIFF: Mean = 0.002987201817953117, Std = 0.0
ENTROPY: Mean = 0.6927224542452739, Std = 1.1102230246251565e-16
ENTROPY_GROUP_A: Mean = 0.6626240475046263, Std = 1.1102230246251565e-16     
ENTROPY_GROUP_B: Mean = 0.6726543924128334, Std = 0.0
ACC: Mean = 0.5342857142857141, Std = 1.1102230246251565e-16
NMI: Mean = 0.00011704440637505004, Std = 0.0
ARI: Mean = -0.0022718193296800736, Std = 0.0
SIL: Mean = 0.1406563425178649, Std = 2.7755575615628914e-17

Post-Attack Results for MTFL and SFD
=========================================
BALANCE: Mean = 0.9307390561451641, Std = 0.0
MIN_CLUSTER_RATIO: Mean = 0.9740820734341252, Std = 0.0
CLUSTER_DIST_L1: Mean = 0.047012316638897045, Std = 0.0
CLUSTER_DIST_KL: Mean = 0.004937187403470163, Std = 0.0
SILHOUETTE_DIFF: Mean = 0.0010355911183732719, Std = 0.0
ENTROPY: Mean = 0.6910521318112874, Std = 1.1102230246251565e-16
ENTROPY_GROUP_A: Mean = 0.6590151194717394, Std = 0.0
ENTROPY_GROUP_B: Mean = 0.6291836733574192, Std = 0.0
ACC: Mean = 0.5207142857142857, Std = 0.0
NMI: Mean = 0.00455738489950737, Std = 0.0
ARI: Mean = -0.010809519176149422, Std = 1.734723475976807e-18
SIL: Mean = 0.09896139687448316, Std = 1.3877787807814457e-17

Random Attack Results for MTFL and SFD
=========================================
BALANCE: Mean = 0.9307390561451641, Std = 0.0
MIN_CLUSTER_RATIO: Mean = 0.9740820734341252, Std = 0.0
CLUSTER_DIST_L1: Mean = 0.047012316638897045, Std = 0.0
CLUSTER_DIST_KL: Mean = 0.004937187403470163, Std = 0.0
SILHOUETTE_DIFF: Mean = 0.0010355911183732719, Std = 0.0
ENTROPY: Mean = 0.6910521318112874, Std = 1.1102230246251565e-16
ENTROPY_GROUP_A: Mean = 0.6590151194717394, Std = 0.0
ENTROPY_GROUP_B: Mean = 0.6291836733574192, Std = 0.0
ACC: Mean = 0.5207142857142857, Std = 0.0
NMI: Mean = 0.00455738489950737, Std = 0.0
ARI: Mean = -0.010809519176149422, Std = 1.734723475976807e-18
SIL: Mean = 0.09896139687448316, Std = 1.3877787807814457e-17