C:\Users\iason\Dev\CFC\Fair-Clustering-Codebase>python attack_extra_metrics.py --dataset MTFL --cl_algo FSC
Skipping line due to error:
(2000, 6048), (2000,), (2000,)
Clustering Algorithm: FSC
Dataset: MTFL
Number of Clusters: 2
Number of Data Points: 2000
Number of Sensitive Features: 2
Number of Features: 6048
# of clusters -> 2
Trial 1 with random state 150
[zoopt] expected remaining running time: 00:02:04
[zoopt] x: [0, 1, 0, 1, 0, 0, 0, 0, 1, 1, 1, 1, 0, 1, 1, 0, 1, 0, 0, 0, 1, 1, 0, 0, 0, 0, 1, 0, 1, 0, 1, 0, 1, 0, 0, 0, 1, 1, 0, 0, 0, 1, 1, 0, 0, 1, 0, 0, 0, 0, 1, 1, 0, 0, 0, 1, 0, 0, 0, 0, 0, 1, 0, 1, 1, 1, 1, 0, 0, 0, 1, 0, 0, 0, 0, 1, 0, 1, 0, 1, 1, 1, 0, 1, 0, 0, 0, 1, 0, 1]
[zoopt] value: 0.9884175824175824
Trial 2 with random state 1
[zoopt] expected remaining running time: 00:03:42
[zoopt] x: [0, 0, 1, 1, 1, 0, 1, 1, 0, 1, 1, 1, 1, 0, 0, 0, 1, 0, 1, 1, 1, 1, 1, 1, 1, 0, 0, 0, 0, 0, 0, 1, 1, 1, 1, 1, 0, 0, 0, 1, 1, 0, 0, 0, 0, 0, 0, 1, 0, 1, 1, 1, 0, 1, 0, 1, 0, 0, 0, 1, 1, 1, 0, 1, 0, 0, 0, 0, 1, 0, 1, 0, 1, 1, 0, 1, 0, 0, 0, 0, 0, 1, 0, 1, 1, 0, 0, 1, 1, 0]
[zoopt] value: 0.9884175824175824
Trial 3 with random state 4200
[zoopt] expected remaining running time: 00:03:53
[zoopt] x: [1, 0, 1, 1, 0, 1, 0, 1, 1, 1, 0, 1, 0, 1, 1, 0, 0, 1, 1, 0, 1, 1, 0, 1, 1, 0, 0, 0, 1, 0, 1, 1, 0, 1, 1, 0, 0, 0, 1, 1, 0, 0, 0, 0, 0, 0, 1, 1, 0, 1, 1, 0, 0, 0, 1, 1, 0, 1, 0, 0, 1, 1, 1, 0, 0, 1, 1, 1, 1, 0, 1, 0, 1, 1, 1, 1, 0, 1, 0, 0, 1, 1, 0, 1, 0, 0, 1, 1, 1, 0]
[zoopt] value: 0.97886925795053
Trial 4 with random state 424242
[zoopt] expected remaining running time: 00:03:48
[zoopt] x: [1, 1, 0, 0, 1, 0, 1, 1, 1, 0, 1, 1, 1, 0, 0, 0, 0, 0, 1, 0, 0, 1, 0, 1, 0, 1, 1, 1, 1, 1, 0, 1, 0, 0, 0, 1, 0, 1, 0, 1, 0, 0, 0, 0, 1, 1, 1, 0, 0, 0, 0, 0, 0, 1, 1, 1, 0, 1, 1, 1, 1, 0, 1, 1, 0, 0, 0, 0, 0, 0, 0, 1, 1, 1, 1, 0, 1, 1, 1, 0, 0, 1, 0, 1, 0, 0, 1, 0, 1, 0]
[zoopt] value: 0.9865384615384615
Trial 5 with random state 1947
[zoopt] expected remaining running time: 00:03:47
[zoopt] x: [0, 1, 1, 1, 1, 1, 0, 0, 0, 0, 1, 0, 0, 0, 1, 0, 1, 1, 0, 0, 1, 1, 0, 1, 0, 1, 1, 1, 1, 1, 0, 0, 1, 1, 0, 1, 1, 1, 1, 0, 1, 0, 1, 1, 1, 1, 1, 1, 1, 0, 1, 1, 1, 1, 0, 1, 0, 1, 1, 1, 0, 0, 1, 1, 1, 1, 1, 1, 1, 1, 1, 1, 1, 1, 0, 1, 0, 0, 1, 1, 1, 0, 1, 0, 0, 0, 1, 0, 1, 1]
[zoopt] value: 0.9884175824175824
Trial 6 with random state 355
[zoopt] expected remaining running time: 00:03:13
[zoopt] x: [0, 1, 0, 1, 1, 1, 1, 1, 1, 1, 0, 1, 1, 1, 0, 1, 0, 1, 1, 0, 1, 0, 0, 1, 0, 1, 0, 0, 1, 1, 1, 0, 0, 1, 0, 1, 0, 1, 0, 1, 1, 0, 0, 0, 1, 0, 1, 0, 1, 0, 1, 1, 1, 0, 1, 0, 1, 0, 1, 1, 1, 0, 1, 0, 1, 0, 1, 0, 1, 1, 1, 0, 1, 1, 0, 0, 1, 1, 1, 0, 0, 1, 0, 0, 0, 0, 0, 1, 1, 1]
[zoopt] value: 0.9884175824175824
Trial 7 with random state 256
[zoopt] expected remaining running time: 00:03:12
[zoopt] x: [1, 0, 1, 0, 0, 0, 1, 0, 1, 0, 1, 1, 0, 1, 0, 0, 1, 1, 0, 1, 1, 0, 0, 0, 1, 0, 0, 0, 1, 0, 0, 1, 1, 0, 1, 1, 1, 0, 0, 1, 0, 0, 0, 0, 0, 0, 0, 1, 1, 1, 1, 1, 1, 1, 0, 0, 0, 1, 0, 1, 0, 1, 1, 0, 0, 0, 1, 1, 1, 1, 1, 0, 0, 1, 0, 1, 0, 1, 0, 0, 0, 1, 1, 0, 0, 0, 1, 0, 1, 1]
[zoopt] value: 0.9737381781981084
Trial 8 with random state 7500
[zoopt] expected remaining running time: 00:02:02
[zoopt] x: [0, 1, 0, 0, 0, 0, 0, 0, 0, 1, 0, 1, 0, 1, 1, 0, 1, 1, 1, 0, 1, 0, 0, 1, 0, 1, 1, 1, 1, 0, 0, 0, 0, 0, 0, 1, 0, 1, 1, 0, 0, 0, 1, 1, 1, 0, 0, 0, 1, 1, 1, 0, 1, 1, 1, 0, 1, 1, 1, 1, 0, 1, 1, 0, 1, 0, 1, 0, 0, 1, 0, 1, 1, 0, 1, 0, 1, 0, 0, 1, 0, 0, 1, 0, 0, 1, 1, 0, 0, 0]
[zoopt] value: 0.9884175824175824
Trial 9 with random state 99999
[zoopt] expected remaining running time: 00:02:05
[zoopt] x: [1, 0, 0, 1, 0, 1, 1, 0, 1, 0, 1, 1, 1, 0, 1, 1, 0, 0, 0, 0, 0, 0, 0, 0, 0, 0, 1, 1, 1, 0, 0, 0, 1, 0, 0, 0, 0, 1, 1, 0, 1, 1, 1, 0, 1, 1, 1, 0, 0, 1, 0, 0, 0, 1, 1, 1, 0, 1, 1, 0, 1, 1, 0, 0, 0, 1, 0, 0, 0, 1, 0, 0, 0, 0, 0, 1, 1, 0, 0, 0, 1, 1, 0, 0, 0, 0, 1, 0, 1, 1]
[zoopt] value: 0.9884175824175824
Trial 10 with random state 18
[zoopt] expected remaining running time: 00:02:35
[zoopt] x: [1, 1, 1, 0, 0, 1, 0, 0, 0, 0, 1, 0, 1, 1, 1, 1, 0, 0, 0, 0, 1, 0, 0, 0, 0, 0, 1, 0, 0, 0, 1, 0, 0, 1, 1, 0, 1, 1, 0, 0, 0, 1, 1, 0, 0, 1, 1, 0, 0, 1, 0, 0, 0, 1, 0, 0, 1, 1, 1, 1, 1, 1, 1, 1, 1, 1, 0, 1, 1, 1, 1, 1, 1, 1, 0, 0, 0, 0, 1, 0, 0, 1, 0, 0, 0, 1, 0, 0, 0, 1]
[zoopt] value: 0.9884175824175824

Pre-Attack Results for MTFL and FSC
=========================================
BALANCE: Mean = 0.9924107142857143, Std = 1.1102230246251565e-16
MIN_CLUSTER_RATIO: Mean = 1.03125, Std = 0.0
CLUSTER_DIST_L1: Mean = 0.005553922049070487, Std = 0.0
CLUSTER_DIST_KL: Mean = 6.598916640107762e-05, Std = 0.0
SILHOUETTE_DIFF: Mean = 0.0007484344996021297, Std = 0.0
ENTROPY: Mean = 0.6929020331561155, Std = 0.0
ENTROPY_GROUP_A: Mean = 0.6582682835600926, Std = 0.0
ENTROPY_GROUP_B: Mean = 0.6611886873655665, Std = 0.0
ACC: Mean = 0.5457142857142856, Std = 1.1102230246251565e-16
NMI: Mean = 1.2491469063024538e-06, Std = 0.0
ARI: Mean = -0.0007986134470646698, Std = 0.0
SIL: Mean = 0.14045498826739652, Std = 2.7755575615628914e-17

Post-Attack Results for MTFL and FSC
=========================================
BALANCE: Mean = 0.9858068974610177, Std = 0.004919651859845735
MIN_CLUSTER_RATIO: Mean = 1.0177334158558842, Std = 0.010069462871029224
CLUSTER_DIST_L1: Mean = 0.010890587735633322, Std = 0.004350447014027197
CLUSTER_DIST_KL: Mean = 0.00028801632904943455, Std = 0.00025956141580432625      
SILHOUETTE_DIFF: Mean = 0.001233686685368092, Std = 7.972126518816524e-05
ENTROPY: Mean = 0.6928662625746724, Std = 5.532608985155472e-05
ENTROPY_GROUP_A: Mean = 0.6621130262299402, Std = 0.00491007987261364
ENTROPY_GROUP_B: Mean = 0.6671322193187647, Std = 0.006037782390217513
ACC: Mean = 0.544, Std = 0.00047380354147933844
NMI: Mean = 6.943260191322527e-05, Std = 0.00013582856634350326
ARI: Mean = -0.00016177558994667838, Std = 0.001273202334070516
SIL: Mean = 0.13916737864863243, Std = 0.0015973125080133701
ACC: Mean = 0.5456428571428571, Std = 0.0009285714285714162
NMI: Mean = 1.576389904261945e-06, Std = 1.3425131544866345e-06
ACC: Mean = 0.5456428571428571, Std = 0.0009285714285714162
NMI: Mean = 1.576389904261945e-06, Std = 1.3425131544866345e-06
ARI: Mean = -0.0004906369753144798, Std = 0.00021721516440747655
SIL: Mean = 0.14029029372790985, Std = 0.00023245684586060305
