(fact2024) C:\Users\iason\Dev\CFC\Fair-Clustering-Codebase>python attack.py --cl_algo KFC
(1293, 2048), (1293,), (1293,)
Clustering Algorithm: KFC
Dataset: Office-31
Number of Clusters: 31
Number of Data Points: 1293
Number of Sensitive Features: 2
Number of Features: 2048
# of clusters -> 31
Trial 1 with random state 150
[zoopt] expected remaining running time: 00:03:22
[zoopt] x: [1, 0, 0, 1, 1, 1, 0, 0, 0, 0, 1, 1, 1, 0, 0, 0, 1, 1, 0]
[zoopt] value: 0.333798495042984
Trial 2 with random state 1
[zoopt] expected remaining running time: 00:03:14
[zoopt] x: [0, 0, 0, 0, 0, 0, 0, 1, 0, 1, 0, 0, 0, 0, 0, 0, 1, 1, 1]
[zoopt] value: 0.333798495042984
Trial 3 with random state 4200
[zoopt] expected remaining running time: 00:03:14
[zoopt] x: [0, 0, 1, 0, 1, 0, 1, 1, 0, 1, 0, 0, 1, 1, 0, 0, 1, 0, 0]
[zoopt] value: 0.333798495042984
Trial 4 with random state 424242
[zoopt] expected remaining running time: 00:03:13
[zoopt] x: [0, 1, 1, 1, 0, 0, 0, 0, 1, 1, 0, 1, 1, 1, 1, 0, 1, 1, 0]
[zoopt] value: 0.6803276858493709
Trial 5 with random state 1947
[zoopt] expected remaining running time: 00:03:16
[zoopt] x: [1, 0, 0, 1, 0, 0, 1, 0, 1, 0, 0, 1, 1, 0, 1, 1, 1, 0, 0]
[zoopt] value: 0.333798495042984
Trial 6 with random state 355
[zoopt] expected remaining running time: 00:03:15
[zoopt] x: [1, 1, 1, 1, 0, 0, 0, 0, 0, 1, 1, 0, 0, 1, 0, 1, 1, 1, 0]
[zoopt] value: 0.333798495042984
Trial 7 with random state 256
[zoopt] expected remaining running time: 00:03:19
[zoopt] x: [0, 0, 0, 1, 1, 0, 0, 0, 0, 1, 1, 1, 0, 1, 1, 1, 1, 1, 1]
[zoopt] value: 0.333798495042984
Trial 8 with random state 7500
[zoopt] expected remaining running time: 00:03:16
[zoopt] x: [0, 1, 0, 0, 1, 1, 1, 1, 1, 1, 0, 1, 1, 1, 1, 0, 1, 1, 1]
[zoopt] value: 0.6615913710824077
Trial 9 with random state 99999
[zoopt] expected remaining running time: 00:03:14
[zoopt] x: [1, 0, 1, 1, 1, 0, 1, 1, 1, 0, 1, 1, 0, 0, 0, 1, 0, 1, 1]
[zoopt] value: 0.333798495042984
Trial 10 with random state 18
[zoopt] expected remaining running time: 00:03:16
[zoopt] x: [0, 1, 1, 1, 0, 0, 0, 0, 0, 1, 1, 1, 0, 1, 0, 1, 0, 1, 0]
[zoopt] value: 0.333798495042984
Pre-Attack Results
BALANCE: Mean = 0.971343454893184, Std = 0.0679936947735111
ENTROPY: Mean = 0.4012307017275651, Std = 0.1349294721992218
ACC: Mean = 0.05017182130584193, Std = 0.0007873841400267759
NMI: Mean = 0.0011912157548957482, Std = 0.0027166187645321915
Post-Attack Results
BALANCE: Mean = 0.971343454893184, Std = 0.0679936947735111
ENTROPY: Mean = 0.4012307017275651, Std = 0.1349294721992218
ACC: Mean = 0.050085910652920965, Std = 0.0005500965839718922
NMI: Mean = 0.0011888388247603434, Std = 0.0027098967973943344
Random Attack Results
BALANCE: Mean = 0.971343454893184, Std = 0.0679936947735111
ENTROPY: Mean = 0.4012307017275651, Std = 0.1349294721992218
ACC: Mean = 0.05025773195876289, Std = 0.0010345012524735633
NMI: Mean = 0.001393061710419938, Std = 0.0032937184424126726

(fact2024) C:\Users\iason\Dev\CFC\Fair-Clustering-Codebase>
(fact2024) C:\Users\iason\Dev\CFC\Fair-Clustering-Codebase>python attack.py --dataset DIGITS --cl_algo KFC
(3594, 64), (3594,), (3594,)
Clustering Algorithm: KFC
Dataset: DIGITS
Number of Clusters: 10
Number of Data Points: 3594
Number of Sensitive Features: 2
Number of Features: 64
# of clusters -> 10
Trial 1 with random state 150
[zoopt] expected remaining running time: 00:00:14
[zoopt] x: [1, 0, 0, 1, 0, 0, 1, 1, 1, 1, 0, 1, 0, 1, 0, 0, 0, 0, 1, 0, 1, 1, 0, 0, 1, 0, 0, 1, 1, 1, 1, 1, 1, 0, 0, 1, 0, 1, 1, 0, 1, 0, 1, 1, 1, 0, 1, 0, 1, 0, 0, 0, 1, 0, 1, 1, 0, 0, 0, 1, 1, 0, 0, 1, 1, 0, 0, 1, 1, 1, 0, 1, 1, 0, 1, 0, 1, 0, 0, 1, 0, 1, 0, 0, 0, 0, 1, 0, 1, 0, 0, 1, 0, 1, 0, 0, 0, 1, 0, 1, 0, 0, 1, 0, 0, 0, 1, 1, 0, 0, 0, 1, 1, 1, 1, 0, 0, 1, 0, 1, 0, 0, 1, 1, 0, 0, 0, 0, 1, 0, 1, 0, 1, 1, 0, 1, 0, 1, 1, 0, 1, 0, 0, 1, 1, 0, 0, 0, 1, 1, 0, 1, 0, 1, 0, 0, 0, 1, 1, 1, 1]
[zoopt] value: 2.9668543455204808
Trial 2 with random state 1
[zoopt] expected remaining running time: 00:00:14
[zoopt] x: [0, 1, 0, 1, 0, 1, 1, 1, 0, 1, 1, 0, 0, 0, 1, 1, 0, 1, 0, 1, 1, 0, 0, 1, 0, 0, 0, 0, 0, 1, 0, 1, 0, 0, 0, 0, 0, 1, 1, 0, 1, 1, 1, 0, 1, 1, 0, 1, 0, 0, 1, 1, 0, 0, 1, 1, 0, 1, 1, 1, 0, 1, 1, 0, 1, 0, 0, 0, 0, 0, 0, 1, 1, 0, 0, 0, 1, 0, 1, 0, 1, 0, 0, 0, 0, 0, 0, 1, 1, 0, 0, 0, 0, 1, 1, 1, 0, 0, 0, 1, 0, 1, 0, 0, 0, 1, 0, 1, 1, 1, 1, 0, 1, 0, 1, 1, 1, 0, 0, 1, 1, 0, 1, 0, 1, 1, 0, 1, 1, 1, 1, 1, 1, 1, 1, 0, 1, 1, 0, 0, 0, 0, 1, 1, 0, 0, 0, 1, 0, 0, 0, 1, 1, 1, 1, 1, 0, 0, 0, 0, 1]
[zoopt] value: 3.238603045025667
Trial 3 with random state 4200
[zoopt] expected remaining running time: 00:00:15
[zoopt] x: [1, 0, 0, 1, 1, 1, 0, 1, 1, 0, 0, 1, 1, 1, 1, 0, 1, 1, 1, 1, 0, 1, 1, 1, 1, 0, 0, 1, 1, 0, 1, 0, 1, 1, 0, 0, 1, 1, 1, 1, 0, 0, 1, 0, 1, 1, 1, 1, 1, 0, 1, 1, 1, 0, 0, 0, 0, 0, 1, 1, 1, 1, 1, 1, 1, 1, 0, 0, 0, 0, 1, 0, 1, 1, 1, 1, 0, 0, 0, 0, 0, 1, 0, 0, 0, 0, 0, 0, 0, 1, 0, 0, 1, 0, 0, 1, 0, 0, 0, 0, 1, 0, 1, 1, 1, 1, 0, 0, 1, 1, 1, 0, 1, 0, 1, 1, 0, 0, 1, 1, 0, 1, 0, 0, 1, 1, 1, 1, 0, 0, 0, 0, 0, 0, 0, 0, 0, 0, 1, 0, 1, 1, 0, 1, 0, 0, 0, 0, 0, 0, 1, 1, 1, 1, 0, 1, 1, 1, 1, 1, 1]
[zoopt] value: 3.0571762056511123
Trial 4 with random state 424242
[zoopt] expected remaining running time: 00:00:14
[zoopt] x: [1, 0, 0, 0, 0, 1, 0, 0, 0, 1, 0, 1, 1, 0, 0, 1, 0, 1, 1, 1, 1, 1, 0, 1, 1, 1, 0, 1, 0, 1, 0, 1, 1, 1, 0, 1, 1, 1, 0, 0, 1, 0, 0, 0, 0, 0, 0, 0, 0, 0, 0, 0, 0, 1, 0, 0, 1, 0, 0, 0, 0, 0, 1, 0, 1, 0, 0, 0, 1, 1, 1, 1, 1, 0, 0, 0, 0, 0, 0, 1, 1, 1, 1, 0, 1, 1, 1, 0, 0, 0, 1, 1, 1, 1, 1, 1, 0, 1, 0, 1, 0, 1, 1, 0, 1, 0, 1, 0, 1, 1, 0, 1, 1, 1, 1, 1, 1, 1, 0, 1, 1, 0, 0, 0, 0, 1, 1, 1, 1, 0, 0, 0, 1, 0, 1, 0, 0, 1, 0, 1, 0, 0, 1, 0, 1, 0, 1, 1, 0, 0, 0, 0, 1, 0, 0, 0, 0, 0, 1, 0, 1]
[zoopt] value: 3.0638102600270516
Trial 5 with random state 1947
[zoopt] expected remaining running time: 00:00:14
[zoopt] x: [1, 0, 0, 0, 1, 1, 0, 1, 1, 1, 1, 0, 0, 1, 1, 1, 1, 1, 0, 0, 1, 0, 0, 1, 0, 0, 0, 1, 0, 0, 0, 1, 0, 1, 0, 0, 1, 0, 0, 1, 0, 0, 1, 0, 1, 0, 1, 0, 1, 0, 1, 1, 1, 0, 0, 0, 1, 0, 1, 1, 1, 1, 1, 1, 1, 1, 1, 0, 1, 0, 1, 0, 0, 1, 1, 0, 0, 1, 0, 1, 1, 0, 1, 0, 1, 0, 0, 1, 0, 0, 1, 1, 1, 0, 1, 1, 1, 1, 1, 1, 0, 0, 0, 1, 1, 0, 0, 1, 0, 1, 0, 0, 0, 0, 1, 1, 0, 1, 1, 1, 1, 0, 1, 1, 1, 0, 1, 1, 0, 1, 1, 1, 0, 0, 1, 1, 0, 0, 1, 1, 0, 1, 1, 0, 1, 1, 0, 0, 0, 0, 1, 1, 0, 0, 1, 0, 0, 0, 1, 0, 0]
[zoopt] value: 3.34668324860938
Trial 6 with random state 355
[zoopt] expected remaining running time: 00:00:16
[zoopt] x: [1, 1, 1, 0, 1, 1, 1, 0, 0, 0, 0, 0, 1, 1, 0, 0, 1, 1, 0, 1, 0, 0, 1, 0, 1, 0, 1, 0, 0, 1, 1, 1, 0, 0, 0, 1, 0, 0, 0, 0, 1, 0, 1, 1, 0, 0, 1, 1, 0, 0, 1, 0, 1, 0, 1, 1, 1, 1, 0, 1, 1, 1, 0, 0, 0, 0, 1, 1, 1, 0, 0, 0, 1, 1, 0, 1, 0, 0, 0, 1, 1, 0, 1, 1, 1, 1, 0, 0, 0, 1, 0, 0, 0, 1, 1, 1, 1, 0, 1, 1, 0, 1, 1, 0, 0, 0, 0, 0, 0, 1, 0, 1, 1, 1, 0, 0, 0, 1, 0, 1, 1, 0, 0, 0, 0, 1, 0, 0, 0, 1, 1, 1, 0, 1, 1, 0, 0, 1, 0, 1, 0, 1, 1, 0, 1, 0, 1, 1, 1, 1, 0, 1, 1, 1, 1, 1, 1, 1, 1, 1, 0]
[zoopt] value: 3.3412898911051
Trial 7 with random state 256
[zoopt] expected remaining running time: 00:00:14
[zoopt] x: [1, 0, 0, 1, 0, 0, 1, 0, 0, 1, 1, 0, 0, 0, 1, 0, 0, 0, 1, 1, 0, 0, 0, 0, 1, 0, 0, 1, 1, 0, 1, 0, 0, 1, 0, 1, 0, 0, 0, 0, 0, 1, 1, 1, 1, 0, 0, 0, 1, 1, 1, 0, 0, 0, 0, 1, 0, 0, 1, 1, 1, 1, 0, 0, 0, 1, 1, 0, 1, 1, 0, 0, 1, 0, 1, 0, 1, 0, 0, 1, 0, 1, 0, 0, 0, 0, 0, 1, 0, 1, 1, 1, 1, 0, 0, 0, 0, 0, 0, 1, 0, 0, 0, 1, 0, 0, 1, 1, 0, 0, 0, 0, 0, 0, 0, 1, 0, 1, 0, 0, 0, 1, 1, 0, 0, 0, 1, 0, 1, 1, 0, 0, 0, 0, 0, 1, 1, 1, 1, 1, 0, 0, 0, 1, 0, 0, 0, 1, 0, 0, 0, 1, 1, 1, 0, 1, 0, 1, 1, 1, 1]
[zoopt] value: 3.3414772836654207
Trial 8 with random state 7500
[zoopt] expected remaining running time: 00:00:15
[zoopt] x: [1, 1, 1, 0, 0, 1, 0, 1, 0, 0, 0, 0, 1, 1, 0, 0, 1, 0, 1, 1, 0, 1, 1, 0, 1, 1, 1, 0, 1, 1, 1, 0, 0, 0, 0, 0, 0, 1, 0, 1, 0, 1, 1, 1, 1, 0, 0, 0, 0, 1, 0, 1, 0, 0, 0, 0, 0, 0, 1, 1, 1, 0, 1, 1, 1, 1, 0, 1, 0, 1, 1, 1, 0, 1, 0, 0, 1, 0, 0, 1, 0, 0, 0, 1, 0, 1, 0, 0, 1, 0, 0, 1, 0, 0, 0, 0, 0, 1, 1, 0, 0, 1, 1, 1, 1, 1, 1, 0, 0, 1, 1, 1, 0, 0, 0, 1, 0, 0, 0, 1, 0, 1, 0, 1, 1, 1, 1, 0, 1, 0, 0, 0, 1, 1, 1, 0, 1, 0, 1, 1, 0, 1, 1, 1, 0, 1, 0, 0, 0, 1, 1, 1, 0, 1, 1, 1, 1, 1, 1, 1, 0]
[zoopt] value: 3.363111207327683
Trial 9 with random state 99999
[zoopt] expected remaining running time: 00:00:15
[zoopt] x: [1, 1, 1, 1, 0, 1, 0, 0, 0, 1, 0, 0, 1, 1, 1, 1, 0, 1, 0, 0, 0, 1, 1, 1, 0, 1, 1, 1, 1, 0, 0, 0, 0, 1, 1, 1, 1, 1, 1, 0, 1, 0, 1, 0, 0, 1, 1, 1, 1, 1, 1, 1, 1, 1, 0, 1, 0, 1, 0, 1, 1, 1, 1, 0, 1, 0, 0, 1, 0, 0, 1, 0, 1, 1, 0, 0, 1, 0, 0, 0, 1, 1, 1, 1, 1, 1, 1, 1, 0, 0, 0, 1, 1, 0, 1, 1, 0, 0, 0, 0, 0, 0, 1, 1, 0, 0, 1, 1, 0, 0, 1, 0, 1, 1, 0, 1, 1, 0, 1, 0, 0, 0, 1, 0, 1, 0, 1, 0, 0, 0, 1, 1, 1, 0, 1, 1, 0, 1, 1, 0, 1, 1, 1, 0, 1, 0, 1, 1, 1, 0, 0, 1, 1, 1, 1, 0, 0, 1, 1, 0, 1]
[zoopt] value: 2.6736552543492165
Trial 10 with random state 18
[zoopt] expected remaining running time: 00:00:14
[zoopt] x: [0, 1, 0, 0, 1, 0, 1, 1, 0, 0, 0, 1, 0, 0, 1, 0, 1, 1, 0, 1, 0, 0, 0, 1, 0, 0, 1, 0, 0, 0, 0, 0, 1, 0, 0, 0, 1, 1, 1, 0, 0, 1, 0, 1, 1, 1, 0, 1, 0, 0, 0, 0, 1, 1, 0, 1, 1, 0, 1, 1, 0, 1, 1, 1, 0, 0, 1, 1, 1, 0, 1, 0, 0, 1, 1, 0, 0, 0, 0, 1, 1, 1, 0, 1, 0, 1, 0, 0, 1, 1, 1, 1, 0, 0, 0, 0, 1, 0, 1, 0, 0, 1, 0, 0, 0, 0, 1, 1, 1, 0, 0, 0, 0, 1, 0, 1, 0, 1, 0, 1, 0, 1, 0, 1, 1, 1, 1, 1, 1, 1, 1, 1, 0, 1, 1, 1, 0, 0, 1, 1, 1, 0, 1, 1, 1, 0, 1, 0, 1, 0, 1, 1, 0, 1, 0, 0, 0, 0, 0, 1, 0]
[zoopt] value: 2.937825987250921
Pre-Attack Results
BALANCE: Mean = 0.7066651149010068, Std = 0.13232156877453516
ENTROPY: Mean = 3.375776939957749, Std = 0.10647784132728697
ACC: Mean = 0.17416534181240065, Std = 0.017578894117857315
NMI: Mean = 0.05758542823705648, Std = 0.00932315675655285
Post-Attack Results
BALANCE: Mean = 0.3745354375547272, Std = 0.20883986994361153
ENTROPY: Mean = 3.1330486728532034, Std = 0.21996419514601698
ACC: Mean = 0.17476152623211444, Std = 0.016338353983315138
NMI: Mean = 0.05553097581380688, Std = 0.00815976342276626
Random Attack Results
BALANCE: Mean = 0.3940486042045156, Std = 0.30599467057945845
ENTROPY: Mean = 3.209728516537625, Std = 0.19690648457995966
ACC: Mean = 0.1740858505564388, Std = 0.0162218653460239
NMI: Mean = 0.05548380244312592, Std = 0.009706146329562466