(1293, 2048), (1293,), (1293,)
Clustering Algorithm: SFD
Dataset: Office-31
Number of Clusters: 31
Number of Data Points: 1293
Number of Sensitive Features: 2
Number of Features: 2048
# of clusters -> 31
[zoopt] expected remaining running time: 00:00:44
[zoopt] x: [0, 0, 1, 0, 0, 0, 0, 1, 1, 1, 0, 0, 1, 1, 1, 1, 0, 0, 0]
[zoopt] value: 0.1518194861092996
[zoopt] expected remaining running time: 00:00:44
[zoopt] x: [1, 0, 1, 1, 0, 1, 1, 1, 1, 0, 1, 1, 1, 0, 1, 0, 0, 0, 1]
[zoopt] value: 0.1433850702143385
[zoopt] expected remaining running time: 00:00:44
[zoopt] x: [1, 1, 1, 1, 0, 0, 1, 0, 1, 0, 1, 0, 1, 0, 1, 1, 1, 1, 1]
[zoopt] value: 0.1518194861092996
[zoopt] expected remaining running time: 00:00:44
[zoopt] x: [0, 0, 1, 0, 0, 1, 1, 1, 1, 1, 0, 1, 0, 0, 0, 1, 0, 0, 1]
[zoopt] value: 0.1518194861092996
[zoopt] expected remaining running time: 00:00:44
[zoopt] x: [0, 0, 0, 1, 1, 0, 0, 0, 0, 0, 0, 0, 0, 0, 1, 1, 1, 1, 0]
[zoopt] value: 0.1518194861092996
[zoopt] expected remaining running time: 00:00:44
[zoopt] x: [0, 0, 0, 0, 0, 0, 1, 0, 1, 0, 1, 0, 1, 1, 0, 1, 0, 0, 0]
[zoopt] value: 0.1518194861092996
[zoopt] expected remaining running time: 00:00:43
[zoopt] x: [0, 0, 1, 0, 0, 1, 0, 1, 1, 1, 1, 0, 0, 0, 0, 0, 1, 1, 0]
[zoopt] value: 0.1518194861092996
[zoopt] expected remaining running time: 00:00:43
[zoopt] x: [0, 1, 0, 1, 0, 0, 1, 0, 1, 0, 0, 0, 1, 0, 0, 0, 1, 0, 1]
[zoopt] value: 0.1518194861092996
[zoopt] expected remaining running time: 00:00:44
[zoopt] x: [0, 0, 1, 0, 0, 0, 0, 1, 0, 1, 0, 0, 0, 1, 1, 1, 0, 1, 1]
[zoopt] value: 0.1518194861092996
[zoopt] expected remaining running time: 00:00:44
[zoopt] x: [1, 0, 1, 1, 1, 1, 0, 0, 1, 1, 0, 1, 0, 0, 0, 0, 0, 0, 1]
[zoopt] value: 0.22122267975926513
Pre-Attack Results
BALANCE: Mean = 0.5464020334216646, Std = 0.024671081590824626
ENTROPY: Mean = 10.089681478164133, Std = 0.02488906398706166
ACC: Mean = 0.8407216494845361, Std = 0.0037878707362626334
NMI: Mean = 0.8875398288008561, Std = 0.0033989660097820656
Post-Attack Results
BALANCE: Mean = 0.15791636388480004, Std = 0.021251408127956783
ENTROPY: Mean = 9.782847938930072, Std = 0.0698614997129977
ACC: Mean = 0.7648625429553265, Std = 0.0176694217423415
NMI: Mean = 0.8613771617476053, Std = 0.009333701502646964
Random Attack Results
BALANCE: Mean = 0.3589453177801232, Std = 0.11957054644667549
ENTROPY: Mean = 9.902530933750786, Std = 0.0745993156743117
ACC: Mean = 0.7692439862542955, Std = 0.021357740802647057
NMI: Mean = 0.8598021872677932, Std = 0.011211976449601063

JOB STATISTICS
==============
Job ID: 4854417
Cluster: snellius
User/Group: scur1047/scur1047
State: RUNNING
Nodes: 1
Cores per node: 18
CPU Utilized: 00:00:00
CPU Efficiency: 0.00% of 03:16:12 core-walltime
Job Wall-clock time: 00:10:54
Memory Utilized: 0.00 MB (estimated maximum)
Memory Efficiency: 0.00% of 120.00 GB (120.00 GB/node)
WARNING: Efficiency statistics may be misleading for RUNNING jobs.
