(nlp1-practical1) C:\Users\iason\Dev\CFC\Fair-Clustering-Codebase>python attack_extra_metrics.py --dataset Yale --cl_algo KFC 
(2414, 2016), (2414,), (2414,)
Clustering Algorithm: KFC
Dataset: Yale
Number of Clusters: 38
Number of Data Points: 2414
Number of Sensitive Features: 2
Number of Features: 2016
# of clusters -> 38
Trial 1 with random state 150
[zoopt] expected remaining running time: 00:08:39
0, 0, 1, 0, 1, 1, 0, 0, 0, 0, 0, 1, 0, 0, 0, 0, 0, 0, 0, 1, 1, 1]
[zoopt] value: 0.3434734484995574
Trial 2 with random state 1
[zoopt] expected remaining running time: 00:08:51
[zoopt] x: [1, 0, 1, 1, 0, 1, 1, 0, 0, 1, 1, 0, 0, 1, 0, 1, 0, 1, 1, 1, 0, 0, 1, 1, 0, 0, 0, 0, 0, 1, 1, 0, 0, 1, 0, 1, 0, 0, 0, 1, 0, 1, 0, 0, 0, 0, 0, 1, 1, 1, 0, 1, 1, 0, 1, 0, 1, 1, 1, 0, 1, 0, 0, 1, 0, 1, 1, 1, 0, 1, 1, 0, 0, 1, 0, 1, 1, 1, 1, 0, 1, 1, 1, 1, 1, 0, 0, 0, 1, 0, 0, 1, 1, 0, 0, 0, 0, 1, 1, 1, 1, 1, 1, 0, 1, 1, 0, 0]
[zoopt] value: 0.3434734484995574
Trial 3 with random state 4200
[zoopt] expected remaining running time: 00:08:15
[zoopt] x: [0, 1, 0, 0, 0, 1, 0, 0, 1, 1, 1, 0, 1, 1, 1, 0, 0, 0, 0, 0, 1, 0, 0, 0, 0, 0, 1, 0, 1, 1, 0, 0, 1, 0, 0, 1, 0, 1, 0, 1, 0, 0, 0, 0, 0, 0, 1, 0, 1, 1, 0, 0, 1, 1, 0, 1, 1, 1, 0, 0, 0, 1, 0, 0, 0, 1, 0, 0, 1, 1, 1, 0, 0, 1, 1, 1, 0, 0, 0, 0, 1, 0, 1, 1, 0, 1, 1, 1, 0, 0, 0, 0, 1, 1, 0, 0, 0, 1, 1, 0, 1, 0, 1, 0, 0, 1, 1, 0]
[zoopt] value: 0.3434734484995574
Trial 4 with random state 424242
[zoopt] expected remaining running time: 00:08:30
[zoopt] x: [1, 1, 0, 0, 1, 1, 1, 0, 1, 0, 0, 0, 0, 1, 0, 0, 1, 1, 0, 0, 1, 0, 1, 1, 1, 1, 0, 0, 0, 1, 0, 1, 0, 1, 0, 1, 0, 0, 0, 1, 1, 1, 0, 1, 1, 1, 0, 0, 0, 1, 1, 1, 1, 0, 0, 1, 1, 0, 0, 1, 0, 0, 0, 0, 1, 0, 0, 1, 1, 0, 0, 0, 0, 1, 1, 0, 1, 1, 1, 0, 1, 1, 1, 0, 0, 1, 0, 1, 1, 1, 0, 1, 0, 1, 0, 1, 1, 0, 0, 0, 1, 1, 1, 0, 1, 0, 0, 0]
[zoopt] value: 0.3434734484995574
Trial 5 with random state 1947
[zoopt] expected remaining running time: 00:08:18
[zoopt] x: [1, 0, 0, 0, 1, 0, 1, 0, 0, 1, 0, 1, 0, 0, 1, 1, 0, 1, 0, 0, 1, 0, 1, 0, 1, 1, 1, 1, 1, 1, 1, 0, 1, 1, 1, 0, 1, 0, 1, 0, 1, 1, 0, 1, 0, 0, 0, 1, 1, 1, 1, 0, 0, 1, 0, 1, 0, 1, 1, 1, 1, 0, 0, 1, 1, 1, 0, 1, 0, 1, 0, 1, 1, 1, 1, 0, 1, 0, 1, 0, 1, 1, 1, 0, 0, 1, 0, 1, 0, 1, 0, 0, 1, 0, 1, 0, 0, 1, 0, 1, 1, 0, 1, 1, 1, 1, 1, 1]
[zoopt] value: 0.3434734484995574
Trial 6 with random state 355
[zoopt] expected remaining running time: 00:08:25
[zoopt] x: [0, 1, 1, 1, 1, 1, 1, 1, 0, 0, 0, 0, 0, 0, 0, 1, 1, 0, 0, 0, 1, 1, 1, 0, 1, 0, 1, 0, 1, 1, 0, 0, 1, 1, 0, 0, 0, 0, 1, 1, 0, 1, 1, 0, 0, 1, 0, 1, 0, 0, 1, 0, 0, 0, 1, 1, 0, 0, 0, 1, 0, 1, 0, 1, 0, 0, 1, 1, 0, 1, 1, 0, 0, 0, 0, 0, 1, 1, 0, 0, 1, 1, 0, 1, 1, 0, 1, 1, 1, 0, 0, 1, 1, 1, 1, 1, 0, 0, 0, 1, 0, 1, 1, 0, 1, 0, 1, 1]
[zoopt] value: 0.3434734484995574
Trial 7 with random state 256
[zoopt] expected remaining running time: 00:08:19
[zoopt] x: [1, 0, 1, 0, 0, 0, 1, 1, 0, 0, 1, 1, 0, 0, 0, 1, 0, 0, 1, 0, 0, 1, 0, 0, 1, 0, 1, 1, 0, 0, 0, 1, 0, 0, 1, 1, 1, 0, 0, 1, 1, 0, 0, 0, 0, 0, 0, 1, 0, 1, 1, 0, 1, 0, 1, 1, 0, 0, 0, 0, 1, 1, 0, 0, 1, 0, 1, 1, 0, 0, 1, 0, 0, 0, 1, 1, 0, 1, 0, 1, 1, 1, 0, 0, 0, 1, 0, 0, 1, 1, 0, 1, 0, 1, 1, 1, 0, 1, 1, 1, 1, 1, 1, 1, 1, 1, 1, 1]
[zoopt] value: 0.3434734484995574
Trial 8 with random state 7500
[zoopt] expected remaining running time: 00:08:26
[zoopt] x: [0, 1, 1, 1, 0, 1, 1, 0, 1, 0, 0, 1, 1, 0, 0, 0, 0, 0, 1, 1, 1, 1, 1, 0, 1, 0, 0, 0, 0, 1, 1, 0, 1, 1, 0, 0, 1, 0, 1, 1, 1, 1, 1, 0, 1, 1, 0, 0, 1, 0, 1, 1, 1, 1, 0, 0, 0, 0, 1, 1, 0, 1, 0, 0, 1, 1, 0, 1, 0, 0, 0, 1, 1, 1, 0, 1, 1, 1, 0, 1, 1, 1, 0, 1, 1, 0, 0, 1, 0, 0, 0, 1, 0, 0, 0, 0, 0, 0, 0, 1, 0, 0, 1, 1, 1, 1, 0, 0]
[zoopt] value: 1.6051010227793558
Trial 9 with random state 99999
[zoopt] expected remaining running time: 00:08:18
[zoopt] x: [1, 0, 1, 0, 0, 1, 0, 1, 0, 0, 0, 0, 1, 1, 1, 1, 1, 1, 1, 1, 1, 0, 1, 0, 0, 1, 0, 0, 1, 1, 0, 1, 0, 1, 1, 0, 0, 0, 1, 0, 1, 1, 0, 1, 1, 1, 1, 1, 1, 0, 1, 1, 1, 0, 0, 1, 0, 0, 0, 1, 0, 0, 0, 0, 0, 0, 1, 1, 0, 0, 1, 0, 1, 0, 0, 0, 1, 0, 1, 1, 0, 1, 1, 1, 1, 1, 0, 0, 0, 1, 0, 0, 1, 1, 1, 0, 1, 0, 0, 1, 1, 0, 0, 1, 0, 1, 1, 0]
[zoopt] value: 1.6642266435334356
Trial 10 with random state 18
[zoopt] expected remaining running time: 00:08:36
[zoopt] x: [1, 0, 0, 0, 1, 0, 1, 0, 1, 0, 0, 0, 1, 1, 0, 0, 0, 0, 0, 0, 0, 1, 1, 0, 1, 0, 1, 0, 1, 1, 1, 1, 0, 0, 1, 1, 0, 1, 0, 0, 0, 0, 1, 1, 1, 1, 1, 1, 0, 1, 0, 0, 0, 0, 0, 1, 0, 1, 0, 1, 1, 0, 0, 0, 1, 0, 0, 1, 0, 0, 0, 0, 1, 0, 0, 1, 1, 1, 0, 1, 1, 1, 1, 0, 0, 0, 0, 1, 0, 0, 0, 1, 1, 1, 1, 0, 1, 1, 0, 1, 1, 0, 1, 1, 0, 1, 1, 1]
[zoopt] value: 0.3434734484995574

Pre-Attack Results for Yale and KFC
=========================================
BALANCE: Mean = 0.7888757396449704, Std = 0.39580808275476953
MIN_CLUSTER_RATIO: Mean = 0.6398082612950764, Std = 0.31990413687824104
CLUSTER_DIST_L1: Mean = 0.0006927220929424571, Std = 0.0013225096274982384
CLUSTER_DIST_KL: Mean = inf, Std = nan
SILHOUETTE_DIFF: ['N/A', 'N/A', 'N/A', -0.042701490107797016, 'N/A', 'N/A', 'N/A', 0.06996285919731153, 0.021689878986012143, 'N/A']
ENTROPY: Mean = 0.6085254368968736, Std = 0.5119907710602838
ENTROPY_GROUP_A: Mean = 0.014933982277308019, Std = 0.029015243103126743
ENTROPY_GROUP_B: Mean = 0.01447868452586526, Std = 0.02889178221125371
ACC: Mean = 0.031005917159763318, Std = 0.0016568047337278107
NMI: Mean = 0.0035114775053221177, Std = 0.007073662168884023
ARI: Mean = 5.531775983050218e-05, Std = 0.00012583371920999982
SIL: ['N/A', 'N/A', 'N/A', 0.21127310362779136, 'N/A', 'N/A', 'N/A', 0.0010177308399879426, 0.08365449463766256, 'N/A']        

Post-Attack Results for Yale and KFC
=========================================
BALANCE: Mean = 0.8450066577896138, Std = 0.32591370137682235
MIN_CLUSTER_RATIO: Mean = 0.6648296059637913, Std = 0.275642886483137
CLUSTER_DIST_L1: Mean = 0.0009854095852317643, Std = 0.0021640546360172375
CLUSTER_DIST_KL: Mean = inf, Std = nan
SILHOUETTE_DIFF: ['N/A', 'N/A', 'N/A', 'N/A', 'N/A', 'N/A', 'N/A', 0.09809049688379859, 0.08146708906112898, 'N/A']
ENTROPY: Mean = 0.6017115254309251, Std = 0.516645342048413
ENTROPY_GROUP_A: Mean = 0.014149075866870284, Std = 0.02994095164167992
ENTROPY_GROUP_B: Mean = 0.01158369384565638, Std = 0.02329155840227496
ACC: Mean = 0.030887573964497046, Std = 0.0014445627947613847
NMI: Mean = 0.003029537833657214, Std = 0.006369108688638354
ARI: Mean = 4.5980979957717434e-05, Std = 0.00010249882479275785
SIL: ['N/A', 'N/A', 'N/A', 'N/A', 'N/A', 'N/A', 'N/A', 0.053139436942885254, -0.03209458680024516, 'N/A']

Random Attack Results for Yale and KFC
=========================================
BALANCE: Mean = 0.8599929002484913, Std = 0.3104894399564062
MIN_CLUSTER_RATIO: Mean = 0.7196157022204758, Std = 0.23987258807805925
CLUSTER_DIST_L1: Mean = 0.0009323741578498867, Std = 0.002121877464425502
CLUSTER_DIST_KL: Mean = inf, Std = nan
SILHOUETTE_DIFF: ['N/A', 'N/A', 'N/A', 'N/A', 'N/A', 'N/A', 'N/A', 0.005002767687460163, 0.07909460505697534, 'N/A']
ENTROPY: Mean = 0.611339868545325, Std = 0.5357972667867869
ENTROPY_GROUP_A: Mean = 0.014149075866870284, Std = 0.02994095164167992
ENTROPY_GROUP_B: Mean = 0.00966978073027069, Std = 0.020461202898391203
ACC: Mean = 0.030887573964497046, Std = 0.0014445627947613847
NMI: Mean = 0.0028925817450136944, Std = 0.006214283945808535
ARI: Mean = 4.538178121247294e-05, Std = 0.00010203002294648287
SIL: ['N/A', 'N/A', 'N/A', 'N/A', 'N/A', 'N/A', 'N/A', 0.18719566231833343, -0.034082390636430704, 'N/A']