(nlp1-practical1) C:\Users\iason\Dev\FACT-2024\Fair-Clustering-Codebase>python attack_extra_metrics.py --dataset Yale --cl_algo KFC
(2414, 2016), (2414,), (2414,)
Clustering Algorithm: KFC
Dataset: Yale
Number of Clusters: 38
Number of Data Points: 2414
Number of Sensitive Features: 2
Number of Features: 2016
# of clusters -> 38
Trial 1 with random state 150
[zoopt] x: [1, 0, 1, 0, 0, 1, 1, 0, 0, 1, 0, 1, 0, 0, 1, 0, 1, 0, 0, 0, 0, 0, 0, 1, 1, 0, 0, 1, 1, 0, 1, 1, 0, 1, 1, 0, 0, 0, 0, 0, 0, 0, 1, 1, 1, 1, 0, 1, 1, 0, 0, 1, 0, 1, 0, 1, 0, 1, 1, 0, 0, 1, 1, 0, 0, 1, 1, 1, 0, 1, 1, 1, 0, 0, 0, 0, 1, 0, 0, 0, 0, 0, 0, 0, 1, 0, 0, 0, 1, 0, 0, 1, 0, 0, 0, 0, 0, 1, 0, 0, 0, 0, 0, 0, 0, 1, 1, 1]
[zoopt] value: 0.3434734484995574
Trial 2 with random state 1
[zoopt] x: [1, 0, 1, 1, 0, 1, 1, 0, 0, 1, 1, 0, 0, 1, 0, 1, 0, 1, 1, 1, 0, 0, 1, 1, 0, 0, 0, 0, 0, 1, 1, 0, 0, 1, 0, 1, 0, 0, 0, 1, 0, 1, 0, 0, 0, 0, 0, 1, 1, 1, 0, 1, 1, 0, 1, 0, 1, 1, 1, 1, 1, 0, 0, 1, 0, 1, 1, 1, 0, 1, 1, 0, 0, 1, 0, 1, 1, 1, 1, 0, 1, 1, 1, 1, 1, 0, 0, 0, 1, 0, 0, 1, 1, 0, 0, 0, 0, 1, 1, 1, 1, 1, 1, 0, 1, 1, 0, 0]
[zoopt] value: 0.3434734484995574
Trial 3 with random state 4200
[zoopt] x: [0, 1, 0, 0, 0, 1, 0, 0, 1, 1, 1, 0, 1, 1, 1, 0, 0, 0, 0, 0, 1, 0, 0, 0, 0, 0, 0, 0, 1, 1, 0, 0, 1, 0, 0, 1, 0, 1, 0, 1, 0, 0, 0, 0, 0, 0, 1, 0, 1, 1, 0, 0, 1, 1, 0, 1, 1, 1, 0, 0, 0, 1, 0, 0, 0, 1, 0, 0, 1, 1, 1, 0, 0, 1, 1, 1, 0, 0, 0, 0, 1, 1, 1, 1, 0, 1, 1, 1, 0, 0, 0, 0, 1, 1, 0, 0, 0, 1, 1, 0, 1, 0, 1, 0, 0, 1, 0, 0]
[zoopt] value: 0.3434734484995574
Trial 4 with random state 424242
[zoopt] x: [0, 1, 0, 0, 1, 1, 1, 0, 1, 0, 0, 0, 0, 1, 0, 0, 1, 1, 0, 0, 1, 0, 1, 1, 1, 1, 0, 0, 0, 1, 0, 1, 0, 1, 0, 1, 0, 0, 0, 1, 1, 1, 0, 1, 1, 1, 0, 0, 0, 1, 0, 1, 1, 0, 0, 1, 1, 0, 0, 1, 0, 0, 0, 0, 1, 0, 0, 1, 1, 0, 0, 0, 0, 1, 1, 0, 1, 0, 1, 0, 1, 0, 1, 0, 0, 1, 0, 1, 1, 1, 0, 1, 1, 1, 0, 1, 1, 0, 0, 0, 1, 1, 1, 0, 1, 0, 0, 0]
[zoopt] value: 0.3434734484995574
Trial 5 with random state 1947
[zoopt] x: [1, 0, 0, 0, 1, 0, 1, 0, 0, 1, 0, 1, 0, 0, 1, 1, 0, 1, 0, 0, 1, 0, 1, 0, 1, 1, 1, 1, 1, 1, 1, 0, 1, 1, 1, 0, 1, 0, 1, 0, 1, 0, 0, 1, 0, 0, 0, 1, 1, 1, 1, 0, 0, 1, 0, 0, 0, 1, 1, 1, 1, 0, 0, 1, 1, 1, 0, 1, 0, 1, 0, 1, 1, 1, 1, 0, 1, 0, 1, 0, 1, 1, 1, 0, 0, 1, 0, 1, 0, 1, 0, 0, 1, 0, 1, 0, 0, 1, 0, 1, 1, 0, 1, 1, 1, 1, 1, 1]
[zoopt] value: 0.3434734484995574
Trial 6 with random state 355
[zoopt] x: [0, 1, 1, 1, 1, 1, 1, 1, 0, 0, 0, 0, 0, 1, 0, 1, 1, 0, 0, 0, 1, 1, 1, 0, 1, 0, 1, 0, 1, 1, 0, 0, 1, 1, 0, 0, 0, 0, 1, 1, 0, 1, 1, 0, 0, 1, 0, 1, 0, 0, 1, 0, 0, 0, 1, 1, 0, 0, 0, 1, 0, 1, 0, 1, 0, 0, 1, 1, 0, 1, 1, 0, 0, 0, 0, 0, 1, 1, 0, 0, 1, 1, 0, 1, 1, 0, 1, 1, 1, 0, 0, 1, 1, 1, 1, 1, 0, 0, 0, 1, 0, 1, 1, 0, 1, 0, 1, 1]
[zoopt] value: 0.3434734484995574
Trial 7 with random state 256
[zoopt] x: [1, 0, 1, 0, 0, 0, 1, 1, 0, 0, 1, 1, 0, 0, 0, 1, 0, 0, 1, 0, 0, 1, 0, 0, 1, 0, 1, 1, 0, 0, 0, 1, 0, 0, 1, 1, 1, 0, 0, 1, 1, 0, 0, 0, 0, 0, 0, 1, 0, 1, 1, 0, 1, 0, 1, 1, 0, 0, 0, 0, 1, 1, 0, 0, 1, 0, 1, 1, 0, 0, 0, 0, 0, 0, 1, 1, 0, 1, 0, 1, 1, 1, 0, 0, 0, 1, 0, 0, 1, 1, 0, 1, 0, 1, 1, 1, 0, 1, 1, 1, 1, 1, 1, 1, 1, 1, 1, 1]
[zoopt] value: 0.3434734484995574
Trial 8 with random state 7500
[zoopt] x: [0, 1, 1, 1, 0, 1, 1, 0, 1, 0, 0, 1, 1, 0, 0, 0, 1, 0, 1, 1, 1, 1, 1, 0, 1, 0, 0, 0, 0, 1, 0, 0, 1, 1, 0, 0, 1, 0, 1, 1, 1, 1, 1, 0, 0, 1, 0, 1, 1, 0, 1, 1, 0, 1, 0, 0, 0, 0, 1, 1, 0, 1, 0, 0, 1, 1, 0, 1, 0, 0, 0, 1, 1, 1, 0, 1, 1, 1, 0, 1, 1, 0, 0, 1, 1, 0, 0, 1, 0, 0, 0, 1, 0, 1, 0, 0, 0, 0, 0, 1, 0, 1, 1, 1, 0, 1, 0, 0]
[zoopt] value: 1.6360378406172909
Trial 9 with random state 99999
[zoopt] x: [1, 0, 0, 0, 0, 1, 0, 1, 0, 0, 0, 0, 1, 1, 1, 0, 1, 1, 1, 1, 1, 0, 1, 0, 0, 1, 0, 0, 1, 1, 0, 1, 0, 1, 1, 0, 0, 0, 1, 0, 1, 1, 0, 1, 1, 1, 1, 1, 1, 0, 1, 1, 1, 0, 0, 1, 0, 0, 0, 1, 0, 0, 0, 0, 0, 0, 1, 1, 0, 0, 1, 0, 1, 0, 0, 1, 1, 0, 1, 1, 0, 1, 1, 1, 1, 0, 0, 0, 0, 1, 0, 0, 1, 1, 1, 0, 1, 0, 0, 1, 1, 0, 0, 1, 1, 1, 1, 0]
[zoopt] value: 1.6642266435334356
Trial 10 with random state 18
[zoopt] x: [1, 0, 0, 0, 1, 0, 1, 0, 1, 0, 0, 0, 1, 1, 0, 0, 0, 0, 0, 0, 0, 1, 1, 0, 1, 0, 1, 0, 1, 1, 1, 1, 0, 0, 1, 1, 0, 1, 0, 0, 0, 0, 1, 1, 1, 1, 1, 1, 0, 1, 0, 0, 0, 0, 0, 1, 0, 1, 0, 1, 1, 0, 0, 0, 1, 0, 0, 1, 0, 0, 0, 0, 1, 0, 0, 1, 1, 1, 0, 1, 1, 1, 1, 0, 1, 0, 0, 1, 0, 0, 0, 1, 1, 1, 1, 0, 1, 1, 0, 1, 1, 0, 1, 1, 0, 1, 1, 1]
[zoopt] value: 0.3434734484995574

Pre-Attack Results for Yale and KFC
=========================================
BALANCE: Mean = 0.7888757396449704, Std = 0.39580808275476953
MIN_CLUSTER_RATIO: Mean = 0.6398082612950764, Std = 0.31990413687824104
CLUSTER_DIST_L1: Mean = 0.0006927220929424571, Std = 0.0013225096274982384
CLUSTER_DIST_KL: Mean = inf, Std = nan
SILHOUETTE_DIFF: ['N/A', 'N/A', 'N/A', -0.042701490107797016, 'N/A', 'N/A', 'N/A', 0.06996285919731153, 0.021689878986012143, 'N/A']
ENTROPY: Mean = 0.6085254368968736, Std = 0.5119907710602838
ENTROPY_GROUP_A: Mean = 0.014933982277308019, Std = 0.029015243103126743
ENTROPY_GROUP_B: Mean = 0.01447868452586526, Std = 0.02889178221125371
ACC: Mean = 0.031005917159763318, Std = 0.0016568047337278107
NMI: Mean = 0.0035114775053221177, Std = 0.007073662168884023
ARI: Mean = 5.531775983050218e-05, Std = 0.00012583371920999982
SIL: ['N/A', 'N/A', 'N/A', 0.21127310362779136, 'N/A', 'N/A', 'N/A', 0.0010177308399879426, 0.08365449463766256, 'N/A']

Post-Attack Results for Yale and KFC
=========================================
BALANCE: Mean = 0.8562583222370173, Std = 0.3138019659101724
MIN_CLUSTER_RATIO: Mean = 0.6731629392971247, Std = 0.26398896587299314
CLUSTER_DIST_L1: Mean = 0.0009057146382033809, Std = 0.002104903335086282
CLUSTER_DIST_KL: Mean = inf, Std = nan
SILHOUETTE_DIFF: ['N/A', 'N/A', 'N/A', 'N/A', 'N/A', 'N/A', 'N/A', 0.07821058707309075, 0.07909460505697534, 'N/A']
ENTROPY: Mean = 0.6048052072147186, Std = 0.5227015237046179
ENTROPY_GROUP_A: Mean = 0.014149075866870284, Std = 0.02994095164167992
ENTROPY_GROUP_B: Mean = 0.010988536388241533, Std = 0.022291801867271317
ACC: Mean = 0.03094674556213018, Std = 0.0015441406332189218
NMI: Mean = 0.0030350301468011266, Std = 0.006375791385545938
ARI: Mean = 4.5448378088826255e-05, Std = 0.00010208066984845349
SIL: ['N/A', 'N/A', 'N/A', 'N/A', 'N/A', 'N/A', 'N/A', 0.08192800578371065, -0.034082390636430704, 'N/A']

Random Attack Results for Yale and KFC
=========================================
BALANCE: Mean = 0.8562583222370173, Std = 0.3138019659101724
MIN_CLUSTER_RATIO: Mean = 0.6731629392971247, Std = 0.26398896587299314
CLUSTER_DIST_L1: Mean = 0.0004797295476815473, Std = 0.000966877482180876
CLUSTER_DIST_KL: Mean = inf, Std = nan
SILHOUETTE_DIFF: ['N/A', 'N/A', 'N/A', 'N/A', 'N/A', 'N/A', 'N/A', 0.07667025534735769, 0.11204559778537872, 'N/A']
ENTROPY: Mean = 0.645702915239467, Std = 0.6123122591731055
ENTROPY_GROUP_A: Mean = 0.014103829785167105, Std = 0.02982244558969632
ENTROPY_GROUP_B: Mean = 0.012837981762263823, Std = 0.02685447293347813
ACC: Mean = 0.03094674556213018, Std = 0.0015888427907807755
NMI: Mean = 0.0033477717308371415, Std = 0.007267455400202186
ARI: Mean = 5.8493034067176316e-05, Std = 0.00013721833718552065
SIL: ['N/A', 'N/A', 'N/A', 'N/A', 'N/A', 'N/A', 'N/A', 0.08397189818368789, -0.08248744139341142, 'N/A']