(nlp1-practical1) C:\Users\iason\Dev\FACT-2024\Fair-Clustering-Codebase>python attack_extra_metrics.py --dataset MNIST_USPS --cl_algo KFC 
(3800, 256), (3800,), (3800,)
Clustering Algorithm: KFC
Dataset: MNIST_USPS
Number of Clusters: 10
Number of Data Points: 3800
Number of Sensitive Features: 2
Number of Features: 256
# of clusters -> 10
Trial 1 with random state 150
[zoopt] expected remaining running time: 00:01:58
[zoopt] x: [0, 0, 1, 1, 1, 0, 0, 0, 1, 0, 0, 1, 1, 1, 1, 0, 1, 1, 0, 0, 1, 0, 0, 1, 1, 0, 1, 0, 0, 1, 0, 1, 0, 1, 1, 1, 0, 1, 0, 0, 1, 1, 1, 0, 0, 0, 1, 0, 1, 0, 0, 1, 0, 0, 1, 0, 1, 0, 0, 1, 1, 1, 0, 0, 0, 0, 1, 0, 0, 1, 0, 0, 0, 1, 1, 1, 0, 1, 1, 0, 0, 1, 1, 1, 0, 1, 1, 0, 1, 0, 0, 1, 0, 1, 1, 0, 1, 0, 1, 0, 0, 1, 0, 0, 1, 0, 1, 0, 1, 0, 1, 1, 1, 0, 0, 1, 0, 1, 0, 1, 1, 0, 0, 0, 0, 1, 1, 0, 1, 0, 0, 1, 0, 0, 1, 0, 1, 0, 1, 0, 1, 1, 0, 1, 0, 1, 0, 1, 1, 1, 1, 1, 0, 1, 1, 0, 0, 0, 0, 0, 1, 1, 0, 1, 0, 0, 0, 0, 1, 1, 0]
[zoopt] value: 0.6916620066077874
Trial 2 with random state 1
[zoopt] expected remaining running time: 00:01:26
[zoopt] x: [1, 0, 0, 1, 1, 1, 1, 0, 0, 1, 0, 0, 1, 0, 0, 0, 1, 1, 1, 1, 0, 1, 0, 0, 0, 0, 1, 0, 1, 0, 1, 1, 1, 1, 1, 1, 0, 1, 0, 1, 0, 0, 1, 1, 0, 1, 1, 1, 0, 1, 1, 0, 0, 0, 0, 1, 1, 0, 1, 1, 1, 0, 0, 0, 1, 0, 0, 1, 1, 0, 1, 0, 0, 1, 1, 0, 0, 1, 1, 0, 0, 0, 0, 0, 0, 0, 1, 0, 1, 1, 0, 1, 0, 0, 1, 0, 0, 1, 1, 1, 1, 0, 1, 1, 1, 1, 1, 1, 0, 1, 1, 0, 0, 1, 1, 1, 1, 1, 0, 1, 1, 1, 1, 0, 0, 0, 0, 1, 0, 1, 0, 1, 0, 0, 0, 1, 1, 0, 0, 1, 1, 1, 1, 0, 0, 0, 1, 0, 1, 0, 1, 1, 0, 0, 0, 1, 1, 1, 1, 0, 1, 0, 1, 0, 1, 0, 1, 1, 0, 0, 1]
[zoopt] value: 1.6762777550019121
Trial 3 with random state 4200
[zoopt] expected remaining running time: 00:01:21
[zoopt] x: [0, 0, 1, 0, 0, 0, 1, 0, 0, 1, 1, 1, 0, 1, 0, 0, 1, 1, 0, 1, 1, 0, 1, 1, 1, 0, 0, 0, 1, 1, 0, 1, 1, 1, 1, 1, 1, 1, 1, 0, 1, 1, 1, 0, 0, 1, 0, 0, 0, 0, 0, 1, 1, 1, 0, 1, 0, 0, 1, 0, 0, 1, 0, 0, 1, 0, 1, 1, 1, 0, 1, 1, 0, 1, 1, 0, 0, 0, 1, 1, 0, 1, 1, 1, 1, 0, 0, 1, 0, 0, 0, 1, 1, 1, 1, 1, 1, 0, 1, 1, 0, 0, 0, 1, 1, 0, 0, 1, 0, 1, 1, 0, 0, 0, 1, 1, 1, 1, 1, 1, 1, 1, 1, 0, 0, 0, 1, 0, 0, 1, 1, 0, 1, 1, 1, 0, 0, 1, 0, 1, 0, 1, 0, 0, 0, 1, 1, 0, 1, 1, 1, 1, 1, 1, 1, 1, 1, 1, 1, 1, 1, 1, 0, 0, 0, 1, 0, 1, 0, 0, 0]
[zoopt] value: 1.3191305107925149
Trial 4 with random state 424242
[zoopt] expected remaining running time: 00:01:22
[zoopt] x: [0, 0, 0, 0, 0, 0, 0, 1, 0, 1, 1, 0, 1, 0, 0, 0, 0, 0, 0, 1, 0, 1, 0, 0, 1, 1, 1, 1, 1, 0, 0, 1, 1, 0, 1, 1, 1, 0, 1, 1, 1, 0, 0, 1, 0, 0, 1, 0, 0, 0, 0, 1, 0, 0, 1, 1, 0, 1, 1, 1, 0, 1, 0, 0, 1, 1, 0, 1, 1, 1, 0, 1, 1, 1, 1, 0, 0, 1, 1, 1, 0, 1, 1, 1, 1, 0, 1, 0, 0, 1, 1, 0, 0, 1, 0, 1, 0, 0, 1, 1, 1, 1, 0, 0, 0, 1, 1, 1, 0, 1, 1, 1, 1, 1, 0, 1, 1, 1, 0, 1, 1, 1, 0, 1, 1, 1, 0, 0, 1, 1, 0, 0, 0, 0, 0, 1, 1, 0, 0, 1, 1, 0, 1, 0, 0, 0, 0, 1, 1, 0, 0, 0, 0, 1, 0, 0, 0, 1, 1, 0, 1, 0, 0, 1, 1, 0, 0, 0, 0, 1, 1]
[zoopt] value: 1.6892722833380356
Trial 5 with random state 1947
[zoopt] expected remaining running time: 00:01:22
[zoopt] x: [1, 0, 0, 0, 0, 0, 1, 1, 0, 0, 1, 1, 1, 1, 0, 0, 0, 1, 0, 0, 1, 1, 0, 0, 1, 1, 0, 0, 1, 1, 0, 1, 1, 1, 0, 1, 1, 1, 0, 1, 0, 1, 1, 1, 1, 0, 0, 1, 0, 0, 1, 1, 1, 0, 0, 1, 1, 0, 1, 0, 0, 0, 1, 0, 0, 0, 0, 0, 0, 1, 0, 1, 0, 0, 0, 1, 0, 0, 1, 0, 0, 0, 0, 0, 0, 1, 1, 1, 0, 0, 0, 1, 1, 1, 1, 0, 0, 0, 0, 1, 1, 0, 1, 0, 0, 1, 0, 0, 0, 1, 0, 1, 0, 1, 0, 0, 1, 0, 0, 0, 1, 0, 0, 0, 0, 1, 0, 1, 0, 1, 0, 1, 1, 0, 1, 1, 0, 1, 1, 1, 1, 1, 1, 0, 0, 1, 0, 0, 0, 0, 0, 1, 0, 0, 0, 0, 0, 1, 1, 0, 1, 1, 0, 0, 0, 1, 1, 1, 1, 0, 0]
[zoopt] value: 1.0370811687531858
Trial 6 with random state 355
[zoopt] expected remaining running time: 00:01:16
[zoopt] x: [0, 1, 0, 1, 0, 1, 1, 1, 1, 1, 1, 0, 0, 0, 1, 0, 1, 1, 0, 1, 1, 0, 1, 1, 0, 0, 1, 0, 0, 0, 0, 1, 1, 0, 1, 1, 0, 0, 1, 0, 1, 1, 1, 0, 0, 1, 0, 1, 0, 1, 0, 1, 0, 0, 0, 1, 1, 0, 0, 1, 0, 1, 1, 0, 1, 1, 1, 1, 1, 1, 1, 0, 1, 0, 1, 0, 0, 1, 0, 0, 0, 1, 0, 1, 1, 1, 1, 1, 1, 0, 1, 0, 0, 1, 0, 1, 0, 1, 0, 0, 1, 0, 1, 1, 0, 1, 1, 0, 1, 1, 0, 1, 0, 1, 0, 0, 1, 1, 1, 1, 1, 0, 0, 1, 1, 1, 1, 1, 0, 0, 1, 0, 1, 0, 1, 1, 1, 0, 0, 1, 1, 0, 0, 1, 0, 1, 0, 0, 1, 1, 0, 1, 1, 0, 0, 1, 0, 0, 1, 0, 0, 1, 1, 1, 0, 0, 1, 0, 0, 0, 0]
[zoopt] value: 1.0151628098456984
Trial 7 with random state 256
[zoopt] expected remaining running time: 00:01:28
[zoopt] x: [1, 1, 1, 1, 0, 0, 0, 0, 1, 1, 1, 0, 0, 0, 0, 0, 0, 0, 1, 1, 1, 1, 1, 0, 0, 0, 1, 0, 1, 1, 0, 1, 0, 0, 1, 0, 0, 1, 0, 0, 0, 0, 0, 1, 1, 0, 1, 0, 0, 1, 0, 1, 0, 1, 0, 1, 1, 0, 0, 0, 1, 1, 1, 0, 1, 1, 0, 1, 1, 1, 1, 1, 1, 0, 1, 1, 1, 1, 1, 0, 1, 0, 0, 1, 0, 1, 0, 1, 0, 1, 1, 1, 0, 0, 0, 1, 1, 1, 1, 1, 0, 1, 1, 0, 1, 1, 1, 1, 0, 1, 1, 1, 0, 1, 0, 0, 1, 0, 0, 1, 1, 0, 1, 1, 1, 0, 0, 1, 0, 0, 1, 0, 1, 1, 0, 0, 0, 1, 0, 1, 0, 1, 1, 0, 0, 1, 1, 0, 0, 1, 0, 0, 0, 0, 1, 1, 0, 0, 0, 1, 1, 1, 0, 0, 0, 1, 0, 1, 0, 0, 1]
[zoopt] value: 1.3007678143627581
Trial 8 with random state 7500
[zoopt] expected remaining running time: 00:01:19
[zoopt] x: [1, 1, 1, 1, 0, 1, 0, 0, 1, 1, 0, 1, 0, 0, 0, 1, 0, 0, 1, 0, 1, 0, 1, 1, 1, 1, 1, 1, 1, 1, 0, 1, 1, 0, 1, 0, 0, 1, 1, 1, 1, 0, 1, 0, 0, 1, 1, 1, 0, 0, 1, 1, 1, 1, 1, 0, 1, 1, 0, 0, 1, 0, 1, 1, 0, 0, 1, 0, 0, 1, 0, 0, 1, 1, 0, 1, 0, 1, 1, 1, 0, 1, 1, 0, 1, 0, 1, 1, 0, 0, 1, 0, 0, 0, 1, 1, 1, 0, 0, 1, 0, 1, 1, 1, 1, 0, 0, 1, 0, 0, 0, 1, 0, 1, 0, 1, 1, 1, 1, 0, 1, 1, 0, 1, 0, 1, 0, 1, 0, 0, 1, 0, 0, 1, 0, 1, 0, 0, 0, 0, 1, 1, 1, 0, 1, 1, 0, 1, 0, 1, 0, 1, 1, 0, 1, 1, 0, 1, 0, 1, 0, 1, 0, 0, 1, 0, 0, 0, 1, 0, 0]
[zoopt] value: 1.3703638260467321
Trial 9 with random state 99999
[zoopt] expected remaining running time: 00:01:24
[zoopt] x: [0, 1, 0, 0, 0, 0, 1, 0, 0, 0, 1, 1, 0, 0, 0, 0, 1, 1, 1, 1, 1, 1, 1, 1, 0, 0, 0, 0, 1, 0, 1, 1, 0, 1, 0, 0, 1, 0, 1, 0, 0, 1, 1, 0, 1, 0, 1, 1, 0, 1, 0, 0, 1, 0, 0, 0, 1, 1, 1, 1, 0, 1, 1, 1, 1, 1, 1, 0, 0, 0, 0, 0, 1, 1, 1, 1, 1, 0, 0, 0, 0, 1, 0, 0, 1, 0, 1, 1, 0, 1, 0, 0, 0, 0, 1, 1, 1, 1, 1, 0, 1, 1, 0, 1, 0, 0, 1, 1, 1, 1, 1, 0, 0, 0, 1, 1, 0, 1, 1, 0, 0, 1, 1, 1, 0, 0, 1, 0, 1, 1, 1, 1, 1, 1, 0, 0, 0, 0, 0, 0, 0, 0, 0, 1, 1, 0, 1, 0, 0, 0, 0, 1, 1, 0, 0, 0, 1, 0, 1, 1, 0, 1, 1, 0, 1, 1, 0, 1, 0, 0, 0]
[zoopt] value: 1.3314360516965627
Trial 10 with random state 18
[zoopt] expected remaining running time: 00:01:19
[zoopt] x: [1, 0, 0, 0, 0, 0, 1, 1, 0, 0, 1, 1, 1, 1, 1, 0, 0, 1, 1, 0, 0, 1, 0, 0, 1, 0, 0, 0, 1, 0, 0, 0, 0, 0, 0, 0, 1, 0, 0, 0, 0, 1, 0, 0, 1, 1, 1, 0, 0, 0, 0, 1, 1, 1, 1, 0, 1, 0, 1, 0, 1, 1, 1, 1, 0, 1, 1, 0, 1, 1, 0, 1, 0, 1, 0, 1, 1, 0, 1, 0, 1, 1, 0, 1, 1, 0, 0, 0, 1, 0, 1, 1, 1, 1, 0, 0, 1, 1, 0, 0, 0, 0, 1, 1, 1, 1, 1, 1, 1, 1, 0, 1, 0, 1, 1, 0, 0, 1, 0, 0, 0, 1, 1, 1, 1, 0, 0, 1, 1, 1, 1, 1, 0, 0, 0, 0, 1, 1, 0, 0, 0, 1, 0, 1, 0, 1, 0, 0, 1, 1, 0, 1, 0, 1, 0, 1, 0, 0, 1, 1, 0, 1, 1, 0, 1, 0, 0, 1, 0, 1, 0]
[zoopt] value: 0.5893159317637582

Pre-Attack Results for MNIST_USPS and KFC
=========================================
BALANCE: Mean = 0.557353089964844, Std = 0.32399715596585527
MIN_CLUSTER_RATIO: Mean = 0.602789909391187, Std = 0.3411860994375558
CLUSTER_DIST_L1: Mean = 0.01315608708254418, Std = 0.007763115555404142
CLUSTER_DIST_KL: Mean = 0.0025879553134200164, Std = 0.001229457444109782
SILHOUETTE_DIFF: Mean = 0.02623092134739518, Std = 0.023386886113599303
ENTROPY: Mean = 1.3545077340181668, Std = 0.37439425091789974
ENTROPY_GROUP_A: Mean = 0.2376752051226211, Std = 0.14284762792884007
ENTROPY_GROUP_B: Mean = 0.27524658567951515, Std = 0.16415593836941764
ACC: Mean = 0.14665413533834587, Std = 0.012312761844751826
NMI: Mean = 0.030275349564839755, Std = 0.017574522414104583
ARI: Mean = 1.9186827989871692e-05, Std = 0.0016220370895774763
SIL: Mean = 0.09911517666060284, Std = 0.057537753769658306

Post-Attack Results for MNIST_USPS and KFC
=========================================
BALANCE: Mean = 0.3495546140213863, Std = 0.298995189816485
MIN_CLUSTER_RATIO: Mean = 0.35797369159385084, Std = 0.3505410303842924
CLUSTER_DIST_L1: Mean = 0.017465346849154066, Std = 0.009894945505691598
CLUSTER_DIST_KL: Mean = 0.005107401133389854, Std = 0.0023614907387657404
SILHOUETTE_DIFF: Mean = 0.035551516760195224, Std = 0.029367911833178325
ENTROPY: Mean = 1.2020470158208947, Std = 0.3505540391296776
ENTROPY_GROUP_A: Mean = 0.20307741627712633, Std = 0.13403270350233168
ENTROPY_GROUP_B: Mean = 0.2552757418874108, Std = 0.17108609459452026
ACC: Mean = 0.1456390977443609, Std = 0.012313622694445232
NMI: Mean = 0.028233593196431744, Std = 0.019438758790531085
ARI: Mean = -0.00022774573313743998, Std = 0.0016826475344987805
SIL: Mean = 0.11140942927752688, Std = 0.05793304046363097

Random Attack Results for MNIST_USPS and KFC
=========================================
BALANCE: Mean = 0.6950266455744114, Std = 0.10226824947900538
MIN_CLUSTER_RATIO: Mean = 0.7447293697840893, Std = 0.2308794925771093
CLUSTER_DIST_L1: Mean = 0.013538850043477744, Std = 0.00820011807078971
CLUSTER_DIST_KL: Mean = 0.0029419072811030975, Std = 0.0018618968429654317
SILHOUETTE_DIFF: Mean = 0.024122580448699242, Std = 0.023397393743350422
ENTROPY: Mean = 1.3818723179039702, Std = 0.36921984443933004
ENTROPY_GROUP_A: Mean = 0.22110664259857934, Std = 0.14811524774418366
ENTROPY_GROUP_B: Mean = 0.25717642902909943, Std = 0.17030960900046813
ACC: Mean = 0.14563909774436093, Std = 0.012106430616659511
NMI: Mean = 0.027942840073146485, Std = 0.018981088040197724
ARI: Mean = -0.00018733514119213734, Std = 0.0016740300687463328
SIL: Mean = 0.10480394691251298, Std = 0.056155231815062955