(fact2024) C:\Users\iason\Dev\CFC\Fair-Clustering-Codebase>python attack_for_plots.py --dataset MNIST_USPS --cl_algo KFC
(3800, 256), (3800,), (3800,)
Clustering Algorithm: KFC
Dataset: MNIST_USPS
Number of Clusters: 10
Number of Data Points: 3800
Number of Sensitive Features: 2
Number of Features: 256
# of clusters -> 10
Trial 1 with random state 150 and percentage = 0
[zoopt] racos_common.py: WARNING -- sample space has been fully enumerated. Stop early
[zoopt] racos_common: WARNING -- sample space has been fully explored. Stop early 
[zoopt]  [break loop] because solution is None
[zoopt] x: []
[zoopt] value: 1.3029946600297886
Trial 2 with random state 1 and percentage = 0
[zoopt] racos_common.py: WARNING -- sample space has been fully enumerated. Stop early
[zoopt] racos_common: WARNING -- sample space has been fully explored. Stop early
[zoopt]  [break loop] because solution is None
[zoopt] x: []
[zoopt] value: 1.7135960208668846
Trial 3 with random state 4200 and percentage = 0
[zoopt] racos_common.py: WARNING -- sample space has been fully enumerated. Stop early
[zoopt] racos_common: WARNING -- sample space has been fully explored. Stop early
[zoopt]  [break loop] because solution is None
[zoopt] x: []
[zoopt] value: 1.2483556398420643
Trial 1 with random state 150 and percentage = 3400        
[zoopt] expected remaining running time: 00:00:31
[zoopt] x: [0, 0, 1, 1, 0, 0, 0, 1, 0, 1, 1, 0, 0, 0, 0, 1, 1, 0, 1, 0, 1, 1, 1, 1, 0, 0, 1, 1, 1, 1, 0, 1, 1, 1]     
[zoopt] value: 1.00985123299662
Trial 2 with random state 1 and percentage = 3400
[zoopt] expected remaining running time: 00:00:39
[zoopt] x: [0, 0, 0, 1, 1, 1, 0, 0, 1, 0, 0, 1, 1, 0, 0, 0, 0, 1, 1, 1, 0, 1, 1, 0, 1, 0, 1, 1, 1, 0, 0, 0, 1, 0]     
[zoopt] value: 1.7121142525484538
Trial 3 with random state 4200 and percentage = 3400
[zoopt] expected remaining running time: 00:00:40
[zoopt] x: [1, 0, 0, 1, 0, 0, 1, 1, 1, 0, 1, 1, 1, 1, 1, 0, 1, 0, 0, 0, 0, 1, 0, 1, 1, 1, 0, 0, 1, 1, 0, 0, 1, 1]     
[zoopt] value: 0.9576598535963234
Trial 1 with random state 150 and percentage = 8500
[zoopt] expected remaining running time: 00:00:41
[zoopt] x: [0, 1, 1, 0, 1, 0, 1, 0, 1, 1, 1, 1, 1, 0, 1, 1, 1, 0, 0, 0, 1, 0, 0, 1, 1, 1, 0, 1, 0, 0, 0, 0, 1, 0, 0, 1, 1, 1, 1, 0, 0, 0, 1, 0, 0, 1, 0, 0, 1, 0, 0, 0, 0, 1, 1, 1, 0, 0, 1, 0, 1, 0, 0, 1, 0, 0, 1, 1, 1, 1, 0, 1, 1, 0, 0, 1, 0, 1, 0, 1, 1, 1, 0, 0, 0]
[zoopt] value: 1.2908790235595573
Trial 2 with random state 1 and percentage = 8500
[zoopt] expected remaining running time: 00:00:44
[zoopt] x: [0, 0, 0, 0, 0, 1, 0, 1, 1, 0, 0, 1, 1, 0, 1, 0, 1, 1, 1, 0, 1, 1, 1, 1, 1, 0, 1, 1, 1, 1, 1, 0, 0, 0, 1, 1, 0, 0, 0, 0, 0, 1, 1, 1, 1, 0, 1, 1, 1, 1, 0, 1, 1, 0, 1, 1, 1, 1, 0, 0, 0, 0, 0, 1, 0, 1, 1, 1, 0, 1, 1, 0, 1, 0, 1, 1, 1, 0, 1, 1, 0, 1, 1, 1, 0]
[zoopt] value: 1.6997858133121608
Trial 3 with random state 4200 and percentage = 8500
[zoopt] expected remaining running time: 00:00:38
[zoopt] x: [0, 0, 1, 0, 0, 0, 1, 0, 0, 1, 1, 1, 0, 1, 0, 0, 1, 0, 0, 1, 1, 0, 1, 1, 1, 1, 0, 0, 1, 1, 0, 1, 1, 1, 1, 1, 1, 1, 1, 0, 1, 1, 1, 0, 0, 1, 0, 0, 0, 0, 0, 1, 1, 1, 0, 1, 0, 0, 1, 0, 0, 1, 0, 0, 1, 0, 0, 1, 1, 0, 1, 1, 1, 1, 1, 0, 0, 0, 1, 1, 0, 1, 1, 1, 0]
[zoopt] value: 0.9576598535963234
Trial 1 with random state 150 and percentage = 13100
[zoopt] expected remaining running time: 00:00:39
[zoopt] x: [1, 0, 0, 1, 0, 1, 0, 1, 0, 1, 1, 0, 1, 0, 1, 0, 1, 1, 1, 1, 1, 0, 1, 1, 0, 0, 0, 0, 0, 1, 1, 0, 1, 0, 0, 0, 0, 1, 1, 0, 0, 1, 0, 1, 0, 0, 1, 0, 1, 1, 1, 1, 1, 1, 0, 0, 1, 1, 0, 1, 0, 1, 1, 0, 0, 1, 1, 1, 0, 1, 1, 1, 0, 0, 1, 0, 0, 1, 0, 0, 1, 0, 1, 0, 0, 0, 1, 1, 0, 1, 1, 0, 1, 0, 0, 0, 0, 1, 0, 0, 1, 1, 0, 1, 0, 0, 1, 1, 0, 0, 0, 1, 0, 1, 0, 1, 1, 1, 1, 0, 0, 0, 0, 0, 1, 1, 0, 0, 0, 1, 1]
[zoopt] value: 1.3072526626426364
Trial 2 with random state 1 and percentage = 13100
[zoopt] expected remaining running time: 00:00:42
[zoopt] x: [1, 0, 1, 1, 0, 0, 0, 0, 1, 1, 1, 0, 1, 0, 0, 1, 1, 0, 0, 1, 1, 1, 1, 0, 0, 0, 1, 0, 1, 0, 1, 1, 0, 0, 1, 0, 1, 0, 0, 0, 0, 1, 1, 1, 0, 1, 1, 0, 0, 1, 1, 0, 0, 1, 0, 0, 1, 1, 0, 0, 1, 0, 1, 0, 0, 0, 1, 1, 1, 0, 1, 0, 1, 1, 1, 0, 1, 0, 1, 0, 1, 1, 0, 1, 0, 0, 0, 1, 1, 0, 1, 0, 0, 0, 0, 1, 1, 0, 1, 0, 0, 1, 0, 1, 1, 0, 1, 0, 0, 0, 0, 1, 0, 1, 1, 0, 0, 1, 1, 0, 1, 0, 1, 0, 1, 0, 0, 0, 0, 0, 0]
[zoopt] value: 1.69728124089097
Trial 3 with random state 4200 and percentage = 13100
[zoopt] expected remaining running time: 00:00:40
[zoopt] x: [1, 1, 0, 1, 0, 0, 1, 1, 0, 0, 0, 0, 1, 0, 1, 1, 1, 1, 0, 0, 0, 0, 0, 0, 1, 0, 0, 0, 0, 1, 1, 1, 1, 0, 1, 0, 0, 0, 1, 0, 1, 1, 1, 0, 1, 1, 0, 1, 1, 1, 0, 1, 0, 1, 0, 0, 0, 1, 1, 1, 0, 0, 0, 0, 1, 0, 1, 1, 0, 0, 0, 1, 0, 1, 1, 1, 1, 0, 1, 1, 1, 0, 1, 0, 1, 1, 0, 0, 0, 1, 0, 1, 1, 0, 0, 0, 1, 1, 0, 0, 1, 1, 1, 0, 0, 0, 0, 1, 0, 1, 1, 1, 0, 1, 0, 1, 1, 0, 0, 0, 1, 0, 1, 0, 1, 0, 1, 1, 0, 1, 0]
[zoopt] value: 0.9821931197947777
Trial 1 with random state 150 and percentage = 17100
[zoopt] expected remaining running time: 00:00:51
[zoopt] x: [0, 0, 1, 1, 1, 0, 0, 0, 1, 0, 0, 1, 1, 1, 1, 0, 1, 1, 0, 0, 1, 0, 0, 1, 1, 0, 1, 0, 0, 1, 0, 1, 0, 1, 1, 1, 0, 1, 0, 0, 1, 1, 1, 0, 0, 0, 1, 0, 1, 0, 0, 1, 0, 0, 1, 0, 1, 0, 0, 1, 1, 1, 0, 0, 0, 0, 1, 0, 0, 1, 0, 0, 0, 1, 1, 1, 0, 1, 1, 0, 0, 1, 1, 1, 0, 1, 1, 0, 1, 0, 0, 1, 0, 1, 1, 0, 1, 0, 1, 0, 0, 1, 0, 0, 1, 0, 1, 0, 1, 0, 1, 1, 1, 0, 0, 1, 0, 1, 0, 1, 1, 0, 0, 0, 0, 1, 1, 0, 1, 0, 0, 1, 0, 0, 1, 0, 1, 0, 1, 0, 1, 1, 0, 1, 0, 1, 0, 1, 1, 1, 1, 1, 0, 1, 1, 0, 0, 0, 0, 0, 1, 1, 0, 1, 0, 0, 0, 0, 1, 1, 0]       
[zoopt] value: 0.6916620066077874
Trial 2 with random state 1 and percentage = 17100
[zoopt] expected remaining running time: 00:00:42
[zoopt] x: [1, 0, 0, 1, 1, 1, 1, 0, 0, 1, 0, 0, 1, 0, 0, 0, 1, 1, 1, 1, 0, 1, 0, 0, 0, 0, 1, 0, 1, 0, 1, 1, 1, 1, 1, 1, 0, 1, 0, 1, 0, 0, 1, 1, 0, 1, 1, 1, 0, 1, 1, 0, 0, 0, 0, 1, 1, 0, 1, 1, 1, 0, 0, 0, 1, 0, 0, 1, 1, 0, 1, 0, 0, 1, 1, 0, 0, 1, 1, 0, 0, 0, 0, 0, 0, 0, 1, 0, 1, 1, 0, 1, 0, 0, 1, 0, 0, 1, 1, 1, 1, 0, 1, 1, 1, 1, 1, 1, 0, 1, 1, 0, 0, 1, 1, 1, 1, 1, 0, 1, 1, 1, 1, 0, 0, 0, 0, 1, 0, 1, 0, 1, 0, 0, 0, 1, 1, 0, 0, 1, 1, 1, 1, 0, 0, 0, 1, 0, 1, 0, 1, 1, 0, 0, 0, 1, 1, 1, 1, 0, 1, 0, 1, 0, 1, 0, 1, 1, 0, 0, 1]       
[zoopt] value: 1.6762777550019121
Trial 3 with random state 4200 and percentage = 17100
[zoopt] expected remaining running time: 00:00:38
[zoopt] x: [0, 0, 1, 0, 0, 0, 1, 0, 0, 1, 1, 1, 0, 1, 0, 0, 1, 1, 0, 1, 1, 0, 1, 1, 1, 0, 0, 0, 1, 1, 0, 1, 1, 1, 1, 1, 1, 1, 1, 0, 1, 1, 1, 0, 0, 1, 0, 0, 0, 0, 0, 1, 1, 1, 0, 1, 0, 0, 1, 0, 0, 1, 0, 0, 1, 0, 1, 1, 1, 0, 1, 1, 0, 1, 1, 0, 0, 0, 1, 1, 0, 1, 1, 1, 1, 0, 0, 1, 0, 0, 0, 1, 1, 1, 1, 1, 1, 0, 1, 1, 0, 0, 0, 1, 1, 0, 0, 1, 0, 1, 1, 0, 0, 0, 1, 1, 1, 1, 1, 1, 1, 1, 1, 0, 0, 0, 1, 0, 0, 1, 1, 0, 1, 1, 1, 0, 0, 1, 0, 1, 0, 1, 0, 0, 0, 1, 1, 0, 1, 1, 1, 1, 1, 1, 1, 1, 1, 1, 1, 1, 1, 1, 0, 0, 0, 1, 0, 1, 0, 0, 0]       
[zoopt] value: 1.3191305107925149
Trial 1 with random state 150 and percentage = 21600
[zoopt] expected remaining running time: 00:00:37
[zoopt] x: [0, 1, 1, 0, 1, 0, 1, 0, 1, 1, 1, 1, 1, 0, 0, 1, 1, 0, 0, 0, 1, 0, 0, 1, 1, 0, 0, 1, 0, 0, 0, 0, 1, 0, 0, 1, 1, 1, 1, 0, 0, 0, 1, 0, 0, 1, 0, 0, 0, 0, 0, 0, 0, 1, 1, 1, 0, 0, 1, 0, 1, 0, 0, 1, 0, 0, 1, 1, 1, 1, 0, 1, 1, 0, 0, 0, 0, 1, 0, 1, 1, 1, 0, 0, 0, 0, 1, 1, 1, 0, 1, 1, 1, 0, 1, 1, 1, 0, 0, 1, 0, 1, 0, 0, 0, 0, 1, 0, 1, 1, 0, 0, 1, 0, 0, 0, 0, 1, 0, 0, 1, 1, 1, 1, 1, 0, 0, 1, 1, 1, 1, 1, 0, 1, 0, 0, 0, 0, 0, 1, 1, 1, 1, 1, 0, 1, 0, 1, 1, 1, 0, 0, 1, 0, 0, 1, 1, 0, 1, 1, 1, 0, 1, 0, 1, 0, 0, 0, 0, 1, 1, 1, 0, 1, 1, 0, 0, 1, 1, 0, 0, 0, 1, 1, 1, 1, 0, 1, 1, 0, 0, 1, 1, 0, 0, 0, 0, 0, 1, 0, 1, 0, 1, 1, 1, 0, 0, 0, 0, 1, 0, 0, 0, 0, 0, 0]
[zoopt] value: 1.0098341948957774
Trial 2 with random state 1 and percentage = 21600
[zoopt] expected remaining running time: 00:00:45
[zoopt] x: [0, 1, 0, 0, 0, 0, 0, 1, 1, 1, 1, 0, 1, 1, 1, 1, 1, 1, 0, 1, 1, 0, 0, 1, 1, 1, 1, 1, 0, 1, 0, 1, 1, 0, 0, 0, 0, 1, 0, 1, 1, 1, 0, 1, 0, 1, 1, 0, 0, 1, 1, 1, 1, 0, 0, 0, 1, 0, 1, 0, 1, 1, 0, 0, 0, 1, 1, 1, 1, 0, 1, 0, 1, 0, 1, 0, 1, 1, 0, 0, 1, 0, 1, 0, 0, 0, 0, 0, 0, 0, 1, 0, 1, 0, 0, 1, 1, 1, 1, 0, 1, 0, 0, 0, 1, 0, 1, 0, 0, 0, 0, 1, 1, 0, 1, 1, 0, 0, 0, 0, 1, 1, 1, 0, 1, 0, 1, 1, 0, 1, 0, 0, 1, 0, 0, 0, 1, 0, 1, 0, 1, 1, 1, 0, 1, 1, 0, 0, 0, 0, 0, 0, 0, 0, 1, 0, 0, 0, 1, 0, 1, 0, 0, 0, 0, 0, 1, 1, 1, 1, 1, 1, 0, 0, 1, 0, 1, 1, 0, 0, 1, 1, 1, 0, 1, 1, 0, 0, 0, 0, 1, 1, 0, 1, 0, 1, 1, 1, 1, 0, 1, 1, 1, 0, 0, 1, 1, 1, 1, 1, 0, 0, 1, 1, 0, 0]
[zoopt] value: 1.6871067620218048
Trial 3 with random state 4200 and percentage = 21600
[zoopt] expected remaining running time: 00:00:41
[zoopt] x: [1, 1, 0, 1, 0, 0, 1, 1, 0, 0, 0, 0, 1, 0, 1, 1, 1, 1, 1, 0, 0, 0, 0, 0, 1, 0, 0, 0, 0, 1, 1, 1, 1, 0, 1, 1, 0, 0, 1, 0, 1, 1, 1, 0, 1, 1, 0, 1, 1, 1, 0, 1, 0, 1, 0, 0, 0, 1, 1, 1, 0, 0, 0, 0, 0, 0, 1, 1, 0, 0, 0, 1, 0, 1, 1, 1, 1, 0, 1, 1, 1, 0, 1, 0, 1, 1, 0, 0, 1, 1, 0, 1, 1, 0, 0, 0, 1, 1, 0, 0, 1, 1, 1, 0, 0, 0, 0, 1, 0, 1, 1, 0, 0, 1, 0, 1, 1, 0, 0, 0, 0, 0, 1, 0, 1, 0, 1, 1, 0, 1, 0, 0, 0, 0, 1, 1, 0, 1, 1, 1, 0, 0, 1, 0, 0, 0, 0, 0, 1, 1, 0, 0, 1, 1, 1, 0, 1, 1, 0, 1, 0, 1, 1, 0, 0, 0, 0, 0, 1, 1, 0, 1, 1, 0, 0, 1, 0, 1, 0, 1, 0, 1, 0, 1, 0, 0, 1, 1, 0, 1, 0, 0, 0, 0, 1, 0, 0, 1, 0, 1, 1, 0, 1, 0, 0, 1, 0, 1, 1, 0, 1, 1, 0, 0, 1, 1]
[zoopt] value: 0.9656254367416865
Trial 1 with random state 150 and percentage = 25600
[zoopt] expected remaining running time: 00:00:38
[zoopt] x: [0, 0, 0, 1, 0, 1, 0, 0, 0, 1, 1, 0, 0, 1, 0, 1, 1, 1, 0, 0, 0, 0, 0, 1, 1, 1, 0, 1, 0, 0, 1, 0, 0, 0, 0, 0, 0, 1, 1, 1, 1, 0, 0, 0, 1, 1, 1, 1, 0, 0, 1, 1, 0, 0, 1, 0, 1, 0, 1, 0, 0, 1, 1, 1, 1, 1, 1, 1, 0, 0, 1, 1, 1, 0, 0, 0, 1, 1, 0, 0, 0, 1, 1, 1, 1, 1, 1, 1, 0, 0, 0, 0, 1, 0, 1, 0, 1, 1, 1, 0, 1, 0, 0, 1, 0, 0, 1, 1, 1, 0, 0, 0, 1, 0, 0, 0, 1, 1, 1, 0, 0, 0, 1, 1, 1, 0, 1, 0, 1, 1, 1, 0, 0, 1, 0, 0, 0, 0, 1, 0, 0, 1, 0, 1, 0, 1, 1, 0, 1, 0, 1, 1, 0, 1, 1, 0, 1, 1, 0, 1, 0, 1, 0, 1, 1, 0, 0, 1, 0, 1, 0, 1, 1, 1, 0, 0, 0, 1, 1, 1, 1, 1, 0, 1, 1, 1, 1, 1, 1, 0, 1, 1, 0, 0, 0, 1, 0, 0, 0, 1, 0, 1, 1, 0, 1, 0, 0, 0, 0, 1, 1, 0, 1, 0, 0, 0, 1, 0, 0, 1, 0, 0, 0, 0, 1, 0, 0, 0, 1, 1, 1, 0, 0, 1, 0, 1, 0, 0, 0, 0, 0, 0, 0, 0, 1, 1, 0, 1, 0, 1, 0, 0, 0, 1, 0, 1]
[zoopt] value: 0.6920845072166653
Trial 2 with random state 1 and percentage = 25600
[zoopt] expected remaining running time: 00:00:41
[zoopt] x: [1, 0, 1, 1, 0, 0, 0, 0, 1, 1, 0, 0, 1, 0, 0, 0, 1, 1, 0, 1, 1, 0, 0, 0, 0, 0, 1, 0, 1, 0, 1, 1, 0, 0, 1, 0, 1, 1, 0, 0, 1, 1, 1, 0, 0, 1, 1, 0, 0, 1, 1, 0, 0, 1, 0, 0, 1, 1, 0, 0, 1, 0, 0, 0, 0, 0, 1, 1, 1, 0, 1, 0, 1, 1, 1, 0, 1, 0, 1, 0, 1, 1, 0, 1, 0, 0, 0, 1, 1, 0, 1, 0, 0, 0, 0, 1, 1, 0, 1, 0, 0, 1, 0, 1, 1, 0, 1, 0, 0, 1, 0, 1, 1, 1, 1, 0, 0, 1, 1, 0, 1, 0, 1, 0, 0, 0, 0, 0, 0, 0, 0, 0, 0, 1, 0, 0, 0, 0, 1, 0, 0, 1, 1, 0, 0, 0, 0, 1, 0, 1, 1, 1, 1, 0, 0, 0, 0, 0, 1, 1, 1, 1, 1, 1, 0, 1, 0, 0, 0, 0, 0, 1, 1, 1, 0, 1, 0, 0, 0, 0, 0, 0, 1, 1, 1, 1, 1, 1, 1, 1, 1, 1, 1, 0, 0, 0, 0, 0, 1, 0, 1, 1, 1, 1, 0, 0, 1, 0, 1, 1, 0, 0, 1, 0, 1, 0, 1, 0, 1, 0, 1, 0, 0, 1, 0, 1, 0, 1, 1, 1, 1, 0, 0, 1, 0, 1, 0, 1, 0, 1, 1, 0, 0, 0, 0, 0, 1, 0, 0, 0, 1, 1, 1, 1, 1, 0]
[zoopt] value: 1.6979882161177549
Trial 3 with random state 4200 and percentage = 25600
[zoopt] expected remaining running time: 00:00:42
[zoopt] x: [0, 0, 1, 0, 0, 0, 1, 0, 0, 1, 1, 1, 0, 1, 0, 0, 1, 0, 0, 1, 1, 0, 1, 1, 1, 0, 0, 0, 1, 1, 0, 1, 1, 1, 1, 1, 1, 1, 1, 0, 1, 1, 1, 0, 0, 1, 0, 0, 0, 0, 0, 1, 1, 1, 0, 1, 0, 0, 1, 0, 0, 1, 0, 0, 1, 0, 1, 1, 1, 0, 1, 1, 0, 1, 1, 0, 0, 0, 1, 1, 0, 1, 1, 1, 1, 0, 0, 1, 0, 0, 0, 1, 1, 1, 1, 1, 1, 0, 1, 1, 0, 0, 0, 1, 1, 0, 0, 1, 0, 0, 1, 0, 0, 0, 1, 1, 1, 1, 1, 1, 0, 1, 1, 0, 0, 0, 1, 0, 1, 1, 1, 0, 1, 1, 1, 0, 0, 0, 0, 1, 0, 1, 0, 0, 0, 1, 1, 0, 1, 1, 1, 1, 1, 1, 1, 1, 1, 1, 1, 1, 1, 1, 0, 0, 0, 1, 0, 1, 0, 0, 0, 0, 1, 1, 1, 1, 0, 0, 0, 1, 0, 0, 0, 0, 0, 1, 0, 1, 0, 0, 1, 0, 0, 1, 1, 1, 1, 0, 0, 1, 0, 0, 1, 0, 0, 1, 0, 1, 0, 1, 0, 0, 1, 0, 0, 1, 0, 0, 0, 0, 0, 0, 1, 0, 0, 0, 1, 1, 1, 0, 1, 1, 0, 1, 0, 0, 0, 0, 0, 0, 0, 1, 0, 1, 0, 0, 1, 1, 1, 0, 0, 0, 0, 0, 1, 0]
[zoopt] value: 0.9633958185376588
Trial 1 with random state 150 and percentage = 30700
[zoopt] expected remaining running time: 00:00:38
[zoopt] x: [0, 0, 0, 1, 0, 1, 0, 0, 0, 1, 1, 0, 1, 1, 0, 1, 1, 1, 0, 0, 0, 0, 0, 1, 1, 1, 0, 1, 0, 0, 1, 1, 0, 0, 0, 0, 0, 1, 1, 1, 1, 0, 0, 0, 1, 1, 1, 1, 0, 0, 1, 1, 0, 1, 1, 0, 0, 0, 1, 0, 1, 0, 1, 1, 1, 0, 1, 1, 0, 0, 1, 1, 1, 1, 0, 0, 1, 1, 1, 1, 0, 0, 1, 0, 1, 1, 1, 1, 1, 0, 0, 0, 1, 0, 1, 0, 1, 1, 1, 1, 1, 0, 0, 1, 0, 1, 0, 1, 1, 0, 0, 0, 1, 0, 0, 0, 1, 1, 1, 0, 0, 0, 1, 1, 1, 0, 1, 0, 0, 1, 1, 0, 0, 1, 0, 0, 0, 1, 1, 0, 0, 1, 0, 1, 0, 1, 1, 0, 1, 0, 1, 1, 0, 1, 1, 0, 1, 1, 0, 1, 0, 1, 0, 0, 1, 0, 0, 1, 0, 1, 0, 1, 1, 1, 0, 1, 0, 1, 1, 1, 1, 1, 0, 0, 1, 1, 1, 1, 1, 0, 1, 1, 0, 0, 0, 1, 0, 0, 0, 1, 0, 1, 1, 0, 1, 0, 0, 0, 0, 1, 1, 0, 1, 0, 0, 1, 1, 0, 0, 1, 0, 0, 0, 0, 1, 0, 0, 0, 1, 1, 1, 0, 0, 1, 0, 1, 0, 0, 0, 1, 0, 0, 0, 0, 1, 1, 0, 1, 0, 1, 0, 0, 0, 1, 0, 1, 1, 0, 1, 0, 0, 0, 0, 0, 1, 1, 0, 0, 1, 1, 1, 0, 0, 0, 1, 0, 1, 0, 0, 0, 1, 0, 1, 0, 1, 0, 1, 1, 0, 0, 0, 1, 1, 0, 0, 0, 0, 0, 1, 0, 1, 1, 1, 0, 1, 1, 1]
[zoopt] value: 0.6917814496582981
Trial 2 with random state 1 and percentage = 30700
[zoopt] expected remaining running time: 00:00:42
[zoopt] x: [1, 0, 1, 1, 0, 0, 0, 0, 1, 1, 0, 0, 1, 0, 0, 0, 1, 1, 0, 1, 1, 0, 0, 0, 0, 0, 1, 0, 1, 0, 1, 1, 0, 0, 1, 0, 1, 1, 0, 0, 0, 1, 1, 1, 0, 1, 1, 0, 0, 1, 1, 0, 0, 1, 0, 0, 1, 1, 0, 0, 1, 0, 0, 0, 0, 0, 1, 1, 1, 0, 1, 0, 1, 1, 1, 0, 1, 0, 1, 0, 1, 1, 0, 0, 0, 0, 0, 1, 1, 0, 1, 0, 0, 0, 0, 1, 1, 0, 1, 0, 0, 1, 0, 1, 1, 0, 1, 1, 0, 1, 0, 1, 0, 1, 1, 0, 0, 1, 1, 0, 1, 0, 1, 0, 0, 0, 0, 0, 0, 0, 0, 0, 0, 1, 0, 0, 0, 0, 1, 0, 0, 1, 1, 0, 0, 0, 0, 1, 0, 1, 1, 1, 1, 0, 0, 0, 0, 0, 1, 1, 1, 1, 1, 1, 0, 1, 0, 0, 0, 0, 0, 1, 1, 1, 1, 0, 0, 0, 0, 0, 0, 0, 1, 1, 1, 1, 1, 1, 1, 1, 1, 1, 1, 0, 0, 0, 0, 0, 1, 0, 1, 1, 1, 1, 0, 0, 1, 0, 1, 1, 0, 0, 1, 0, 1, 0, 1, 0, 1, 0, 1, 0, 0, 1, 0, 1, 0, 1, 1, 1, 1, 0, 0, 1, 0, 1, 0, 1, 0, 1, 1, 0, 0, 0, 0, 0, 1, 0, 0, 0, 1, 1, 1, 1, 1, 0, 0, 0, 1, 1, 1, 1, 0, 0, 1, 1, 0, 0, 1, 0, 1, 0, 0, 1, 1, 1, 0, 1, 0, 0, 1, 1, 0, 0, 0, 0, 0, 0, 0, 1, 1, 0, 0, 0, 0, 0, 1, 1, 0, 1, 1, 0, 1, 0, 1, 1, 0]
[zoopt] value: 1.684548314201875
Trial 3 with random state 4200 and percentage = 30700
[zoopt] expected remaining running time: 00:00:38
[zoopt] x: [0, 0, 1, 0, 0, 0, 1, 0, 0, 1, 1, 1, 0, 1, 0, 0, 1, 0, 0, 1, 1, 0, 1, 1, 1, 0, 0, 0, 1, 1, 0, 1, 1, 1, 1, 1, 1, 1, 1, 0, 1, 1, 1, 0, 0, 1, 0, 0, 0, 0, 0, 1, 1, 1, 1, 1, 0, 0, 1, 0, 0, 1, 0, 0, 1, 0, 0, 1, 1, 0, 1, 1, 0, 1, 1, 0, 0, 0, 1, 1, 1, 1, 1, 1, 1, 0, 0, 1, 0, 1, 0, 1, 1, 1, 1, 1, 1, 0, 1, 1, 0, 0, 0, 1, 1, 0, 0, 1, 0, 1, 1, 0, 0, 0, 1, 1, 1, 1, 1, 1, 1, 1, 1, 0, 0, 0, 1, 0, 1, 1, 1, 0, 1, 1, 1, 1, 0, 1, 0, 1, 0, 1, 0, 0, 0, 1, 1, 0, 1, 1, 1, 0, 1, 1, 1, 1, 0, 1, 1, 1, 1, 1, 0, 0, 0, 1, 0, 1, 0, 0, 0, 0, 1, 1, 1, 1, 0, 0, 0, 1, 0, 0, 0, 0, 0, 1, 0, 1, 0, 0, 1, 1, 0, 1, 1, 1, 1, 0, 0, 1, 0, 0, 1, 0, 0, 0, 0, 1, 0, 1, 0, 0, 1, 1, 0, 1, 0, 0, 0, 0, 0, 0, 1, 0, 0, 0, 1, 1, 1, 0, 1, 1, 0, 1, 0, 0, 0, 0, 0, 0, 0, 1, 0, 1, 0, 0, 1, 1, 1, 0, 0, 0, 0, 0, 1, 0, 1, 0, 1, 0, 1, 0, 0, 0, 0, 0, 0, 0, 0, 1, 1, 1, 1, 1, 0, 1, 1, 1, 0, 1, 1, 0, 1, 0, 0, 0, 1, 0, 0, 0, 0, 0, 0, 0, 0, 1, 0, 1, 0, 1, 0, 0, 1, 0, 0, 1, 0]
[zoopt] value: 0.9734945689915478
Trial 1 with random state 150 and percentage = 34200
[zoopt] expected remaining running time: 00:00:39
[zoopt] x: [0, 0, 0, 1, 1, 1, 0, 0, 0, 1, 1, 0, 0, 1, 0, 1, 1, 1, 0, 0, 0, 0, 0, 1, 1, 1, 0, 1, 0, 0, 1, 1, 0, 0, 1, 0, 0, 1, 1, 1, 1, 0, 0, 0, 1, 1, 1, 1, 1, 0, 1, 1, 0, 0, 1, 0, 1, 0, 1, 0, 1, 1, 1, 1, 1, 1, 1, 1, 0, 0, 1, 0, 1, 0, 0, 0, 1, 1, 1, 1, 1, 0, 1, 1, 1, 1, 1, 1, 0, 0, 0, 0, 1, 0, 1, 1, 1, 1, 1, 0, 1, 0, 0, 1, 0, 0, 1, 1, 1, 0, 1, 0, 1, 0, 0, 0, 1, 1, 1, 0, 0, 0, 1, 1, 0, 0, 1, 0, 1, 1, 1, 0, 0, 1, 0, 0, 0, 1, 1, 0, 0, 1, 0, 1, 0, 1, 1, 0, 1, 0, 1, 1, 0, 1, 1, 0, 1, 1, 0, 1, 1, 1, 0, 1, 1, 0, 0, 1, 0, 1, 0, 1, 1, 1, 0, 0, 0, 1, 0, 1, 1, 1, 0, 0, 1, 1, 1, 1, 1, 0, 1, 1, 0, 0, 0, 1, 0, 0, 0, 1, 0, 1, 1, 0, 1, 0, 0, 0, 0, 1, 1, 0, 1, 0, 0, 1, 1, 0, 0, 1, 0, 0, 0, 0, 1, 0, 0, 0, 1, 1, 1, 0, 0, 1, 0, 1, 0, 0, 0, 1, 0, 0, 0, 0, 1, 1, 0, 1, 0, 1, 0, 0, 0, 1, 0, 1, 0, 0, 1, 0, 0, 0, 1, 0, 1, 1, 0, 0, 1, 1, 1, 0, 1, 0, 1, 0, 1, 0, 0, 1, 1, 0, 1, 0, 0, 0, 1, 1, 1, 0, 0, 1, 1, 0, 0, 0, 0, 0, 1, 0, 1, 1, 1, 0, 1, 1, 1, 1, 0, 1, 1, 0, 1, 0, 0, 0, 1, 0, 1, 0, 0, 1, 0, 1, 0, 0, 1, 1, 0, 0, 1, 1, 1, 0, 0, 1, 0, 0, 0, 0, 0, 0]
[zoopt] value: 0.9877768090261654
Trial 2 with random state 1 and percentage = 34200
[zoopt] expected remaining running time: 00:00:42
[zoopt] x: [1, 1, 0, 0, 0, 0, 0, 1, 1, 0, 0, 0, 1, 1, 0, 1, 1, 1, 0, 0, 1, 0, 0, 1, 0, 1, 1, 1, 0, 0, 1, 1, 0, 1, 1, 1, 0, 1, 1, 0, 1, 1, 1, 0, 1, 0, 1, 0, 0, 0, 0, 0, 1, 1, 0, 1, 0, 1, 1, 0, 1, 0, 1, 1, 1, 1, 1, 1, 0, 1, 0, 0, 0, 0, 1, 0, 0, 1, 1, 1, 1, 0, 1, 0, 0, 1, 0, 1, 0, 1, 0, 1, 0, 1, 0, 1, 0, 0, 0, 0, 0, 1, 0, 0, 0, 1, 0, 1, 1, 1, 1, 0, 0, 1, 0, 0, 1, 0, 0, 0, 1, 0, 0, 0, 0, 0, 0, 0, 1, 0, 0, 1, 1, 0, 1, 1, 1, 0, 1, 0, 1, 1, 1, 1, 0, 1, 1, 0, 1, 1, 0, 1, 0, 1, 1, 0, 1, 1, 1, 1, 0, 1, 0, 0, 0, 1, 0, 0, 0, 1, 0, 1, 0, 0, 0, 1, 0, 0, 0, 1, 0, 1, 0, 0, 0, 1, 0, 1, 0, 0, 0, 0, 0, 0, 0, 0, 1, 0, 1, 1, 0, 1, 0, 0, 1, 1, 0, 0, 0, 1, 0, 0, 1, 1, 1, 1, 1, 0, 1, 1, 1, 0, 1, 0, 1, 0, 0, 1, 1, 0, 1, 0, 0, 1, 0, 1, 1, 0, 1, 0, 0, 0, 0, 1, 0, 1, 0, 1, 1, 1, 1, 1, 1, 0, 1, 1, 0, 0, 1, 0, 0, 1, 1, 0, 0, 0, 1, 0, 0, 0, 0, 1, 1, 0, 0, 0, 0, 0, 0, 0, 1, 0, 1, 0, 1, 0, 0, 0, 1, 1, 1, 1, 0, 0, 0, 1, 1, 1, 0, 0, 0, 0, 1, 1, 0, 0, 1, 0, 1, 1, 1, 0, 0, 0, 0, 1, 0, 1, 0, 1, 1, 1, 0, 0, 1, 0, 1, 1, 0, 0, 0, 1, 0, 1, 1, 0, 0, 1, 1, 0, 0, 1]
[zoopt] value: 1.6931180056408615
Trial 3 with random state 4200 and percentage = 34200
[zoopt] expected remaining running time: 00:00:34
[zoopt] x: [0, 0, 1, 0, 1, 1, 0, 1, 0, 0, 0, 1, 1, 0, 1, 0, 1, 1, 1, 1, 0, 1, 1, 0, 1, 0, 1, 1, 0, 1, 1, 0, 0, 0, 0, 0, 0, 0, 1, 1, 1, 1, 0, 0, 0, 0, 1, 0, 0, 0, 0, 0, 0, 0, 0, 0, 1, 0, 1, 0, 0, 1, 1, 1, 1, 1, 1, 1, 1, 1, 1, 0, 1, 1, 0, 1, 0, 0, 1, 0, 0, 1, 0, 0, 1, 0, 0, 0, 0, 0, 0, 0, 1, 0, 1, 1, 1, 1, 1, 0, 1, 0, 1, 0, 1, 0, 1, 1, 0, 0, 0, 1, 0, 0, 0, 1, 1, 0, 1, 0, 0, 1, 0, 1, 1, 1, 1, 1, 1, 1, 1, 1, 0, 0, 1, 1, 0, 0, 1, 0, 0, 0, 1, 1, 1, 0, 1, 0, 1, 1, 0, 0, 0, 1, 1, 0, 1, 0, 0, 1, 1, 1, 1, 1, 0, 1, 1, 1, 1, 0, 1, 0, 1, 1, 1, 0, 0, 1, 1, 1, 0, 0, 0, 1, 0, 1, 0, 1, 0, 0, 0, 1, 0, 1, 0, 1, 1, 1, 0, 1, 0, 1, 0, 0, 1, 0, 1, 1, 0, 1, 1, 1, 0, 1, 0, 0, 0, 1, 1, 1, 1, 0, 0, 0, 1, 1, 0, 1, 1, 0, 1, 0, 1, 1, 0, 0, 1, 0, 0, 1, 1, 1, 1, 1, 0, 0, 1, 1, 0, 0, 0, 1, 1, 1, 0, 1, 1, 1, 1, 1, 0, 0, 0, 0, 0, 0, 0, 0, 0, 1, 0, 0, 0, 0, 1, 1, 1, 0, 1, 0, 0, 0, 0, 0, 1, 1, 1, 0, 1, 0, 0, 0, 0, 1, 0, 1, 1, 0, 0, 0, 1, 1, 1, 1, 1, 0, 1, 0, 1, 1, 1, 1, 1, 0, 0, 1, 0, 0, 1, 0, 0, 0, 1, 1, 0, 0, 0, 1, 0, 1, 1, 1, 0, 1, 0, 0, 1, 0, 0, 0, 0, 1]
[zoopt] value: 0.9633958185376588
--- Pre-Attack Results ---
Result for key 0:
  BALANCE: [0.47175667287399126, 0.8044881973113158, 0.35381750465549344]
  ENTROPY: [1.3029946600297886, 1.7135960208668846, 1.2483556398420643]
  ACC: [0.1593984962406015, 0.14022556390977445, 0.14022556390977445]
  NMI: [0.036530932092902, 0.035050240017390884, 0.007202897757414695]

Result for key 1:
  BALANCE: [0.47175667287399126, 0.8044881973113158, 0.35381750465549344]
  ENTROPY: [1.3029946600297886, 1.7135960208668846, 1.2483556398420643]
  ACC: [0.1593984962406015, 0.14022556390977445, 0.14022556390977445]
  NMI: [0.036530932092902, 0.035050240017390884, 0.007202897757414695]

Result for key 2:
  BALANCE: [0.47175667287399126, 0.8044881973113158, 0.35381750465549344]
  ENTROPY: [1.3029946600297886, 1.7135960208668846, 1.2483556398420643]
  ACC: [0.1593984962406015, 0.14022556390977445, 0.14022556390977445]
  NMI: [0.036530932092902, 0.035050240017390884, 0.007202897757414695]

Result for key 3:
  BALANCE: [0.47175667287399126, 0.8044881973113158, 0.35381750465549344]
  ENTROPY: [1.3029946600297886, 1.7135960208668846, 1.2483556398420643]
  ACC: [0.1593984962406015, 0.14022556390977445, 0.14022556390977445]
  NMI: [0.036530932092902, 0.035050240017390884, 0.007202897757414695]

Result for key 4:
  BALANCE: [0.47175667287399126, 0.8044881973113158, 0.35381750465549344]
  ENTROPY: [1.3029946600297886, 1.7135960208668846, 1.2483556398420643]
  ACC: [0.1593984962406015, 0.14022556390977445, 0.14022556390977445]
  NMI: [0.036530932092902, 0.035050240017390884, 0.007202897757414695]

Result for key 5:
  BALANCE: [0.47175667287399126, 0.8044881973113158, 0.35381750465549344]
  ENTROPY: [1.3029946600297886, 1.7135960208668846, 1.2483556398420643]
  ACC: [0.1593984962406015, 0.14022556390977445, 0.14022556390977445]
  NMI: [0.036530932092902, 0.035050240017390884, 0.007202897757414695]

Result for key 6:
  BALANCE: [0.47175667287399126, 0.8044881973113158, 0.35381750465549344]
  ENTROPY: [1.3029946600297886, 1.7135960208668846, 1.2483556398420643]
  ACC: [0.1593984962406015, 0.14022556390977445, 0.14022556390977445]
  NMI: [0.036530932092902, 0.035050240017390884, 0.007202897757414695]

Result for key 7:
  BALANCE: [0.47175667287399126, 0.8044881973113158, 0.35381750465549344]
  ENTROPY: [1.3029946600297886, 1.7135960208668846, 1.2483556398420643]
  ACC: [0.1593984962406015, 0.14022556390977445, 0.14022556390977445]
  NMI: [0.036530932092902, 0.035050240017390884, 0.007202897757414695]

Result for key 8:
  BALANCE: [0.47175667287399126, 0.8044881973113158, 0.35381750465549344]
  ENTROPY: [1.3029946600297886, 1.7135960208668846, 1.2483556398420643]
  ACC: [0.1593984962406015, 0.14022556390977445, 0.14022556390977445]
  NMI: [0.036530932092902, 0.035050240017390884, 0.007202897757414695]

--- Post-Attack Results ---
Result for key 0:
  BALANCE: [0.47175667287399126, 0.8044881973113158, 0.35381750465549344]
  ENTROPY: [1.3029946600297886, 1.7135960208668846, 1.2483556398420643]
  ACC: [0.1593984962406015, 0.14022556390977445, 0.14022556390977445]
  NMI: [0.036530932092902, 0.035050240017390884, 0.007202897757414695]

Result for key 1:
  BALANCE: [0, 0.7434736430208508, 0]
  ENTROPY: [1.00985123299662, 1.7121142525484538, 0.9576598535963234]
  ACC: [0.15639097744360902, 0.13909774436090225, 0.1387218045112782]
  NMI: [0.035167163402863785, 0.03418576610195104, 0.005283693775470945]

Result for key 2:
  BALANCE: [0.5307262569832402, 0.70345944695129, 0]
  ENTROPY: [1.2908790235595573, 1.6997858133121608, 0.9576598535963234]
  ACC: [0.15601503759398497, 0.13984962406015036, 0.1387218045112782]
  NMI: [0.03424714539657097, 0.03357307525062072, 0.005283693775470945]

Result for key 3:
  BALANCE: [0.5307262569832402, 0.7734056987788331, 0]
  ENTROPY: [1.3072526626426364, 1.69728124089097, 0.9821931197947777]
  ACC: [0.15639097744360902, 0.14097744360902256, 0.13834586466165413]
  NMI: [0.03515335221362141, 0.032738586645871634, 0.004997700284389745]

Result for key 4:
  BALANCE: [0, 0.7202084814025113, 0.5817068503635668]
  ENTROPY: [0.6916620066077874, 1.6762777550019121, 1.3191305107925149]
  ACC: [0.15714285714285714, 0.1406015037593985, 0.13834586466165413]
  NMI: [0.03582010143004472, 0.033039489711294834, 0.0044803516012833]

Result for key 5:
  BALANCE: [0, 0.7202084814025113, 0.5307262569832402]
  ENTROPY: [1.0098341948957774, 1.6871067620218048, 0.9656254367416865]
  ACC: [0.15526315789473685, 0.14097744360902256, 0.1387218045112782]
  NMI: [0.03267449930969431, 0.03412885653813745, 0.004672173882065638]

Result for key 6:
  BALANCE: [0, 0.7734056987788331, 0]
  ENTROPY: [0.6920845072166653, 1.6979882161177549, 0.9633958185376588]
  ACC: [0.15676691729323308, 0.1406015037593985, 0.13834586466165413]
  NMI: [0.033959107870914475, 0.03237788359570259, 0.004936695634857201]

Result for key 7:
  BALANCE: [0, 0.7202084814025113, 0]
  ENTROPY: [0.6917814496582981, 1.684548314201875, 0.9734945689915478]
  ACC: [0.15676691729323308, 0.1406015037593985, 0.1387218045112782]
  NMI: [0.03461787750381585, 0.032777438782164735, 0.005984165815536851]

Result for key 8:
  BALANCE: [0, 0.7532888808794378, 0]
  ENTROPY: [0.9877768090261654, 1.6931180056408615, 0.9633958185376588]
  ACC: [0.15601503759398497, 0.14022556390977445, 0.13834586466165413]
  NMI: [0.035463268572513446, 0.0320864610632925, 0.005278720300411343]

--- Random Attack Results ---
Result for key 0:
  BALANCE: [0.47175667287399126, 0.8044881973113158, 0.35381750465549344]
  ENTROPY: [1.3029946600297886, 1.7135960208668846, 1.2483556398420643]
  ACC: [0.1593984962406015, 0.14022556390977445, 0.14022556390977445]
  NMI: [0.036530932092902, 0.035050240017390884, 0.007202897757414695]

Result for key 1:
  BALANCE: [0.8491620111731844, 0.8507462686567164, 0.472636815920398]
  ENTROPY: [1.3743974110525365, 1.7264323440919966, 1.29166651685864]
  ACC: [0.15789473684210525, 0.13984962406015036, 0.13796992481203008]
  NMI: [0.03686275402473895, 0.03288945232576296, 0.004274064099043449]

Result for key 2:
  BALANCE: [0.5307262569832402, 0.7982310668877833, 0]
  ENTROPY: [1.309715820921107, 1.7168438511200872, 0.9576598535963234]
  ACC: [0.15714285714285714, 0.13984962406015036, 0.1387218045112782]
  NMI: [0.03580763184163738, 0.03517477240281949, 0.005283693775470945]

Result for key 3:
  BALANCE: [0.8930372807017544, 0.7734056987788331, 0]
  ENTROPY: [1.3844380827280234, 1.69728124089097, 0.9576598535963234]
  ACC: [0.15789473684210525, 0.14097744360902256, 0.1387218045112782]
  NMI: [0.036369308648892464, 0.032738586645871634, 0.005283693775470945]

Result for key 4:
  BALANCE: [0.7076350093109869, 0.8052398381814678, 0.472636815920398]
  ENTROPY: [1.3562850415301257, 1.7119363855430956, 1.29166651685864]
  ACC: [0.1556390977443609, 0.13984962406015036, 0.13796992481203008]
  NMI: [0.03311546892152384, 0.03474452986693554, 0.004274064099043449]

Result for key 5:
  BALANCE: [0.6301824212271974, 0.792810142834216, 0.5307262569832402]
  ENTROPY: [1.3279561001995615, 1.7082194086627145, 0.972779845230189]
  ACC: [0.15601503759398497, 0.14022556390977445, 0.13909774436090225]
  NMI: [0.035074231870753925, 0.03394653560793459, 0.00564646123882198]

Result for key 6:
  BALANCE: [0, 0.5970149253731343, 0.7076350093109869]
  ENTROPY: [1.0099439062369453, 1.6699769676960496, 1.3519966962140444]
  ACC: [0.1556390977443609, 0.13984962406015036, 0.13796992481203008]
  NMI: [0.03368619237813387, 0.03281443525550898, 0.0052917284590459175]

Result for key 7:
  BALANCE: [0, 0.7734056987788331, 0.472636815920398]
  ENTROPY: [1.0101645014063596, 1.6972812408909699, 1.29166651685864]
  ACC: [0.15789473684210525, 0.14022556390977445, 0.13796992481203008]
  NMI: [0.03636158059737432, 0.03198682541472198, 0.004274064099043449]

Result for key 8:
  BALANCE: [0, 0.7304387155133424, 0]
  ENTROPY: [0.6917814496582981, 1.6970525923657354, 0.9633958185376588]
  ACC: [0.15601503759398497, 0.14022556390977445, 0.13834586466165413]
  NMI: [0.03364788521101867, 0.031482005014442545, 0.005278720300411343]