C:\Users\iason\Dev\CFC\Fair-Clustering-Codebase>python attack_extra_metrics.py --dataset MTFL --cl_algo KFC
Skipping line due to error:
(2000, 6048), (2000,), (2000,)
Clustering Algorithm: KFC
Dataset: MTFL
Number of Clusters: 2
Number of Data Points: 2000
Number of Sensitive Features: 2
Number of Features: 6048
# of clusters -> 2
Trial 1 with random state 150
[zoopt] expected remaining running time: 00:01:48
[zoopt] x: [0, 0, 1, 0, 0, 1, 0, 1, 0, 0, 0, 0, 1, 1, 0, 1, 0, 1, 0, 0, 0, 1, 0, 1, 0, 0, 0, 1, 0, 0, 0, 1, 0, 0, 0, 0, 0, 0, 0, 1, 1, 0, 0, 1, 0, 0, 1, 1, 0, 1, 0, 0, 0, 1, 1, 0, 0, 0, 1, 1, 0, 1, 0, 0, 0, 1, 0, 0, 0, 0, 1, 1, 0, 0, 1, 1, 0, 0, 0, 1, 0, 1, 1, 1, 1, 0, 0, 1, 0, 0]
[zoopt] value: 0.8771929824561403
Trial 2 with random state 1
[zoopt] expected remaining running time: 00:01:47
[zoopt] x: [0, 1, 0, 0, 0, 0, 1, 0, 0, 0, 0, 0, 0, 0, 1, 1, 1, 1, 1, 0, 1, 1, 0, 0, 1, 1, 1, 0, 0, 1, 0, 0, 0, 1, 1, 0, 0, 0, 0, 0, 0, 0, 0, 0, 1, 0, 1, 1, 0, 1, 1, 0, 0, 1, 0, 0, 1, 0, 1, 1, 0, 1, 0, 0, 0, 1, 1, 0, 0, 0, 0, 1, 0, 1, 1, 0, 0, 0, 1, 0, 1, 1, 0, 1, 1, 1, 0, 1, 1, 0]
[zoopt] value: 0.7797270955165692
Trial 3 with random state 4200
[zoopt] expected remaining running time: 00:01:47
[zoopt] x: [1, 1, 1, 1, 0, 0, 1, 1, 1, 0, 0, 1, 0, 0, 0, 1, 0, 1, 0, 0, 1, 1, 1, 1, 0, 0, 1, 1, 1, 0, 0, 0, 1, 0, 1, 0, 0, 0, 1, 0, 1, 0, 0, 0, 0, 0, 0, 0, 0, 0, 1, 0, 0, 0, 1, 1, 0, 1, 0, 1, 0, 1, 0, 1, 0, 1, 0, 1, 1, 1, 0, 0, 0, 0, 1, 0, 1, 0, 1, 1, 0, 0, 0, 1, 1, 1, 1, 0, 1, 0]
[zoopt] value: 0.7574613719865115
Trial 4 with random state 424242
[zoopt] expected remaining running time: 00:01:42
[zoopt] x: [1, 1, 1, 1, 1, 0, 1, 1, 1, 0, 0, 1, 1, 0, 0, 0, 1, 1, 0, 1, 0, 0, 1, 0, 0, 1, 1, 1, 0, 1, 0, 0, 1, 0, 1, 0, 1, 1, 1, 1, 0, 0, 0, 1, 1, 0, 1, 1, 1, 1, 1, 0, 1, 0, 0, 1, 1, 0, 0, 0, 1, 1, 0, 1, 1, 0, 0, 0, 1, 1, 1, 0, 0, 0, 0, 0, 1, 1, 1, 1, 1, 0, 1, 0, 1, 0, 0, 0, 0, 1]
[zoopt] value: 0.48882681564245806
Trial 5 with random state 1947
[zoopt] expected remaining running time: 00:01:54
[zoopt] x: [1, 0, 0, 0, 0, 1, 1, 1, 1, 0, 0, 0, 0, 0, 1, 0, 1, 0, 1, 1, 0, 0, 1, 0, 1, 0, 0, 0, 1, 1, 1, 1, 0, 1, 1, 1, 0, 0, 0, 1, 1, 0, 0, 0, 1, 1, 0, 1, 1, 0, 1, 1, 0, 0, 1, 0, 1, 1, 0, 0, 1, 1, 1, 1, 1, 1, 0, 1, 0, 0, 0, 0, 0, 0, 0, 0, 1, 1, 1, 1, 1, 0, 0, 1, 1, 0, 1, 1, 0, 1]
[zoopt] value: 0.8902211927147203
Trial 6 with random state 355
[zoopt] expected remaining running time: 00:01:38
[zoopt] x: [0, 0, 1, 1, 0, 1, 1, 1, 0, 1, 1, 0, 1, 1, 0, 1, 1, 0, 1, 0, 1, 1, 1, 1, 1, 0, 0, 0, 1, 0, 1, 0, 1, 1, 1, 0, 1, 1, 1, 0, 0, 0, 0, 0, 0, 1, 1, 1, 1, 0, 1, 0, 0, 0, 0, 0, 0, 1, 0, 1, 1, 0, 1, 0, 0, 1, 0, 1, 1, 0, 0, 0, 0, 1, 1, 0, 0, 0, 0, 0, 1, 1, 0, 0, 0, 1, 1, 0, 1, 0]
[zoopt] value: 0.8379888268156424
Trial 7 with random state 256
[zoopt] expected remaining running time: 00:01:50
[zoopt] x: [1, 0, 0, 0, 0, 1, 1, 0, 0, 0, 1, 0, 1, 1, 1, 1, 1, 0, 0, 1, 0, 1, 1, 1, 1, 1, 0, 0, 0, 0, 1, 1, 0, 0, 1, 0, 1, 1, 1, 0, 1, 0, 0, 0, 0, 0, 1, 1, 1, 0, 1, 1, 1, 1, 1, 1, 1, 1, 0, 0, 1, 0, 1, 0, 1, 0, 0, 1, 1, 0, 1, 1, 0, 1, 0, 0, 1, 0, 1, 0, 0, 0, 1, 1, 0, 0, 0, 1, 1, 1]
[zoopt] value: 0.773975791433892
Trial 8 with random state 7500
[zoopt] expected remaining running time: 00:01:39
[zoopt] x: [0, 0, 1, 0, 1, 1, 0, 1, 0, 1, 1, 0, 0, 1, 1, 0, 1, 1, 1, 1, 0, 1, 0, 0, 1, 0, 1, 1, 0, 0, 1, 1, 0, 1, 1, 0, 1, 1, 1, 1, 1, 0, 0, 0, 1, 1, 1, 0, 1, 0, 0, 0, 0, 1, 1, 0, 1, 0, 1, 0, 0, 0, 1, 1, 1, 1, 1, 1, 1, 1, 1, 1, 1, 1, 1, 1, 0, 1, 0, 1, 1, 1, 1, 0, 0, 0, 0, 0, 1, 1]
[zoopt] value: 0.8501335924216662
Trial 9 with random state 99999
[zoopt] expected remaining running time: 00:01:35
[zoopt] x: [0, 0, 0, 1, 1, 0, 1, 0, 0, 0, 1, 0, 0, 1, 0, 1, 0, 0, 1, 1, 0, 0, 1, 1, 1, 0, 0, 0, 0, 1, 0, 1, 1, 1, 0, 1, 1, 1, 1, 0, 1, 1, 0, 1, 0, 0, 1, 0, 1, 0, 1, 0, 0, 0, 1, 0, 1, 0, 0, 1, 0, 0, 1, 0, 1, 0, 0, 0, 0, 1, 0, 1, 0, 0, 0, 0, 1, 1, 1, 0, 1, 0, 1, 1, 1, 0, 0, 1, 1, 0]
[zoopt] value: 0.7953792254521352
Trial 10 with random state 18
[zoopt] expected remaining running time: 00:01:40
[zoopt] x: [1, 0, 0, 1, 0, 0, 1, 0, 0, 0, 1, 0, 1, 0, 1, 0, 1, 0, 1, 1, 1, 1, 1, 0, 1, 0, 1, 1, 1, 0, 0, 0, 1, 0, 0, 1, 1, 0, 1, 1, 0, 1, 1, 0, 1, 1, 0, 1, 1, 0, 1, 0, 1, 0, 0, 0, 1, 1, 1, 1, 1, 1, 1, 1, 0, 1, 0, 1, 1, 1, 0, 0, 1, 0, 0, 1, 0, 0, 0, 0, 0, 0, 1, 0, 1, 0, 0, 1, 0, 1]
[zoopt] value: 0.7332402234636871

Pre-Attack Results for MTFL and KFC
=========================================
BALANCE: Mean = 0.8696469479072098, Std = 0.14326163247839233
MIN_CLUSTER_RATIO: Mean = 0.8510111750914426, Std = 0.21500063809418868
CLUSTER_DIST_L1: Mean = 0.010471593322225489, Std = 0.013459517261325122
CLUSTER_DIST_KL: Mean = 0.0019716885928222905, Std = 0.0030822301513427977       
SILHOUETTE_DIFF: Mean = 0.0033440551316566516, Std = 0.002291110348649497        
ENTROPY: Mean = 0.6839568604950135, Std = 0.019134465670695017
ENTROPY_GROUP_A: Mean = 0.14192539363182152, Std = 0.0875364760595588
ENTROPY_GROUP_B: Mean = 0.16640188143706686, Std = 0.11394323410429244
ACC: Mean = 0.6692142857142858, Std = 0.011452875942178826
NMI: Mean = 0.00045823808686910433, Std = 0.0008318061497682781
ARI: Mean = -0.0006369571283254561, Std = 0.004805975145737514
SIL: Mean = 0.122164638656826, Std = 0.04338316314470951

Post-Attack Results for MTFL and KFC
=========================================
BALANCE: Mean = 0.7784147117903423, Std = 0.10844383637676296
MIN_CLUSTER_RATIO: Mean = 0.7340604506211756, Std = 0.19896745262497653
CLUSTER_DIST_L1: Mean = 0.01465500343036362, Std = 0.012421477534194326
CLUSTER_DIST_KL: Mean = 0.003099774220134778, Std = 0.002989632421546403
SILHOUETTE_DIFF: Mean = 0.0035618503703485653, Std = 0.002030145024033164        
ENTROPY: Mean = 0.6784685162078226, Std = 0.01752313922334944
ENTROPY_GROUP_A: Mean = 0.1342340041188319, Std = 0.08543478658739517
ENTROPY_GROUP_B: Mean = 0.16650963669971264, Std = 0.11216375955282122
ACC: Mean = 0.6699285714285714, Std = 0.010820662396261942
NMI: Mean = 0.0003050309871019372, Std = 0.00029309036028092253
ARI: Mean = -0.00028488110627015485, Std = 0.004207957349358842
SIL: Mean = 0.12595934766938469, Std = 0.046411539584528275

Random Attack Results for MTFL and KFC
4, Std = 0.011751899542505571
NMI: Mean = 0.0003117752734040949, Std = 0.00036460823260369216
4, Std = 0.011751899542505571
NMI: Mean = 0.0003117752734040949, Std = 0.00036460823260369216
ARI: Mean = -0.002535957217523432, Std = 0.002224942771449818
SIL: Mean = 0.12355267247728223, Std = 0.04556742502776627