(fact2024) C:\Users\iason\Dev\CFC\Fair-Clustering-Codebase>python attack_for_plots.py --dataset Yale --cl_algo KFC   
(16128, 2016), (16128,), (16128,)
Clustering Algorithm: KFC
Dataset: Yale
Number of Clusters: 28
Number of Data Points: 16128
Number of Sensitive Features: 2
Number of Features: 2016
# of clusters -> 28
Trial 1 with random state 150 and percentage = 0
[zoopt] racos_common.py: WARNING -- sample space has been fully enumerated. Stop early
[zoopt] racos_common: WARNING -- sample space has been fully explored. Stop early
[zoopt]  [break loop] because solution is None
[zoopt] x: []
[zoopt] value: 1.0
Trial 2 with random state 1 and percentage = 0
[zoopt] racos_common.py: WARNING -- sample space has been fully enumerated. Stop early
[zoopt] racos_common: WARNING -- sample space has been fully explored. Stop early
[zoopt]  [break loop] because solution is None
[zoopt] x: []
[zoopt] value: 1.0
Trial 3 with random state 4200 and percentage = 0
[zoopt] racos_common.py: WARNING -- sample space has been fully enumerated. Stop early
[zoopt] racos_common: WARNING -- sample space has been fully explored. Stop early
[zoopt]  [break loop] because solution is None
[zoopt] x: []
[zoopt] value: 1.0
Trial 1 with random state 150 and percentage = 2100
[zoopt] expected remaining running time: 00:28:19
[zoopt] x: [1, 1, 1, 0, 1, 1, 1, 0, 0, 0, 1, 0, 0, 1, 0, 0, 1, 0, 1, 0, 0]
[zoopt] value: 1.0
Trial 2 with random state 1 and percentage = 2100
[zoopt] expected remaining running time: 00:28:33
[zoopt] x: [0, 1, 1, 0, 1, 1, 1, 1, 1, 1, 1, 1, 1, 0, 1, 0, 0, 1, 1, 1, 0]
[zoopt] value: 1.0
Trial 3 with random state 4200 and percentage = 2100
[zoopt] expected remaining running time: 00:29:41
[zoopt] x: [1, 0, 1, 0, 1, 1, 1, 0, 1, 0, 1, 1, 1, 1, 0, 1, 1, 1, 1, 1, 1]
[zoopt] value: 1.0
0, 0, 1, 0, 0, 0, 0, 1]
[zoopt] value: 1.0
Trial 2 with random state 1 and percentage = 5400
[zoopt] expected remaining running time: 00:29:29
[zoopt] x: [0, 1, 1, 0, 1, 1, 0, 1, 1, 1, 1, 1, 1, 0, 1, 0, 0, 1, 1, 1, 1, 0, 0, 0, 1, 0, 0, 1, 0, 0, 0, 0, 0, 1, 1, 1, 1, 0, 0, 0, 0, 1, 0, 1, 0, 1, 1, 0, 1, 1, 1, 0, 0, 1]
[zoopt] value: 1.0
Trial 3 with random state 4200 and percentage = 5400
[zoopt] expected remaining running time: 00:29:56
[zoopt] x: [1, 0, 1, 0, 1, 1, 1, 0, 1, 0, 1, 1, 1, 1, 0, 1, 1, 1, 1, 1, 1, 0, 0, 1, 1, 1, 0, 1, 1, 0, 1, 0, 0, 1, 1, 0, 0, 0, 0, 0, 1, 0, 0, 1, 1, 0, 0, 1, 1, 0, 0, 1, 1, 1]
[zoopt] value: 1.0
Trial 1 with random state 150 and percentage = 8300
[zoopt] expected remaining running time: 00:29:28
[zoopt] x: [1, 1, 1, 0, 1, 1, 1, 0, 0, 1, 1, 0, 0, 1, 0, 0, 0, 0, 1, 0, 0, 1, 0, 0, 0, 1, 0, 0, 0, 1, 1, 0, 1, 0, 1, 0, 1, 1, 0, 1, 1, 1, 1, 1, 0, 1, 0, 0, 1, 0, 0, 0, 0, 1, 1, 0, 1, 0, 0, 0, 1, 1, 1, 1, 1, 1, 1, 0, 0, 1, 0, 0, 0, 0, 0, 0, 1, 1, 1, 0, 1, 0, 0]
[zoopt] value: 1.0
Trial 2 with random state 1 and percentage = 8300
[zoopt] expected remaining running time: 00:29:44
1, 0]
[zoopt] value: 1.0
Trial 3 with random state 4200 and percentage = 8300
[zoopt] expected remaining running time: 00:28:24
[zoopt] x: [1, 0, 1, 0, 1, 1, 1, 0, 1, 0, 1, 1, 1, 1, 0, 1, 1, 1, 1, 1, 1, 0, 0, 1, 1, 1, 0, 1, 1, 0, 1, 0, 0, 1, 1, 0, 0, 0, 0, 0, 1, 0, 0, 1, 1, 0, 0, 1, 1, 0, 0, 1, 1, 1, 0, 1, 1, 0, 1, 1, 1, 0, 0, 1, 0, 0, 0, 0, 0, 0, 1, 1, 1, 1, 1, 0, 1, 1, 0, 1, 0, 0, 0]
[zoopt] value: 1.0
Trial 1 with random state 150 and percentage = 10800
[zoopt] expected remaining running time: 00:28:16
[zoopt] x: [1, 1, 1, 0, 1, 1, 1, 0, 0, 1, 1, 0, 0, 1, 0, 0, 0, 0, 1, 0, 0, 1, 0, 0, 0, 1, 0, 0, 0, 1, 1, 0, 1, 0, 1, 0, 1, 1, 0, 1, 1, 0, 1, 1, 0, 0, 0, 0, 1, 0, 0, 0, 1, 1, 1, 0, 1, 0, 0, 0, 1, 1, 1, 1, 1, 1, 1, 0, 0, 1, 0, 0, 0, 0, 1, 0, 1, 1, 0, 0, 1, 0, 0, 0, 0, 0, 0, 1, 1, 1, 1, 0, 0, 1, 0, 1, 1, 0, 1, 1, 1, 1, 0, 0, 1, 1, 1, 1]
[zoopt] value: 1.0
Trial 2 with random state 1 and percentage = 10800
[zoopt] expected remaining running time: 00:28:20
[zoopt] x: [0, 1, 1, 0, 1, 1, 1, 1, 1, 1, 1, 1, 1, 0, 1, 0, 0, 1, 1, 1, 0, 0, 0, 0, 1, 0, 0, 1, 0, 0, 0, 0, 0, 1, 1, 1, 1, 0, 0, 0, 0, 1, 0, 1, 0, 1, 1, 0, 1, 1, 1, 0, 0, 1, 0, 0, 1, 1, 1, 0, 1, 1, 1, 0, 0, 1, 0, 0, 1, 0, 1, 0, 0, 1, 1, 0, 1, 0, 1, 1, 1, 1, 0, 1, 0, 0, 0, 0, 1, 1, 0, 0, 1, 0, 1, 0, 1, 0, 1, 0, 0, 1, 1, 1, 0, 1, 0, 1]
[zoopt] value: 1.0
Trial 3 with random state 4200 and percentage = 10800
[zoopt] expected remaining running time: 00:33:11
[zoopt] x: [1, 0, 1, 0, 1, 1, 1, 0, 1, 0, 1, 1, 1, 1, 1, 1, 1, 1, 1, 1, 1, 0, 0, 1, 1, 1, 0, 1, 1, 0, 1, 0, 0, 1, 1, 1, 0, 0, 0, 0, 1, 0, 0, 1, 1, 0, 0, 1, 1, 0, 0, 1, 1, 1, 0, 1, 1, 0, 1, 1, 1, 0, 0, 1, 0, 0, 0, 0, 0, 0, 1, 1, 1, 1, 1, 0, 1, 1, 0, 1, 0, 0, 0, 1, 0, 0, 1, 0, 1, 1, 0, 1, 1, 1, 0, 1, 0, 0, 0, 0, 0, 0, 0, 0, 1, 0, 0, 0]
[zoopt] value: 1.0
Trial 1 with random state 150 and percentage = 13700
[zoopt] expected remaining running time: 00:29:51
[zoopt] x: [1, 1, 1, 0, 1, 1, 1, 0, 0, 1, 1, 0, 0, 1, 0, 0, 0, 0, 1, 0, 0, 1, 0, 0, 0, 1, 0, 0, 0, 1, 1, 0, 1, 0, 1, 0, 1, 1, 1, 1, 1, 0, 1, 1, 0, 1, 0, 0, 1, 0, 0, 0, 0, 1, 1, 0, 1, 0, 0, 0, 1, 1, 1, 1, 1, 1, 1, 0, 0, 1, 0, 0, 0, 0, 0, 0, 1, 1, 1, 0, 1, 0, 0, 0, 0, 0, 0, 1, 1, 1, 1, 0, 0, 1, 0, 1, 1, 0, 1, 1, 1, 1, 0, 0, 1, 1, 1, 1, 1, 0, 1, 1, 0, 0, 0, 1, 1, 0, 0, 1, 1, 0, 1, 0, 1, 1, 1, 1, 1, 1, 0, 0, 0, 0, 1, 1, 1]
[zoopt] value: 1.0
Trial 2 with random state 1 and percentage = 13700
[zoopt] expected remaining running time: 00:29:59
[zoopt] x: [0, 1, 1, 0, 1, 1, 1, 1, 1, 1, 1, 1, 1, 0, 1, 0, 0, 1, 1, 1, 0, 0, 1, 0, 1, 0, 0, 1, 0, 0, 0, 0, 0, 1, 1, 1, 1, 0, 0, 0, 0, 1, 0, 1, 0, 1, 1, 0, 1, 1, 1, 0, 0, 1, 0, 0, 1, 1, 1, 0, 1, 1, 1, 0, 1, 1, 0, 0, 1, 0, 1, 0, 0, 1, 1, 1, 1, 0, 1, 1, 1, 1, 0, 1, 0, 0, 0, 0, 1, 1, 0, 0, 1, 0, 1, 0, 1, 0, 1, 0, 0, 1, 1, 1, 0, 1, 0, 1, 1, 1, 1, 0, 0, 1, 0, 1, 0, 0, 0, 0, 0, 1, 1, 0, 0, 0, 0, 1, 1, 1, 1, 1, 1, 1, 0, 0, 0]
[zoopt] value: 1.0
Trial 3 with random state 4200 and percentage = 13700
[zoopt] expected remaining running time: 00:29:29
[zoopt] x: [1, 0, 1, 0, 1, 1, 1, 0, 1, 0, 1, 1, 1, 1, 0, 1, 1, 1, 1, 1, 1, 0, 0, 1, 1, 1, 0, 1, 1, 1, 1, 0, 0, 1, 1, 0, 0, 0, 0, 0, 1, 0, 0, 1, 1, 0, 0, 1, 1, 0, 0, 1, 1, 1, 0, 1, 1, 0, 1, 1, 1, 0, 0, 1, 0, 0, 0, 0, 0, 0, 1, 1, 1, 1, 1, 0, 1, 1, 0, 1, 0, 0, 0, 0, 0, 0, 1, 0, 1, 1, 0, 1, 1, 1, 0, 1, 0, 0, 0, 0, 0, 0, 0, 0, 1, 0, 0, 0, 0, 1, 1, 1, 0, 0, 0, 1, 1, 0, 1, 0, 1, 1, 0, 1, 1, 0, 0, 1, 0, 1, 0, 0, 1, 1, 0, 0, 1]
[zoopt] value: 1.0
Trial 1 with random state 150 and percentage = 16200
[zoopt] expected remaining running time: 00:29:37
[zoopt] x: [1, 1, 1, 0, 1, 1, 1, 0, 0, 1, 1, 0, 0, 1, 0, 0, 0, 0, 1, 0, 0, 1, 0, 0, 0, 1, 0, 0, 0, 1, 1, 0, 1, 0, 1, 0, 1, 1, 0, 1, 1, 0, 1, 1, 0, 1, 0, 0, 1, 0, 0, 0, 0, 1, 1, 0, 1, 0, 1, 0, 1, 1, 1, 1, 1, 1, 1, 0, 0, 1, 0, 0, 0, 0, 0, 0, 1, 1, 1, 0, 1, 0, 0, 0, 0, 0, 0, 1, 1, 1, 1, 0, 0, 1, 0, 1, 1, 0, 1, 1, 1, 1, 0, 0, 1, 1, 1, 1, 1, 0, 1, 1, 0, 0, 0, 1, 1, 0, 0, 1, 1, 0, 1, 0, 1, 1, 1, 1, 1, 1, 0, 0, 0, 0, 1, 1, 1, 1, 1, 1, 1, 0, 0, 1, 1, 1, 0, 0, 0, 0, 0, 0, 0, 0, 1, 0, 0, 0, 1, 1, 0, 1]
[zoopt] value: 1.0
Trial 2 with random state 1 and percentage = 16200
[zoopt] expected remaining running time: 00:29:10
[zoopt] x: [0, 1, 1, 0, 1, 1, 1, 1, 1, 1, 1, 1, 1, 0, 1, 0, 0, 1, 1, 1, 0, 0, 0, 0, 1, 0, 0, 1, 0, 0, 0, 0, 0, 1, 1, 1, 1, 0, 0, 0, 0, 1, 0, 1, 0, 1, 1, 0, 1, 1, 1, 0, 0, 1, 0, 0, 1, 1, 1, 0, 1, 1, 1, 0, 0, 1, 0, 0, 1, 0, 1, 0, 0, 1, 1, 0, 1, 0, 1, 1, 1, 1, 0, 1, 0, 0, 0, 0, 1, 1, 0, 0, 1, 0, 1, 0, 1, 0, 1, 0, 0, 1, 1, 1, 0, 1, 0, 1, 1, 1, 1, 0, 0, 1, 0, 1, 0, 0, 0, 0, 0, 1, 1, 0, 0, 0, 0, 1, 0, 1, 1, 1, 1, 1, 0, 0, 0, 1, 1, 0, 0, 0, 1, 0, 1, 1, 0, 1, 0, 0, 1, 0, 0, 0, 1, 0, 1, 1, 0, 1, 1, 1]
[zoopt] value: 1.0
Trial 3 with random state 4200 and percentage = 16200
[zoopt] expected remaining running time: 00:28:53
[zoopt] x: [1, 0, 1, 0, 1, 1, 1, 0, 1, 0, 1, 1, 1, 1, 0, 1, 1, 1, 1, 1, 1, 0, 0, 1, 1, 1, 0, 1, 1, 0, 1, 0, 0, 1, 1, 0, 0, 0, 0, 0, 1, 0, 0, 1, 1, 0, 0, 1, 1, 0, 0, 1, 1, 1, 0, 1, 1, 0, 1, 1, 1, 0, 0, 1, 0, 0, 0, 0, 0, 0, 1, 1, 1, 1, 1, 0, 1, 1, 0, 1, 0, 0, 0, 1, 0, 0, 1, 0, 1, 1, 0, 1, 1, 1, 0, 1, 0, 0, 0, 0, 0, 0, 0, 0, 1, 0, 0, 0, 0, 1, 1, 1, 0, 0, 0, 1, 1, 0, 1, 0, 1, 1, 0, 1, 1, 0, 0, 1, 0, 1, 0, 0, 1, 1, 0, 0, 1, 1, 1, 0, 0, 1, 1, 1, 1, 0, 0, 1, 1, 0, 0, 1, 1, 0, 1, 1, 1, 1, 0, 1, 1, 1]
[zoopt] value: 1.0
Trial 1 with random state 150 and percentage = 19500
[zoopt] expected remaining running time: 00:28:40
[zoopt] x: [1, 1, 1, 0, 1, 1, 1, 0, 0, 1, 1, 0, 0, 1, 0, 0, 0, 0, 1, 0, 0, 1, 0, 0, 0, 1, 0, 0, 0, 1, 1, 0, 1, 0, 1, 0, 1, 1, 1, 1, 1, 0, 1, 1, 0, 1, 0, 0, 1, 0, 0, 0, 0, 1, 1, 0, 1, 0, 0, 0, 1, 1, 1, 1, 1, 1, 1, 0, 0, 1, 0, 0, 0, 0, 0, 0, 1, 1, 1, 0, 1, 0, 0, 0, 0, 0, 0, 1, 1, 1, 1, 0, 0, 1, 0, 1, 1, 0, 1, 1, 1, 1, 0, 0, 1, 1, 1, 1, 1, 0, 1, 1, 1, 0, 0, 1, 1, 0, 0, 1, 1, 0, 1, 0, 1, 1, 1, 1, 1, 1, 0, 0, 0, 0, 1, 1, 1, 1, 1, 1, 1, 0, 0, 1, 1, 1, 0, 0, 0, 0, 0, 0, 0, 0, 1, 0, 0, 0, 1, 1, 0, 1, 0, 0, 1, 0, 1, 1, 1, 0, 1, 0, 0, 0, 1, 1, 0, 0, 1, 1, 0, 1, 1, 1, 1, 1, 1, 1, 1, 0, 0, 1, 1, 0, 0]
[zoopt] value: 1.0
Trial 2 with random state 1 and percentage = 19500
[zoopt] expected remaining running time: 00:28:52
[zoopt] x: [0, 1, 1, 0, 1, 1, 1, 1, 1, 1, 1, 1, 1, 0, 1, 0, 0, 1, 1, 1, 0, 0, 0, 0, 1, 0, 0, 1, 0, 0, 0, 0, 0, 1, 1, 1, 1, 0, 0, 0, 0, 1, 0, 1, 0, 1, 1, 0, 1, 1, 1, 0, 0, 1, 0, 0, 1, 1, 1, 0, 1, 1, 1, 0, 0, 1, 0, 0, 1, 0, 1, 0, 0, 1, 1, 0, 1, 0, 1, 1, 1, 0, 0, 1, 0, 0, 0, 0, 1, 1, 0, 0, 1, 0, 1, 0, 1, 0, 1, 0, 0, 1, 1, 1, 0, 1, 0, 1, 1, 1, 1, 0, 0, 1, 0, 1, 0, 0, 0, 0, 0, 1, 1, 0, 0, 0, 0, 1, 0, 1, 1, 1, 1, 1, 0, 0, 0, 1, 1, 0, 0, 0, 1, 0, 1, 1, 0, 1, 0, 0, 1, 0, 0, 0, 1, 0, 1, 1, 1, 1, 0, 1, 1, 0, 1, 0, 0, 0, 1, 1, 0, 0, 0, 1, 1, 0, 1, 0, 0, 1, 1, 1, 0, 1, 1, 1, 1, 0, 0, 1, 0, 0, 0, 0, 1]
[zoopt] value: 1.0
Trial 3 with random state 4200 and percentage = 19500
[zoopt] expected remaining running time: 00:28:50
[zoopt] x: [1, 0, 1, 0, 1, 1, 1, 0, 1, 0, 1, 1, 1, 1, 0, 1, 1, 1, 1, 1, 1, 0, 0, 1, 1, 1, 0, 1, 1, 0, 1, 0, 0, 1, 1, 0, 0, 0, 0, 0, 1, 0, 0, 1, 1, 0, 0, 1, 1, 0, 0, 1, 1, 1, 0, 1, 1, 0, 1, 1, 1, 0, 0, 1, 0, 0, 0, 0, 0, 0, 1, 1, 1, 1, 1, 0, 1, 1, 0, 1, 0, 0, 0, 1, 0, 0, 1, 0, 1, 1, 0, 1, 1, 1, 0, 1, 0, 0, 0, 0, 0, 0, 0, 0, 1, 0, 0, 0, 0, 1, 1, 1, 0, 0, 0, 1, 1, 0, 1, 0, 1, 1, 0, 1, 1, 0, 0, 1, 0, 1, 0, 0, 1, 1, 0, 0, 1, 1, 1, 0, 0, 1, 1, 1, 1, 0, 0, 1, 1, 0, 0, 1, 1, 0, 1, 1, 1, 1, 0, 1, 1, 1, 0, 1, 0, 1, 0, 0, 1, 0, 1, 1, 0, 0, 1, 1, 0, 0, 0, 0, 1, 0, 0, 0, 1, 1, 0, 1, 1, 1, 0, 1, 1, 1, 0]
[zoopt] value: 1.0
Trial 1 with random state 150 and percentage = 21700
[zoopt] expected remaining running time: 00:28:39
[zoopt] x: [1, 1, 1, 0, 1, 1, 1, 0, 0, 1, 1, 0, 0, 1, 0, 0, 0, 0, 1, 0, 0, 1, 0, 0, 0, 1, 0, 0, 0, 1, 1, 0, 1, 0, 1, 0, 1, 1, 0, 1, 1, 0, 1, 1, 0, 1, 0, 0, 1, 0, 0, 0, 0, 1, 1, 0, 1, 0, 0, 0, 1, 1, 1, 1, 1, 1, 1, 0, 0, 1, 0, 0, 0, 0, 0, 0, 1, 1, 1, 0, 1, 0, 0, 0, 0, 0, 0, 1, 1, 1, 1, 0, 0, 1, 0, 1, 1, 0, 1, 1, 1, 1, 0, 0, 1, 1, 1, 1, 1, 0, 1, 1, 0, 0, 0, 1, 1, 0, 0, 1, 1, 0, 1, 0, 1, 1, 0, 1, 1, 1, 0, 0, 1, 0, 1, 1, 1, 1, 1, 1, 1, 0, 0, 1, 1, 1, 0, 0, 0, 0, 0, 0, 0, 0, 1, 0, 0, 0, 1, 1, 0, 1, 0, 0, 1, 0, 1, 1, 0, 0, 1, 0, 0, 0, 1, 1, 0, 0, 1, 1, 0, 1, 1, 1, 1, 1, 1, 1, 1, 0, 0, 1, 1, 0, 0, 0, 0, 1, 0, 1, 1, 1, 0, 1, 0, 1, 0, 1, 1, 0, 1, 1, 0, 0, 0, 1, 0]
[zoopt] value: 1.0
Trial 2 with random state 1 and percentage = 21700
[zoopt] expected remaining running time: 00:28:49
[zoopt] x: [0, 1, 1, 0, 1, 1, 1, 1, 1, 1, 1, 1, 1, 0, 1, 0, 0, 1, 1, 1, 0, 0, 0, 0, 1, 0, 0, 1, 1, 0, 0, 0, 0, 1, 1, 1, 1, 0, 0, 0, 0, 1, 0, 1, 0, 1, 1, 0, 1, 1, 1, 0, 0, 1, 0, 0, 1, 1, 1, 0, 1, 1, 1, 0, 0, 1, 0, 0, 1, 0, 1, 0, 0, 1, 1, 0, 1, 0, 1, 1, 1, 1, 0, 1, 0, 0, 0, 0, 1, 1, 0, 0, 1, 0, 1, 0, 1, 0, 1, 0, 0, 1, 1, 1, 0, 1, 0, 1, 1, 1, 1, 0, 0, 1, 0, 1, 0, 0, 0, 0, 0, 1, 1, 0, 0, 0, 0, 1, 0, 1, 1, 1, 1, 1, 0, 0, 0, 1, 1, 0, 0, 0, 1, 0, 1, 1, 0, 1, 0, 0, 1, 0, 0, 0, 1, 0, 1, 1, 1, 1, 0, 1, 0, 0, 1, 0, 0, 0, 1, 1, 0, 0, 0, 1, 1, 0, 1, 0, 0, 1, 1, 1, 0, 1, 1, 1, 1, 0, 0, 1, 0, 0, 0, 0, 1, 0, 1, 1, 0, 1, 1, 1, 0, 1, 1, 0, 1, 1, 1, 0, 1, 1, 0, 0, 0, 1, 1]
[zoopt] value: 1.0
Trial 3 with random state 4200 and percentage = 21700
[zoopt] expected remaining running time: 00:28:54
[zoopt] x: [1, 0, 1, 0, 1, 1, 1, 0, 1, 0, 1, 1, 1, 1, 0, 1, 1, 1, 1, 1, 1, 0, 0, 1, 1, 1, 0, 1, 1, 0, 1, 0, 0, 1, 1, 0, 0, 0, 0, 0, 1, 0, 0, 1, 1, 0, 0, 1, 1, 0, 0, 1, 1, 1, 0, 1, 1, 0, 1, 1, 1, 0, 0, 1, 0, 0, 0, 0, 0, 0, 1, 1, 1, 1, 1, 0, 1, 1, 0, 1, 0, 0, 0, 1, 0, 0, 1, 0, 1, 1, 0, 1, 1, 1, 0, 1, 0, 0, 0, 0, 0, 0, 0, 0, 1, 0, 0, 0, 0, 1, 1, 1, 0, 0, 0, 1, 1, 0, 1, 0, 1, 1, 0, 1, 1, 0, 0, 1, 0, 1, 0, 0, 1, 1, 0, 0, 1, 1, 1, 0, 0, 1, 1, 1, 1, 0, 0, 1, 1, 0, 0, 1, 1, 0, 1, 1, 1, 1, 0, 1, 1, 1, 0, 1, 0, 1, 0, 0, 0, 0, 1, 1, 0, 0, 1, 1, 0, 0, 0, 0, 1, 0, 0, 0, 1, 1, 0, 1, 1, 1, 0, 1, 1, 1, 0, 1, 1, 0, 1, 1, 1, 0, 0, 0, 0, 1, 0, 1, 0, 0, 1, 0, 0, 1, 1, 1, 0]
[zoopt] value: 1.0
--- Pre-Attack Results ---
Result for key 0:
  BALANCE: [1.0, 1.0, 1.0]
  ENTROPY: [0.3437321685834296, 0.3437321685834296, 0.3437321685834296]
  ACC: [0.2408284023668639, 0.2408284023668639, 0.2408284023668639]
  NMI: [-2.574543514602823e-16, -2.574543514602823e-16, -2.574543514602823e-16]

Result for key 1:
  BALANCE: [1.0, 1.0, 1.0]
  ENTROPY: [0.3437321685834296, 0.3437321685834296, 0.3437321685834296]
  ACC: [0.2408284023668639, 0.2408284023668639, 0.2408284023668639]
  NMI: [-2.574543514602823e-16, -2.574543514602823e-16, -2.574543514602823e-16]

Result for key 2:
  BALANCE: [1.0, 1.0, 1.0]
  ENTROPY: [0.3437321685834296, 0.3437321685834296, 0.3437321685834296]
  ACC: [0.2408284023668639, 0.2408284023668639, 0.2408284023668639]
  NMI: [-2.574543514602823e-16, -2.574543514602823e-16, -2.574543514602823e-16]

Result for key 3:
  BALANCE: [1.0, 1.0, 1.0]
  ENTROPY: [0.3437321685834296, 0.3437321685834296, 0.3437321685834296]
  ACC: [0.2408284023668639, 0.2408284023668639, 0.2408284023668639]
  NMI: [-2.574543514602823e-16, -2.574543514602823e-16, -2.574543514602823e-16]

Result for key 4:
  BALANCE: [1.0, 1.0, 1.0]
  ENTROPY: [0.3437321685834296, 0.3437321685834296, 0.3437321685834296]
  ACC: [0.2408284023668639, 0.2408284023668639, 0.2408284023668639]
  NMI: [-2.574543514602823e-16, -2.574543514602823e-16, -2.574543514602823e-16]

Result for key 5:
  BALANCE: [1.0, 1.0, 1.0]
  ENTROPY: [0.3437321685834296, 0.3437321685834296, 0.3437321685834296]
  ACC: [0.2408284023668639, 0.2408284023668639, 0.2408284023668639]
  NMI: [-2.574543514602823e-16, -2.574543514602823e-16, -2.574543514602823e-16]

Result for key 6:
  BALANCE: [1.0, 1.0, 1.0]
  ENTROPY: [0.3437321685834296, 0.3437321685834296, 0.3437321685834296]
  ACC: [0.2408284023668639, 0.2408284023668639, 0.2408284023668639]
  NMI: [-2.574543514602823e-16, -2.574543514602823e-16, -2.574543514602823e-16]

Result for key 7:
  BALANCE: [1.0, 1.0, 1.0]
  ENTROPY: [0.3437321685834296, 0.3437321685834296, 0.3437321685834296]
  ACC: [0.2408284023668639, 0.2408284023668639, 0.2408284023668639]
  NMI: [-2.574543514602823e-16, -2.574543514602823e-16, -2.574543514602823e-16]

Result for key 8:
  BALANCE: [1.0, 1.0, 1.0]
  ENTROPY: [0.3437321685834296, 0.3437321685834296, 0.3437321685834296]
  ACC: [0.2408284023668639, 0.2408284023668639, 0.2408284023668639]
  NMI: [-2.574543514602823e-16, -2.574543514602823e-16, -2.574543514602823e-16]

--- Post-Attack Results ---
Result for key 0:
  BALANCE: [1.0, 1.0, 1.0]
  ENTROPY: [0.3437321685834296, 0.3437321685834296, 0.3437321685834296]
  ACC: [0.2408284023668639, 0.2408284023668639, 0.2408284023668639]
  NMI: [-2.574543514602823e-16, -2.574543514602823e-16, -2.574543514602823e-16]

Result for key 1:
  BALANCE: [1.0, 1.0, 1.0]
  ENTROPY: [0.3437321685834296, 0.3437321685834296, 0.3437321685834296]
  ACC: [0.2408284023668639, 0.2408284023668639, 0.2408284023668639]
  NMI: [-2.574543514602823e-16, -2.574543514602823e-16, -2.574543514602823e-16]

Result for key 2:
  BALANCE: [1.0, 1.0, 1.0]
  ENTROPY: [0.3437321685834296, 0.3437321685834296, 0.3437321685834296]
  ACC: [0.2408284023668639, 0.2408284023668639, 0.2408284023668639]
  NMI: [-2.574543514602823e-16, -2.574543514602823e-16, -2.574543514602823e-16]

Result for key 3:
  BALANCE: [1.0, 1.0, 1.0]
  ENTROPY: [0.3437321685834296, 0.3437321685834296, 0.3437321685834296]
  ACC: [0.2408284023668639, 0.2408284023668639, 0.2408284023668639]
  NMI: [-2.574543514602823e-16, -2.574543514602823e-16, -2.574543514602823e-16]

Result for key 4:
  BALANCE: [1.0, 1.0, 1.0]
  ENTROPY: [0.3437321685834296, 0.3437321685834296, 0.3437321685834296]
  ACC: [0.2408284023668639, 0.2408284023668639, 0.2408284023668639]
  NMI: [-2.574543514602823e-16, -2.574543514602823e-16, -2.574543514602823e-16]

Result for key 5:
  BALANCE: [1.0, 1.0, 1.0]
  ENTROPY: [0.3437321685834296, 0.3437321685834296, 0.3437321685834296]
  ACC: [0.2408284023668639, 0.2408284023668639, 0.2408284023668639]
  NMI: [-2.574543514602823e-16, -2.574543514602823e-16, -2.574543514602823e-16]

Result for key 6:
  BALANCE: [1.0, 1.0, 1.0]
  ENTROPY: [0.3437321685834296, 0.3437321685834296, 0.3437321685834296]
  ACC: [0.2408284023668639, 0.2408284023668639, 0.2408284023668639]
  NMI: [-2.574543514602823e-16, -2.574543514602823e-16, -2.574543514602823e-16]

Result for key 7:
  BALANCE: [1.0, 1.0, 1.0]
  ENTROPY: [0.3437321685834296, 0.3437321685834296, 0.3437321685834296]
  ACC: [0.2408284023668639, 0.2408284023668639, 0.2408284023668639]
  NMI: [-2.574543514602823e-16, -2.574543514602823e-16, -2.574543514602823e-16]

Result for key 8:
  BALANCE: [1.0, 1.0, 1.0]
  ENTROPY: [0.3437321685834296, 0.3437321685834296, 0.3437321685834296]
  ACC: [0.2408284023668639, 0.2408284023668639, 0.2408284023668639]
  NMI: [-2.574543514602823e-16, -2.574543514602823e-16, -2.574543514602823e-16]

--- Random Attack Results ---
Result for key 0:
  BALANCE: [1.0, 1.0, 1.0]
  ENTROPY: [0.3437321685834296, 0.3437321685834296, 0.3437321685834296]
  ACC: [0.2408284023668639, 0.2408284023668639, 0.2408284023668639]
  NMI: [-2.574543514602823e-16, -2.574543514602823e-16, -2.574543514602823e-16]

Result for key 1:
  BALANCE: [1.0, 1.0, 1.0]
  ENTROPY: [0.3437321685834296, 0.3437321685834296, 0.3437321685834296]
  ACC: [0.2408284023668639, 0.2408284023668639, 0.2408284023668639]
  NMI: [-2.574543514602823e-16, -2.574543514602823e-16, -2.574543514602823e-16]

Result for key 2:
  BALANCE: [1.0, 1.0, 1.0]
  ENTROPY: [0.3437321685834296, 0.3437321685834296, 0.3437321685834296]
  ACC: [0.2408284023668639, 0.2408284023668639, 0.2408284023668639]
  NMI: [-2.574543514602823e-16, -2.574543514602823e-16, -2.574543514602823e-16]

Result for key 3:
  BALANCE: [1.0, 1.0, 1.0]
  ENTROPY: [0.3437321685834296, 0.3437321685834296, 0.3437321685834296]
  ACC: [0.2408284023668639, 0.2408284023668639, 0.2408284023668639]
  NMI: [-2.574543514602823e-16, -2.574543514602823e-16, -2.574543514602823e-16]

Result for key 4:
  BALANCE: [1.0, 1.0, 1.0]
  ENTROPY: [0.3437321685834296, 0.3437321685834296, 0.3437321685834296]
  ACC: [0.2408284023668639, 0.2408284023668639, 0.2408284023668639]
  NMI: [-2.574543514602823e-16, -2.574543514602823e-16, -2.574543514602823e-16]

Result for key 5:
  BALANCE: [1.0, 1.0, 1.0]
  ENTROPY: [0.3437321685834296, 0.3437321685834296, 0.3437321685834296]
  ACC: [0.2408284023668639, 0.2408284023668639, 0.2408284023668639]
  NMI: [-2.574543514602823e-16, -2.574543514602823e-16, -2.574543514602823e-16]

Result for key 6:
  BALANCE: [1.0, 1.0, 1.0]
  ENTROPY: [0.3437321685834296, 0.3437321685834296, 0.3437321685834296]
  ACC: [0.2408284023668639, 0.2408284023668639, 0.2408284023668639]
  NMI: [-2.574543514602823e-16, -2.574543514602823e-16, -2.574543514602823e-16]

16]

Result for key 7:
  BALANCE: [1.0, 1.0, 1.0]
  ENTROPY: [0.3437321685834296, 0.3437321685834296, 0.3437321685834296]  
  ACC: [0.2408284023668639, 0.2408284023668639, 0.2408284023668639]      
  NMI: [-2.574543514602823e-16, -2.574543514602823e-16, -2.574543514602823e-16]

Result for key 8:
  BALANCE: [1.0, 1.0, 1.0]
  ENTROPY: [0.3437321685834296, 0.3437321685834296, 0.3437321685834296]  
  ACC: [0.2408284023668639, 0.2408284023668639, 0.2408284023668639]      
  NMI: [-2.574543514602823e-16, -2.574543514602823e-16, -2.574543514602823e-16]