(fact2024) C:\Users\iason\Dev\CFC\Fair-Clustering-Codebase>python attack_for_plots.plored. Stop early
[zoopt]  [break loop] because solution is None
[zoopt] x: []
[zoopt] value: 0.3437321685834296
Trial 1 with random state 150 and percentage = 2100
[zoopt] expected remaining running time: 00:39:01
[zoopt] x: [1, 1, 1, 0, 1, 1, 1, 0, 0, 0, 1, 0, 0, 1, 0, 0, 1, 0, 1, 0, 0]
[zoopt] value: 0.3437321685834296
Trial 2 with random state 1 and percentage = 2100
[zoopt] expected remaining running time: 00:37:35
[zoopt] x: [0, 1, 1, 0, 1, 1, 1, 1, 1, 1, 1, 1, 1, 0, 1, 0, 0, 1, 1, 1, 0]
[zoopt] value: 0.3437321685834296
Trial 3 with random state 4200 and percentage = 2100
[zoopt] expected remaining running time: 00:31:30
[zoopt] x: [1, 0, 1, 0, 1, 1, 1, 0, 1, 0, 1, 1, 1, 1, 0, 1, 1, 1, 1, 1, 1]
[zoopt] value: 0.3437321685834296
Trial 1 with random state 150 and percentage = 5400
[zoopt] expected remaining running time: 00:29:09
[zoopt] x: [1, 1, 1, 0, 1, 1, 1, 0, 0, 1, 1, 0, 0, 1, 0, 0, 0, 0, 1, 0, 0, 1, 0, 0, 0, 1, 0, 0, 0, 1, 1, 0, 1, 0, 1, 0, 1, 1, 0, 1, 1, 0, 1, 1, 0, 1, 0, 0, 1, 0, 0, 0, 0, 1]
[zoopt] value: 0.3437321685834296
Trial 2 with random state 1 and percentage = 5400
[zoopt] expected remaining running time: 00:29:16
[zoopt] x: [0, 1, 1, 0, 1, 1, 0, 1, 1, 1, 1, 1, 1, 0, 1, 0, 0, 1, 1, 1, 1, 0, 0, 0, 1, 0, 0, 1, 0, 0, 0, 0, 0, 1, 1, 1, 1, 0, 0, 0, 0, 1, 0, 1, 0, 1, 1, 0, 1, 1, 1, 0, 0, 1]
[zoopt] value: 0.3437321685834296
Trial 3 with random state 4200 and percentage = 5400
[zoopt] expected remaining running time: 00:29:14
[zoopt] x: [1, 0, 1, 0, 1, 1, 1, 0, 1, 0, 1, 1, 1, 1, 0, 1, 1, 1, 1, 1, 1, 0, 0, 1, 1, 1, 0, 1, 1, 0, 1, 0, 0, 1, 1, 0, 0, 0, 0, 0, 1, 0, 0, 1, 1, 0, 0, 1, 1, 0, 0, 1, 1, 1]
[zoopt] value: 0.3437321685834296
Trial 1 with random state 150 and percentage = 8300
[zoopt] expected remaining running time: 00:29:05
[zoopt] x: [1, 1, 1, 0, 1, 1, 1, 0, 0, 1, 1, 0, 0, 1, 0, 0, 0, 0, 1, 0, 0, 1, 0, 0, 0, 1, 0, 0, 0, 1, 1, 0, 1, 0, 1, 0, 1, 1, 0, 1, 1, 1, 1, 1, 0, 1, 0, 0, 1, 0, 0, 0, 0, 1, 1, 0, 1, 0, 0, 0, 1, 1, 1, 1, 1, 1, 1, 0, 0, 1, 0, 0, 0, 0, 0, 0, 1, 1, 1, 0, 1, 0, 0]
[zoopt] value: 0.3437321685834296
Trial 2 with random state 1 and percentage = 8300
[zoopt] expected remaining running time: 00:29:05
[zoopt] x: [0, 1, 1, 0, 1, 1, 1, 1, 1, 1, 1, 1, 1, 0, 1, 0, 0, 1, 1, 1, 0, 0, 0, 0, 1, 1, 0, 1, 0, 0, 0, 0, 0, 1, 1, 1, 1, 0, 0, 0, 0, 1, 0, 1, 0, 1, 1, 0, 1, 1, 1, 0, 0, 1, 0, 0, 1, 1, 1, 0, 1, 1, 1, 0, 0, 1, 0, 0, 1, 0, 0, 0, 0, 1, 1, 0, 1, 0, 1, 1, 1, 1, 0]
[zoopt] value: 0.3437321685834296
Trial 3 with random state 4200 and percentage = 8300
[zoopt] expected remaining running time: 00:29:13
[zoopt] x: [1, 0, 1, 0, 1, 1, 1, 0, 1, 0, 1, 1, 1, 1, 0, 1, 1, 1, 1, 1, 1, 0, 0, 1, 1, 1, 0, 1, 1, 0, 1, 0, 0, 1, 1, 0, 0, 0, 0, 0, 1, 0, 0, 1, 1, 0, 0, 1, 1, 0, 0, 1, 1, 1, 0, 1, 1, 0, 1, 1, 1, 0, 0, 1, 0, 0, 0, 0, 0, 0, 1, 1, 1, 1, 1, 0, 1, 1, 0, 1, 0, 0, 0]
[zoopt] value: 0.3437321685834296
Trial 1 with random state 150 and percentage = 10800
[zoopt] expected remaining running time: 00:29:03
[zoopt] x: [1, 1, 1, 0, 1, 1, 1, 0, 0, 1, 1, 0, 0, 1, 0, 0, 0, 0, 1, 0, 0, 1, 0, 0, 0, 1, 0, 0, 0, 1, 1, 0, 1, 0, 1, 0, 1, 1, 0, 1, 1, 0, 1, 1, 0, 0, 0, 0, 1, 0, 0, 0, 1, 1, 1, 0, 1, 0, 0, 0, 1, 1, 1, 1, 1, 1, 1, 0, 0, 1, 0, 0, 0, 0, 1, 0, 1, 1, 0, 0, 1, 0, 0, 0, 0, 0, 0, 1, 1, 1, 1, 0, 0, 1, 0, 1, 1, 0, 1, 1, 1, 1, 0, 0, 1, 1, 1, 1]
[zoopt] value: 0.3437321685834296
Trial 2 with random state 1 and percentage = 10800
[zoopt] expected remaining running time: 00:29:07
[zoopt] x: [0, 1, 1, 0, 1, 1, 1, 1, 1, 1, 1, 1, 1, 0, 1, 0, 0, 1, 1, 1, 0, 0, 0, 0, 1, 0, 0, 1, 0, 0, 0, 0, 0, 1, 1, 1, 1, 0, 0, 0, 0, 1, 0, 1, 0, 1, 1, 0, 1, 1, 1, 0, 0, 1, 0, 0, 1, 1, 1, 0, 1, 1, 1, 0, 0, 1, 0, 0, 1, 0, 1, 0, 0, 1, 1, 0, 1, 0, 1, 1, 1, 1, 0, 1, 0, 0, 0, 0, 1, 1, 0, 0, 1, 0, 1, 0, 1, 0, 1, 0, 0, 1, 1, 1, 0, 1, 0, 1]
[zoopt] value: 0.3437321685834296
Trial 3 with random state 4200 and percentage = 10800
[zoopt] expected remaining running time: 00:29:15
[zoopt] x: [1, 0, 1, 0, 1, 1, 1, 0, 1, 0, 1, 1, 1, 1, 1, 1, 1, 1, 1, 1, 1, 0, 0, 1, 1, 1, 0, 1, 1, 0, 1, 0, 0, 1, 1, 1, 0, 0, 0, 0, 1, 0, 0, 1, 1, 0, 0, 1, 1, 0, 0, 1, 1, 1, 0, 1, 1, 0, 1, 1, 1, 0, 0, 1, 0, 0, 0, 0, 0, 0, 1, 1, 1, 1, 1, 0, 1, 1, 0, 1, 0, 0, 0, 1, 0, 0, 1, 0, 1, 1, 0, 1, 1, 1, 0, 1, 0, 0, 0, 0, 0, 0, 0, 0, 1, 0, 0, 0]
[zoopt] value: 0.3437321685834296
Trial 1 with random state 150 and percentage = 13700
[zoopt] expected remaining running time: 00:29:02
[zoopt] x: [1, 1, 1, 0, 1, 1, 1, 0, 0, 1, 1, 0, 0, 1, 0, 0, 0, 0, 1, 0, 0, 1, 0, 0, 0, 1, 0, 0, 0, 1, 1, 0, 1, 0, 1, 0, 1, 1, 1, 1, 1, 0, 1, 1, 0, 1, 0, 0, 1, 0, 0, 0, 0, 1, 1, 0, 1, 0, 0, 0, 1, 1, 1, 1, 1, 1, 1, 0, 0, 1, 0, 0, 0, 0, 0, 0, 1, 1, 1, 0, 1, 0, 0, 0, 0, 0, 0, 1, 1, 1, 1, 0, 0, 1, 0, 1, 1, 0, 1, 1, 1, 1, 0, 0, 1, 1, 1, 1, 1, 0, 1, 1, 0, 0, 0, 1, 1, 0, 0, 1, 1, 0, 1, 0, 1, 1, 1, 1, 1, 1, 0, 0, 0, 0, 1, 1, 1]
[zoopt] value: 0.3437321685834296
Trial 2 with random state 1 and percentage = 13700
[zoopt] expected remaining running time: 00:29:22
[zoopt] x: [0, 1, 1, 0, 1, 1, 1, 1, 1, 1, 1, 1, 1, 0, 1, 0, 0, 1, 1, 1, 0, 0, 1, 0, 1, 0, 0, 1, 0, 0, 0, 0, 0, 1, 1, 1, 1, 0, 0, 0, 0, 1, 0, 1, 0, 1, 1, 0, 1, 1, 1, 0, 0, 1, 0, 0, 1, 1, 1, 0, 1, 1, 1, 0, 1, 1, 0, 0, 1, 0, 1, 0, 0, 1, 1, 1, 1, 0, 1, 1, 1, 1, 0, 1, 0, 0, 0, 0, 1, 1, 0, 0, 1, 0, 1, 0, 1, 0, 1, 0, 0, 1, 1, 1, 0, 1, 0, 1, 1, 1, 1, 0, 0, 1, 0, 1, 0, 0, 0, 0, 0, 1, 1, 0, 0, 0, 0, 1, 1, 1, 1, 1, 1, 1, 0, 0, 0]
[zoopt] value: 0.3437321685834296
Trial 3 with random state 4200 and percentage = 13700
[zoopt] expected remaining running time: 00:29:18
[zoopt] x: [1, 0, 1, 0, 1, 1, 1, 0, 1, 0, 1, 1, 1, 1, 0, 1, 1, 1, 1, 1, 1, 0, 0, 1, 1, 1, 0, 1, 1, 1, 1, 0, 0, 1, 1, 0, 0, 0, 0, 0, 1, 0, 0, 1, 1, 0, 0, 1, 1, 0, 0, 1, 1, 1, 0, 1, 1, 0, 1, 1, 1, 0, 0, 1, 0, 0, 0, 0, 0, 0, 1, 1, 1, 1, 1, 0, 1, 1, 0, 1, 0, 0, 0, 0, 0, 0, 1, 0, 1, 1, 0, 1, 1, 1, 0, 1, 0, 0, 0, 0, 0, 0, 0, 0, 1, 0, 0, 0, 0, 1, 1, 1, 0, 0, 0, 1, 1, 0, 1, 0, 1, 1, 0, 1, 1, 0, 0, 1, 0, 1, 0, 0, 1, 1, 0, 0, 1]
[zoopt] value: 0.3437321685834296
Trial 1 with random state 150 and percentage = 16200     
[zoopt] expected remaining running time: 00:29:04        
[zoopt] x: [1, 1, 1, 0, 1, 1, 1, 0, 0, 1, 1, 0, 0, 1, 0, 0, 0, 0, 1, 0, 0, 1, 0, 0, 0, 1, 0, 0, 0, 1, 1, 0, 1, 0, 1, 0, 1, 1, 0, 1, 1, 0, 1, 1, 0, 1, 0, 0, 1, 0, 0, 0, 0, 1, 1, 0, 1, 0, 1, 0, 1, 1, 1, 1, 1, 1, 1, 0, 0, 1, 0, 0, 0, 0, 0, 0, 1, 1, 1, 0, 1, 0, 0, 0, 0, 0, 0, 1, 1, 1, 1, 0, 0, 1, 0, 1, 1, 0, 1, 1, 1, 1, 0, 0, 1, 1, 1, 1, 1, 0, 1, 1, 0, 0, 0, 1, 1, 0, 0, 1, 1, 0, 1, 0, 1, 1, 1, 1, 1, 1, 0, 0, 0, 0, 1, 1, 1, 1, 1, 1, 1, 0, 0, 1, 1, 1, 0, 0, 0, 0, 0, 0, 0, 0, 1, 0, 0, 0, 1, 1, 0, 1]
[zoopt] value: 0.3437321685834296
Trial 2 with random state 1 and percentage = 16200       
[zoopt] expected remaining running time: 00:29:35
[zoopt] x: [0, 1, 1, 0, 1, 1, 1, 1, 1, 1, 1, 1, 1, 0, 1, 0, 0, 1, 1, 1, 0, 0, 0, 0, 1, 0, 0, 1, 0, 0, 0, 0, 0, 1, 1, 1, 1, 0, 0, 0, 0, 1, 0, 1, 0, 1, 1, 0, 1, 1, 1, 0, 0, 1, 0, 0, 1, 1, 1, 0, 1, 1, 1, 0, 0, 1, 0, 0, 1, 0, 1, 0, 0, 1, 1, 0, 1, 0, 1, 1, 1, 1, 0, 1, 0, 0, 0, 0, , 1, 1, 1, 1, 0, 0, 1, 1, 1, 1, 1, 0, 1, 1, 1, 0, 0, 1, 1, 0, 0, 1, 1, 0, 1, 0, 1, 1, 1, 1, 1, 1, 0, 0, 0, 0, 1, 1, 1, 1, 1, 1, 1, 0, 0, 1[zoopt] value: 0.3437321685834296
Trial 2 with random state 1 and percentage = 19500
[zoopt] expected remaining running time: 00:30:40
[zoopt] x: [0, 1, 1, 0, 1, 1, 1, 1, 1, 1, 1, 1, 1, 0, 1, 0, 0, 1, 1, 1, 0, 0, 0, 0, 1, 0, 0, Trial 2 with random state 1 and percentage = 19500
[zoopt] expected remaining running time: 00:30:40
[zoopt] x: [0, 1, 1, 0, 1, 1, 1, 1, 1, 1, 1, 1, 1, 0, 1, 0, 0, 1, 1, 1, 0, 0, 0, 0, 1, 0, 0, 1, 0, 0, 0, 0, 0, 1, 1, 1, 1, 0, 0, 0, 0, 1, 0, 1, 0, 1, 1, 0, 1, 1, 1, 0, 0, 1, 0, 0, 1, 1, 1, 0, 1, 1, 1, 0, 0, 1, 0, 0, 1, 0, 1, 0, 0, 1, 1, 0, 1, 0, 1, 1, 1, 0, 0, 1, 0, 0, 0, 0, 1, 1, 0, 0, 1, 0, 1, 0, 1, 0, 1, 0, 0, 1, 1, 1, 0, 1, 0, 1, 1, 1, 1, 0, 0, 1, 0, 1, 0, 0, 0, 0, 0, 1, 1, 0, 0, 0, 0, 1, 0, 1, 1, 1, 1, 1, 0, 0, 0, 1, 1, 0, 0, 0, 1, 0, 1, 1, 0, 1, 0, 0, 1, 0, 0, 0, 1, 0, 1, 1, 1, 1, 0, 1, 1, 0, 1, 0, 0, 0, 1, 1, 0, 0, 0, 1, 1, 0, 1, 0, 0, 1, 1, 1, 0, 1, 1, 1, 1, 0, 0, 1, 0, 0, 0, 0, 1]
[zoopt] value: 0.3437321685834296
Trial 3 with random state 4200 and percentage = 19500
[zoopt] expected remaining running time: 00:37:25
[zoopt] x: [1, 0, 1, 0, 1, 1, 1, 0, 1, 0, 1, 1, 1, 1, 0, 1, 1, 1, 1, 1, 1, 0, 0, 1, 1, 1, 0, 1, 1, 0, 1, 0, 0, 1, 1, 0, 0, 0, 0, 0, 1, 0, 0, 1, 1, 0, 0, 1, 1, 0, 0, 1, 1, 1, 0, 1, 1, 0, 1, 1, 1, 0, 0, 1, 0, 0, 0, 0, 0, 0, 1, 1, 1, 1, 1, 0, 1, 1, 0, 1, 0, 0, 0, 1, 0, 0, 1, 0, 1, 1, 0, 1, 1, 1, 0, 1, 0, 0, 0, 0, 0, 0, 0, 0, 1, 0, 0, 0, 0, 1, 1, 1, 0, 0, 0, 1, 1, 0, 1, 0, 1, 1, 0, 1, 1, 0, 0, 1, 0, 1, 0, 0, 1, 1, 0, 0, 1, 1, 1, 0, 0, 1, 1, 1, 1, 0, 0, 1, 1, 0, 0, 1, 1, 0, 1, 1, 1, 1, 0, 1, 1, 1, 0, 1, 0, 1, 0, 0, 1, 0, 1, 1, 0, 0, 1, 1, 0, 0, 0, 0, 1, 0, 0, 0, 1, 1, 0, 1, 1, 1, 0, 1, 1, 1, 0]
[zoopt] value: 0.3437321685834296
Trial 1 with random state 150 and percentage = 21700
[zoopt] expected remaining running time: 00:29:37
[zoopt] x: [1, 1, 1, 0, 1, 1, 1, 0, 0, 1, 1, 0, 0, 1, 0, 0, 0, 0, 1, 0, 0, 1, 0, 0, 0, 1, 0, 0, 0, 1, 1, 0, 1, 0, 1, 0, 1, 1, 0, 1, 1, 0, 1, 1, 0, 1, 0, 0, 1, 0, 0, 0, 0, 1, 1, 0, 1, 0, 0, 0, 1, 1, 1, 1, 1, 1, 1, 0, 0, 1, 0, 0, 0, 0, 0, 0, 1, 1, 1, 0, 1, 0, 0, 0, 0, 0, 0, 1, 1, 1, 1, 0, 0, 1, 0, 1, 1, 0, 1, 1, 1, 1, 0, 0, 1, 1, 1, 1, 1, 0, 1, 1, 0, 0, 0, 1, 1, 0, 0, 1, 1, 0, 1, 0, 1, 1, 0, 1, 1, 1, 0, 0, 1, 0, 1, 1, 1, 1, 1, 1, 1, 0, 0, 1, 1, 1, 0, 0, 0, 0, 0, 0, 0, 0, 1, 0, 0, 0, 1, 1, 0, 1, 0, 0, 1, 0, 1, 1, 0, 0, 1, 0, 0, 0, 1, 1, 0, 0, 1, 1, 0, 1, 1, 1, 1, 1, 1, 1, 1, 0, 0, 1, 1, 0, 0, 0, 0, 1, 0, 1, 1, 1, 0, 1, 0, 1, 0, 1, 1, 0, 1, 1, 0, 0, 0, 1, 0]
[zoopt] value: 0.3437321685834296
Trial 2 with random state 1 and percentage = 21700
[zoopt] expected remaining running time: 00:29:40
[zoopt] x: [0, 1, 1, 0, 1, 1, 1, 1, 1, 1, 1, 1, 1, 0, 1, 0, 0, 1, 1, 1, 0, 0, 0, 0, 1, 0, 0, 1, 1, 0, 0, 0, 0, 1, 1, 1, 1, 0, 0, 0, 0, 1, 0, 1, 0, 1, 1, 0, 1, 1, 1, 0, 0, 1, 0, 0, 1, 1, 1, 0, 1, 1, 1, 0, 0, 1, 0, 0, 1, 0, 1, 0, 0, 1, 1, 0, 1, 0, 1, 1, 1, 1, 0, 1, 0, 0, 0, 0, 1, 1, 0, 0, 1, 0, 1, 0, 1, 0, 1, 0, 0, 1, 1, 1, 0, 1, 0, 1, 1, 1, 1, 0, 0, 1, 0, 1, 0, 0, 0, 0, 0, 1, 1, 0, 0, 0, 0, 1, 0, 1, 1, 1, 1, 1, 0, 0, 0, 1, 1, 0, 0, 0, 1, 0, 1, 1, 0, 1, 0, 0, 1, 0, 0, 0, 1, 0, 1, 1, 1, 1, 0, 1, 0, 0, 1, 0, 0, 0, 1, 1, 0, 0, 0, 1, 1, 0, 1, 0, 0, 1, 1, 1, 0, 1, 1, 1, 1, 0, 0, 1, 0, 0, 0, 0, 1, 0, 1, 1, 0, 1, 1, 1, 0, 1, 1, 0, 1, 1, 1, 0, 1, 1, 0, 0, 0, 1, 1]
[zoopt] value: 0.3437321685834296
Trial 3 with random state 4200 and percentage = 21700
[zoopt] expected remaining running time: 00:29:47
[zoopt] x: [1, 0, 1, 0, 1, 1, 1, 0, 1, 0, 1, 1, 1, 1, 0, 1, 1, 1, 1, 1, 1, 0, 0, 1, 1, 1, 0, 1, 1, 0, 1, 0, 0, 1, 1, 0, 0, 0, 0, 0, 1, 0, 0, 1, 1, 0, 0, 1, 1, 0, 0, 1, 1, 1, 0, 1, 1, 0, 1, 1, 1, 0, 0, 1, 0, 0, 0, 0, 0, 0, 1, 1, 1, 1, 1, 0, 1, 1, 0, 1, 0, 0, 0, 1, 0, 0, 1, 0, 1, 1, 0, 1, 1, 1, 0, 1, 0, 0, 0, 0, 0, 0, 0, 0, 1, 0, 0, 0, 0, 1, 1, 1, 0, 0, 0, 1, 1, 0, 1, 0, 1, 1, 0, 1, 1, 0, 0, 1, 0, 1, 0, 0, 1, 1, 0, 0, 1, 1, 1, 0, 0, 1, 1, 1, 1, 0, 0, 1, 1, 0, 0, 1, 1, 0, 1, 1, 1, 1, 0, 1, 1, 1, 0, 1, 0, 1, 0, 0, 0, 0, 1, 1, 0, 0, 1, 1, 0, 0, 0, 0, 1, 0, 0, 0, 1, 1, 0, 1, 1, 1, 0, 1, 1, 1, 0, 1, 1, 0, 1, 1, 1, 0, 0, 0, 0, 1, 0, 1, 0, 0, 1, 0, 0, 1, 1, 1, 0]
[zoopt] value: 0.3437321685834296
--- Pre-Attack Results ---
Result for key 0:
  BALANCE: [1.0, 1.0, 1.0]
  ENTROPY: [0.3437321685834296, 0.3437321685834296, 0.3437321685834296]
  ACC: [0.2408284023668639, 0.2408284023668639, 0.2408284023668639]
  NMI: [-2.574543514602823e-16, -2.574543514602823e-16, -2.574543514602823e-16]

Result for key 1:
  BALANCE: [1.0, 1.0, 1.0]
  ENTROPY: [0.3437321685834296, 0.3437321685834296, 0.3437321685834296]
  ACC: [0.2408284023668639, 0.2408284023668639, 0.2408284023668639]
  NMI: [-2.574543514602823e-16, -2.574543514602823e-16, -2.574543514602823e-16]

Result for key 2:
  BALANCE: [1.0, 1.0, 1.0]
  ENTROPY: [0.3437321685834296, 0.3437321685834296, 0.3437321685834296]
  ACC: [0.2408284023668639, 0.2408284023668639, 0.2408284023668639]
  NMI: [-2.574543514602823e-16, -2.574543514602823e-16, -2.574543514602823e-16]

Result for key 3:
  BALANCE: [1.0, 1.0, 1.0]
  ENTROPY: [0.3437321685834296, 0.3437321685834296, 0.3437321685834296]
  ACC: [0.2408284023668639, 0.2408284023668639, 0.2408284023668639]
  NMI: [-2.574543514602823e-16, -2.574543514602823e-16, -2.574543514602823e-16]

Result for key 4:
  BALANCE: [1.0, 1.0, 1.0]
  ENTROPY: [0.3437321685834296, 0.3437321685834296, 0.3437321685834296]
  ACC: [0.2408284023668639, 0.2408284023668639, 0.2408284023668639]
  NMI: [-2.574543514602823e-16, -2.574543514602823e-16, -2.574543514602823e-16]

Result for key 5:
  BALANCE: [1.0, 1.0, 1.0]
  ENTROPY: [0.3437321685834296, 0.3437321685834296, 0.3437321685834296]
  ACC: [0.2408284023668639, 0.2408284023668639, 0.2408284023668639]
  NMI: [-2.574543514602823e-16, -2.574543514602823e-16, -2.574543514602823e-16]

Result for key 6:
  BALANCE: [1.0, 1.0, 1.0]
  ENTROPY: [0.3437321685834296, 0.3437321685834296, 0.3437321685834296]
  ACC: [0.2408284023668639, 0.2408284023668639, 0.2408284023668639]
  NMI: [-2.574543514602823e-16, -2.574543514602823e-16, -2.574543514602823e-16]

Result for key 7:
  BALANCE: [1.0, 1.0, 1.0]
  ENTROPY: [0.3437321685834296, 0.3437321685834296, 0.3437321685834296]
  ACC: [0.2408284023668639, 0.2408284023668639, 0.2408284023668639]
  NMI: [-2.574543514602823e-16, -2.574543514602823e-16, -2.574543514602823e-16]

Result for key 8:
  BALANCE: [1.0, 1.0, 1.0]
  ENTROPY: [0.3437321685834296, 0.3437321685834296, 0.3437321685834296]
  ACC: [0.2408284023668639, 0.2408284023668639, 0.2408284023668639]
  NMI: [-2.574543514602823e-16, -2.574543514602823e-16, -2.574543514602823e-16]

--- Post-Attack Results ---
Result for key 0:
  BALANCE: [1.0, 1.0, 1.0]
  ENTROPY: [0.3437321685834296, 0.3437321685834296, 0.3437321685834296]
  ACC: [0.2408284023668639, 0.2408284023668639, 0.2408284023668639]
  NMI: [-2.574543514602823e-16, -2.574543514602823e-16, -2.574543514602823e-16]

Result for key 1:
  BALANCE: [1.0, 1.0, 1.0]
  ENTROPY: [0.3437321685834296, 0.3437321685834296, 0.3437321685834296]
  ACC: [0.2408284023668639, 0.2408284023668639, 0.2408284023668639]
  NMI: [-2.574543514602823e-16, -2.574543514602823e-16, -2.574543514602823e-16]

Result for key 2:
  BALANCE: [1.0, 1.0, 1.0]
  ENTROPY: [0.3437321685834296, 0.3437321685834296, 0.3437321685834296]
  ACC: [0.2408284023668639, 0.2408284023668639, 0.2408284023668639]
  NMI: [-2.574543514602823e-16, -2.574543514602823e-16, -2.574543514602823e-16]

Result for key 3:
  BALANCE: [1.0, 1.0, 1.0]
  ENTROPY: [0.3437321685834296, 0.3437321685834296, 0.3437321685834296]
  ACC: [0.2408284023668639, 0.2408284023668639, 0.2408284023668639]
  NMI: [-2.574543514602823e-16, -2.574543514602823e-16, -2.574543514602823e-16]

Result for key 4:
  BALANCE: [1.0, 1.0, 1.0]
  ENTROPY: [0.3437321685834296, 0.3437321685834296, 0.3437321685834296]
  ACC: [0.2408284023668639, 0.2408284023668639, 0.2408284023668639]
  NMI: [-2.574543514602823e-16, -2.574543514602823e-16, -2.574543514602823e-16]

Result for key 5:
  BALANCE: [1.0, 1.0, 1.0]
  ENTROPY: [0.3437321685834296, 0.3437321685834296, 0.3437321685834296]
  ACC: [0.2408284023668639, 0.2408284023668639, 0.2408284023668639]
  NMI: [-2.574543514602823e-16, -2.574543514602823e-16, -2.574543514602823e-16]

Result for key 6:
  BALANCE: [1.0, 1.0, 1.0]
  ENTROPY: [0.3437321685834296, 0.3437321685834296, 0.3437321685834296]
  ACC: [0.2408284023668639, 0.2408284023668639, 0.2408284023668639]
  NMI: [-2.574543514602823e-16, -2.574543514602823e-16, -2.574543514602823e-16]

Result for key 7:
  BALANCE: [1.0, 1.0, 1.0]
  ENTROPY: [0.3437321685834296, 0.3437321685834296, 0.3437321685834296]
  ACC: [0.2408284023668639, 0.2408284023668639, 0.2408284023668639]
  NMI: [-2.574543514602823e-16, -2.574543514602823e-16, -2.574543514602823e-16]

Result for key 8:
  BALANCE: [1.0, 1.0, 1.0]
  ENTROPY: [0.3437321685834296, 0.3437321685834296, 0.3437321685834296]
  ACC: [0.2408284023668639, 0.2408284023668639, 0.2408284023668639]
  NMI: [-2.574543514602823e-16, -2.574543514602823e-16, -2.574543514602823e-16]

--- Random Attack Results ---
Result for key 0:
  BALANCE: [1.0, 1.0, 1.0]
  ENTROPY: [0.3437321685834296, 0.3437321685834296, 0.3437321685834296]
  ACC: [0.2408284023668639, 0.2408284023668639, 0.2408284023668639]
  NMI: [-2.574543514602823e-16, -2.574543514602823e-16, -2.574543514602823e-16]

Result for key 1:
  BALANCE: [1.0, 1.0, 1.0]
  ENTROPY: [0.3437321685834296, 0.3437321685834296, 0.3437321685834296]
  ACC: [0.2408284023668639, 0.2408284023668639, 0.2408284023668639]
  NMI: [-2.574543514602823e-16, -2.574543514602823e-16, -2.574543514602823e-16]

Result for key 2:
  BALANCE: [1.0, 1.0, 1.0]
  ENTROPY: [0.3437321685834296, 0.3437321685834296, 0.3437321685834296]
  ACC: [0.2408284023668639, 0.2408284023668639, 0.2408284023668639]
  NMI: [-2.574543514602823e-16, -2.574543514602823e-16, -2.574543514602823e-16]

Result for key 3:
  BALANCE: [1.0, 1.0, 1.0]
  ENTROPY: [0.3437321685834296, 0.3437321685834296, 0.3437321685834296]
  ACC: [0.2408284023668639, 0.2408284023668639, 0.2408284023668639]
  NMI: [-2.574543514602823e-16, -2.574543514602823e-16, -2.574543514602823e-16]

Result for key 4:
  BALANCE: [1.0, 1.0, 1.0]
  ENTROPY: [0.3437321685834296, 0.3437321685834296, 0.3437321685834296]
  ACC: [0.2408284023668639, 0.2408284023668639, 0.2408284023668639]
  NMI: [-2.574543514602823e-16, -2.574543514602823e-16, -2.574543514602823e-16]

Result for key 5:
  BALANCE: [1.0, 1.0, 1.0]
  ENTROPY: [0.3437321685834296, 0.3437321685834296, 0.3437321685834296]
  ACC: [0.2408284023668639, 0.2408284023668639, 0.2408284023668639]
  NMI: [-2.574543514602823e-16, -2.574543514602823e-16, -2.574543514602823e-16]

Result for key 6:
  BALANCE: [1.0, 1.0, 1.0]
  ENTROPY: [0.3437321685834296, 0.3437321685834296, 0.3437321685834296]
  ACC: [0.2408284023668639, 0.2408284023668639, 0.2408284023668639]
  NMI: [-2.574543514602823e-16, -2.574543514602823e-16, -2.574543514602823e-16]

Result for key 7:
  BALANCE: [1.0, 1.0, 1.0]
  ENTROPY: [0.3437321685834296, 0.3437321685834296, 0.3437321685834296]
  ACC: [0.2408284023668639, 0.2408284023668639, 0.2408284023668639]
  NMI: [-2.574543514602823e-16, -2.574543514602823e-16, -2.574543514602823e-16]

Result for key 8:
  BALANCE: [1.0, 1.0, 1.0]
  ENTROPY: [0.3437321685834296, 0.3437321685834296, 0.3437321685834296]
  ACC: [0.2408284023668639, 0.2408284023668639, 0.2408284023668639]
  NMI: [-2.574543514602823e-16, -2.574543514602823e-16, -2.574543514602823e-16]