C:\Users\iason\Dev\CFC\Fair-Clustering-Codebase>python attack_extra_metrics.py --dataset MTFL --cl_algo SFD
Skipping line due to error:
(2000, 6048), (2000,), (2000,)
Clustering Algorithm: SFD
Dataset: MTFL
Number of Clusters: 2
Number of Data Points: 2000
Number of Sensitive Features: 2
Number of Features: 6048
# of clusters -> 2
Trial 1 with random state 150
[zoopt] expected remaining running time: 00:18:21
[zoopt] x: [0, 1, 1, 0, 1, 0, 1, 1, 0, 0, 0, 1, 0, 0, 1, 0, 1, 0, 1, 1, 1, 1, 0, 1, 1, 0, 1, 0, 1, 0, 0, 0, 0, 0, 0, 0, 1, 0, 1, 1, 0, 1, 0, 1, 1, 0, 0, 1, 1, 1, 1, 1, 0, 0, 0, 0, 1, 1, 1, 1, 1, 0, 0, 0, 1, 0, 1, 1, 1, 0, 1, 1, 0, 0, 1, 1, 1, 0, 0, 0, 0, 1, 1, 1, 0, 1, 0, 1, 1, 1]
[zoopt] value: 0.9667116509221773
Trial 2 with random state 1
[zoopt] expected remaining running time: 00:18:42
[zoopt] x: [1, 1, 1, 0, 0, 0, 1, 1, 1, 1, 1, 1, 1, 1, 0, 1, 0, 1, 0, 1, 1, 0, 0, 0, 0, 1, 0, 0, 1, 1, 1, 1, 0, 0, 1, 0, 0, 0, 0, 0, 0, 1, 0, 1, 1, 1, 0, 1, 1, 1, 0,, 0, 1, 1, 1, 0, 0, 0, 0, 0, 1, 1, 0, 0, 0, 0, 1, 0, 1, 0, 0, 1, 0, 1, 1, 1, 0, 1, 0, 1, 0, 1, 0, 0]
[zoopt] value: 0.9667116509221773
Trial 3 with random state 4200
[zoopt] expected remaining running time: 00:12:06
[zoopt] x: [1, 1, 1, 1, 0, 1, 1, 1, 1, 0, 0, 1, 0, 0, 1, 0, 1, 0, 0, 0, 0, 1, 1, 0, 0, 0, 1, 1, 0, 1, 1, 1, 1, 1, 0, 0, 0, 0, 0, 0, 1, 0, 0, 1, 0, 0, 1, 1, 0, 0, 0, 1, 0, 1, 1, 0, 0, 1, 1, 0, 0, 1, 0, 1, 1, 1, 1, 1, 0, 0, 1, 1, 0, 0, 1, 1, 0, 0, 1, 0, 1, 1, 1, 0, 0, 1, 0, 1, 1, 0]
[zoopt] value: 0.9667116509221773
Trial 4 with random state 424242
[zoopt] expected remaining running time: 00:11:31
[zoopt] x: [1, 1, 0, 1, 0, 0, 1, 1, 0, 0, 0, 0, 1, 1, 1, 1, 0, 0, 1, 0, 0, 1, 1, 1, 0, 0, 1, 1, 0, 0, 1, 0, 1, 1, 0, 0, 1, 0, 1, 0, 1, 1, 0, 0, 0, 0, 0, 1, 0, 0, 1, 1, 1, 1, 0, 1, 1, 1, 0, 1, 0, 0, 1, 0, 0, 0, 0, 1, 1, 0, 1, 1, 1, 0, 1, 0, 0, 1, 0, 1, 1, 1, 1, 0, 1, 1, 0, 1, 0, 0]
[zoopt] value: 0.9667116509221773
Trial 5 with random state 1947
[zoopt] expected remaining running time: 00:11:37
[zoopt] x: [1, 0, 0, 1, 0, 1, 0, 1, 1, 0, 1, 1, 1, 1, 1, 0, 0, 1, 0, 1, 1, 1, 0, 0, 1, 1, 1, 0, 1, 1, 0, 0, 1, 1, 0, 0, 0, 1, 0, 1, 1, 0, 1, 1, 0, 1, 0, 0, 1, 1, 1, 1, 0, 0, 1, 1, 0, 0, 0, 0, 0, 0, 1, 1, 1, 1, 1, 0, 1, 0, 1, 0, 1, 0, 1, 0, 0, 0, 0, 1, 0, 1, 1, 1, 0, 1, 1, 1, 0, 1]
[zoopt] value: 0.9667116509221773
Trial 6 with random state 355
[zoopt] expected remaining running time: 00:11:29
[zoopt] x: [0, 1, 1, 1, 1, 0, 0, 0, 1, 0, 0, 0, 0, 0, 0, 0, 0, 1, 0, 0, 0, 1, 1, 0, 0, 1, 0, 1, 1, 1, 1, 0, 0, 1, 1, 0, 1, 1, 0, 1, 1, 0, 0, 1, 0, 0, 0, 0, 1, 0, 0, 1, 1, 0, 1, 0, 1, 1, 0, 1, 1, 1, 0, 0, 0, 1, 0, 1, 1, 0, 0, 1, 0, 1, 1, 1, 0, 0, 0, 1, 1, 1, 0, 1, 0, 1, 1, 1, 1, 0]
[zoopt] value: 0.9667116509221773
Trial 7 with random state 256
[zoopt] expected remaining running time: 00:11:29
[zoopt] x: [0, 0, 0, 1, 1, 0, 1, 1, 0, 0, 0, 1, 0, 0, 0, 0, 1, 0, 1, 0, 0, 0, 0, 1, 1, 1, 0, 1, 0, 1, 0, 0, 1, 1, 1, 0, 1, 0, 1, 0, 0, 1, 0, 0, 1, 1, 1, 1, 0, 0, 1, 1, 1, 0, 0, 0, 1, 0, 1, 1, 1, 0, 0, 0, 0, 1, 0, 0, 1, 0, 1, 0, 1, 0, 1, 0, 0, 0, 0, 0, 0, 1, 1, 1, 1, 0, 0, 0, 1, 0]
[zoopt] value: 0.9667116509221773
Trial 8 with random state 7500
[zoopt] expected remaining running time: 00:11:13
[zoopt] x: [0, 1, 0, 0, 0, 1, 0, 1, 0, 0, 1, 1, 1, 1, 1, 0, 1,, 0, 1, 1, 0, 1, 1, 1, 1, 1, 1, 0, 1, 1, 0, 1, 1, 0, 1, 0, 0, 0, 0, 1, 1, 0, 1, 0, 1, 0, 1, 1, 0, 0, 1, 0, 1, 1, 0, 1, 0, 0, 1, 0, 1, 0, 0, 0, 0, 1, 1, 1, 1, 1, 1, 1, 1, 0, 1, 0, 1, 1, 1, 0, 0, 1, 0, 1, 0, 1, 1, 0, 0]
[zoopt] value: 0.9667116509221773
Trial 9 with random state 99999
[zoopt] expected remaining running time: 00:11:43
[zoopt] x: [0, 1, 0, 1, 0, 0, 0, 1, 0, 0, 1, 0, 0, 1, 1, 1, 1, 1, 0, 1, 1, 1, 0, 1, 1, 0, 0, 0, 0, 0, 0, 0, 0, 0, 0, 1, 0, 0, 0, 1, 1, 1, 0, 0, 1, 0, 0, 1, 0, 0, 1, 1, 0, 0, 1, 1, 1, 0, 1, 1, 1, 1, 1, 0, 1, 0, 0, 1, 1, 1, 0, 1, 0, 0, 0, 1, 1, 0, 1, 1, 1, 1, 1, 0, 1, 0, 1, 1, 0, 1]
[zoopt] value: 0.9667116509221773
Trial 10 with random state 18
[zoopt] expected remaining running time: 00:11:26
[zoopt] x: [0, 1, 1, 1, 1, 1, 1, 0, 1, 0, 1, 1, 0, 1, 1, 1, 0, 1, 1, 0, 1, 1, 0, 0, 0, 0, 0, 0, 0, 0, 0, 1, 1, 1, 0, 1, 0, 0, 1, 1, 0, 0, 0, 1, 1, 1, 1, 0, 1, 0, 0, 1, 1, 0, 0, 1, 1, 0, 0, 0, 0, 1, 0, 0, 1, 1, 0, 0, 0, 0, 1, 1, 0, 1, 0, 1, 1, 0, 1, 1, 0, 1, 1, 0, 0, 0, 1, 1, 0, 0]
[zoopt] value: 0.9667116509221773

Pre-Attack Results for MTFL and SFD
=========================================
BALANCE: Mean = 0.9711582042693376, Std = 1.1102230246251565e-16
MIN_CLUSTER_RATIO: Mean = 1.0115473441108542, Std = 2.220446049250313e-16
CLUSTER_DIST_L1: Mean = 0.02130909209709564, Std = 0.0        
CLUSTER_DIST_KL: Mean = 0.0009698043031814395, Std = 0.0      
SILHOUETTE_DIFF: Mean = 0.003389408281103637, Std = 0.0       
ENTROPY: Mean = 0.6924873963604788, Std = 1.1102230246251565e-16
ENTROPY_GROUP_A: Mean = 0.6679671050180751, Std = 0.0
ENTROPY_GROUP_B: Mean = 0.6573173855360653, Std = 0.0
ACC: Mean = 0.5285714285714286, Std = 0.0
NMI: Mean = 0.0008383546081703124, Std = 1.0842021724855044e-19
ARI: Mean = -0.004912666489535694, Std = 0.0
SIL: Mean = 0.1392208047037558, Std = 2.7755575615628914e-17  

Post-Attack Results for MTFL and SFD
=========================================
BALANCE: Mean = 0.9667116509221773, Std = 0.0
MIN_CLUSTER_RATIO: Mean = 0.9893899204244031, Std = 1.1102230246251565e-16
CLUSTER_DIST_L1: Mean = 0.03021986997288382, Std = 6.938893903907228e-18
CLUSTER_DIST_KL: Mean = 0.0018392891598711728, Std = 0.0      
SILHOUETTE_DIFF: Mean = 0.007634439506571078, Std = 1.734723475976807e-18
ENTROPY: Mean = 0.6923728129744602, Std = 0.0
ENTROPY_GROUP_A: Mean = 0.6922691419535777, Std = 1.1102230246251565e-16
ENTROPY_GROUP_B: Mean = 0.6879013471880919, Std = 0.0
ACC: Mean = 0.5121428571428571, Std = 0.0
NMI: Mean = 1.0991575553832207e-06, Std = 0.0
ARI: Mean = -0.0006778031905002935, Std = 1.0842021724855044e-19
SIL: Mean = 0.11979784193693574, Std = 1.3877787807814457e-17 

Random Attack Results for MTFL and SFD
=========================================
BALANCE: Mean = 0.9667116509221773, Std = 0.0
013471880919, Std = 0.0
ACC: Mean = 0.5121428571428571, Std = 0.0
NMI: Mean = 1.0991575553832207e-06, Std = 0.0
ARI: Mean = -0.0006778031905002935, Std = 1.0842021724855044e-19
SIL: Mean = 0.11979784193693574, Std = 1.3877787807814457e-17