(fact2024) C:\Users\iason\Dev\CFC\Fair-Clustering-Codebase>python attack.py --cl_algo KFC
(1293, 2048), (1293,), (1293,)
Number of Data Points: 1293
Number of Sensitive Features: 2
Number of Features: 2048
# of clusters -> 31
Trial 1 with random state 150
[zoopt] expected remaining running time: 00:03:33
[zoopt] x: [1, 0, 0, 1, 1, 1, 0, 0, 0, 0, 1, 1, 1, 0, 0, 0, 1, 1, 0]
[zoopt] value: 1.0
Trial 2 with random state 1
[zoopt] expected remaining running time: 00:03:17
[zoopt] x: [0, 0, 0, 0, 0, 0, 0, 1, 0, 1, 0, 0, 0, 0, 0, 0, 1, 1, 1]
[zoopt] value: 1.0
Trial 4 with random state 424242
[zoopt] expected remaining running time: 00:03:27
[zoopt] x: [0, 1, 1, 1, 0, 0, 0, 0, 1, 1, 0, 1, 1, 1, 1, 0, 1, 1, 0]
[zoopt] value: 0.7749140893470791
Trial 5 with random state 1947
[zoopt] expected remaining running time: 00:03:33
[zoopt] x: [1, 0, 0, 1, 0, 0, 1, 0, 1, 0, 0, 1, 1, 0, 1, 1, 1, 0, 0]
[zoopt] value: 1.0
Trial 6 with random state 355
[zoopt] expected remaining running time: 00:03:20
[zoopt] x: [1, 1, 1, 1, 0, 0, 0, 0, 0, 1, 1, 0, 0, 1, 0, 1, 1, 1, 0]
[zoopt] value: 1.0
Trial 7 with random state 256
[zoopt] expected remaining running time: 00:03:24
[zoopt] x: [0, 0, 0, 1, 1, 0, 0, 0, 0, 1, 1, 1, 0, 1, 1, 1, 1, 1, 1]
[zoopt] value: 1.0
Trial 8 with random state 7500
[zoopt] expected remaining running time: 00:03:19
[zoopt] x: [0, 1, 0, 0, 1, 1, 1, 1, 1, 1, 0, 1, 1, 1, 1, 0, 1, 1, 1]
[zoopt] value: 0.9385204595847612
Trial 9 with random state 99999
[zoopt] expected remaining running time: 00:03:19
[zoopt] x: [1, 0, 1, 1, 1, 0, 1, 1, 1, 0, 1, 1, 0, 0, 0, 1, 0, 1, 1]
[zoopt] value: 1.0
Trial 10 with random state 18
[zoopt] expected remaining running time: 00:03:20
[zoopt] x: [0, 1, 1, 1, 0, 0, 0, 0, 0, 1, 1, 1, 0, 1, 0, 1, 0, 1, 0]
[zoopt] value: 1.0
Pre-Attack Results
BALANCE: Mean = 0.971343454893184, Std = 0.0679936947735111
ENTROPY: Mean = 0.4012307017275651, Std = 0.1349294721992218
ACC: Mean = 0.05017182130584193, Std = 0.0007873841400267759
NMI: Mean = 0.0011912157548957482, Std = 0.0027166187645321915
Post-Attack Results
BALANCE: Mean = 0.971343454893184, Std = 0.0679936947735111
ENTROPY: Mean = 0.4012307017275651, Std = 0.1349294721992218
ACC: Mean = 0.050085910652920965, Std = 0.0005500965839718922
NMI: Mean = 0.0011888388247603434, Std = 0.0027098967973943344
Random Attack Results
BALANCE: Mean = 0.971343454893184, Std = 0.0679936947735111
ENTROPY: Mean = 0.4012307017275651, Std = 0.1349294721992218
ACC: Mean = 0.05017182130584193, Std = 0.0007873841400267759
NMI: Mean = 0.0013390100439874025, Std = 0.00313812828627506