============================================================================================== 
Warning! Mixing Conda and module environments may lead to corruption of the
user environment. 
We do not recommend users mixing those two environments unless absolutely
necessary. Note that 
SURF does not provide any support for Conda environment.
For more information, please refer to our software policy page:
https://servicedesk.surf.nl/wiki/display/WIKI/Software+policy+Snellius+and+Lisa#SoftwarepolicySnelliusandLisa-UseofAnacondaandMinicondaenvironmentsonSnellius 

Remember that many packages have already been installed on the system and can
be loaded using 
the 'module load <package__name>' command. If you are uncertain if a package is
already available 
on the system, please use 'module avail' or 'module spider' to search for it.
============================================================================================== 
(2414, 2016), (2414,), (2414,)
Clustering Algorithm: SFD
Dataset: Yale
Number of Clusters: 38
Number of Data Points: 2414
Number of Sensitive Features: 2
Number of Features: 2016
# of clusters -> 38
Trial 1 with random state 150 and percentage = 0
[zoopt] racos_common.py: WARNING -- sample space has been fully enumerated. Stop early
[zoopt] racos_common: WARNING -- sample space has been fully explored. Stop early
[zoopt]  [break loop] because solution is None
[zoopt] x: []
[zoopt] value: 3.881502554608816
Trial 2 with random state 1 and percentage = 0
[zoopt] racos_common.py: WARNING -- sample space has been fully enumerated. Stop early
[zoopt] racos_common: WARNING -- sample space has been fully explored. Stop early
[zoopt]  [break loop] because solution is None
[zoopt] x: []
[zoopt] value: 4.037619445156136
Trial 3 with random state 4200 and percentage = 0
[zoopt] racos_common.py: WARNING -- sample space has been fully enumerated. Stop early
[zoopt] racos_common: WARNING -- sample space has been fully explored. Stop early
[zoopt]  [break loop] because solution is None
[zoopt] x: []
[zoopt] value: 3.833238796374407
Trial 1 with random state 150 and percentage = 2100
[zoopt] expected remaining running time: 00:01:23
[zoopt] x: [0, 0, 1, 1, 1, 0, 1, 0, 0, 0, 0, 1, 1, 1, 1, 0, 1, 1, 0, 1, 1]
[zoopt] value: 3.5572397226474823
Trial 2 with random state 1 and percentage = 2100
[zoopt] expected remaining running time: 00:01:23
[zoopt] x: [0, 1, 1, 0, 0, 0, 1, 1, 0, 1, 0, 1, 0, 1, 0, 1, 0, 0, 0, 0, 0]
[zoopt] value: 3.9062668606134823
Trial 3 with random state 4200 and percentage = 2100
[zoopt] expected remaining running time: 00:01:23
[zoopt] x: [0, 0, 0, 0, 0, 0, 0, 0, 0, 0, 1, 1, 1, 1, 1, 0, 0, 1, 0, 1, 0]
[zoopt] value: 3.660066978332204
Trial 1 with random state 150 and percentage = 5400
[zoopt] expected remaining running time: 00:01:24
[zoopt] x: [1, 1, 1, 0, 1, 1, 0, 1, 1, 0, 0, 0, 1, 0, 1, 0, 1, 1, 1, 1, 0, 0, 0, 0, 0, 1, 0, 0, 1, 1, 1, 1, 1, 0, 1, 0, 0, 0, 0, 0, 1, 1, 1, 1, 1, 0, 0, 1, 0, 1, 0, 0, 0, 0]
[zoopt] value: 3.602349101738585
Trial 2 with random state 1 and percentage = 5400
[zoopt] expected remaining running time: 00:01:23
[zoopt] x: [0, 1, 1, 0, 0, 0, 1, 1, 0, 1, 0, 1, 0, 1, 0, 1, 0, 0, 0, 0, 1, 0, 0, 1, 1, 0, 0, 1, 1, 0, 1, 0, 0, 0, 1, 1, 1, 1, 0, 0, 0, 0, 1, 0, 1, 1, 1, 0, 0, 1, 0, 1, 1, 1]
[zoopt] value: 3.739689824517221
Trial 3 with random state 4200 and percentage = 5400
[zoopt] expected remaining running time: 00:01:24
[zoopt] x: [0, 0, 0, 1, 0, 0, 0, 0, 1, 0, 1, 1, 1, 0, 1, 0, 1, 0, 0, 0, 0, 1, 1, 1, 1, 1, 1, 0, 1, 1, 0, 0, 0, 1, 0, 1, 1, 1, 0, 1, 0, 1, 1, 0, 0, 0, 1, 1, 0, 0, 1, 1, 0, 1]
[zoopt] value: 3.908870537151899
Trial 1 with random state 150 and percentage = 8300
[zoopt] expected remaining running time: 00:01:24
[zoopt] x: [1, 1, 0, 1, 0, 0, 1, 1, 0, 0, 1, 1, 0, 0, 0, 1, 1, 1, 0, 0, 1, 1, 0, 1, 0, 0, 0, 0, 0, 0, 0, 0, 1, 1, 0, 1, 0, 0, 1, 1, 0, 1, 1, 0, 1, 1, 1, 0, 1, 0, 0, 0, 0, 1, 1, 1, 1, 0, 1, 1, 0, 1, 1, 0, 0, 0, 1, 0, 1, 0, 1, 1, 1, 1, 0, 0, 0, 0, 0, 1, 0, 0, 1]
[zoopt] value: 4.10929032412616
Trial 2 with random state 1 and percentage = 8300
[zoopt] expected remaining running time: 00:01:24
[zoopt] x: [1, 0, 1, 0, 1, 0, 0, 1, 0, 1, 0, 0, 1, 1, 0, 0, 1, 1, 0, 0, 0, 0, 0, 1, 1, 1, 1, 0, 0, 1, 0, 1, 0, 1, 1, 1, 0, 0, 1, 0, 1, 1, 1, 0, 1, 1, 0, 1, 0, 1, 0, 0, 0, 0, 1, 0, 0, 0, 1, 1, 1, 1, 0, 0, 0, 0, 0, 1, 1, 1, 1, 1, 1, 0, 1, 0, 1, 1, 1, 0, 1, 1, 0]
[zoopt] value: 3.688075875749285
Trial 3 with random state 4200 and percentage = 8300
[zoopt] expected remaining running time: 00:01:24
[zoopt] x: [0, 1, 0, 0, 0, 0, 0, 0, 0, 1, 1, 1, 1, 1, 1, 0, 0, 0, 1, 1, 0, 1, 0, 1, 0, 0, 0, 0, 1, 1, 1, 0, 1, 1, 0, 1, 0, 0, 0, 1, 1, 0, 1, 1, 0, 1, 0, 1, 0, 1, 1, 0, 1, 1, 1, 0, 0, 1, 0, 1, 0, 0, 1, 0, 1, 1, 1, 0, 1, 0, 1, 0, 0, 0, 0, 1, 1, 0, 1, 1, 1, 1, 0]
[zoopt] value: 3.6923212254914133
Trial 1 with random state 150 and percentage = 10800
[zoopt] expected remaining running time: 00:01:23
[zoopt] x: [1, 0, 1, 1, 0, 1, 1, 1, 1, 1, 0, 0, 1, 0, 0, 0, 1, 0, 1, 0, 0, 1, 0, 1, 0, 0, 0, 0, 1, 1, 1, 0, 0, 0, 0, 1, 0, 0, 1, 1, 1, 0, 0, 1, 0, 0, 0, 0, 1, 0, 1, 1, 1, 0, 0, 0, 1, 0, 1, 1, 0, 1, 1, 0, 1, 1, 1, 1, 1, 1, 0, 0, 0, 0, 1, 1, 0, 0, 0, 1, 1, 1, 0, 1, 0, 1, 0, 1, 0, 1, 1, 1, 0, 1, 1, 1, 1, 1, 1, 1, 1, 1, 0, 1, 1, 0, 1, 1]
[zoopt] value: 3.759341879082319
Trial 2 with random state 1 and percentage = 10800
[zoopt] expected remaining running time: 00:01:24
[zoopt] x: [1, 0, 1, 0, 1, 0, 0, 0, 0, 1, 0, 0, 1, 1, 0, 0, 1, 1, 0, 0, 0, 0, 0, 1, 1, 1, 1, 0, 0, 1, 0, 1, 0, 1, 1, 1, 0, 0, 1, 0, 1, 1, 1, 0, 1, 1, 0, 1, 0, 1, 0, 0, 0, 0, 1, 0, 0, 0, 1, 1, 1, 0, 0, 1, 0, 0, 0, 1, 1, 1, 1, 0, 0, 0, 1, 0, 1, 1, 1, 0, 1, 1, 0, 0, 1, 1, 1, 1, 0, 1, 1, 0, 1, 0, 1, 0, 1, 0, 1, 1, 1, 1, 1, 0, 1, 0, 0, 1]
[zoopt] value: 3.8508913950648385
Trial 3 with random state 4200 and percentage = 10800
[zoopt] expected remaining running time: 00:01:24
[zoopt] x: [0, 0, 0, 0, 1, 1, 1, 1, 1, 0, 0, 0, 1, 1, 0, 1, 0, 1, 0, 0, 0, 0, 1, 1, 1, 0, 1, 1, 0, 1, 0, 0, 0, 1, 1, 0, 1, 1, 0, 1, 0, 1, 0, 1, 1, 0, 1, 1, 0, 0, 0, 1, 0, 1, 0, 0, 1, 0, 1, 1, 1, 0, 1, 0, 1, 0, 0, 0, 0, 1, 1, 1, 1, 1, 1, 1, 0, 1, 0, 0, 0, 1, 0, 1, 1, 1, 0, 1, 0, 1, 1, 0, 0, 0, 1, 1, 0, 0, 1, 1, 0, 1, 0, 1, 0, 1, 0, 0]
[zoopt] value: 3.7060948997027
Trial 1 with random state 150 and percentage = 13700
[zoopt] expected remaining running time: 00:01:24
[zoopt] x: [1, 1, 0, 1, 0, 0, 1, 1, 0, 0, 1, 1, 0, 0, 0, 1, 1, 1, 0, 0, 1, 1, 0, 1, 0, 0, 0, 0, 0, 0, 0, 0, 1, 1, 0, 1, 0, 0, 1, 1, 1, 1, 0, 0, 1, 1, 1, 0, 1, 0, 0, 0, 0, 1, 1, 1, 1, 0, 1, 1, 0, 1, 1, 0, 0, 0, 1, 0, 1, 0, 1, 1, 1, 1, 0, 0, 0, 0, 0, 1, 0, 0, 1, 1, 1, 1, 1, 0, 1, 0, 0, 0, 0, 0, 1, 1, 1, 1, 1, 0, 0, 1, 0, 1, 0, 0, 0, 0, 1, 0, 1, 1, 0, 1, 1, 1, 1, 1, 0, 0, 1, 0, 0, 0, 1, 0, 1, 0, 0, 1, 0, 1, 0, 0, 0, 0, 1]
[zoopt] value: 3.513811631236393
Trial 2 with random state 1 and percentage = 13700
[zoopt] expected remaining running time: 00:01:24
[zoopt] x: [1, 0, 0, 1, 1, 1, 0, 1, 0, 0, 1, 0, 1, 1, 1, 1, 0, 1, 0, 1, 1, 1, 0, 1, 0, 0, 1, 0, 1, 1, 1, 0, 1, 0, 1, 0, 1, 1, 1, 1, 1, 1, 0, 0, 0, 1, 1, 0, 0, 1, 1, 0, 0, 0, 1, 0, 1, 0, 0, 0, 0, 1, 1, 1, 1, 0, 1, 0, 1, 0, 1, 1, 1, 0, 0, 1, 1, 1, 1, 0, 1, 1, 1, 0, 0, 0, 1, 1, 1, 1, 1, 0, 1, 1, 0, 1, 0, 1, 0, 0, 1, 1, 0, 1, 1, 1, 1, 1, 0, 1, 1, 1, 0, 1, 1, 0, 0, 0, 1, 0, 1, 0, 0, 1, 0, 1, 0, 0, 1, 1, 0, 0, 1, 0, 0, 1, 1]
[zoopt] value: 3.574754936528933
Trial 3 with random state 4200 and percentage = 13700
[zoopt] expected remaining running time: 00:01:23
[zoopt] x: [0, 0, 0, 0, 1, 1, 1, 1, 1, 0, 0, 0, 1, 1, 0, 1, 0, 1, 0, 0, 0, 0, 1, 1, 1, 0, 1, 1, 0, 1, 0, 0, 0, 1, 1, 0, 1, 1, 0, 1, 0, 1, 0, 1, 1, 0, 1, 1, 0, 0, 0, 1, 0, 1, 0, 0, 1, 0, 1, 1, 1, 0, 1, 0, 1, 0, 0, 0, 0, 1, 1, 1, 1, 1, 1, 1, 0, 1, 0, 0, 0, 1, 0, 1, 1, 1, 0, 1, 0, 1, 1, 0, 0, 0, 1, 1, 0, 0, 1, 1, 0, 1, 0, 1, 0, 1, 0, 0, 0, 0, 1, 1, 0, 1, 0, 0, 0, 1, 0, 0, 1, 1, 0, 1, 0, 0, 1, 1, 1, 0, 0, 1, 1, 0, 1, 0, 1]
[zoopt] value: 3.237629293572333
Trial 1 with random state 150 and percentage = 16200
[zoopt] expected remaining running time: 00:01:24
[zoopt] x: [1, 1, 0, 1, 0, 0, 0, 1, 0, 0, 1, 1, 0, 0, 0, 1, 1, 1, 0, 0, 1, 1, 0, 1, 0, 0, 0, 0, 0, 0, 0, 0, 1, 1, 0, 1, 0, 0, 1, 1, 1, 1, 0, 0, 1, 1, 1, 0, 1, 0, 0, 0, 0, 1, 1, 1, 1, 0, 1, 1, 0, 1, 1, 0, 0, 0, 1, 0, 0, 0, 1, 1, 1, 1, 0, 0, 0, 0, 0, 1, 0, 0, 1, 1, 1, 1, 0, 0, 1, 0, 0, 0, 0, 0, 1, 1, 1, 1, 1, 0, 0, 1, 0, 1, 0, 0, 1, 1, 1, 0, 1, 1, 0, 1, 1, 1, 1, 1, 0, 0, 1, 0, 0, 0, 1, 0, 1, 0, 0, 1, 0, 1, 0, 0, 0, 0, 1, 1, 1, 0, 0, 0, 0, 1, 0, 0, 1, 1, 1, 0, 0, 1, 0, 1, 0, 0, 0, 0, 1, 1, 1, 0]
[zoopt] value: 3.672523445300829
Trial 2 with random state 1 and percentage = 16200
[zoopt] expected remaining running time: 00:01:23
[zoopt] x: [0, 1, 1, 0, 0, 0, 1, 1, 0, 1, 0, 1, 0, 1, 0, 1, 0, 0, 0, 0, 1, 0, 0, 1, 1, 0, 0, 1, 1, 0, 0, 0, 0, 0, 1, 1, 1, 1, 0, 0, 1, 0, 1, 0, 1, 1, 1, 0, 0, 1, 0, 1, 1, 1, 0, 1, 1, 0, 1, 0, 1, 0, 0, 0, 0, 1, 0, 0, 0, 1, 1, 1, 1, 0, 0, 0, 0, 0, 1, 1, 1, 1, 1, 0, 0, 1, 0, 1, 1, 1, 0, 1, 1, 0, 0, 1, 1, 1, 1, 0, 1, 1, 0, 1, 0, 1, 0, 1, 0, 1, 1, 1, 1, 1, 0, 1, 0, 0, 1, 1, 0, 1, 1, 0, 0, 1, 1, 1, 0, 1, 0, 1, 0, 1, 1, 1, 0, 1, 1, 1, 0, 0, 1, 1, 0, 0, 1, 1, 0, 1, 1, 1, 0, 1, 0, 1, 1, 1, 1, 0, 1, 0]
[zoopt] value: 3.5029259496944847
Trial 3 with random state 4200 and percentage = 16200
[zoopt] expected remaining running time: 00:01:24
[zoopt] x: [0, 1, 0, 0, 0, 0, 0, 0, 0, 0, 1, 1, 1, 1, 1, 0, 0, 0, 1, 1, 0, 1, 0, 1, 0, 0, 0, 0, 1, 1, 1, 0, 1, 1, 0, 1, 0, 0, 0, 1, 1, 0, 1, 1, 0, 1, 0, 1, 0, 1, 1, 0, 1, 1, 0, 0, 0, 1, 0, 1, 0, 0, 1, 0, 1, 1, 1, 0, 1, 0, 1, 0, 0, 0, 0, 1, 1, 1, 1, 1, 1, 1, 0, 1, 0, 0, 0, 1, 0, 1, 1, 1, 0, 1, 0, 1, 1, 0, 0, 0, 1, 1, 0, 0, 1, 1, 0, 1, 0, 1, 0, 1, 0, 0, 0, 0, 1, 1, 1, 1, 0, 0, 0, 1, 0, 0, 0, 1, 0, 1, 0, 0, 1, 1, 0, 0, 0, 1, 1, 0, 1, 0, 1, 0, 1, 0, 1, 1, 0, 1, 0, 0, 0, 0, 1, 1, 0, 0, 0, 0, 0, 1]
[zoopt] value: 3.6209283580806515
Trial 1 with random state 150 and percentage = 19500
[zoopt] expected remaining running time: 00:01:24
[zoopt] x: [1, 1, 0, 1, 0, 0, 1, 1, 0, 0, 1, 1, 0, 0, 0, 1, 1, 1, 0, 0, 1, 1, 0, 1, 0, 0, 0, 0, 0, 0, 0, 0, 1, 1, 0, 1, 0, 0, 1, 1, 1, 1, 0, 0, 1, 1, 1, 0, 1, 0, 0, 0, 0, 1, 1, 1, 1, 0, 1, 1, 0, 1, 1, 0, 0, 0, 1, 0, 1, 0, 1, 1, 1, 1, 0, 0, 0, 0, 0, 1, 0, 0, 1, 1, 1, 1, 1, 0, 1, 0, 0, 0, 0, 0, 1, 1, 1, 1, 1, 0, 0, 1, 0, 1, 0, 0, 0, 0, 1, 0, 1, 1, 0, 1, 1, 1, 1, 1, 0, 0, 1, 0, 0, 0, 1, 0, 1, 0, 0, 1, 0, 1, 0, 0, 0, 0, 1, 1, 1, 0, 0, 0, 0, 1, 0, 0, 1, 1, 1, 0, 0, 1, 0, 1, 0, 0, 0, 0, 1, 1, 1, 0, 0, 0, 1, 0, 1, 1, 0, 1, 1, 0, 1, 1, 1, 1, 1, 1, 0, 0, 0, 0, 1, 1, 0, 0, 0, 1, 1, 1, 0, 1, 0, 1, 0]
[zoopt] value: 3.734325316061033
Trial 2 with random state 1 and percentage = 19500
[zoopt] expected remaining running time: 00:01:24
[zoopt] x: [0, 1, 1, 0, 0, 0, 1, 1, 0, 1, 0, 1, 0, 1, 0, 1, 0, 0, 0, 0, 1, 0, 0, 1, 1, 0, 0, 1, 1, 0, 0, 0, 0, 0, 1, 1, 1, 1, 0, 0, 1, 0, 1, 0, 1, 1, 1, 0, 0, 1, 0, 1, 1, 1, 0, 1, 1, 0, 1, 0, 1, 0, 0, 0, 0, 1, 0, 0, 1, 1, 1, 1, 1, 0, 0, 0, 0, 0, 1, 1, 1, 1, 1, 0, 0, 1, 0, 1, 1, 1, 0, 1, 0, 0, 0, 1, 1, 1, 1, 0, 1, 1, 0, 1, 0, 1, 0, 1, 0, 1, 1, 1, 1, 1, 0, 1, 0, 0, 1, 1, 0, 1, 1, 0, 0, 1, 1, 1, 0, 1, 0, 1, 0, 1, 1, 1, 0, 1, 1, 1, 0, 0, 1, 1, 0, 0, 1, 1, 0, 1, 1, 1, 0, 1, 0, 1, 1, 1, 1, 0, 1, 0, 0, 1, 1, 0, 0, 1, 1, 0, 1, 1, 0, 1, 1, 1, 0, 0, 1, 1, 1, 0, 1, 1, 1, 0, 1, 0, 1, 1, 1, 1, 1, 0, 1]
[zoopt] value: 3.239705624262306
Trial 3 with random state 4200 and percentage = 19500
[zoopt] expected remaining running time: 00:01:23
[zoopt] x: [0, 0, 0, 0, 1, 1, 1, 1, 1, 0, 0, 0, 1, 1, 0, 1, 0, 1, 0, 0, 0, 0, 1, 1, 1, 0, 1, 1, 0, 1, 0, 0, 0, 1, 1, 0, 1, 1, 0, 1, 0, 1, 0, 1, 1, 0, 1, 1, 0, 0, 0, 1, 0, 1, 0, 0, 1, 0, 1, 1, 1, 0, 1, 0, 1, 0, 0, 0, 0, 1, 1, 1, 1, 1, 1, 1, 0, 1, 0, 0, 0, 1, 0, 1, 1, 1, 0, 1, 0, 1, 1, 0, 0, 0, 1, 1, 0, 0, 1, 1, 0, 1, 0, 1, 0, 1, 0, 0, 0, 0, 0, 1, 1, 1, 0, 0, 0, 1, 0, 0, 0, 1, 0, 1, 0, 0, 1, 1, 0, 0, 0, 1, 1, 0, 1, 0, 1, 0, 1, 0, 1, 1, 0, 1, 0, 0, 0, 0, 1, 1, 0, 0, 0, 0, 0, 1, 1, 0, 1, 1, 0, 1, 1, 0, 1, 1, 1, 0, 0, 1, 0, 1, 1, 1, 0, 1, 0, 0, 0, 0, 0, 0, 1, 0, 1, 0, 1, 1, 0, 0, 1, 1, 0, 0, 0]
[zoopt] value: 3.137267102302605
Trial 1 with random state 150 and percentage = 21700
[zoopt] expected remaining running time: 00:01:24
[zoopt] x: [0, 1, 1, 1, 1, 1, 0, 1, 0, 1, 1, 0, 1, 1, 0, 1, 0, 0, 1, 0, 0, 1, 0, 1, 1, 1, 1, 1, 0, 1, 0, 0, 1, 1, 1, 1, 1, 0, 0, 0, 1, 0, 0, 1, 0, 0, 0, 0, 1, 0, 1, 0, 1, 0, 1, 1, 0, 0, 0, 0, 0, 0, 1, 0, 0, 0, 1, 0, 1, 0, 0, 0, 0, 0, 0, 1, 0, 0, 1, 1, 1, 0, 0, 0, 0, 1, 0, 1, 1, 0, 0, 1, 1, 0, 1, 1, 1, 0, 1, 1, 0, 0, 0, 0, 1, 0, 1, 1, 0, 0, 0, 0, 1, 0, 0, 0, 0, 1, 1, 0, 0, 0, 1, 0, 1, 0, 1, 1, 1, 1, 1, 1, 1, 1, 1, 0, 1, 0, 0, 1, 0, 1, 1, 1, 0, 0, 1, 0, 0, 0, 1, 0, 0, 0, 1, 1, 0, 0, 1, 0, 1, 1, 0, 1, 1, 0, 1, 0, 0, 0, 1, 1, 0, 0, 0, 1, 0, 1, 0, 1, 0, 0, 0, 0, 0, 1, 1, 0, 1, 0, 0, 1, 1, 1, 0, 0, 1, 1, 1, 0, 1, 1, 0, 0, 1, 1, 0, 0, 1, 0, 1, 0, 1, 0, 0, 0, 1]
[zoopt] value: 3.5329981694976316
Trial 2 with random state 1 and percentage = 21700
[zoopt] expected remaining running time: 00:01:24
[zoopt] x: [0, 1, 1, 0, 0, 0, 1, 1, 0, 1, 0, 1, 0, 1, 0, 1, 0, 0, 0, 0, 1, 0, 0, 1, 1, 0, 0, 1, 1, 0, 0, 0, 0, 0, 1, 1, 1, 1, 0, 0, 1, 0, 1, 0, 1, 1, 1, 0, 0, 1, 0, 1, 1, 1, 0, 1, 1, 0, 1, 0, 1, 0, 0, 0, 0, 1, 0, 0, 0, 1, 1, 1, 1, 0, 0, 0, 0, 0, 1, 1, 1, 1, 1, 0, 0, 1, 0, 1, 1, 1, 0, 1, 1, 0, 0, 1, 1, 1, 1, 0, 1, 1, 0, 1, 0, 1, 0, 1, 1, 1, 1, 1, 1, 1, 0, 1, 0, 0, 1, 1, 0, 1, 1, 0, 0, 1, 1, 1, 1, 1, 0, 1, 0, 1, 1, 1, 0, 1, 0, 1, 0, 0, 1, 1, 0, 0, 1, 1, 0, 1, 1, 1, 0, 1, 1, 1, 1, 1, 1, 0, 1, 0, 0, 1, 1, 0, 0, 1, 1, 0, 1, 1, 0, 1, 1, 1, 0, 0, 1, 1, 0, 0, 1, 1, 0, 0, 1, 0, 1, 1, 1, 1, 1, 0, 1, 1, 1, 0, 1, 1, 1, 1, 0, 0, 1, 1, 1, 1, 1, 1, 0, 1, 0, 1, 1, 0, 0]
[zoopt] value: 3.710091069596189
Trial 3 with random state 4200 and percentage = 21700
[zoopt] expected remaining running time: 00:01:24
[zoopt] x: [0, 0, 0, 0, 1, 1, 1, 1, 1, 0, 0, 0, 1, 1, 0, 1, 0, 1, 0, 0, 0, 0, 1, 1, 1, 0, 1, 1, 0, 1, 0, 0, 0, 1, 1, 0, 1, 1, 0, 1, 0, 1, 0, 1, 1, 0, 1, 1, 0, 0, 0, 1, 0, 1, 0, 0, 1, 0, 1, 1, 1, 0, 1, 0, 1, 0, 0, 0, 0, 1, 1, 1, 1, 1, 1, 1, 0, 1, 0, 0, 0, 1, 0, 1, 1, 1, 0, 1, 0, 1, 1, 0, 0, 0, 1, 1, 0, 0, 1, 1, 0, 1, 0, 1, 0, 1, 0, 0, 0, 0, 1, 1, 1, 1, 0, 0, 0, 1, 0, 0, 0, 1, 0, 1, 0, 0, 1, 1, 0, 0, 0, 1, 1, 0, 1, 0, 1, 0, 1, 0, 1, 1, 0, 1, 0, 0, 0, 0, 1, 1, 0, 0, 0, 0, 0, 1, 1, 0, 1, 1, 0, 1, 1, 0, 1, 1, 1, 0, 0, 1, 0, 1, 1, 1, 0, 1, 0, 0, 0, 0, 0, 0, 1, 0, 1, 0, 1, 1, 0, 0, 1, 1, 1, 0, 0, 0, 0, 0, 1, 0, 1, 0, 0, 1, 1, 0, 1, 0, 1, 1, 0, 1, 0, 1, 0, 1, 1]
[zoopt] value: 3.3585804075579784
--- Pre-Attack Results ---
Result for key 0:
  BALANCE: [0, 0, 0]
  ENTROPY: [3.881502554608816, 4.037619445156136, 3.833238796374407]
  ACC: [0.0940828402366864, 0.0940828402366864, 0.09289940828402367]
  NMI: [0.1611224724482221, 0.16130661716337572, 0.1607766325838811]

Result for key 1:
  BALANCE: [0, 0, 0]
  ENTROPY: [3.881502554608816, 4.037619445156136, 3.833238796374407]
  ACC: [0.0940828402366864, 0.0940828402366864, 0.09289940828402367]
  NMI: [0.1611224724482221, 0.16130661716337572, 0.1607766325838811]

Result for key 2:
  BALANCE: [0, 0, 0]
  ENTROPY: [3.881502554608816, 4.037619445156136, 3.833238796374407]
  ACC: [0.0940828402366864, 0.0940828402366864, 0.09289940828402367]
  NMI: [0.1611224724482221, 0.16130661716337572, 0.1607766325838811]

Result for key 3:
  BALANCE: [0, 0, 0]
  ENTROPY: [3.881502554608816, 4.037619445156136, 3.833238796374407]
  ACC: [0.0940828402366864, 0.0940828402366864, 0.09289940828402367]
  NMI: [0.1611224724482221, 0.16130661716337572, 0.1607766325838811]

Result for key 4:
  BALANCE: [0, 0, 0]
  ENTROPY: [3.881502554608816, 4.037619445156136, 3.833238796374407]
  ACC: [0.0940828402366864, 0.0940828402366864, 0.09289940828402367]
  NMI: [0.1611224724482221, 0.16130661716337572, 0.1607766325838811]

Result for key 5:
  BALANCE: [0, 0, 0]
  ENTROPY: [3.881502554608816, 4.037619445156136, 3.833238796374407]
  ACC: [0.0940828402366864, 0.0940828402366864, 0.09289940828402367]
  NMI: [0.1611224724482221, 0.16130661716337572, 0.1607766325838811]

Result for key 6:
  BALANCE: [0, 0, 0]
  ENTROPY: [3.881502554608816, 4.037619445156136, 3.833238796374407]
  ACC: [0.0940828402366864, 0.0940828402366864, 0.09289940828402367]
  NMI: [0.1611224724482221, 0.16130661716337572, 0.1607766325838811]

Result for key 7:
  BALANCE: [0, 0, 0]
  ENTROPY: [3.881502554608816, 4.037619445156136, 3.833238796374407]
  ACC: [0.0940828402366864, 0.0940828402366864, 0.09289940828402367]
  NMI: [0.1611224724482221, 0.16130661716337572, 0.1607766325838811]

Result for key 8:
  BALANCE: [0, 0, 0]
  ENTROPY: [3.881502554608816, 4.037619445156136, 3.833238796374407]
  ACC: [0.0940828402366864, 0.0940828402366864, 0.09289940828402367]
  NMI: [0.1611224724482221, 0.16130661716337572, 0.1607766325838811]

--- Post-Attack Results ---
Result for key 0:
  BALANCE: [0, 0, 0]
  ENTROPY: [3.881502554608816, 4.037619445156136, 3.833238796374407]
  ACC: [0.0940828402366864, 0.0940828402366864, 0.09289940828402367]
  NMI: [0.1611224724482221, 0.16130661716337572, 0.1607766325838811]

Result for key 1:
  BALANCE: [0, 0, 0]
  ENTROPY: [3.5572397226474823, 3.9062668606134823, 3.660066978332204]
  ACC: [0.09881656804733728, 0.09822485207100591, 0.10118343195266272]
  NMI: [0.17758473463959823, 0.1613908115963886, 0.16246000249302014]

Result for key 2:
  BALANCE: [0, 0, 0]
  ENTROPY: [3.602349101738585, 3.739689824517221, 3.908870537151899]
  ACC: [0.09585798816568047, 0.08875739644970414, 0.09112426035502959]
  NMI: [0.16966941971886795, 0.14991782887762098, 0.15753322290476593]

Result for key 3:
  BALANCE: [0, 0, 0]
  ENTROPY: [4.10929032412616, 3.688075875749285, 3.6923212254914133]
  ACC: [0.0940828402366864, 0.09230769230769231, 0.0970414201183432]
  NMI: [0.17727469108051697, 0.1616306208853153, 0.1789319065324995]

Result for key 4:
  BALANCE: [0, 0, 0]
  ENTROPY: [3.759341879082319, 3.8508913950648385, 3.7060948997027]
  ACC: [0.09467455621301775, 0.09467455621301775, 0.08461538461538462]
  NMI: [0.16031302198732114, 0.16952378313840066, 0.14455442138434993]

Result for key 5:
  BALANCE: [0, 0, 0]
  ENTROPY: [3.513811631236393, 3.574754936528933, 3.237629293572333]
  ACC: [0.10295857988165681, 0.09526627218934912, 0.09349112426035502]
  NMI: [0.18629718561154682, 0.16820767990232846, 0.1558456583674554]

Result for key 6:
  BALANCE: [0, 0, 0]
  ENTROPY: [3.672523445300829, 3.5029259496944847, 3.6209283580806515]
  ACC: [0.09585798816568047, 0.09881656804733728, 0.09349112426035502]
  NMI: [0.17573916650274515, 0.17676848319832114, 0.17223501871299976]

Result for key 7:
  BALANCE: [0, 0, 0]
  ENTROPY: [3.734325316061033, 3.239705624262306, 3.137267102302605]
  ACC: [0.10059171597633136, 0.0940828402366864, 0.09585798816568047]
  NMI: [0.17411038865137438, 0.16137373051743867, 0.1580886246061269]

Result for key 8:
  BALANCE: [0, 0, 0]
  ENTROPY: [3.5329981694976316, 3.710091069596189, 3.3585804075579784]
  ACC: [0.0970414201183432, 0.09585798816568047, 0.09467455621301775]
  NMI: [0.1800253593071975, 0.16159102838947328, 0.1502261779019065]

--- Random Attack Results ---
Result for key 0:
  BALANCE: [0, 0, 0]
  ENTROPY: [3.881502554608816, 4.037619445156136, 3.833238796374407]
  ACC: [0.0940828402366864, 0.0940828402366864, 0.09289940828402367]
  NMI: [0.1611224724482221, 0.16130661716337572, 0.1607766325838811]

Result for key 1:
  BALANCE: [0, 0, 0]
  ENTROPY: [3.904902726257905, 3.875007894237601, 4.2132744669754745]
  ACC: [0.0940828402366864, 0.09349112426035502, 0.08816568047337278]
  NMI: [0.15100188995062516, 0.168750396381583, 0.15185102510927045]

Result for key 2:
  BALANCE: [0, 0, 0]
  ENTROPY: [3.9476999011670957, 3.601838585378065, 4.164582942039125]
  ACC: [0.09881656804733728, 0.10295857988165681, 0.10118343195266272]
  NMI: [0.15851860173199883, 0.18884612638688852, 0.17607596516509874]

Result for key 3:
  BALANCE: [0, 0, 0]
  ENTROPY: [4.2423229542343375, 4.059104346252072, 4.4430529292535]
  ACC: [0.09289940828402367, 0.09940828402366864, 0.09940828402366864]
  NMI: [0.15037038890039697, 0.17664627148206863, 0.1720539313415605]

Result for key 4:
  BALANCE: [0, 0, 0]
  ENTROPY: [4.04040944350361, 4.294568481433261, 3.831028332048889]
  ACC: [0.09940828402366864, 0.08875739644970414, 0.09585798816568047]
  NMI: [0.166034829476816, 0.1507215700670991, 0.16304858247304072]

Result for key 5:
  BALANCE: [0, 0, 0]
  ENTROPY: [4.353191949810916, 3.4626236008816615, 4.183883865922662]
  ACC: [0.09585798816568047, 0.09467455621301775, 0.09289940828402367]
  NMI: [0.17403509512072932, 0.16148889440774616, 0.17164794670002273]

Result for key 6:
  BALANCE: [0, 0, 0]
  ENTROPY: [4.129310586798151, 4.630978368943663, 4.20981781975938]
  ACC: [0.09940828402366864, 0.10295857988165681, 0.09881656804733728]
  NMI: [0.17889524091921408, 0.17849903339344697, 0.16219833938417022]

Result for key 7:
  BALANCE: [0, 0, 0]
  ENTROPY: [4.506616559392097, 4.247894449316151, 4.279422660278838]
  ACC: [0.10177514792899409, 0.09644970414201183, 0.0970414201183432]
  NMI: [0.18014329920966676, 0.17182600861907926, 0.15824385512486883]

Result for key 8:
  BALANCE: [0, 0, 0]
  ENTROPY: [4.245759879278685, 4.5706022630938214, 4.245135951589273]
  ACC: [0.1, 0.09940828402366864, 0.09053254437869822]
  NMI: [0.16892441424305177, 0.1748723440155681, 0.15855771452294048]


JOB STATISTICS
==============
Job ID: 4881781
Cluster: snellius
User/Group: scur1047/scur1047
State: COMPLETED (exit code 0)
Nodes: 1
Cores per node: 18
CPU Utilized: 00:50:12
CPU Efficiency: 5.61% of 14:54:54 core-walltime
Job Wall-clock time: 00:49:43
Memory Utilized: 315.89 MB
Memory Efficiency: 0.26% of 120.00 GB
