============================================================================================== 
Warning! Mixing Conda and module environments may lead to corruption of the
user environment. 
We do not recommend users mixing those two environments unless absolutely
necessary. Note that 
SURF does not provide any support for Conda environment.
For more information, please refer to our software policy page:
https://servicedesk.surf.nl/wiki/display/WIKI/Software+policy+Snellius+and+Lisa#SoftwarepolicySnelliusandLisa-UseofAnacondaandMinicondaenvironmentsonSnellius 

Remember that many packages have already been installed on the system and can
be loaded using 
the 'module load <package__name>' command. If you are uncertain if a package is
already available 
on the system, please use 'module avail' or 'module spider' to search for it.
============================================================================================== 
(2414, 2016), (2414,), (2414,)
Clustering Algorithm: SFD
Dataset: Yale
Number of Clusters: 38
Number of Data Points: 2414
Number of Sensitive Features: 2
Number of Features: 2016
# of clusters -> 38
Trial 1 with random state 150
[zoopt] expected remaining running time: 00:01:24
[zoopt] x: [1, 0, 1, 1, 0, 1, 1, 1, 1, 1, 0, 0, 1, 0, 0, 0, 1, 0, 1, 0, 0, 1, 0, 1, 0, 0, 0, 0, 1, 1, 1, 0, 0, 0, 0, 1, 0, 0, 1, 1, 1, 0, 0, 1, 0, 0, 0, 0, 1, 0, 1, 1, 1, 0, 0, 0, 1, 0, 1, 1, 0, 1, 1, 0, 1, 1, 1, 1, 1, 1, 0, 0, 0, 0, 1, 1, 0, 0, 0, 1, 1, 1, 0, 1, 0, 1, 0, 1, 0, 1, 1, 1, 0, 1, 1, 1, 1, 1, 1, 1, 1, 1, 0, 1, 1, 0, 1, 1]
[zoopt] value: 3.759341879082319
Trial 2 with random state 1
[zoopt] expected remaining running time: 00:01:24
[zoopt] x: [1, 0, 1, 0, 1, 0, 0, 0, 0, 1, 0, 0, 1, 1, 0, 0, 1, 1, 0, 0, 0, 0, 0, 1, 1, 1, 1, 0, 0, 1, 0, 1, 0, 1, 1, 1, 0, 0, 1, 0, 1, 1, 1, 0, 1, 1, 0, 1, 0, 1, 0, 0, 0, 0, 1, 0, 0, 0, 1, 1, 1, 0, 0, 1, 0, 0, 0, 1, 1, 1, 1, 0, 0, 0, 1, 0, 1, 1, 1, 0, 1, 1, 0, 0, 1, 1, 1, 1, 0, 1, 1, 0, 1, 0, 1, 0, 1, 0, 1, 1, 1, 1, 1, 0, 1, 0, 0, 1]
[zoopt] value: 3.8508913950648385
Trial 3 with random state 4200
[zoopt] expected remaining running time: 00:01:23
[zoopt] x: [0, 0, 0, 0, 1, 1, 1, 1, 1, 0, 0, 0, 1, 1, 0, 1, 0, 1, 0, 0, 0, 0, 1, 1, 1, 0, 1, 1, 0, 1, 0, 0, 0, 1, 1, 0, 1, 1, 0, 1, 0, 1, 0, 1, 1, 0, 1, 1, 0, 0, 0, 1, 0, 1, 0, 0, 1, 0, 1, 1, 1, 0, 1, 0, 1, 0, 0, 0, 0, 1, 1, 1, 1, 1, 1, 1, 0, 1, 0, 0, 0, 1, 0, 1, 1, 1, 0, 1, 0, 1, 1, 0, 0, 0, 1, 1, 0, 0, 1, 1, 0, 1, 0, 1, 0, 1, 0, 0]
[zoopt] value: 3.7060948997027
Trial 4 with random state 424242
[zoopt] expected remaining running time: 00:01:24
[zoopt] x: [0, 0, 1, 1, 0, 1, 1, 0, 1, 1, 1, 1, 0, 1, 0, 1, 0, 0, 1, 1, 1, 0, 1, 1, 0, 1, 1, 0, 0, 1, 1, 1, 0, 0, 1, 1, 0, 1, 0, 0, 1, 1, 1, 0, 1, 1, 0, 1, 1, 1, 0, 1, 0, 1, 1, 0, 0, 1, 1, 1, 1, 1, 0, 1, 0, 1, 0, 0, 1, 0, 0, 0, 0, 1, 0, 0, 0, 0, 0, 0, 0, 0, 1, 0, 1, 0, 1, 1, 0, 0, 0, 1, 0, 0, 1, 1, 1, 1, 1, 1, 0, 0, 1, 0, 0, 1, 1, 1]
[zoopt] value: 3.6718078181445737
Trial 5 with random state 1947
[zoopt] expected remaining running time: 00:01:24
[zoopt] x: [0, 0, 1, 0, 1, 1, 0, 1, 1, 1, 1, 1, 0, 0, 0, 1, 1, 1, 0, 0, 0, 1, 0, 1, 0, 0, 1, 1, 0, 1, 1, 1, 1, 0, 1, 1, 0, 0, 0, 1, 1, 0, 1, 1, 0, 1, 1, 0, 0, 1, 1, 0, 0, 1, 1, 0, 1, 0, 0, 0, 1, 0, 1, 0, 1, 0, 1, 1, 1, 0, 0, 1, 1, 0, 0, 0, 1, 0, 1, 0, 0, 1, 1, 0, 0, 1, 0, 0, 0, 1, 1, 1, 1, 1, 1, 1, 1, 1, 1, 1, 1, 0, 0, 1, 0, 0, 0, 0]
[zoopt] value: 3.708115240851379
Trial 6 with random state 355
[zoopt] expected remaining running time: 00:01:24
[zoopt] x: [0, 0, 1, 0, 0, 0, 1, 1, 0, 0, 0, 0, 0, 1, 0, 0, 0, 1, 1, 1, 0, 1, 1, 0, 0, 0, 0, 0, 0, 0, 0, 0, 1, 0, 1, 0, 1, 0, 1, 1, 1, 0, 0, 1, 1, 1, 1, 1, 1, 1, 0, 0, 1, 0, 0, 1, 1, 1, 1, 0, 0, 0, 1, 0, 0, 0, 1, 1, 1, 1, 1, 0, 0, 1, 0, 1, 0, 0, 0, 0, 0, 1, 0, 1, 1, 1, 0, 1, 0, 0, 0, 0, 0, 0, 0, 1, 1, 0, 0, 1, 0, 1, 0, 1, 1, 1, 1, 0]
[zoopt] value: 3.5990440484586737
Trial 7 with random state 256
[zoopt] expected remaining running time: 00:01:24
[zoopt] x: [1, 0, 0, 1, 0, 1, 1, 0, 1, 0, 1, 1, 1, 1, 0, 0, 1, 0, 0, 1, 1, 0, 0, 1, 1, 1, 0, 1, 1, 0, 1, 1, 0, 1, 1, 0, 0, 0, 0, 0, 0, 0, 0, 0, 0, 0, 1, 1, 1, 1, 1, 1, 0, 1, 1, 0, 1, 0, 1, 0, 1, 0, 0, 1, 0, 1, 0, 0, 1, 0, 1, 0, 1, 0, 1, 1, 0, 0, 0, 0, 1, 1, 0, 1, 0, 1, 1, 1, 0, 0, 1, 0, 1, 1, 1, 1, 0, 1, 0, 0, 0, 0, 0, 0, 0, 0, 0, 1]
[zoopt] value: 3.638684917715583
Trial 8 with random state 7500
[zoopt] expected remaining running time: 00:01:24
[zoopt] x: [1, 1, 1, 1, 1, 0, 0, 1, 0, 0, 1, 1, 0, 1, 0, 0, 1, 1, 1, 0, 0, 1, 0, 0, 0, 0, 0, 0, 1, 1, 0, 0, 0, 0, 0, 1, 1, 0, 1, 0, 0, 1, 1, 1, 1, 0, 0, 0, 0, 1, 0, 1, 1, 0, 1, 1, 1, 1, 1, 1, 1, 0, 0, 0, 0, 1, 1, 0, 1, 1, 0, 0, 1, 0, 0, 0, 0, 0, 0, 0, 1, 0, 1, 1, 0, 1, 1, 1, 0, 1, 1, 0, 1, 1, 1, 0, 0, 1, 0, 1, 1, 1, 1, 1, 1, 1, 0, 0]
[zoopt] value: 3.5649283105562604
Trial 9 with random state 99999
[zoopt] expected remaining running time: 00:01:24
[zoopt] x: [0, 1, 1, 0, 0, 1, 0, 1, 0, 0, 0, 0, 0, 1, 1, 1, 0, 0, 0, 0, 1, 0, 0, 0, 0, 1, 1, 0, 1, 0, 0, 1, 0, 0, 0, 0, 0, 1, 1, 1, 1, 0, 0, 0, 0, 0, 0, 1, 1, 1, 1, 0, 0, 0, 1, 1, 1, 0, 1, 1, 0, 1, 1, 0, 0, 1, 0, 0, 0, 1, 1, 1, 1, 0, 1, 1, 0, 1, 1, 1, 1, 1, 0, 0, 0, 1, 1, 1, 0, 0, 0, 1, 0, 0, 1, 1, 0, 1, 1, 1, 0, 1, 0, 1, 1, 1, 0, 1]
[zoopt] value: 4.270217561100544
Trial 10 with random state 18
[zoopt] expected remaining running time: 00:01:24
[zoopt] x: [0, 0, 0, 1, 0, 0, 0, 1, 0, 1, 1, 0, 1, 0, 1, 1, 1, 0, 1, 0, 0, 1, 1, 0, 0, 0, 0, 0, 0, 1, 0, 1, 1, 1, 1, 0, 0, 1, 1, 1, 1, 0, 1, 0, 1, 0, 1, 0, 1, 0, 1, 1, 1, 1, 0, 1, 0, 0, 1, 1, 1, 0, 1, 1, 0, 1, 1, 0, 0, 0, 0, 1, 0, 0, 1, 0, 0, 0, 1, 1, 0, 0, 0, 0, 1, 0, 1, 0, 0, 0, 1, 1, 0, 0, 0, 0, 1, 1, 1, 0, 1, 1, 0, 1, 1, 1, 1, 0]
[zoopt] value: 3.638050838970157

Pre-Attack Results for Yale and SFD
=========================================
BALANCE: Mean = 0.0, Std = 0.0
MIN_CLUSTER_RATIO: Mean = 0.0, Std = 0.0
CLUSTER_DIST_L1: Mean = 0.7965588652482268, Std = 0.008907219116351648
CLUSTER_DIST_KL: Mean = inf, Std = nan
SILHOUETTE_DIFF: Mean = -0.0023449316705698706, Std = 0.0047271700674947174
ENTROPY: Mean = 3.969124381674058, Std = 0.2323566890472048
ENTROPY_GROUP_A: Mean = 1.7879259769823022, Std = 0.10029368995356115
ENTROPY_GROUP_B: Mean = 3.504756037641061, Std = 0.016245637860747782
ACC: Mean = 0.09443786982248523, Std = 0.0021202926470022384
NMI: Mean = 0.1604566623108427, Std = 0.0029218716951867002
ARI: Mean = 0.006850344550357723, Std = 0.0014076395557458164
SIL: Mean = 0.0647502360585166, Std = 0.0035531706836822684

Post-Attack Results for Yale and SFD
=========================================
BALANCE: Mean = 0.0, Std = 0.0
MIN_CLUSTER_RATIO: Mean = 0.0, Std = 0.0
CLUSTER_DIST_L1: Mean = 0.8039560283687942, Std = 0.01448471363986572
CLUSTER_DIST_KL: Mean = inf, Std = nan
SILHOUETTE_DIFF: Mean = -0.007647885774504338, Std = 0.004319843991453789
ENTROPY: Mean = 3.740717690964703, Std = 0.19281855265845
ENTROPY_GROUP_A: Mean = 1.8155232371738328, Std = 0.1795628968215707
ENTROPY_GROUP_B: Mean = 3.491300697036869, Std = 0.01605645040690474
ACC: Mean = 0.0923076923076923, Std = 0.005110727309275547
NMI: Mean = 0.16013289906480527, Std = 0.011574762100757731
ARI: Mean = 0.008622782157095782, Std = 0.006058601813747015
SIL: Mean = 0.05958663315323735, Std = 0.004109036531476057

Random Attack Results for Yale and SFD
=========================================
BALANCE: Mean = 0.0, Std = 0.0
MIN_CLUSTER_RATIO: Mean = 0.0, Std = 0.0
CLUSTER_DIST_L1: Mean = 0.7790950354609929, Std = 0.015270665067673843
CLUSTER_DIST_KL: Mean = inf, Std = nan
SILHOUETTE_DIFF: Mean = -0.007677782380152182, Std = 0.005177440910475404
ENTROPY: Mean = 4.276856141866831, Std = 0.3940793382350373
ENTROPY_GROUP_A: Mean = 1.751603575559507, Std = 0.165855352105005
ENTROPY_GROUP_B: Mean = 3.4995407272638985, Std = 0.013697476173043168
ACC: Mean = 0.09402366863905326, Std = 0.005848417260620674
NMI: Mean = 0.16309446643560738, Std = 0.010713680593655081
ARI: Mean = 0.00827827702961029, Std = 0.005697788058694592
SIL: Mean = 0.060617265410249574, Std = 0.006469748215651084

JOB STATISTICS
==============
Job ID: 4931787
Cluster: snellius
User/Group: scur1047/scur1047
State: COMPLETED (exit code 0)
Nodes: 1
Cores per node: 9
CPU Utilized: 00:20:21
CPU Efficiency: 10.89% of 03:06:54 core-walltime
Job Wall-clock time: 00:20:46
Memory Utilized: 318.92 MB
Memory Efficiency: 0.52% of 60.00 GB
