C:\Users\iason\Dev\CFC\Fair-Clustering-Codebase>python attack_extra_metrics.py --dataset Yale_alter --cl_algo KFC
(2414, 2016), (2414,), (2414,)
Clustering Algorithm: KFC
Dataset: Yale_alter
Number of Clusters: 38
Number of Data Points: 2414
Number of Sensitive Features: 2
Number of Features: 2016
# of clusters -> 38
Trial 1 with random state 150
[zoopt] expected remaining running time: 00:23:19
[zoopt] x: [0, 0, 0, 1, 0, 1, 1, 0, 0, 0, 0, 0, 0, 0, 0, 0, 1, 1, 0, 0, 1, 1, 0, 0, 1, 0, 0, 1, 1, 0, 1, 0, 0, 0, 1, 0, 1, 0, 1, 0, 0, 0, 0, 0, 1, 0, 0, 1, 0, 0, 0, 1, 1, 1, 0, 1, 0, 1, , 1, 1, 0, 0, 1, 0, 0, 1, 1, 0, 0, 0, 1, 1, 0, 0, 1, 0, 1, 0, 0, 1, 0, 0, 0, 0, 1, 1, 1, 0, 0, 0, 1, 0, 1, 1, 0, 1, 0, 1, 1, 0, 0]
[zoopt] value: 0.34427287076164037
Trial 2 with random state 1
[zoopt] expected remaining running time: 00:10:52
[zoopt] x: [0, 1, 1, 1, 1, 1, 1, 0, 1, 0, 1, 1, 1, 1, 1, 0, 1, 0, 0, 1, 0, 0, 0, 0, 0, 0, 1, 0, 0, 0, 1, 1, 1, 1, 0, 1, 0, 1, 1, 1, 1, 1, 1, 1, 1, 0, 1, 1, 1, 1, , 1, 1, 0, 0, 1, 0, 1, 0, 1, 0, 1, 0, 1, 1, 0, 1, 1, 1, 0, 0, 1, 0, 0, 1, 1, 1, 0, 1, 1, 1, 1, 0]
[zoopt] value: 0.34429853444823977
Trial 3 with random state 4200
[zoopt] expected remaining running time: 00:09:04
[zoopt] x: [1, 1, 0, 1, 0, 0, 0, 1, 1, 0, 1, 1, 1, 0, 1, 1, 1, 0, 0, 0, 1, 1, 1, 1, 1, 0, 0, 1, 0, 0, 0, 0, 1, 1, 0, 0, 0, 1, 1, 1, 0, 1, 0, 1, 0, 1, 0, 1, 0, 0, 0, 1, 1, 1, 1, 1, 0, 0, 0, 0, 1, 1, 1, 1, 1, 0, 0, 0, 1, 1, 1, 1, 1, 1, 0, 1, 0, 0, 0, 0, 0, 1, 1, 0, 0, 0, 0, 1, 1, 1, 0, 0, 1, 1, 0, 0, 1, 1, 1, 1, 1, 1, 1, 1, 0, 0, 0, 1]
[zoopt] value: 0.6625502128338572
Trial 4 with random state 424242
[zoopt] expected remaining running time: 00:08:58
[zoopt] x: [0, 0, 0, 0, 0, 0, 1, 0, 0, 1, 1, 0, 0, 0, 1, 0, 1, 0, 1, 0, 0, 0, 0, 1, 0, 0, 0, 1, 0, 1, 1, 1, 1, 1, 0, 1, 0, 1, 0, 1, 0, 1, 0, 1, 1, 1, 0, 1, 1, 1, 0, 0, 0, 0, 1, 0, 0, 1, 0, 0, 0, 1, 1, 1, 1, 1, 0, 1, 0, 0, 0, 0, 0, 1, 0, 1, 0, 0, 0, 0, 0, 0, 1, 0, 0, 0, 1, 0, 1, 1, 0, 0, 1, 1, 0, 0, 1, 1, 1, 0, 1, 1, 1, 1, 0, 0, 0, 1]
[zoopt] value: 0.34427287076164037
Trial 5 with random state 1947
[zoopt] expected remaining running time: 00:09:14
[zoopt] x: [0, 0, 1, 0, 0, 0, 1, 0, 0, 1, 1, 0, 1, 1, 0, 1, 0, 0, 1, 1, 1, 1, 1, 1, 1, 1, 0, 0, 0, 1, 1, 1, 0, 0, 1, 0, 1, 0, 1, 1, 0, 0, 0, 0, 1, 0, 1, 1, 0, 1, 0, 1, 1, 0, 1, 0, 1, 0, 0, 0, 0, 1, 1, 1, 0, 1, 0, 0, 0, 0, 1, 1, 1, 1, 0, 0, 0, 1, 1, 1, 0, 1, 1, 1, 0, 1, 0, 1, 1, 0, 1, 1, 1, 0, 0, 0, 0, 0, 1, 0, 1, 1, 0, 0, 0, 0, 1, 1]
[zoopt] value: 0.34427287076164037
Trial 6 with random state 355
[zoopt] expected remaining running time: 00:09:06
[zoopt] x: [1, 0, 1, 1, 1, 0, 1, 0, 0, 1, 0, 0, 1, 0, 1, 0, 1, 0, 0, 0, 0, 1, 1, 0, 1, 1, 1, 0, 0, 1, 0, 0, 0, 0, 1, 1, 0, 1, 0, 0, 0, 0, 1, 0, 1, 0, 1, 0, 1, 1, 1, 1, 1, 1, 0, 0, 1, 1, 1, 1, 1, 0, 0, 1, 1, 1, 0, 0, 0, 0, 1, 1, 0, 0, 0, 1, 1, 1, 1, 1, 1, 0, 1, 1, 1, 1, 1, 1, 0, 0, 1, 0, 0, 0, 1, 0, 0, 0, 1, 0, 1, 1, 0, 0, 0, 1, 0, 0]
[zoopt] value: 0.34429853444823977
Trial 7 with random state 256
[zoopt] expected remaining running time: 00:08:57
[zoopt] x: [0, 1, 1, 1, 1, 1, 1, 1, 0, 1, 1, 0, 1, 1, 0, 0, 1, 1, 1, 1, 0, 0, 0, 1, 1, 1, 0, 1, 0, 1, 0, 0, 0, 0, 1, 0, 0, 1, 1, 0, 1, 1, 1, 1, 1, 1, 1, 1, 1, 1, 0, 0, 1, 0, 0, 1, 0, 1, 1, 0, 0, 1, 1, 0, 1, 1, 1, 1, 0, 0, 0, 0, 0, 0, 0, 0, 1, 1, 0, 0, 0, 0, 0, 1, 1, 0, 0, 1, 0, 1, 1, 0, 1, 1, 0, 1, 0, 0, 1, 0, 1, 1, 0, 0, 0, 1, 1, 0, 1, 0, 0, 0, 0, 1, 1]
[zoopt] value: 0.34427287076164037
Trial 8 with random state 7500
[zoopt] expected remaining running time: 00:08:36
[zoopt] x: [0, 1, 1, 1, 0, 1, 1, 0, 1, 0, 0, 1, 1, 0, 0, 0, 1, 0, 1, 1, 1, 1, 1, 0, 1, 0, 0, 0, 0, 1, 0, 0, 1, 1, 0, 0, 1, 0, 1, 1, 1, 1, 1, 0, 0, 0, 1, 1, 1, 0, 1, 1, 0, 1, 0, 0, 0, 1, 1, 1, 0, 1, 0, 0, 1, 1, 0, 1, 0, 0, 0, 1, 1, 1, 0, 1, 1, 1, 0, 1, 1, 0, 0, 1, 1, 1, 0, 1, 0, 0, 0, 1, 0, 1, 1, 0, 0, 0, 0, 1, 0, 1, 1, 1, 0, 0, 0, 0]
[zoopt] value: 0.6720691283131804
Trial 9 with random state 99999
[zoopt] expected remaining running time: 00:09:04
[zoopt] x: [0, 0, 1, 1, 0, 0, 0, 0, 0, 0, 1, 0, 1, 1, 1, 1, 0, 0, 1, 1, 1, 1, 1, 1, 1, 1, 0, 1, 0, 0, 0, 0, 0, 0, 1, 1, 0, 0, 0, 0, 1, 1, 1, 1, 1, 0, 0, 1, 1, 0, 1, 1, 0, 0, 0, 0, 1, 0, 1, 0, 1, 1, 0, 0, 1, 1, 1, 1, 1, 0, 1, 0, 1, 0, 0, 1, 1, 1, 0, 0, 1, 1, 1, 0, 0, 1, 0, 0, 0, 1, 0, 1, 0, 1, 0, 1, 1, 1, 1, 0, 0, 0, 0, 0, 1, 1, 0, 0]
[zoopt] value: 0.6625502128338572
Trial 10 with random state 18
[zoopt] expected remaining running time: 00:09:12
[zoopt] x: [0, 0, 0, 0, 0, 0, 1, 0, 1, 0, 0, 0, 1, 0, 0, 1, 1, 0, 0, 1, 1, 1, 1, 0, 0, 1, 1, 0, 0, 1, 1, 1, 1, 0, 1, 0, 0, 0, 0, 1, 1, 1, 1, 1, 0, 0, 0, 0, 1, 1, 0, 0, 1, 1, 1, 1, 0, 1, 0, 1, 1, 1, 0, 1, 1, 1, 1, 1, 0, 0, 1, 0, 1, 1, 1, 0, 0, 1, 1, 1, 1, 0, 1, 1, 1, 1, 0, 0, 0, 0, 1, 1, 1, 1, 0, 0, 1, 0, 0, 1, 1, 1, 0, 1, 1, 0, 1, 1]
[zoopt] value: 0.34427287076164037

Pre-Attack Results for Yale_alter and KFC
=========================================
BALANCE: Mean = 0.7736225940122436, Std = 0.29542538954500813
MIN_CLUSTER_RATIO: Mean = 0.6029842752348152, Std = 0.2655183214003135
CLUSTER_DIST_L1: Mean = 0.0008345300962310452, Std = 0.000912644242146477
CLUSTER_DIST_KL: Mean = 0.0003726260832803526, Std = 0.0006390246043152857
SILHOUETTE_DIFF: [-0.04271801308672463, -0.025668523933025947, -0.05983519371352697, 'N/A', 'N/A', -0.04276074563845056, 'N/A', -0.04331195161167166, -0.04840501434335176, 'N/A']     
ENTROPY: Mean = 0.5034912426032232, Std = 0.15991775585095994
ENTROPY_GROUP_A: Mean = 0.007270975968374305, Std = 0.009704400472786092
ENTROPY_GROUP_B: Mean = 0.01209615086616314, Std = 0.013315816925678077
ACC: Mean = 0.0321301775147929, Std = 0.0007508034047603259  
NMI: Mean = 0.001996171999255138, Std = 0.00202469513938262  
ARI: Mean = -1.4466850674378574e-06, Std = 5.890884360362643e-06
SIL: [0.2800396942208054, 0.26369668989976863, 0.41394602194126723, 'N/A', 'N/A', 0.31459157056068926, 'N/A', 0.22598682987699129, 0.3240088942805181, 'N/A']

Post-Attack Results for Yale_alter and KFC
=========================================
BALANCE: Mean = 0.7279073457083929, Std = 0.37893223528130443
MIN_CLUSTER_RATIO: Mean = 0.56966985498303, Std = 0.3138253741209517
CLUSTER_DIST_L1: Mean = 0.0006185473748487496, Std = 0.0007317503218372762
CLUSTER_DIST_KL: Mean = 0.00029558977284404247, Std = 0.00041238269009386333
SILHOUETTE_DIFF: ['N/A', -0.04103959730718265, -0.04118740212626257, 'N/A', 'N/A', -0.04103959730718265, 'N/A', -0.041501251264867825, -0.05259708195446164, 'N/A']
ENTROPY: Mean = 0.44071309766855765, Std = 0.14732418235869432
ENTROPY_GROUP_A: Mean = 0.005271522289531113, Std = 0.009963155009868427
ENTROPY_GROUP_B: Mean = 0.009219813975106713, Std = 0.013208572806372004
ACC: Mean = 0.031952662721893496, Std = 0.000748468085246953 
NMI: Mean = 0.0014871281893080878, Std = 0.0020500164003359436
ARI: Mean = 2.0044673138339848e-06, Std = 4.486926321567632e-06
SIL: ['N/A', 0.42259574744414524, 0.3250435809660701, 'N/A', 'N/A', 0.42259574744414524, 'N/A', 0.23925499246857904, 0.3361361396890258, 'N/A']

Random Attack Results for Yale_alter and KFC
=========================================
BALANCE: Mean = 0.7445868173979331, Std = 0.3826334912808181 
MIN_CLUSTER_RATIO: Mean = 0.6021563414695165, Std = 0.32164896094258094
CLUSTER_DIST_L1: Mean = 0.000772336118869659, Std = 0.0009767907782865246
CLUSTER_DIST_KL: Mean = 0.0004946240099745274, Std = 0.0008429087940484611
NMI: Mean = 0.0015667523932179027, Std = 0.002017078876941974ARI: Mean = -9.956821147253522e-08, Std = 5.502NMI: Mean = 0.0015667523932179027, Std = 0.002017078876941974ARI: Mean = -9.956821147253522e-08, Std = 5.502792863391865e-06
SIL: ['N/A', 0.26369668989976863, 0.33488313704073347, 'N/A', 'N/A', 0.256876725508874, 'N/A', 0.22845771678477336, 0.41394602194126723, 'N/A']
