(fact2024) C:\Users\iason\Dev\CFC\Fair-Clustering-Codebasepython attack_for_plots.py --dataset DIGITS --cl_algo KFC
(3594, 64), (3594,), (3594,)
Clustering Algorithm: KFC
Dataset: DIGITS
Number of Clusters: 10
Number of Data Points: 3594
Number of Sensitive Features: 2
Number of Features: 64
# of clusters -> 10
Trial 1 with random state 150 and percentage = 0
[zoopt] racos_common.py: WARNING -- sample space has been fully enumerated. Stop early
[zoopt] racos_common: WARNING -- sample space has been fully explored. Stop early
[zoopt]  [break loop] because solution is None
[zoopt] x: []
[zoopt] value: 3.0810436408428403
Trial 2 with random state 1 and percentage = 0
[zoopt] racos_common.py: WARNING -- sample space has been fully enumerated. Stop early
[zoopt] racos_common: WARNING -- sample space has been fully explored. Stop early
[zoopt]  [break loop] because solution is None
[zoopt] x: []
[zoopt] value: 3.437899362353658
Trial 3 with random state 4200 and percentage = 0
[zoopt] racos_common.py: WARNING -- sample space has been fully enumerated. Stop early
[zoopt] racos_common: WARNING -- sample space has been fully explored. Stop early
[zoopt]  [break loop] because solution is None
[zoopt] x: []
[zoopt] value: 3.423911374907886
Trial 1 with random state 150 and percentage = 3200
[zoopt] expected remaining running time: 00:00:23
[zoopt] x: [1, 0, 0, 1, 1, 0, 1, 0, 0, 0, 0, 0, 1, 1, 1, 1, 0, 0, 0, 0, 0, 0, 0, 1, 0, 1, 1, 0, 0, 0, 0, 1]
[zoopt] value: 3.0390587662493385
Trial 2 with random state 1 and percentage = 3200
[zoopt] expected remaining running time: 00:00:22
[zoopt] x: [0, 1, 1, 1, 1, 1, 1, 1, 1, 0, 1, 1, 0, 1, 1, 1, 0, 1, 1, 1, 1, 1, 1, 0, 1, 0, 0, 0, 0, 0, 0, 0]
[zoopt] value: 3.404211068179678
Trial 3 with random state 4200 and percentage = 3200
[zoopt] expected remaining running time: 00:00:22
[zoopt] x: [1, 1, 1, 0, 1, 0, 1, 1, 0, 0, 0, 1, 1, 1, 1, 1, 1, 1, 1, 1, 1, 1, 0, 1, 0, 0, 1, 0, 1, 1, 1, 1]
[zoopt] value: 3.029029891520306
Trial 1 with random state 150 and percentage = 8000
[zoopt] expected remaining running time: 00:00:21
[zoopt] x: [0, 0, 0, 1, 0, 0, 1, 1, 1, 1, 0, 1, 0, 1, 0, 0, 0, 0, 1, 0, 1, 1, 0, 0, 1, 0, 0, 1, 1, 1, 1, 1, 1, 0, 0, 1, 0, 1, 1, 0, 1, 0, 1, 1, 1, 0, 1, 0, 1, 0, 0, 0, 1, 0, 1, 1, 0, 0, 0, 1, 1, 0, 0, 1, 1, 0, 0, 1, 1, 1, 0, 1, 1, 0, 1, 0, 1, 0, 0, 1]
[zoopt] value: 3.0028807246570457
Trial 2 with random state 1 and percentage = 8000
[zoopt] expected remaining running time: 00:00:24
[zoopt] x: [1, 0, 0, 0, 0, 1, 1, 1, 1, 1, 1, 1, 0, 0, 1, 0, 0, 0, 1, 1, 0, 0, 0, 0, 1, 0, 1, 1, 0, 1, 1, 1, 1, 1, 1, 1, 1, 0, 1, 1, 0, 0, 0, 0, 0, 1, 0, 0, 1, 0, 0, 0, 0, 0, 0, 1, 1, 0, 0, 1, 0, 1, 0, 1, 1, 1, 1, 1, 1, 0, 0, 0, 1, 1, 1, 0, 0, 1, 1, 1]
[zoopt] value: 3.3996573900503346
Trial 3 with random state 4200 and percentage = 8000
[zoopt] expected remaining running time: 00:00:22
[zoopt] x: [1, 1, 0, 0, 0, 0, 1, 1, 1, 0, 1, 1, 1, 1, 0, 1, 1, 1, 1, 1, 0, 0, 1, 0, 0, 1, 0, 1, 0, 1, 0, 1, 0, 0, 1, 0, 0, 1, 1, 0, 1, 0, 0, 0, 1, 0, 1, 1, 0, 0, 0, 0, 1, 0, 0, 1, 1, 1, 0, 0, 1, 0, 0, 0, 1, 0, 0, 0, 0, 1, 0, 1, 0, 0, 0, 1, 0, 1, 1, 1]
[zoopt] value: 2.869724880880132
Trial 1 with random state 150 and percentage = 12300
[zoopt] expected remaining running time: 00:00:22
[zoopt] x: [0, 1, 1, 0, 0, 0, 1, 1, 0, 0, 1, 1, 1, 0, 1, 1, 1, 1, 0, 1, 1, 1, 0, 0, 0, 0, 1, 0, 0, 0, 1, 1, 0, 0, 1, 1, 0, 1, 1, 0, 1, 1, 1, 0, 0, 1, 1, 1, 0, 0, 0, 0, 1, 0, 0, 1, 1, 1, 0, 1, 0, 1, 0, 0, 1, 1, 0, 1, 0, 0, 0, 0, 0, 0, 1, 1, 1, 0, 0, 0, 1, 0, 0, 0, 1, 1, 0, 0, 1, 0, 0, 0, 1, 0, 1, 1, 0, 1, 1, 0, 0, 1, 0, 0, 1, 1, 1, 0, 1, 0, 0, 0, 0, 1, 0, 0, 1, 0, 1, 1, 0, 0, 0]
[zoopt] value: 2.9912731450044445
Trial 2 with random state 1 and percentage = 12300
[zoopt] expected remaining running time: 00:00:22
[zoopt] x: [0, 1, 1, 1, 0, 1, 1, 1, 0, 0, 0, 0, 1, 1, 0, 1, 0, 1, 1, 0, 0, 0, 0, 1, 0, 1, 1, 1, 0, 1, 1, 0, 1, 1, 1, 1, 0, 1, 0, 0, 1, 1, 1, 0, 0, 0, 0, 0, 0, 0, 0, 0, 1, 1, 1, 1, 0, 1, 1, 1, 1, 1, 1, 0, 1, 0, 0, 0, 1, 0, 1, 1, 1, 0, 1, 1, 1, 0, 0, 1, 1, 1, 0, 1, 0, 0, 0, 0, 1, 0, 1, 1, 0, 1, 0, 0, 0, 1, 0, 0, 1, 0, 0, 0, 1, 0, 1, 0, 1, 1, 0, 0, 0, 1, 1, 0, 1, 0, 0, 0, 0, 0, 1]
[zoopt] value: 3.320554217491711
Trial 3 with random state 4200 and percentage = 12300
[zoopt] expected remaining running time: 00:00:25
[zoopt] x: [1, 0, 1, 1, 1, 0, 0, 1, 1, 0, 0, 0, 1, 0, 0, 1, 1, 1, 0, 1, 0, 0, 1, 0, 1, 1, 1, 1, 0, 1, 1, 1, 0, 1, 1, 1, 1, 0, 1, 1, 0, 0, 0, 0, 1, 1, 0, 1, 0, 0, 0, 1, 1, 1, 0, 0, 0, 0, 1, 1, 0, 0, 0, 0, 1, 1, 1, 1, 0, 0, 1, 1, 1, 0, 0, 1, 0, 1, 1, 1, 1, 1, 0, 0, 1, 1, 0, 1, 0, 0, 0, 1, 1, 1, 1, 1, 1, 0, 0, 0, 0, 0, 0, 0, 1, 0, 1, 1, 0, 1, 0, 0, 1, 1, 1, 0, 0, 0, 1, 1, 1, 1, 0]
[zoopt] value: 2.8200876748404595
Trial 1 with random state 150 and percentage = 16100
[zoopt] expected remaining running time: 00:00:23
[zoopt] x: [1, 0, 0, 1, 0, 0, 1, 1, 1, 1, 0, 1, 0, 1, 0, 0, 0, 0, 1, 0, 1, 1, 0, 0, 1, 0, 0, 1, 1, 1, 1, 1, 1, 0, 0, 1, 0, 1, 1, 0, 1, 0, 1, 1, 1, 0, 1, 0, 1, 0, 0, 0, 1, 0, 1, 1, 0, 0, 0, 1, 1, 0, 0, 1, 1, 0, 0, 1, 1, 1, 0, 1, 1, 0, 1, 0, 1, 0, 0, 1, 0, 1, 0, 0, 0, 0, 1, 0, 1, 0, 0, 1, 0, 1, 0, 0, 0, 1, 0, 1, 0, 0, 1, 0, 0, 0, 1, 1, 0, 0, 0, 1, 1, 1, 1, 0, 0, 1, 0, 1, 0, 0, 1, 1, 0, 0, 0, 0, 1, 0, 1, 0, 1, 1, 0, 1, 0, 1, 1, 0, 1, 0, 0, 1, 1, 0, 0, 0, 1, 1, 0, 1, 0, 1, 0, 0, 0, 1, 1, 1, 1]
[zoopt] value: 2.9668543455204808
Trial 2 with random state 1 and percentage = 16100
[zoopt] expected remaining running time: 00:00:22
[zoopt] x: [0, 1, 0, 1, 0, 1, 1, 1, 0, 1, 1, 0, 0, 0, 1, 1, 0, 1, 0, 1, 1, 0, 0, 1, 0, 0, 0, 0, 0, 1, 0, 1, 0, 0, 0, 0, 0, 1, 1, 0, 1, 1, 1, 0, 1, 1, 0, 1, 0, 0, 1, 1, 0, 0, 1, 1, 0, 1, 1, 1, 0, 1, 1, 0, 1, 0, 0, 0, 0, 0, 0, 1, 1, 0, 0, 0, 1, 0, 1, 0, 1, 0, 0, 0, 0, 0, 0, 1, 1, 0, 0, 0, 0, 1, 1, 1, 0, 0, 0, 1, 0, 1, 0, 0, 0, 1, 0, 1, 1, 1, 1, 0, 1, 0, 1, 1, 1, 0, 0, 1, 1, 0, 1, 0, 1, 1, 0, 1, 1, 1, 1, 1, 1, 1, 1, 0, 1, 1, 0, 0, 0, 0, 1, 1, 0, 0, 0, 1, 0, 0, 0, 1, 1, 1, 1, 1, 0, 0, 0, 0, 1]
[zoopt] value: 3.238603045025667
Trial 3 with random state 4200 and percentage = 16100
[zoopt] expected remaining running time: 00:00:24
[zoopt] x: [1, 0, 0, 1, 1, 1, 0, 1, 1, 0, 0, 1, 1, 1, 1, 0, 1, 1, 1, 1, 0, 1, 1, 1, 1, 0, 0, 1, 1, 0, 1, 0, 1, 1, 0, 0, 1, 1, 1, 1, 0, 0, 1, 0, 1, 1, 1, 1, 1, 0, 1, 1, 1, 0, 0, 0, 0, 0, 1, 1, 1, 1, 1, 1, 1, 1, 0, 0, 0, 0, 1, 0, 1, 1, 1, 1, 0, 0, 0, 0, 0, 1, 0, 0, 0, 0, 0, 0, 0, 1, 0, 0, 1, 0, 0, 1, 0, 0, 0, 0, 1, 0, 1, 1, 1, 1, 0, 0, 1, 1, 1, 0, 1, 0, 1, 1, 0, 0, 1, 1, 0, 1, 0, 0, 1, 1, 1, 1, 0, 0, 0, 0, 0, 0, 0, 0, 0, 0, 1, 0, 1, 1, 0, 1, 0, 0, 0, 0, 0, 0, 1, 1, 1, 1, 0, 1, 1, 1, 1, 1, 1]
[zoopt] value: 3.0571762056511123
Trial 1 with random state 150 and percentage = 20400
[zoopt] expected remaining running time: 00:00:22
[zoopt] x: [0, 1, 0, 1, 1, 0, 0, 1, 0, 1, 1, 1, 0, 1, 0, 1, 0, 1, 0, 0, 1, 0, 0, 1, 0, 1, 1, 1, 1, 1, 1, 0, 0, 1, 0, 1, 0, 1, 1, 1, 1, 1, 0, 1, 1, 1, 1, 0, 0, 1, 1, 1, 0, 0, 0, 1, 0, 1, 1, 1, 0, 1, 0, 1, 1, 1, 0, 0, 1, 1, 0, 1, 0, 0, 0, 0, 1, 0, 0, 1, 1, 0, 1, 0, 0, 0, 1, 1, 1, 0, 0, 0, 0, 0, 1, 0, 1, 0, 1, 0, 1, 1, 1, 0, 1, 0, 0, 0, 1, 1, 1, 0, 1, 0, 0, 0, 1, 1, 0, 0, 1, 0, 0, 1, 1, 1, 1, 1, 0, 1, 1, 0, 1, 0, 1, 0, 0, 1, 0, 0, 1, 0, 0, 0, 0, 1, 1, 1, 0, 1, 0, 0, 0, 1, 0, 1, 1, 0, 1, 0, 0, 1, 1, 0, 0, 0, 0, 1, 1, 1, 0, 1, 1, 1, 1, 1, 1, 1, 1, 1, 0, 1, 0, 1, 1, 1, 1, 1, 0, 0, 0, 0, 1, 1, 0, 1, 0, 1, 1, 1, 0, 1, 1, 1]
[zoopt] value: 2.981978854703652
Trial 2 with random state 1 and percentage = 20400
[zoopt] expected remaining running time: 00:00:24
[zoopt] x: [0, 1, 0, 0, 0, 1, 1, 1, 0, 1, 1, 1, 1, 0, 1, 1, 0, 1, 0, 1, 1, 0, 0, 1, 0, 0, 1, 0, 0, 1, 0, 1, 0, 0, 0, 0, 0, 1, 1, 0, 1, 1, 1, 0, 1, 1, 0, 1, 1, 0, 1, 1, 0, 0, 1, 1, 0, 1, 1, 1, 0, 1, 1, 0, 1, 0, 0, 1, 1, 0, 0, 1, 1, 0, 0, 0, 1, 0, 1, 0, 1, 0, 1, 1, 0, 1, 0, 1, 0, 0, 0, 0, 0, 1, 1, 1, 0, 0, 0, 1, 0, 1, 0, 0, 0, 1, 0, 1, 1, 1, 1, 0, 1, 0, 1, 1, 1, 0, 0, 1, 1, 0, 1, 0, 1, 1, 0, 1, 1, 1, 1, 1, 1, 1, 1, 0, 1, 1, 0, 0, 0, 0, 1, 0, 0, 0, 0, 1, 0, 0, 0, 1, 0, 1, 1, 1, 0, 0, 0, 0, 1, 0, 0, 1, 0, 0, 1, 0, 0, 0, 0, 0, 0, 0, 1, 0, 1, 1, 0, 0, 0, 1, 0, 1, 1, 1, 0, 1, 0, 1, 1, 0, 0, 0, 1, 1, 0, 0, 0, 0, 0, 1, 0, 1]
[zoopt] value: 3.2003537062004046
Trial 3 with random state 4200 and percentage = 20400
[zoopt] expected remaining running time: 00:00:24
[zoopt] x: [0, 0, 0, 1, 1, 1, 1, 1, 0, 0, 1, 1, 0, 0, 0, 0, 0, 0, 1, 1, 1, 0, 1, 0, 1, 1, 0, 1, 1, 1, 0, 0, 0, 0, 1, 0, 1, 1, 0, 1, 1, 1, 1, 0, 0, 1, 1, 1, 1, 0, 1, 0, 0, 1, 1, 0, 0, 0, 1, 1, 0, 1, 0, 1, 0, 0, 1, 0, 0, 0, 0, 1, 1, 1, 0, 0, 0, 1, 0, 1, 1, 1, 0, 0, 0, 1, 0, 1, 0, 1, 1, 1, 1, 1, 0, 1, 0, 0, 0, 0, 0, 1, 0, 0, 1, 1, 1, 0, 0, 1, 1, 0, 1, 0, 0, 1, 1, 1, 1, 0, 0, 1, 0, 1, 1, 1, 1, 0, 0, 0, 0, 1, 1, 1, 0, 1, 0, 1, 1, 0, 0, 1, 1, 0, 1, 0, 1, 1, 1, 0, 1, 1, 1, 0, 1, 0, 0, 1, 0, 0, 1, 1, 1, 1, 1, 1, 1, 0, 1, 0, 0, 0, 1, 1, 0, 0, 1, 0, 1, 0, 0, 1, 1, 0, 1, 1, 0, 0, 1, 1, 0, 0, 0, 0, 0, 0, 1, 1, 0, 1, 0, 0, 1, 1]
[zoopt] value: 3.061438593383449
Trial 1 with random state 150 and percentage = 24200
[zoopt] expected remaining running time: 00:00:25
[zoopt] x: [1, 1, 1, 0, 0, 1, 0, 1, 0, 1, 0, 1, 1, 1, 1, 0, 0, 0, 1, 1, 1, 1, 0, 0, 0, 1, 1, 0, 1, 1, 1, 1, 1, 1, 1, 1, 1, 0, 1, 0, 0, 0, 0, 0, 1, 1, 0, 0, 0, 1, 0, 1, 1, 1, 0, 1, 0, 0, 0, 0, 0, 1, 0, 0, 0, 1, 0, 1, 1, 0, 0, 1, 0, 0, 1, 1, 1, 1, 1, 0, 1, 1, 1, 1, 1, 1, 1, 0, 1, 0, 1, 0, 0, 1, 0, 1, 1, 1, 1, 0, 1, 0, 0, 0, 0, 0, 0, 0, 1, 1, 0, 1, 1, 0, 0, 0, 1, 0, 0, 1, 1, 1, 0, 1, 0, 0, 1, 1, 0, 0, 1, 1, 0, 1, 1, 1, 0, 1, 0, 1, 1, 0, 0, 0, 1, 1, 1, 1, 0, 1, 1, 0, 1, 1, 0, 1, 0, 1, 0, 1, 1, 0, 0, 1, 0, 0, 1, 1, 1, 0, 1, 0, 1, 1, 0, 1, 1, 1, 0, 0, 0, 0, 1, 0, 1, 1, 0, 1, 1, 0, 0, 0, 1, 1, 1, 1, 1, 0, 0, 1, 1, 0, 1, 0, 0, 1, 0, 1, 1, 0, 0, 1, 0, 1, 1, 1, 0, 1, 0, 1, 0, 1, 0, 0, 1, 0, 0, 1, 0, 1, 1, 1, 1, 1, 1, 0, 0, 1, 0, 1, 0, 1]
[zoopt] value: 2.9827821373764074
Trial 2 with random state 1 and percentage = 24200
[zoopt] expected remaining running time: 00:00:26
[zoopt] x: [0, 1, 0, 0, 0, 0, 0, 1, 0, 1, 1, 1, 0, 0, 0, 0, 1, 0, 0, 1, 0, 0, 0, 1, 0, 1, 1, 1, 0, 1, 1, 0, 1, 1, 1, 0, 0, 1, 1, 1, 0, 1, 0, 1, 1, 0, 0, 0, 0, 1, 0, 1, 0, 0, 1, 0, 0, 1, 1, 1, 1, 1, 0, 1, 0, 1, 0, 0, 0, 0, 0, 0, 1, 1, 1, 1, 0, 1, 0, 1, 1, 0, 1, 0, 1, 0, 1, 1, 1, 1, 1, 1, 0, 0, 1, 1, 1, 1, 1, 1, 0, 1, 0, 0, 0, 0, 1, 0, 1, 0, 1, 1, 0, 1, 0, 1, 1, 1, 1, 0, 0, 1, 0, 0, 0, 1, 1, 0, 1, 0, 0, 0, 0, 0, 1, 1, 0, 0, 0, 1, 0, 1, 0, 0, 0, 1, 0, 1, 1, 1, 1, 0, 0, 1, 1, 1, 1, 0, 0, 0, 1, 0, 0, 0, 0, 1, 0, 0, 1, 0, 0, 1, 1, 1, 0, 0, 0, 0, 0, 0, 0, 1, 0, 1, 1, 1, 1, 0, 1, 1, 1, 1, 1, 1, 1, 1, 0, 0, 0, 0, 0, 0, 0, 0, 0, 0, 1, 1, 0, 0, 1, 1, 1, 1, 0, 1, 0, 1, 1, 0, 0, 1, 0, 1, 1, 0, 0, 1, 1, 0, 1, 0, 0, 0, 0, 1, 1, 1, 0, 0, 0, 1]
[zoopt] value: 3.281692619901753
Trial 3 with random state 4200 and percentage = 24200
[zoopt] expected remaining running time: 00:00:24
[zoopt] x: [0, 1, 0, 1, 1, 1, 0, 1, 0, 1, 0, 1, 0, 0, 0, 1, 1, 0, 0, 1, 0, 0, 1, 1, 1, 1, 0, 0, 1, 0, 1, 1, 1, 0, 0, 1, 0, 1, 0, 1, 1, 1, 0, 0, 1, 1, 0, 0, 0, 1, 0, 0, 1, 1, 0, 0, 1, 0, 1, 0, 0, 1, 0, 0, 1, 0, 0, 1, 1, 0, 1, 0, 1, 0, 0, 0, 1, 1, 0, 0, 0, 0, 0, 1, 1, 0, 0, 0, 0, 1, 0, 1, 1, 0, 0, 0, 0, 1, 0, 1, 1, 1, 1, 0, 0, 0, 1, 1, 1, 1, 1, 0, 0, 1, 0, 1, 0, 1, 1, 0, 1, 1, 0, 1, 1, 1, 0, 1, 1, 1, 0, 1, 0, 0, 0, 0, 0, 0, 0, 0, 1, 0, 0, 0, 1, 1, 1, 0, 1, 0, 1, 1, 1, 0, 1, 0, 0, 0, 1, 0, 0, 0, 0, 0, 1, 1, 1, 0, 1, 1, 0, 1, 1, 0, 0, 1, 0, 1, 1, 1, 0, 1, 0, 0, 1, 1, 1, 0, 1, 0, 1, 1, 1, 0, 0, 0, 1, 0, 1, 1, 0, 0, 1, 0, 0, 1, 0, 0, 0, 1, 1, 0, 1, 1, 1, 1, 0, 1, 0, 1, 0, 1, 0, 0, 1, 1, 1, 1, 0, 0, 0, 0, 1, 0, 0, 1, 1, 1, 0, 0, 0, 1]
[zoopt] value: 3.115926728882193
Trial 1 with random state 150 and percentage = 29100
[zoopt] expected remaining running time: 00:00:20
[zoopt] x: [1, 0, 0, 0, 0, 0, 0, 1, 0, 1, 1, 1, 1, 0, 1, 0, 1, 1, 1, 1, 0, 1, 0, 1, 1, 0, 1, 1, 1, 1, 0, 1, 0, 1, 1, 1, 0, 0, 0, 1, 1, 1, 1, 1, 1, 1, 1, 1, 0, 1, 0, 0, 0, 1, 1, 0, 0, 1, 0, 0, 1, 1, 0, 0, 1, 0, 1, 0, 0, 1, 1, 1, 1, 0, 1, 1, 0, 0, 1, 0, 0, 1, 1, 0, 1, 0, 0, 1, 0, 0, 0, 0, 0, 1, 1, 1, 1, 1, 0, 1, 0, 1, 0, 0, 0, 1, 1, 1, 1, 0, 1, 1, 0, 0, 1, 0, 1, 0, 1, 0, 1, 0, 1, 1, 1, 0, 0, 0, 0, 0, 1, 0, 1, 0, 1, 1, 1, 0, 0, 0, 1, 0, 1, 0, 1, 1, 1, 1, 0, 0, 0, 0, 0, 0, 0, 0, 0, 1, 1, 0, 1, 0, 1, 1, 1, 1, 1, 0, 0, 1, 0, 0, 1, 0, 1, 0, 1, 0, 1, 0, 0, 1, 1, 1, 0, 1, 0, 1, 1, 0, 0, 1, 0, 0, 0, 1, 1, 1, 1, 0, 0, 0, 1, 0, 0, 1, 1, 0, 1, 1, 1, 1, 0, 1, 0, 0, 0, 0, 1, 0, 1, 1, 0, 1, 1, 0, 0, 1, 1, 1, 0, 0, 1, 1, 0, 1, 0, 1, 0, 1, 0, 1, 0, 0, 0, 1, 1, 0, 0, 1, 0, 1, 1, 0, 0, 0, 1, 1, 0, 1, 1, 0, 1, 1, 1, 1, 0, 0, 0, 1, 0, 0, 0, 1, 1, 1, 1, 0, 0, 1, 0, 1, 0, 1, 0, 0, 1, 0, 1, 0, 1]
[zoopt] value: 2.9903987170501987
Trial 2 with random state 1 and percentage = 29100
[zoopt] expected remaining running time: 00:00:24
[zoopt] x: [0, 0, 0, 0, 1, 0, 1, 0, 1, 0, 0, 0, 0, 0, 0, 0, 1, 0, 0, 0, 1, 1, 1, 1, 1, 0, 0, 1, 1, 1, 0, 1, 0, 1, 1, 0, 0, 1, 0, 0, 1, 0, 1, 0, 0, 0, 0, 0, 0, 1, 0, 1, 0, 1, 1, 1, 0, 1, 1, 0, 0, 0, 1, 1, 1, 1, 0, 0, 1, 1, 1, 0, 0, 1, 1, 0, 1, 1, 0, 0, 0, 1, 1, 0, 1, 1, 0, 1, 1, 1, 0, 1, 0, 1, 0, 0, 1, 0, 0, 1, 0, 0, 0, 1, 0, 1, 0, 0, 0, 1, 0, 0, 0, 1, 0, 1, 0, 0, 1, 0, 1, 0, 1, 1, 1, 0, 1, 1, 0, 1, 1, 1, 0, 1, 0, 1, 0, 1, 0, 0, 0, 1, 0, 1, 0, 0, 0, 0, 1, 0, 0, 0, 1, 1, 0, 0, 1, 1, 0, 1, 0, 0, 0, 1, 0, 1, 1, 0, 1, 0, 0, 1, 1, 0, 1, 1, 0, 1, 0, 1, 0, 1, 0, 0, 1, 1, 1, 1, 0, 0, 0, 0, 0, 1, 1, 0, 0, 0, 0, 0, 0, 1, 0, 0, 0, 0, 1, 0, 0, 0, 1, 0, 0, 0, 1, 1, 0, 0, 0, 0, 0, 1, 1, 0, 0, 1, 0, 1, 0, 0, 0, 0, 1, 0, 0, 0, 1, 0, 1, 0, 0, 1, 0, 1, 0, 0, 1, 1, 0, 1, 0, 0, 1, 0, 1, 0, 1, 1, 0, 0, 1, 1, 0, 1, 0, 0, 1, 1, 1, 0, 1, 1, 0, 1, 1, 0, 1, 0, 0, 1, 1, 0, 1, 1, 0, 1, 1, 0, 0, 1, 0]
[zoopt] value: 3.1165494022524785
Trial 3 with random state 4200 and percentage = 29100
[zoopt] expected remaining running time: 00:00:24
[zoopt] x: [1, 0, 0, 0, 1, 1, 1, 1, 0, 1, 0, 1, 1, 0, 0, 1, 0, 1, 1, 0, 0, 0, 1, 1, 1, 1, 1, 0, 1, 0, 0, 1, 1, 1, 1, 0, 0, 1, 1, 0, 0, 0, 1, 0, 0, 0, 0, 1, 1, 1, 0, 1, 0, 0, 0, 1, 1, 0, 0, 0, 0, 1, 0, 0, 0, 1, 0, 0, 1, 0, 0, 1, 0, 1, 1, 1, 1, 0, 1, 0, 0, 1, 1, 1, 1, 1, 0, 0, 0, 0, 1, 1, 0, 0, 1, 0, 1, 1, 1, 0, 1, 0, 0, 0, 0, 0, 0, 0, 1, 0, 1, 1, 1, 1, 1, 0, 0, 0, 0, 1, 0, 0, 0, 1, 1, 0, 1, 0, 0, 1, 0, 0, 1, 0, 0, 0, 0, 1, 1, 1, 1, 1, 0, 1, 1, 1, 1, 1, 1, 1, 1, 0, 1, 1, 1, 1, 1, 1, 1, 1, 0, 1, 0, 1, 1, 0, 0, 0, 0, 1, 1, 0, 1, 0, 0, 0, 1, 0, 0, 0, 1, 0, 0, 1, 0, 0, 1, 0, 1, 0, 1, 1, 1, 0, 1, 1, 0, 0, 1, 1, 0, 1, 1, 1, 0, 0, 1, 0, 1, 1, 1, 1, 1, 0, 0, 1, 0, 1, 0, 0, 1, 0, 0, 1, 0, 0, 0, 0, 1, 1, 0, 1, 1, 1, 0, 0, 0, 1, 1, 0, 1, 0, 1, 0, 1, 1, 1, 0, 1, 1, 0, 1, 0, 0, 1, 1, 0, 0, 0, 0, 1, 1, 0, 1, 0, 0, 0, 1, 0, 1, 1, 1, 1, 0, 1, 0, 0, 1, 0, 0, 1, 1, 0, 1, 1, 0, 1, 1, 0, 1, 0]
[zoopt] value: 3.079862244583479
Trial 1 with random state 150 and percentage = 32300
[zoopt] expected remaining running time: 00:00:23
[zoopt] x: [0, 1, 0, 0, 1, 1, 0, 1, 1, 1, 0, 0, 0, 1, 0, 1, 0, 0, 0, 0, 0, 1, 0, 1, 0, 1, 0, 0, 0, 0, 1, 0, 0, 1, 0, 1, 0, 0, 0, 1, 0, 0, 0, 1, 0, 0, 0, 1, 1, 1, 0, 1, 0, 1, 0, 1, 0, 1, 1, 0, 1, 0, 1, 1, 0, 0, 0, 0, 0, 1, 1, 0, 1, 1, 1, 1, 0, 0, 0, 0, 0, 1, 1, 0, 0, 0, 1, 0, 1, 1, 1, 0, 1, 1, 1, 0, 0, 0, 1, 1, 1, 1, 0, 0, 1, 0, 1, 0, 1, 1, 1, 1, 1, 1, 0, 1, 1, 0, 1, 1, 1, 1, 1, 0, 0, 0, 1, 1, 1, 1, 0, 0, 1, 0, 1, 1, 0, 1, 0, 1, 1, 1, 1, 0, 1, 1, 0, 1, 1, 0, 1, 1, 1, 1, 1, 0, 1, 0, 1, 1, 0, 1, 1, 0, 0, 0, 0, 0, 1, 0, 1, 1, 1, 0, 0, 0, 0, 0, 1, 1, 1, 1, 1, 1, 0, 1, 0, 1, 1, 0, 1, 0, 1, 0, 1, 0, 0, 0, 1, 1, 0, 1, 1, 1, 0, 0, 0, 1, 1, 1, 0, 1, 1, 0, 1, 0, 0, 1, 0, 1, 0, 0, 0, 1, 1, 1, 0, 1, 0, 1, 1, 1, 0, 0, 0, 1, 1, 0, 0, 1, 0, 1, 1, 0, 0, 0, 1, 0, 1, 0, 0, 0, 1, 1, 1, 1, 1, 1, 1, 1, 0, 1, 0, 0, 1, 1, 1, 1, 0, 0, 0, 1, 1, 1, 1, 1, 1, 0, 1, 0, 0, 0, 1, 1, 0, 1, 1, 1, 0, 1, 1, 0, 0, 1, 1, 0, 1, 1, 0, 0, 0, 0, 0, 1, 0, 0, 1, 1, 1, 1, 0, 0, 1, 0, 0, 0, 1, 1, 1, 0, 0, 1, 0]
[zoopt] value: 2.9159446532543294
Trial 2 with random state 1 and percentage = 32300
[zoopt] expected remaining running time: 00:00:24
[zoopt] x: [0, 1, 0, 0, 1, 0, 0, 0, 1, 0, 1, 0, 0, 1, 0, 0, 1, 0, 1, 0, 0, 0, 1, 1, 1, 1, 1, 0, 0, 0, 1, 1, 0, 1, 0, 1, 1, 1, 1, 0, 1, 0, 0, 1, 0, 1, 1, 1, 1, 0, 0, 1, 1, 0, 1, 1, 0, 0, 0, 1, 0, 0, 0, 0, 1, 1, 0, 0, 1, 0, 0, 1, 0, 0, 1, 1, 1, 1, 0, 0, 1, 1, 1, 1, 0, 0, 1, 0, 1, 0, 0, 1, 0, 0, 0, 1, 1, 1, 1, 1, 0, 1, 0, 0, 0, 0, 1, 0, 1, 1, 0, 1, 1, 0, 0, 0, 0, 0, 1, 0, 1, 0, 1, 0, 1, 1, 1, 0, 1, 1, 1, 0, 0, 0, 0, 1, 1, 0, 1, 0, 1, 1, 0, 0, 0, 0, 1, 0, 1, 1, 1, 0, 1, 1, 0, 1, 1, 1, 1, 0, 1, 0, 0, 1, 1, 1, 0, 0, 0, 0, 0, 0, 0, 0, 0, 1, 1, 1, 1, 0, 1, 1, 1, 1, 1, 0, 0, 1, 0, 0, 0, 1, 0, 1, 1, 1, 0, 1, 1, 1, 0, 0, 1, 1, 1, 0, 1, 0, 0, 0, 0, 1, 0, 1, 1, 0, 1, 0, 0, 0, 1, 0, 0, 1, 0, 0, 0, 1, 0, 1, 0, 0, 1, 0, 0, 0, 1, 1, 0, 1, 0, 0, 0, 0, 0, 1, 1, 0, 1, 0, 0, 0, 0, 1, 0, 1, 1, 1, 1, 1, 1, 0, 0, 0, 0, 1, 0, 0, 0, 0, 1, 0, 0, 0, 0, 0, 1, 1, 0, 1, 0, 0, 1, 0, 1, 0, 1, 1, 1, 0, 0, 0, 1, 1, 1, 1, 1, 0, 0, 1, 1, 0, 1, 0, 0, 1, 0, 0, 0, 1, 0, 0, 0, 0, 0, 1, 0, 1, 1, 0, 0, 1, 0]
[zoopt] value: 3.1433787416893875
Trial 3 with random state 4200 and percentage = 32300
[zoopt] expected remaining running time: 00:00:22
[zoopt] x: [0, 1, 0, 1, 1, 1, 0, 1, 0, 1, 0, 1, 0, 0, 0, 1, 1, 0, 0, 1, 0, 0, 1, 1, 1, 0, 0, 0, 1, 0, 1, 1, 1, 0, 0, 1, 0, 1, 0, 1, 1, 1, 0, 0, 1, 1, 0, 0, 0, 1, 0, 0, 1, 1, 0, 0, 0, 0, 1, 0, 0, 1, 0, 0, 1, 0, 0, 1, 1, 0, 1, 0, 1, 0, 0, 0, 1, 1, 0, 0, 0, 0, 0, 1, 1, 0, 0, 0, 0, 1, 0, 1, 1, 0, 0, 0, 0, 1, 0, 1, 1, 1, 1, 0, 0, 0, 1, 1, 1, 1, 1, 0, 1, 1, 0, 1, 0, 1, 1, 1, 1, 1, 0, 1, 1, 1, 0, 1, 1, 1, 0, 1, 0, 0, 0, 0, 0, 0, 0, 0, 1, 0, 0, 0, 1, 1, 1, 0, 1, 0, 1, 1, 1, 0, 1, 0, 0, 0, 1, 0, 0, 0, 0, 0, 1, 1, 1, 0, 1, 1, 0, 1, 1, 0, 0, 1, 1, 1, 1, 1, 0, 1, 0, 0, 0, 1, 1, 0, 1, 0, 1, 1, 1, 0, 0, 0, 1, 0, 1, 1, 0, 0, 1, 0, 0, 1, 0, 0, 0, 1, 1, 0, 1, 1, 1, 1, 0, 1, 0, 1, 0, 1, 0, 0, 1, 1, 1, 1, 0, 0, 0, 0, 0, 0, 0, 1, 1, 1, 0, 0, 0, 1, 1, 0, 1, 0, 1, 0, 0, 1, 0, 1, 0, 1, 1, 0, 1, 1, 0, 1, 0, 1, 0, 1, 0, 1, 0, 1, 0, 1, 0, 1, 0, 1, 0, 0, 1, 0, 0, 0, 0, 0, 1, 0, 1, 1, 1, 0, 0, 0, 1, 1, 1, 0, 0, 0, 0, 1, 1, 1, 0, 1, 1, 1, 1, 0, 1, 0, 1, 1, 0, 1, 0, 1, 1, 1, 0, 1, 0, 1, 1, 0, 0]
[zoopt] value: 3.2427629094354495
--- Pre-Attack Results ---
Result for key 0:
  BALANCE: [0.7006404901141744, 0.8203518350015165, 0.7188571428571429]
  ENTROPY: [3.0810436408428403, 3.437899362353658, 3.423911374907886]
  ACC: [0.19395866454689983, 0.1685214626391097, 0.17488076311605724]
  NMI: [0.07022269661327815, 0.0455275206302851, 0.05708248873510333]

Result for key 1:
  BALANCE: [0.7006404901141744, 0.8203518350015165, 0.7188571428571429]
  ENTROPY: [3.0810436408428403, 3.437899362353658, 3.423911374907886]
  ACC: [0.19395866454689983, 0.1685214626391097, 0.17488076311605724]
  NMI: [0.07022269661327815, 0.0455275206302851, 0.05708248873510333]

Result for key 2:
  BALANCE: [0.7006404901141744, 0.8203518350015165, 0.7188571428571429]
  ENTROPY: [3.0810436408428403, 3.437899362353658, 3.423911374907886]
  ACC: [0.19395866454689983, 0.1685214626391097, 0.17488076311605724]
  NMI: [0.07022269661327815, 0.0455275206302851, 0.05708248873510333]

Result for key 3:
  BALANCE: [0.7006404901141744, 0.8203518350015165, 0.7188571428571429]
  ENTROPY: [3.0810436408428403, 3.437899362353658, 3.423911374907886]
  ACC: [0.19395866454689983, 0.1685214626391097, 0.17488076311605724]
  NMI: [0.07022269661327815, 0.0455275206302851, 0.05708248873510333]

Result for key 4:
  BALANCE: [0.7006404901141744, 0.8203518350015165, 0.7188571428571429]
  ENTROPY: [3.0810436408428403, 3.437899362353658, 3.423911374907886]
  ACC: [0.19395866454689983, 0.1685214626391097, 0.17488076311605724]
  NMI: [0.07022269661327815, 0.0455275206302851, 0.05708248873510333]

Result for key 5:
  BALANCE: [0.7006404901141744, 0.8203518350015165, 0.7188571428571429]
  ENTROPY: [3.0810436408428403, 3.437899362353658, 3.423911374907886]
  ACC: [0.19395866454689983, 0.1685214626391097, 0.17488076311605724]
  NMI: [0.07022269661327815, 0.0455275206302851, 0.05708248873510333]

Result for key 6:
  BALANCE: [0.7006404901141744, 0.8203518350015165, 0.7188571428571429]
  ENTROPY: [3.0810436408428403, 3.437899362353658, 3.423911374907886]
  ACC: [0.19395866454689983, 0.1685214626391097, 0.17488076311605724]
  NMI: [0.07022269661327815, 0.0455275206302851, 0.05708248873510333]

Result for key 7:
  BALANCE: [0.7006404901141744, 0.8203518350015165, 0.7188571428571429]
  ENTROPY: [3.0810436408428403, 3.437899362353658, 3.423911374907886]
  ACC: [0.19395866454689983, 0.1685214626391097, 0.17488076311605724]
  NMI: [0.07022269661327815, 0.0455275206302851, 0.05708248873510333]

Result for key 8:
  BALANCE: [0.7006404901141744, 0.8203518350015165, 0.7188571428571429]
  ENTROPY: [3.0810436408428403, 3.437899362353658, 3.423911374907886]
  ACC: [0.19395866454689983, 0.1685214626391097, 0.17488076311605724]
  NMI: [0.07022269661327815, 0.0455275206302851, 0.05708248873510333]

--- Post-Attack Results ---
Result for key 0:
  BALANCE: [0.7006404901141744, 0.8203518350015165, 0.7188571428571429]
  ENTROPY: [3.0810436408428403, 3.437899362353658, 3.423911374907886]
  ACC: [0.19395866454689983, 0.1685214626391097, 0.17488076311605724]
  NMI: [0.07022269661327815, 0.0455275206302851, 0.05708248873510333]

Result for key 1:
  BALANCE: [0.5705215419501134, 0.7453710561398311, 0]       
  ENTROPY: [3.0390587662493385, 3.404211068179678, 3.029029891520306]
  ACC: [0.2082670906200318, 0.1685214626391097, 0.17289348171701113]
  NMI: [0.0718750307982382, 0.0489837401153167, 0.056802267114101426]

Result for key 2:
  BALANCE: [0.42038429406850464, 0.6489682539682541, 0]      
  ENTROPY: [3.0028807246570457, 3.3996573900503346, 2.869724880880132]
  ACC: [0.20588235294117646, 0.16335453100158984, 0.1820349761526232]
  NMI: [0.07636604240156468, 0.04049945709993624, 0.056780891475945776]

Result for key 3:
  BALANCE: [0.3853522695627959, 0.4920102804782657, 0]       
  ENTROPY: [2.9912731450044445, 3.320554217491711, 2.8200876748404595]
  ACC: [0.20508744038155802, 0.17766295707472177, 0.1872019077901431]
  NMI: [0.07007020648639382, 0.05216070308270874, 0.05710532373139949]

Result for key 4:
  BALANCE: [0.3328042328042328, 0.36053791887125225, 0.667728237791932]
  ENTROPY: [2.9668543455204808, 3.238603045025667, 3.0571762056511123]
  ACC: [0.1967408585055644, 0.17448330683624802, 0.18163751987281399]
  NMI: [0.06469035757524776, 0.04503429418087961, 0.05665798547888883]

Result for key 5:
  BALANCE: [0.34156223893066, 0.31757806431567503, 0]        
  ENTROPY: [2.981978854703652, 3.2003537062004046, 3.061438593383449]
  ACC: [0.20349761526232116, 0.17686804451510335, 0.18441971383147854]
  NMI: [0.06584539288396113, 0.04913018933344046, 0.06482074828076781]

Result for key 6:
  BALANCE: [0.3542754736303124, 0.45686668901553246, 0.08809523809523812]
  ENTROPY: [2.9827821373764074, 3.281692619901753, 3.115926728882193]
  ACC: [0.2046899841017488, 0.17686804451510335, 0.17368839427662958]
  NMI: [0.07246457816939816, 0.04892254316591099, 0.05108424298161894]

Result for key 7:
  BALANCE: [0.39068322981366466, 0.24203944203944208, 0]     
  ENTROPY: [2.9903987170501987, 3.1165494022524785, 3.079862244583479]
  ACC: [0.1987281399046105, 0.17686804451510335, 0.17965023847376788]
  NMI: [0.06835456191822385, 0.05476640814787887, 0.05721950961698794]

Result for key 8:
  BALANCE: [0.24260495475448748, 0.2592356687898089, 0.21534391534391537]
  ENTROPY: [2.9159446532543294, 3.1433787416893875, 3.2427629094354495]
  ACC: [0.20747217806041335, 0.17170111287758347, 0.1784578696343402]
  NMI: [0.06977714195678457, 0.04638498690684618, 0.05778492920307035]

--- Random Attack Results ---
Result for key 0:
  BALANCE: [0.7006404901141744, 0.8203518350015165, 0.7188571428571429]
  ENTROPY: [3.0810436408428403, 3.437899362353658, 3.423911374907886]
  ACC: [0.19395866454689983, 0.1685214626391097, 0.17488076311605724]
  NMI: [0.07022269661327815, 0.0455275206302851, 0.05708248873510333]

Result for key 1:
  BALANCE: [0.6305764411027569, 0.8121019108280255, 0.667728237791932]
  ENTROPY: [3.0730112389237547, 3.421558177327517, 3.4143761085089146]
  ACC: [0.20508744038155802, 0.17130365659777425, 0.17925278219395865]
  NMI: [0.07512260607936785, 0.04627333184421336, 0.05782707801842225]

Result for key 2:
  BALANCE: [0.5572535991140642, 0.6818428184281844, 0.8187290218569125]
  ENTROPY: [3.046362834910001, 3.401965464700857, 3.4386863170227437]
  ACC: [0.21104928457869634, 0.16732909379968203, 0.17647058823529413]
  NMI: [0.07574777537033589, 0.04743193826766816, 0.06014827615348076]

Result for key 3:
  BALANCE: [0.3993650793650794, 0.5947990543735225, 0.2218694885361552]
  ENTROPY: [3.004695818751941, 3.3749442978933635, 3.242873942386317]
  ACC: [0.2082670906200318, 0.17011128775834658, 0.1760731319554849]
  NMI: [0.07421792153936906, 0.04793725980257761, 0.053980294934708]

Result for key 4:
  BALANCE: [0.5824074074074075, 0.6036913990402363, 0.18152958152958154]
  ENTROPY: [3.0398666032712596, 3.391213341780065, 3.229899152303192]
  ACC: [0.20945945945945946, 0.17011128775834658, 0.18282988871224165]
  NMI: [0.07609665041492887, 0.050185029394850894, 0.06031193197984376]

Result for key 5:
  BALANCE: [0.36053791887125225, 0.508994708994709, 0.5445887445887446]
  ENTROPY: [2.9882914305266315, 3.3473039745330766, 3.388987735562882]
  ACC: [0.19395866454689983, 0.17647058823529413, 0.18282988871224165]
  NMI: [0.06433983622147903, 0.04863124742934611, 0.06214774697574594]

Result for key 6:
  BALANCE: [0.35559904327027614, 0.2886976477337923, 0.2711738193219675]
  ENTROPY: [2.970597564030937, 3.2685889963774386, 3.2848054319937816]
  ACC: [0.2046899841017488, 0.16931637519872814, 0.18322734499205087]
  NMI: [0.07182010756262895, 0.04433926564261494, 0.0597218802437164]

  BALANCE: [0.3597883597883598, 0.25765488991295443, 0.033844498251277916]
  ENTROPY: [2.9703971348452365, 3.2706812189324816, 3.1230471238741733]
  ACC: [0.2007154213036566, 0.16613672496025436, 0.17726550079491257]
  NMI: [0.0695675814824794, 0.046603541232607494, 0.055695887331166954]

Result for key 8:
  BALANCE: [0.44826692581794625, 0.23724658180103725, 0.2025764895330113]
  ENTROPY: [3.0076651875193763, 3.15923833359152, 3.154027096386886]
  ACC: [0.19634340222575516, 0.1720985691573927, 0.17329093799682035]
  NMI: [0.06952130069095695, 0.04671102487823923, 0.051545768086573455]