(nlp1-practical1) C:\Users\iason\Dev\CFC\Fair-Clustering-Codebase>python attack_extra_metrics.py --dataset MNIST_USPS --cl_algo KFC
(3800, 256), (3800,), (3800,)
Clustering Algorithm: KFC
Dataset: MNIST_USPS
Number of Clusters: 10
Number of Data Points: 3800
Number of Sensitive Features: 2
Number of Features: 256
# of clusters -> 10
Trial 1 with random state 150
[zoopt] expected remaining running time: 00:00:50
[zoopt] x: [0, 0, 1, 1, 1, 0, 0, 0, 1, 0, 0, 1, 1, 1, 1, 0, 1, 1, 0, 0, 1, 0, 0, 1, 1, 0, 1, 0, 0, 1, 0, 1, 0, 1, 1, 1, 0, 1, 0, 0, 1, 1, 1, 0, 0, 0, 1, 0, 1, 0, 0, 1, 0, 0, 1, 0, 1, 0, 0, 1, 1, 1, 0, 0, 0, 0, 1, 0, 0, 1, 0, 0, 0, 1, 1, 1, 0, 1, 1, 0, 0, 1, 1, 1, 0, 1, 1, 0, 1, 0, 0, 1, 0, 1, 1, 0, 1, 0, 1, 0, 0, 1, 0, 0, 1, 0, 1, 0, 1, 0, 1, 1, 1, 0, 0, 1, 0, 1, 0, 1, 1, 0, 0, 0, 0, 1, 1, 0, 1, 0, 0, 1, 0, 0, 1, 0, 1, 0, 1, 0, 1, 1, 0, 1, 0, 1, 0, 1, 1, 1, 1, 1, 0, 1, 1, 0, 0, 0, 0, 0, 1, 1, 0, 1, 0, 0, 0, 0, 1, 1, 0]
[zoopt] value: 0.6916620066077874
Trial 2 with random state 1
[zoopt] expected remaining running time: 00:00:43
[zoopt] x: [1, 0, 0, 1, 1, 1, 1, 0, 0, 1, 0, 0, 1, 0, 0, 0, 1, 1, 1, 1, 0, 1, 0, 0, 0, 0, 1, 0, 1, 0, 1, 1, 1, 1, 1, 1, 0, 1, 0, 1, 0, 0, 1, 1, 0, 1, 1, 1, 0, 1, 1, 0, 0, 0, 0, 1, 1, 0, 1, 1, 1, 0, 0, 0, 1, 0, 0, 1, 1, 0, 1, 0, 0, 1, 1, 0, 0, 1, 1, 0, 0, 0, 0, 0, 0, 0, 1, 0, 1, 1, 0, 1, 0, 0, 1, 0, 0, 1, 1, 1, 1, 0, 1, 1, 1, 1, 1, 1, 0, 1, 1, 0, 0, 1, 1, 1, 1, 1, 0, 1, 1, 1, 1, 0, 0, 0, 0, 1, 0, 1, 0, 1, 0, 0, 0, 1, 1, 0, 0, 1, 1, 1, 1, 0, 0, 0, 1, 0, 1, 0, 1, 1, 0, 0, 0, 1, 1, 1, 1, 0, 1, 0, 1, 0, 1, 0, 1, 1, 0, 0, 1]
[zoopt] value: 1.6762777550019121
Trial 3 with random state 4200
[zoopt] expected remaining running time: 00:00:39
[zoopt] x: [0, 0, 1, 0, 0, 0, 1, 0, 0, 1, 1, 1, 0, 1, 0, 0, 1, 1, 0, 1, 1, 0, 1, 1, 1, 0, 0, 0, 1, 1, 0, 1, 1, 1, 1, 1, 1, 1, 1, 0, 1, 1, 1, 0, 0, 1, 0, 0, 0, 0, 0, 1, 1, 1, 0, 1, 0, 0, 1, 0, 0, 1, 0, 0, 1, 0, 1, 1, 1, 0, 1, 1, 0, 1, 1, 0, 0, 0, 1, 1, 0, 1, 1, 1, 1, 0, 0, 1, 0, 0, 0, 1, 1, 1, 1, 1, 1, 0, 1, 1, 0, 0, 0, 1, 1, 0, 0, 1, 0, 1, 1, 0, 0, 0, 1, 1, 1, 1, 1, 1, 1, 1, 1, 0, 0, 0, 1, 0, 0, 1, 1, 0, 1, 1, 1, 0, 0, 1, 0, 1, 0, 1, 0, 0, 0, 1, 1, 0, 1, 1, 1, 1, 1, 1, 1, 1, 1, 1, 1, 1, 1, 1, 0, 0, 0, 1, 0, 1, 0, 0, 0]
[zoopt] value: 1.3191305107925149
Trial 4 with random state 424242
[zoopt] expected remaining running time: 00:00:31
[zoopt] x: [0, 0, 0, 0, 0, 0, 0, 1, 0, 1, 1, 0, 1, 0, 0, 0, 0, 0, 0, 1, 0, 1, 0, 0, 1, 1, 1, 1, 1, 0, 0, 1, 1, 0, 1, 1, 1, 0, 1, 1, 1, 0, 0, 1, 0, 0, 1, 0, 0, 0, 0, 1, 0, 0, 1, 1, 0, 1, 1, 1, 0, 1, 0, 0, 1, 1, 0, 1, 1, 1, 0, 1, 1, 1, 1, 0, 0, 1, 1, 1, 0, 1, 1, 1, 1, 0, 1, 0, 0, 1, 1, 0, 0, 1, 0, 1, 0, 0, 1, 1, 1, 1, 0, 0, 0, 1, 1, 1, 0, 1, 1, 1, 1, 1, 0, 1, 1, 1, 0, 1, 1, 1, 0, 1, 1, 1, 0, 0, 1, 1, 0, 0, 0, 0, 0, 1, 1, 0, 0, 1, 1, 0, 1, 0, 0, 0, 0, 1, 1, 0, 0, 0, 0, 1, 0, 0, 0, 1, 1, 0, 1, 0, 0, 1, 1, 0, 0, 0, 0, 1, 1]
[zoopt] value: 1.6892722833380356
Trial 5 with random state 1947
[zoopt] expected remaining running time: 00:00:31
[zoopt] x: [1, 0, 0, 0, 0, 0, 1, 1, 0, 0, 1, 1, 1, 1, 0, 0, 0, 1, 0, 0, 1, 1, 0, 0, 1, 1, 0, 0, 1, 1, 0, 1, 1, 1, 0, 1, 1, 1, 0, 1, 0, 1, 1, 1, 1, 0, 0, 1, 0, 0, 1, 1, 1, 0, 0, 1, 1, 0, 1, 0, 0, 0, 1, 0, 0, 0, 0, 0, 0, 1, 0, 1, 0, 0, 0, 1, 0, 0, 1, 0, 0, 0, 0, 0, 0, 1, 1, 1, 0, 0, 0, 1, 1, 1, 1, 0, 0, 0, 0, 1, 1, 0, 1, 0, 0, 1, 0, 0, 0, 1, 0, 1, 0, 1, 0, 0, 1, 0, 0, 0, 1, 0, 0, 0, 0, 1, 0, 1, 0, 1, 0, 1, 1, 0, 1, 1, 0, 1, 1, 1, 1, 1, 1, 0, 0, 1, 0, 0, 0, 0, 0, 1, 0, 0, 0, 0, 0, 1, 1, 0, 1, 1, 0, 0, 0, 1, 1, 1, 1, 0, 0]
[zoopt] value: 1.0370811687531858
Trial 6 with random state 355
[zoopt] expected remaining running time: 00:00:31
[zoopt] x: [0, 1, 0, 1, 0, 1, 1, 1, 1, 1, 1, 0, 0, 0, 1, 0, 1, 1, 0, 1, 1, 0, 1, 1, 0, 0, 1, 0, 0, 0, 0, 1, 1, 0, 1, 1, 0, 0, 1, 0, 1, 1, 1, 0, 0, 1, 0, 1, 0, 1, 0, 1, 0, 0, 0, 1, 1, 0, 0, 1, 0, 1, 1, 0, 1, 1, 1, 1, 1, 1, 1, 0, 1, 0, 1, 0, 0, 1, 0, 0, 0, 1, 0, 1, 1, 1, 1, 1, 1, 0, 1, 0, 0, 1, 0, 1, 0, 1, 0, 0, 1, 0, 1, 1, 0, 1, 1, 0, 1, 1, 0, 1, 0, 1, 0, 0, 1, 1, 1, 1, 1, 0, 0, 1, 1, 1, 1, 1, 0, 0, 1, 0, 1, 0, 1, 1, 1, 0, 0, 1, 1, 0, 0, 1, 0, 1, 0, 0, 1, 1, 0, 1, 1, 0, 0, 1, 0, 0, 1, 0, 0, 1, 1, 1, 0, 0, 1, 0, 0, 0, 0]
[zoopt] value: 1.0151628098456984
Trial 7 with random state 256
[zoopt] expected remaining running time: 00:00:31
[zoopt] x: [1, 1, 1, 1, 0, 0, 0, 0, 1, 1, 1, 0, 0, 0, 0, 0, 0, 1, 1, 1, 1, 1, 1, 0, 0, 0, 1, 0, 1, 1, 0, 1, 0, 0, 1, 0, 0, 1, 0, 0, 0, 0, 0, 1, 1, 0, 1, 0, 0, 1, 0, 0, 0, 1, 0, 1, 1, 0, 0, 0, 1, 1, 1, 0, 1, 1, 0, 1, 1, 1, 1, 1, 1, 0, 1, 1, 1, 1, 1, 0, 1, 0, 0, 1, 0, 1, 0, 1, 0, 1, 1, 1, 0, 0, 0, 1, 1, 1, 1, 1, 0, 1, 1, 0, 1, 1, 1, 1, 0, 1, 1, 1, 0, 1, 0, 0, 1, 0, 0, 1, 1, 0, 1, 1, 1, 0, 0, 1, 0, 0, 1, 0, 1, 1, 0, 0, 0, 1, 0, 1, 0, 1, 1, 0, 0, 1, 1, 0, 0, 1, 0, 0, 0, 0, 1, 1, 0, 0, 0, 1, 1, 1, 0, 0, 0, 1, 0, 1, 0, 0, 1]
[zoopt] value: 1.3007678143627581
Trial 8 with random state 7500
[zoopt] expected remaining running time: 00:00:28
[zoopt] x: [1, 1, 1, 1, 0, 1, 0, 0, 1, 1, 0, 1, 0, 0, 0, 1, 0, 0, 1, 0, 1, 0, 1, 1, 1, 1, 1, 1, 1, 1, 0, 1, 1, 0, 1, 0, 0, 1, 1, 1, 1, 0, 1, 0, 0, 1, 1, 1, 0, 0, 1, 1, 1, 1, 1, 0, 1, 1, 0, 0, 1, 0, 1, 1, 0, 0, 1, 0, 0, 1, 0, 0, 1, 1, 0, 1, 0, 1, 1, 1, 0, 1, 1, 0, 1, 0, 1, 1, 0, 0, 1, 0, 0, 0, 1, 1, 1, 0, 0, 1, 0, 1, 1, 1, 1, 0, 0, 1, 0, 0, 0, 1, 0, 1, 0, 1, 1, 1, 1, 0, 1, 1, 0,1, 1, 0, 1, 0, 1, 0, 1, 0, 0, 1, 0, 0, 1, 0, 1, 0, 0, 0, 0, 1, 1, 1, 0, 1, 1, 0, 1, 0, 1, 0, 1, 1, 0, 1, 1, 0, 1, 0,  1, 0, 0, 1, 0, 1, 1, 1, 1, 1, 1, 0, 0, 0, 0, 0, 0, 0, 0, 0, 1, 1, 0, 1, 0, 0, 0, 0, 1, 1, 0, 0, 0, 1, 0, 1, 1, 0, 1, 1, 0, 1, 1, 0, 1, 0, 0, 0]
[zoopt] value: 1.3314360516965627
Trial 10 with random state 18
[zoopt] expected remaining running time: 00:00:29
[zoopt] x: [1, 0, 0, 0, 0, 0, 1, 1, 0, 0, 1, 1, 1, 1, 1, 0, 0, 1, 1, 0, 0, 1, 0, 0, 1, 0, 0, 0, 1, 0, 0, 0, 0, 0, 0, 0, 1, 0, 0, 0, 0, 1, 0, 0, 1, 1, 1, 0, 0, 0, 0, 1, 1, 1, 1, 0, 1, 0, 1, 0, 1, 1, 1, 1, 0, 1, 1, 0, 1, 1, 0, 1, 0, 1, 0, 1, 1, 0, 1, 0, 1, 1, 0, 1, 1, 0, 0, 0, 1, 0, 1, 1, 1, 1, 0, 0, 1, 1, 0, 0, 0, 0, 1, 1, 1, 1, 1, 1, 1, 1, 0, 1, 0, 1, 1, 0, 0, 1, 0, 0, 0, 1, 1, 1, 1, 0, 0, 1, 1, 1, 1, 1, 0, 0, 0, 0, 1, 1, 0, 0, 0, 1, 0, 1, 0, 1, 0, 0, 1, 1, 0, 1, 0, 1, 0, 1, 0, 0, 1, 1, 0, 1, 1, 0, 1, 0, 0, 1, 0, 1, 0]
[zoopt] value: 0.5893159317637582

Pre-Attack Results for MNIST_USPS and KFC
=========================================
BALANCE: Mean = 0.557353089964844, Std = 0.32399715596585527
MIN_CLUSTER_RATIO: Mean = 0.602789909391187, Std = 0.3411860994375558  
CLUSTER_DIST_L1: Mean = 0.01315608708254418, Std = 0.007763115555404142
CLUSTER_DIST_KL: Mean = 0.0025879553134200164, Std = 0.001229457444109782
SILHOUETTE_DIFF: Mean = 0.02623092134739518, Std = 0.023386886113599303
ENTROPY: Mean = 1.3545077340181668, Std = 0.37439425091789974
ENTROPY_GROUP_A: Mean = 0.2376752051226211, Std = 0.14284762792884007  
ENTROPY_GROUP_B: Mean = 0.27524658567951515, Std = 0.16415593836941764 
ACC: Mean = 0.14665413533834587, Std = 0.012312761844751826
NMI: Mean = 0.030275349564839755, Std = 0.017574522414104583
ARI: Mean = 1.9186827989871692e-05, Std = 0.0016220370895774763        
SIL: Mean = 0.09911517666060284, Std = 0.057537753769658306

Post-Attack Results for MNIST_USPS and KFC
=========================================
BALANCE: Mean = 0.3495546140213863, Std = 0.298995189816485
MIN_CLUSTER_RATIO: Mean = 0.35797369159385084, Std = 0.3505410303842924
CLUSTER_DIST_L1: Mean = 0.017465346849154066, Std = 0.009894945505691598
CLUSTER_DIST_KL: Mean = 0.005107401133389854, Std = 0.0023614907387657404
SILHOUETTE_DIFF: Mean = 0.035551516760195224, Std = 0.029367911833178325
ENTROPY: Mean = 1.2020470158208947, Std = 0.3505540391296776
ENTROPY_GROUP_A: Mean = 0.20307741627712633, Std = 0.13403270350233168 
ENTROPY_GROUP_B: Mean = 0.2552757418874108, Std = 0.17108609459452026  
ACC: Mean = 0.1456390977443609, Std = 0.012313622694445232
NMI: Mean = 0.028233593196431744, Std = 0.019438758790531085
ARI: Mean = -0.00022774573313743998, Std = 0.0016826475344987805       
SIL: Mean = 0.11140942927752688, Std = 0.05793304046363097

Random Attack Results for MNIST_USPS and KFC
=========================================
BALANCE: Mean = 0.6045202355901712, Std = 0.2338654187018693
MIN_CLUSTER_RATIO: Mean = 0.7307096899169985, Std = 0.19187249989983038
CLUSTER_DIST_L1: Mean = 0.013930348258706463, Std = 0.0077635316576040656
CLUSTER_DIST_KL: Mean = inf, Std = nan
SILHOUETTE_DIFF: Mean = 0.01891760127768715, Std = 0.025481403530649916
ENTROPY: Mean = 1.3724885075332776, Std = 0.45964491730029183
ENTROPY_GROUP_A: Mean = 0.22448436188943593, Std = 0.14339964207512412 
ENTROPY_GROUP_B: Mean = 0.2578223972786894, Std = 0.1710211859508097   
ACC: Mean = 0.14586466165413534, Std = 0.012180683187244547
NMI: Mean = 0.0281846371149894, Std = 0.018856243957647605
ARI: Mean = -0.00015375216479453165, Std = 0.0016616202813851295       
SIL: Mean = 0.0975492354306452, Std = 0.05554029600179372