C:\Users\iason\Dev\CFC\Fair-Clustering-Codebase>python attack_extra_metrics.py --dataset Yale_alter --cl_algo SFD
(2414, 2016), (2414,), (2414,)
Clustering Algorithm: SFD
Dataset: Yale_alter
Number of Clusters: 38
Number of Data Points: 2414
Number of Sensitive Features: 2
Number of Features: 2016
# of clusters -> 38
Trial 1 with random state 150
[zoopt] expected remaining running time: 00:03:14
[zoopt] x: [1, 0, 0, 1, 1, 0, 0, 0, 1, 1, 1, 0, 0, 1, 1, 0, 1, 0, 0, 0, 0, 0, 0, 0, 0, 1, 1, 0, 1, 0, 0, 1, 1, 1, 1, 0, 0, 1, 1, 1, 0, 1, 0, 0, 0, 0, 1, 1, 1, 1, 0, 1, 1, 0, 1, 1, 0, 0, 0, 1, 0, 1, 0, 1, 1, 1, 1, 0, 0, 0, 0, 0, 1, 0, 0, 1, 1, 1, 1, 1, 0, 1, 0, 0, 0, 0, 0, 1, 1, 1, 1, 1, 0, 0, 1, 0, 1, 0, 0, 0, 0, 1, 0, 1, 1, 0, 1, 1]
[zoopt] value: 11.717027862553461
Trial 2 with random state 1
[zoopt] expected remaining running time: 00:03:15
[zoopt] x: [0, 1, 0, 0, 0, 1, 1, 1, 1, 0, 0, 0, 0, 0, 1, 1, 1, 1, 1, 0, 0, 1, 0, 1, 1, 1, 0, 1, 1, 0, 0, 1, 1, 1, 1, 0, 1, 1, 0, 1, 0, 1, 0, 1, 0, 1, 1, 1, 1, 1, 0, 1, 0, 0, 1, 1, 0, 1, 1, 0, 0, 1, 1, 1, 0, 1, 0, 1, 0, 1, 1, 1, 0, 1, 1, 1, 0, 0, 1, 1, 0, 0, 1, 1, 0, 1, 1, 1, 0, 1, 0, 1, 1, 1, 1, 0, 1, 0, 0, 1, 1, 0, 0, 1, 1, 0, 1, 1]
[zoopt] value: 11.508939742262912
Trial 3 with random state 4200
[zoopt] expected remaining running time: 00:03:14
[zoopt] x: [1, 1, 0, 1, 1, 0, 1, 0, 1, 0, 1, 1, 0, 1, 1, 0, 0, 0, 1, 0, 1, 0, 0, 0, 0, 1, 1, 1, 0, 1, 0, 1, 0, 0, 0, 0, 1, 1, 1, 1, 1, 1, 1, 0, 1, 0, 0, 1, 1, 0, 1, 1, 1, 0, 1, 0, 1, 1, 1, 0, 0, 1, 1, 0, 0, 1, 1, 0, 1, 0, 1, 0, 1, 0, 0, 0, 0, 1, 1, 1, 1, 0, 0, 0, 1, 0, 0, 0, 1, 0, 1, 0, 0, 1, 1, 0, 0, 0, 1, 1, 0, 1, 0, 1, 0, 1, 0, 1]
[zoopt] value: 11.974838217198599
Trial 4 with random state 424242
[zoopt] expected remaining running time: 00:03:19
[zoopt] x: [0, 0, 1, 0, 0, 1, 0, 0, 0, 0, 1, 1, 1, 1, 1, 0, 0, 1, 1, 1, 1, 1, 1, 1, 0, 0, 1, 1, 1, 1, 1, 1, 0, 1, 0, 0, 0, 1, 1, 1, 0, 0, 0, 0, 1, 1, 0, 0, 0, 1, 0, 1, 0, 0, 0, 0, 0, 0, 0, 0, 1, 0, 1, 1, 1, 1, 1, 1, 1, 1, 1, 0, 1, 1, 0, 0, 0, 1, 1, 0, 0, 1, 0, 1, 1, 0, 1, 0, 1, 1, 0, 1, 0, 0, 1, 0, 0, 0, 1, 0, 0, 0, 0, 0, 1, 1, 1, 0]
[zoopt] value: 11.738347598347282
Trial 5 with random state 1947
[zoopt] expected remaining running time: 00:03:20
[zoopt] x: [0, 0, 1, 0, 1, 1, 0, 0, 1, 1, 1, 0, 0, 0, 1, 1, 1, 1, 0, 0, 0, 1, 0, 1, 1, 0, 0, 1, 0, 1, 1, 1, 1, 1, 0, 0, 1, 1, 1, 0, 1, 1, 0, 0, 0, 0, 0, 1, 1, 0, 1, 0, 0, 0, 0, 1, 0, 1, 0, 0, 0, 1, 0, 0, 0, 1, 1, 1, 1, 1, 1, 0, 0, 1, 0, 0, 1, 0, 0, 0, 0, 0, 0, 0, 0, 0, 1, 0, 0, 1, 0, 0, 1, 0, 1, 1, 1, 0, 0, 1, 1, 0, 0, 1, 1, 1, 0, 1]
[zoopt] value: 11.94135819484616
Trial 6 with random state 355
[zoopt] expected remaining running time: 00:03:06
[zoopt] x: [1, 0, 0, 0, 0, 1, 1, 0, 0, 0, 1, 1, 1, 0, 1, 1, 0, 0, 0, 0, 0, 0, 0, 0, 0, 1, 0, 1, 1, 1, 0, 1, 1, 0, 0, 1, 1, 1, 1, 1, 1, 1, 1, 0, 0, 1, 0, 0, 1, 1, 1, 1, 0, 0, 0, 1, 0, 0, 0, 1, 1, 1, 1, 1, 0, 0, 1, 0, 1, 0, 0, 0, 0, 0, 1, 0, 1, 0, 1, 0, 1, 0, 0, 0, 0, 0, 0, 0, 1, 1, 0, 0, 1, 0, 1, 0, 1, 1, 1, 1, 0, 1, 0, 1, 1, 0, 1, 0]
[zoopt] value: 11.439118933861216
Trial 7 with random state 256
[zoopt] expected remaining running time: 00:02:17
[zoopt] x: [0, 1, 1, 0, 1, 0, 0, 0, 1, 1, 0, 0, 0, 1, 0, 1, 1, 0, 1, 0, 0, 0, 1, 1, 1, 1, 1, 0, 1, 1, 1, 0, 1, 0, 0, 1, 0, 0, 1, 1, 1, 0, 1, 0, 0, 0, 0, 0, 0, 0, 0, 0, 1, 0, 0, 1, 1, 0, 0, 1, 1, 0, 0, 1, 1, 0, 0, 0, 0, 1, 1, 1, 1, 1, 1, 1, 0, 1, 1, 1, 1, 1, 0, 1, 0, 1, 1, 0, 0, 1, 0, 1, 1, 0, 1, 1, 0, 1, 0, 1, 1, 1, 1, 0, 0, 1, 0, 0]
[zoopt] value: 11.484293258105302
Trial 8 with random state 7500
[zoopt] expected remaining running time: 00:02:23
[zoopt] x: [1, 1, 1, 1, 0, 0, 1, 1, 1, 0, 1, 1, 1, 1, 0, 0, 1, 0, 1, 1, 0, 0, 0, 1, 1, 1, 1, 0, 0, 0, 1, 0, 1, 1, 0, 0, 0, 0, 1, 0, 1, 1, 0, 0, 1, 0, 1, 1, 0, 0, 1, 1, 1, 0, 0, 0, 1, 0, 1, 1, 0, 0, 0, 1, 1, 1, 1, 1, 1, 0, 1, 0, 1, 0, 1, 0, 0, 1, 0, 1, 0, 1, 1, 0, 0, 0, 1, 0, 1, 1, 0, 0, 0, 0, 1, 0, 0, 0, 0, 1, 0, 1, 1, 1, 1, 1, 0, 0]
[zoopt] value: 11.753785643645724
Trial 9 with random state 99999
[zoopt] expected remaining running time: 00:02:22
[zoopt] x: [0, 1, 1, 1, 1, 1, 0, 1, 0, 0, 1, 1, 0, 1, 0, 1, 1, 1, 0, 1, 1, 0, 1, 1, 1, 1, 1, 0, 0, 0, 1, 1, 0, 0, 0, 1, 1, 1, 0, 1, 0, 0, 1, 1, 0, 0, 0, 1, 0, 0, 1, 1, 1, 0, 0, 0, 0, 1, 0, 1, 1, 1, 1, 0, 0, 1, 1, 1, 0, 0, 1, 0, 1, 1, 1, 0, 1, 1, 0, 1, 1, 0, 0, 1, 0, 1, 0, 0, 0, 0, 0, 1, 1, 1, 0, 0, 0, 0, 0, 0, 0, 0, 0, 1, 1, 0, 1, 0]
[zoopt] value: 11.792756262362804
Trial 10 with random state 18
[zoopt] expected remaining running time: 00:01:53
[zoopt] x: [0, 1, 0, 1, 1, 0, 1, 0, 1, 1, 0, 0, 1, 0, 1, 1, 1, 0, 0, 0, 1, 0, 0, 0, 0, 1, 1, 1, 1, 1, 0, 1, 1, 1, 1, 0, 1, 0, 1, 1, 1, 0, 1, 1, 1, 1, 1, 0, 0, 1, 0, 0, 1, 1, 1, 0, 1, 1, 0, 1, 1, 0, 0, 0, 0, 1, 0, 0, 1, 0, 0, 0, 1, 1, 0, 0, 0, 0, 1, 1, 1, 0, 0, 0, 1, 1, 0, 0, 0, 0, 1, 1, 0, 0, 1, 1, 0, 1, 1, 1, 1, 1, 1, 0, 0, 0, 0, 0]
[zoopt] value: 11.403925666455162

Pre-Attack Results for Yale_alter and SFD
=========================================
BALANCE: Mean = 0.11545779593921594, Std = 0.11627177368136558
MIN_CLUSTER_RATIO: Mean = 0.05833333333333333, Std = 0.058860055834491914
CLUSTER_DIST_L1: Mean = 0.24786759467619554, Std = 0.005018036897179674
CLUSTER_DIST_KL: Mean = 0.1941137087680439, Std = 0.009839398230087101
SILHOUETTE_DIFF: Mean = -0.003048155443513739, Std = 0.002161310564392516
ENTROPY: Mean = 12.007412797280569, Std = 0.1941662997363365
ENTROPY_GROUP_A: Mean = 3.234369994312053, Std = 0.014972221687268037
ENTROPY_GROUP_B: Mean = 3.3481392293638166, Std = 0.005490871030239953
ACC: Mean = 0.403905325443787, Std = 0.0026620643501069747
NMI: Mean = 0.6925729056968224, Std = 0.002180069307002348
ARI: Mean = 0.2930430652181709, Std = 0.001099547891642496
SIL: Mean = 0.14483862610216675, Std = 0.005400766888559027

Post-Attack Results for Yale_alter and SFD
=========================================
BALANCE: Mean = 0.030595246585685597, Std = 0.039433355349363826
MIN_CLUSTER_RATIO: Mean = 0.0351266339869281, Std = 0.04962433516696388
CLUSTER_DIST_L1: Mean = 0.3462013614827044, Std = 0.05329987683713
CLUSTER_DIST_KL: Mean = 0.6231553181431312, Std = 0.2622643078887258
SILHOUETTE_DIFF: Mean = -0.0017436820645370138, Std = 0.003644593190237654        
ENTROPY: Mean = 11.675439137963862, Std = 0.19487609723203148
ENTROPY_GROUP_A: Mean = 3.1838213006038263, Std = 0.02234439837152718
ENTROPY_GROUP_B: Mean = 3.357339223343191, Std = 0.011289843849625999
ACC: Mean = 0.41218934911242605, Std = 0.00809245964368225
NMI: Mean = 0.6873011629977996, Std = 0.005079770634149948
ARI: Mean = 0.30251004200687676, Std = 0.009608346051961033
SIL: Mean = 0.16199175564598695, Std = 0.009358907189594588

089879580283, Std = 0.013145115367357074
ACC: Mean = 0.4176923076923077, Std = 0.01068190749112216
NMI: Mean = 0.6960234819282641, Std = 0.006652694903943089879580283, Std = 0.013145115367357074
ACC: Mean = 0.4176923076923077, Std = 0.01068190749112216
NMI: Mean = 0.6960234819282641, Std = 0.0066526949039431345
ARI: Mean = 0.300365378218012, Std = 0.007638251201269951
SIL: Mean = 0.1541579013599666, Std = 0.00828621240986905