C:\Users\iason\Dev\CFC\Fair-Clustering-Codebase>python attack_extra_metrics.py --dataset Yale_alter --cl_algo FSC
(2414, 2016), (2414,), (2414,)
Clustering Algorithm: FSC
Dataset: Yale_alter
Number of Clusters: 38
Number of Data Points: 2414
Number of Sensitive Features: 2
Number of Features: 2016
# of clusters -> 38
Trial 1 with random state 150
[zoopt] expected remaining running time: 00:02:01
[zoopt] x: [0, 1, 0, 1, 1, 1, 1, 1, 0, 0, 1, 1, 1, 0, 0, 0, 1, 0, 0, 1, 1, 1, 0, 1, 0, 0, 0, 0, 0, 1, 1, 0, 0, 0, 1, 1, 1, 0, 1, 0, 0, 0, 1, 1, 0, 1, 0, 1, 1, 1, 1, 0, 1, 1, 0, 0, 1, 0, 0, 0, 0, 1, 0, 1, 1, 1, 1, 0, 1, 1, 0, 1, 0, 1, 0, 1, 0, 0, 0, 0, 1, 1, 1, 1, 0, 1, 1, 0, 1, 0, 1, 0, 1, 1, 0, 0, 0, 0, 1, 0, 1, 0, 1, 0, 0, 0, 1, 0]
[zoopt] value: 11.055589740690221
Trial 2 with random state 1
[zoopt] expected remaining running time: 00:01:57
[zoopt] x: [1, 1, 0, 0, 1, 1, 1, 1, 1, 0, 0, 1, 0, 1, 1, 0, 0, 1, 0, 0, 0, 1, 0, 0, 1, 0, 0, 0, 1, 0, 0, 0, 1, 1, 1, 1, 1, 0, 0, 0, 1, 1, 1, 1, 1, 1, 0, 1, 1, 0, 0, 1, 0, 0, 1, 1, 1, 0, 1, 0, 0, 1, 1, 0, 1, 1, 1, 1, 0, 0, 1, 1, 0, 0, 0, 0, 1, 1, 1, 0, 1, 0, 0, 1, 1, 0, 1, 1, 0, 1, 0, 0, 1, 1, 1, 0, 1, 1, 0, 1, 1, 1, 1, 0, 0, 0, 0, 0]
[zoopt] value: 11.051579734233059
Trial 3 with random state 4200
[zoopt] expected remaining running time: 00:01:49
[zoopt] x: [1, 1, 1, 1, 0, 0, 1, 0, 1, 0, 0, 1, 1, 1, 0, 0, 1, 0, 1, 1, 1, 0, 0, 1, 0, 0, 1, 1, 0, 1, 0, 0, 0, 1, 1, 0, 0, 0, 1, 1, 1, 1, 1, 0, 1, 0, 0, 1, 0, 1, 1, 0, 0, 0, 0, 1, 0, 0, 0, 0, 0, 1, 1, 0, 0, 1, 0, 0, 0, 1, 0, 1, 1, 1, 0, 1, 1, 0, 1, 1, 0, 0, 0, 0, 1, 1, 0, 1, 0, 1, 0, 1, 0, 0, 0, 1, 0, 0, 1, 1, 1, 1, 1, 0, 1, 0, 1, 0]
[zoopt] value: 11.087166064801139
Trial 4 with random state 424242
[zoopt] expected remaining running time: 00:01:53
[zoopt] x: [1, 1, 0, 1, 1, 1, 1, 0, 1, 1, 0, 0, 0, 0, 0, 0, 0, 1, 1, 1, 0, 0, 1, 1, 1, 0, 0, 1, 1, 1, 0, 0, 1, 0, 1, 0, 1, 1, 1, 0, 0, 1, 1, 1, 0, 0, 0, 0, 1, 0, 0, 0, 1, 1, 1, 0, 1, 1, 1, 0, 1, 0, 0, 0, 0, 1, 0, 0, 1, 0, 1, 1, 0, 1, 1, 1, 0, 0, 1, 0, 1, 0, 1, 0, 1, 0, 1, 0, 1, 1, 0, 1, 1, 1, 1, 1, 0, 0, 1, 1, 0, 1, 0, 0, 0, 1, 1, 0]
[zoopt] value: 11.052139402096618
Trial 5 with random state 1947
[zoopt] expected remaining running time: 00:01:50
[zoopt] x: [1, 0, 1, 1, 0, 1, 0, 1, 0, 1, 0, 1, 0, 1, 1, 1, 1, 0, 1, 1, 1, 0, 1, 0, 0, 1, 1, 1, 0, 1, 1, 0, 0, 0, 1, 0, 1, 0, 0, 1, 0, 0, 0, 1, 1, 0, 0, 0, 1, 1, 0, 1, 1, 1, 0, 0, 0, 1, 0, 0, 0, 1, 0, 1, 0, 0, 0, 1, 0, 0, 1, 0, 0, 1, 0, 0, 1, 0, 1, 0, 1, 0, 1, 0, 0, 0, 0, 1, 0, 0, 0, 1, 0, 1, 1, 1, 0, 1, 0, 0, 0, 0, 1, 1, 1, 1, 1, 0]
[zoopt] value: 11.055030072826664
Trial 6 with random state 355
[zoopt] expected remaining running time: 00:01:54
[zoopt] x: [0, 0, 0, 1, 0, 1, 1, 1, 1, 1, 0, 1, 1, 1, 0, 1, 0, 1, 1, 0, 1, 0, 0, 1, 1, 1, 0, 0, 1, 1, 1, 0, 0, 1, 0, 1, 0, 1, 0, 1, 1, 0, 0, 1, 1, 1, 1, 0, 1, 0, 1, 1, 1, 0, 1, 0, 1, 0, 1, 1, 1, 0, 1, 0, 0, 0, 1, 0, 1, 0, 1, 0, 0, 1, 0, 0, 1, 1, 1, 0, 0, 1, 0, 1, 0, 0, 0, 1, 1, 1, 0, 1, 0, 0, 0, 1, 0, 0, 1, 0, 1, 0, 1, 0, 1, 1, 1, 0]
[zoopt] value: 11.052139402096618
Trial 7 with random state 256
[zoopt] expected remaining running time: 00:01:55
[zoopt] x: [0, 0, 0, 1, 0, 1, 0, 0, 1, 0, 0, 0, 1, 1, 1, 1, 1, 0, 0, 1, 0, 0, 0, 1, 1, 0, 0, 1, 1, 0, 0, 0, 1, 1, 1, 1, 1, 0, 1, 1, 0, 0, 1, 1, 0, 0, 0, 1, 0, 0, 0, 1, 0, 0, 1, 0, 1, 0, 0, 0, 0, 0, 0, 0, 1, 0, 1, 1, 1, 0, 0, 1, 1, 1, 0, 0, 1, 1, 1, 0, 1, 1, 0, 1, 0, 0, 1, 1, 0, 0, 1, 0, 0, 1, 0, 1, 0, 0, 0, 1, 0, 1, 0, 1, 0, 1, 1, 0]
[zoopt] value: 11.082797804266187
Trial 8 with random state 7500
[zoopt] expected remaining running time: 00:01:39
[zoopt] x: [0, 1, 1, 1, 0, 0, 1, 1, 0, 1, 0, 1, 0, 1, 0, 1, 1, 1, 0, 1, 1, 0, 1, 0, 0, 1, 1, 1, 1, 1, 0, 1, 0, 0, 0, 0, 1, 0, 0, 0, 0, 1, 0, 0, 0, 0, 0, 1, 1, 0, 0, 0, 1, 1, 1, 0, 0, 1, 0, 1, 0, 0, 1, 0, 0, 1, 0, 0, 0, 1, 0, 0, 0, 1, 0, 0, 0, 0, 0, 0, 0, 1, 0, 1, 0, 1, 1, 0, 0, 0, 1, 0, 1, 0, 1, 1, 0, 1, 0, 1, 0, 1, 1, 0, 1, 0, 1, 1]
[zoopt] value: 11.088501322196084
Trial 9 with random state 99999
[zoopt] expected remaining running time: 00:01:38
[zoopt] x: [1, 0, 0, 1, 0, 1, 1, 0, 1, 0, 1, 1, 1, 0, 1, 1, 0, 0, 0, 0, 0, 0, 0, 0, 1, 0, 1, 0, 1, 0, 0, 0, 1, 0, 0, 0, 0, 1, 1, 0, 1, 1, 1, 0, 1, 1, 1, 0, 0, 1, 0, 0, 0, 1, 1, 1, 0, 1, 1, 1, 1, 1, 0, 0, 0, 1, 0, 0, 0, 1, 0, 0, 0, 0, 0, 1, 1, 0, 0, 0, 1, 1, 0, 1, 0, 0, 1, 0, 1, 1, 0, 0, 1, 0, 0, 1, 0, 1, 0, 0, 0, 0, 1, 0, 1, 1, 0, 0]
[zoopt] value: 11.052139402096616
Trial 10 with random state 18
[zoopt] expected remaining running time: 00:01:43
[zoopt] x: [0, 0, 1, 1, 1, 1, 1, 1, 1, 1, 1, 1, 0, 1, 1, 1, 1, 1, 1, 1, 0, 0, 0, 0, 1, 0, 0, 1, 0, 0, 0, 1, 0, 0, 0, 1, 0, 0, 0, 1, 1, 1, 1, 1, 1, 0, 1, 0, 1, 0, 0, 0, 0, 0, 1, 0, 0, 0, 0, 1, 1, 0, 0, 1, 0, 0, 0, 0, 0, 0, 0, 0, 0, 0, 1, 1, 0, 0, 1, 1, 1, 1, 1, 1, 1, 0, 0, 0, 0, 0, 1, 1, 1, 0, 0, 1, 1, 0, 1, 0, 0, 0, 0, 0, 1, 0, 1, 1]
[zoopt] value: 11.081119546357305

Pre-Attack Results for Yale_alter and FSC
=========================================
BALANCE: Mean = 0.0, Std = 0.0
MIN_CLUSTER_RATIO: Mean = 0.030173564753004006, Std = 0.0036122160903788196       
CLUSTER_DIST_L1: Mean = 0.27056980991258917, Std = 0.0024303004297754212
CLUSTER_DIST_KL: Mean = inf, Std = nan
SILHOUETTE_DIFF: Mean = 0.053940872454501784, Std = 0.0002340878041946883
ENTROPY: Mean = 11.105643579258775, Std = 0.02961658255828268
ENTROPY_GROUP_A: Mean = 3.467071098182094, Std = 0.0014098835904125513
ENTROPY_GROUP_B: Mean = 3.3483323910025624, Std = 0.0027904599136880487
ACC: Mean = 0.7689940828402367, Std = 0.0006589070251870073
NMI: Mean = 0.879765542804871, Std = 0.00029744604280333047
ARI: Mean = 0.6543994815984793, Std = 0.0007816102544873016
SIL: Mean = 0.1364898711196066, Std = 0.00028334422776377685

Post-Attack Results for Yale_alter and FSC
=========================================
BALANCE: Mean = 0.0, Std = 0.0
MIN_CLUSTER_RATIO: Mean = 0.02966424368293527, Std = 0.0037737256271114833        
CLUSTER_DIST_L1: Mean = 0.2723991609467054, Std = 0.002769550755801442
CLUSTER_DIST_KL: Mean = inf, Std = nan
SILHOUETTE_DIFF: Mean = 0.05414405190239073, Std = 0.0001486627443821145
ENTROPY: Mean = 11.06582024916605, Std = 0.015740905294559442
ENTROPY_GROUP_A: Mean = 3.466924848492341, Std = 0.0012494302642297838
ENTROPY_GROUP_B: Mean = 3.3438264347331392, Std = 0.002048426923371947
ACC: Mean = 0.7686390532544378, Std = 0.0006481923757457783
NMI: Mean = 0.8794615791700086, Std = 0.00034505322699910094
ARI: Mean = 0.6534723685748594, Std = 0.0013116175415867682
SIL: Mean = 0.13657962840997145, Std = 0.00027983486713848473

Random Attack Results for Yale_alter and FSC
3, Std = 0.0004733727810650928
NMI: Mean = 0.8795931685984041, Std = 0.0004204597795099694
3, Std = 0.0004733727810650928
NMI: Mean = 0.8795931685984041, Std = 0.0004204597795099694
ARI: Mean = 0.6534984186370786, Std = 0.0010090554728011986
SIL: Mean = 0.13650200766503598, Std = 0.0003044430045214869
